[0.044s] Invoking command in '/home/csl/isaac_routing2_v2/build/champ_base': CMAKE_PREFIX_PATH=/home/csl/isaac_routing2_v2/install/champ_msgs:/home/csl/isaac_routing2_v2/install/champ:/home/csl/isaac_routing2_v2/install/switch_map_interfaces:/home/csl/isaac_routing2_v2/install/spot_description:/home/csl/isaac_routing2_v2/install/spot_config:/home/csl/isaac_routing2_v2/install/routing_agent_interfaces:/home/csl/isaac_routing2_v2/install/pcl_localization_ros2:/home/csl/isaac_routing2_v2/install/ndt_omp_ros2:/home/csl/isaac_routing2_v2/install/go2_description:/home/csl/isaac_routing2_v2/install/go1_config:/home/csl/isaac_routing2_v2/install/champ_teleop:/home/csl/isaac_routing2_v2/install/champ_navigation:/home/csl/isaac_routing2_v2/install/champ_gazebo:/home/csl/isaac_routing2_v2/install/champ_bringup:/home/csl/isaac_routing2_v2/install/champ_base:/home/csl/isaac_routing2_v2/install/champ_description:/home/csl/isaac_routing2_v2/install/champ_config:/home/csl/isaac_routing2_v2/install/spot_routing_nav:/home/csl/isaac_routing2_v2/install/routing_agent:/home/csl/isaac_routing2_v2/install/my_waypoint_tools:/opt/ros/humble LD_LIBRARY_PATH=/home/csl/isaac_routing2_v2/install/champ_msgs/lib:/home/csl/isaac_routing2_v2/install/switch_map_interfaces/lib:/home/csl/isaac_routing2_v2/install/routing_agent_interfaces/lib:/home/csl/isaac_routing2_v2/install/pcl_localization_ros2/lib:/home/csl/isaac_routing2_v2/install/champ_base/lib:/usr/lib/x86_64-linux-gnu/gazebo-11/plugins:/opt/ros/humble/opt/rviz_ogre_vendor/lib:/opt/rti.com/rti_connext_dds-6.0.1/lib/x64Linux4gcc7.3.0:/opt/rti.com/rti_connext_dds-6.0.1/bin:/opt/ros/humble/lib/x86_64-linux-gnu:/usr/share/gurumdds/cmake/../../../lib:/opt/ros/humble/lib /usr/bin/cmake --build /home/csl/isaac_routing2_v2/build/champ_base -- -j16 -l16
[0.094s] [ 16%] Built target quadruped_controller
[0.094s] [ 33%] Built target message_relay
[0.100s] [ 50%] Built target state_estimation
[0.124s] [ 66%] Built target quadruped_controller_node
[0.129s] [100%] Built target message_relay_node
[0.129s] [100%] Built target state_estimation_node
[0.435s] Invoked command in '/home/csl/isaac_routing2_v2/build/champ_base' returned '0': CMAKE_PREFIX_PATH=/home/csl/isaac_routing2_v2/install/champ_msgs:/home/csl/isaac_routing2_v2/install/champ:/home/csl/isaac_routing2_v2/install/switch_map_interfaces:/home/csl/isaac_routing2_v2/install/spot_description:/home/csl/isaac_routing2_v2/install/spot_config:/home/csl/isaac_routing2_v2/install/routing_agent_interfaces:/home/csl/isaac_routing2_v2/install/pcl_localization_ros2:/home/csl/isaac_routing2_v2/install/ndt_omp_ros2:/home/csl/isaac_routing2_v2/install/go2_description:/home/csl/isaac_routing2_v2/install/go1_config:/home/csl/isaac_routing2_v2/install/champ_teleop:/home/csl/isaac_routing2_v2/install/champ_navigation:/home/csl/isaac_routing2_v2/install/champ_gazebo:/home/csl/isaac_routing2_v2/install/champ_bringup:/home/csl/isaac_routing2_v2/install/champ_base:/home/csl/isaac_routing2_v2/install/champ_description:/home/csl/isaac_routing2_v2/install/champ_config:/home/csl/isaac_routing2_v2/install/spot_routing_nav:/home/csl/isaac_routing2_v2/install/routing_agent:/home/csl/isaac_routing2_v2/install/my_waypoint_tools:/opt/ros/humble LD_LIBRARY_PATH=/home/csl/isaac_routing2_v2/install/champ_msgs/lib:/home/csl/isaac_routing2_v2/install/switch_map_interfaces/lib:/home/csl/isaac_routing2_v2/install/routing_agent_interfaces/lib:/home/csl/isaac_routing2_v2/install/pcl_localization_ros2/lib:/home/csl/isaac_routing2_v2/install/champ_base/lib:/usr/lib/x86_64-linux-gnu/gazebo-11/plugins:/opt/ros/humble/opt/rviz_ogre_vendor/lib:/opt/rti.com/rti_connext_dds-6.0.1/lib/x64Linux4gcc7.3.0:/opt/rti.com/rti_connext_dds-6.0.1/bin:/opt/ros/humble/lib/x86_64-linux-gnu:/usr/share/gurumdds/cmake/../../../lib:/opt/ros/humble/lib /usr/bin/cmake --build /home/csl/isaac_routing2_v2/build/champ_base -- -j16 -l16
[0.436s] Invoking command in '/home/csl/isaac_routing2_v2/build/champ_base': CMAKE_PREFIX_PATH=/home/csl/isaac_routing2_v2/install/champ_msgs:/home/csl/isaac_routing2_v2/install/champ:/home/csl/isaac_routing2_v2/install/switch_map_interfaces:/home/csl/isaac_routing2_v2/install/spot_description:/home/csl/isaac_routing2_v2/install/spot_config:/home/csl/isaac_routing2_v2/install/routing_agent_interfaces:/home/csl/isaac_routing2_v2/install/pcl_localization_ros2:/home/csl/isaac_routing2_v2/install/ndt_omp_ros2:/home/csl/isaac_routing2_v2/install/go2_description:/home/csl/isaac_routing2_v2/install/go1_config:/home/csl/isaac_routing2_v2/install/champ_teleop:/home/csl/isaac_routing2_v2/install/champ_navigation:/home/csl/isaac_routing2_v2/install/champ_gazebo:/home/csl/isaac_routing2_v2/install/champ_bringup:/home/csl/isaac_routing2_v2/install/champ_base:/home/csl/isaac_routing2_v2/install/champ_description:/home/csl/isaac_routing2_v2/install/champ_config:/home/csl/isaac_routing2_v2/install/spot_routing_nav:/home/csl/isaac_routing2_v2/install/routing_agent:/home/csl/isaac_routing2_v2/install/my_waypoint_tools:/opt/ros/humble LD_LIBRARY_PATH=/home/csl/isaac_routing2_v2/install/champ_msgs/lib:/home/csl/isaac_routing2_v2/install/switch_map_interfaces/lib:/home/csl/isaac_routing2_v2/install/routing_agent_interfaces/lib:/home/csl/isaac_routing2_v2/install/pcl_localization_ros2/lib:/home/csl/isaac_routing2_v2/install/champ_base/lib:/usr/lib/x86_64-linux-gnu/gazebo-11/plugins:/opt/ros/humble/opt/rviz_ogre_vendor/lib:/opt/rti.com/rti_connext_dds-6.0.1/lib/x64Linux4gcc7.3.0:/opt/rti.com/rti_connext_dds-6.0.1/bin:/opt/ros/humble/lib/x86_64-linux-gnu:/usr/share/gurumdds/cmake/../../../lib:/opt/ros/humble/lib /usr/bin/cmake --install /home/csl/isaac_routing2_v2/build/champ_base
[0.480s] -- Install configuration: ""
[0.480s] -- Up-to-date: /home/csl/isaac_routing2_v2/install/champ_base/share/champ_base/config
[0.480s] -- Up-to-date: /home/csl/isaac_routing2_v2/install/champ_base/share/champ_base/config/ekf
[0.480s] -- Up-to-date: /home/csl/isaac_routing2_v2/install/champ_base/share/champ_base/config/ekf/base_to_footprint.yaml
[0.480s] -- Up-to-date: /home/csl/isaac_routing2_v2/install/champ_base/share/champ_base/config/ekf/footprint_to_odom.yaml
[0.480s] -- Up-to-date: /home/csl/isaac_routing2_v2/install/champ_base/share/champ_base/config/velocity_smoother
[0.480s] -- Up-to-date: /home/csl/isaac_routing2_v2/install/champ_base/share/champ_base/config/velocity_smoother/velocity_smoother.yaml
[0.481s] -- Up-to-date: /home/csl/isaac_routing2_v2/install/champ_base/lib/libquadruped_controller.so
[0.481s] -- Up-to-date: /home/csl/isaac_routing2_v2/install/champ_base/bin/quadruped_controller_node
[0.481s] -- Up-to-date: /home/csl/isaac_routing2_v2/install/champ_base/lib/libmessage_relay.so
[0.481s] -- Up-to-date: /home/csl/isaac_routing2_v2/install/champ_base/bin/message_relay_node
[0.481s] -- Up-to-date: /home/csl/isaac_routing2_v2/install/champ_base/lib/libstate_estimation.so
[0.481s] -- Up-to-date: /home/csl/isaac_routing2_v2/install/champ_base/bin/state_estimation_node
[0.482s] -- Up-to-date: /home/csl/isaac_routing2_v2/install/champ_base/lib/champ_base/quadruped_controller_node
[0.482s] -- Up-to-date: /home/csl/isaac_routing2_v2/install/champ_base/lib/champ_base/message_relay_node
[0.482s] -- Up-to-date: /home/csl/isaac_routing2_v2/install/champ_base/lib/champ_base/state_estimation_node
[0.482s] -- Up-to-date: /home/csl/isaac_routing2_v2/install/champ_base/share/ament_index/resource_index/package_run_dependencies/champ_base
[0.482s] -- Up-to-date: /home/csl/isaac_routing2_v2/install/champ_base/share/ament_index/resource_index/parent_prefix_path/champ_base
[0.482s] -- Up-to-date: /home/csl/isaac_routing2_v2/install/champ_base/share/champ_base/environment/ament_prefix_path.sh
[0.482s] -- Up-to-date: /home/csl/isaac_routing2_v2/install/champ_base/share/champ_base/environment/ament_prefix_path.dsv
[0.482s] -- Up-to-date: /home/csl/isaac_routing2_v2/install/champ_base/share/champ_base/environment/path.sh
[0.482s] -- Up-to-date: /home/csl/isaac_routing2_v2/install/champ_base/share/champ_base/environment/path.dsv
[0.482s] -- Up-to-date: /home/csl/isaac_routing2_v2/install/champ_base/share/champ_base/local_setup.bash
[0.482s] -- Up-to-date: /home/csl/isaac_routing2_v2/install/champ_base/share/champ_base/local_setup.sh
[0.482s] -- Up-to-date: /home/csl/isaac_routing2_v2/install/champ_base/share/champ_base/local_setup.zsh
[0.483s] -- Up-to-date: /home/csl/isaac_routing2_v2/install/champ_base/share/champ_base/local_setup.dsv
[0.483s] -- Installing: /home/csl/isaac_routing2_v2/install/champ_base/share/champ_base/package.dsv
[0.483s] -- Up-to-date: /home/csl/isaac_routing2_v2/install/champ_base/share/ament_index/resource_index/packages/champ_base
[0.483s] -- Up-to-date: /home/csl/isaac_routing2_v2/install/champ_base/share/champ_base/cmake/ament_cmake_export_include_directories-extras.cmake
[0.483s] -- Up-to-date: /home/csl/isaac_routing2_v2/install/champ_base/share/champ_base/cmake/ament_cmake_export_dependencies-extras.cmake
[0.483s] -- Up-to-date: /home/csl/isaac_routing2_v2/install/champ_base/share/champ_base/cmake/champ_baseConfig.cmake
[0.488s] -- Up-to-date: /home/csl/isaac_routing2_v2/install/champ_base/share/champ_base/cmake/champ_baseConfig-version.cmake
[0.488s] -- Up-to-date: /home/csl/isaac_routing2_v2/install/champ_base/share/champ_base/package.xml
[0.520s] Invoked command in '/home/csl/isaac_routing2_v2/build/champ_base' returned '0': CMAKE_PREFIX_PATH=/home/csl/isaac_routing2_v2/install/champ_msgs:/home/csl/isaac_routing2_v2/install/champ:/home/csl/isaac_routing2_v2/install/switch_map_interfaces:/home/csl/isaac_routing2_v2/install/spot_description:/home/csl/isaac_routing2_v2/install/spot_config:/home/csl/isaac_routing2_v2/install/routing_agent_interfaces:/home/csl/isaac_routing2_v2/install/pcl_localization_ros2:/home/csl/isaac_routing2_v2/install/ndt_omp_ros2:/home/csl/isaac_routing2_v2/install/go2_description:/home/csl/isaac_routing2_v2/install/go1_config:/home/csl/isaac_routing2_v2/install/champ_teleop:/home/csl/isaac_routing2_v2/install/champ_navigation:/home/csl/isaac_routing2_v2/install/champ_gazebo:/home/csl/isaac_routing2_v2/install/champ_bringup:/home/csl/isaac_routing2_v2/install/champ_base:/home/csl/isaac_routing2_v2/install/champ_description:/home/csl/isaac_routing2_v2/install/champ_config:/home/csl/isaac_routing2_v2/install/spot_routing_nav:/home/csl/isaac_routing2_v2/install/routing_agent:/home/csl/isaac_routing2_v2/install/my_waypoint_tools:/opt/ros/humble LD_LIBRARY_PATH=/home/csl/isaac_routing2_v2/install/champ_msgs/lib:/home/csl/isaac_routing2_v2/install/switch_map_interfaces/lib:/home/csl/isaac_routing2_v2/install/routing_agent_interfaces/lib:/home/csl/isaac_routing2_v2/install/pcl_localization_ros2/lib:/home/csl/isaac_routing2_v2/install/champ_base/lib:/usr/lib/x86_64-linux-gnu/gazebo-11/plugins:/opt/ros/humble/opt/rviz_ogre_vendor/lib:/opt/rti.com/rti_connext_dds-6.0.1/lib/x64Linux4gcc7.3.0:/opt/rti.com/rti_connext_dds-6.0.1/bin:/opt/ros/humble/lib/x86_64-linux-gnu:/usr/share/gurumdds/cmake/../../../lib:/opt/ros/humble/lib /usr/bin/cmake --install /home/csl/isaac_routing2_v2/build/champ_base
