[0.117s] Invoking command in '/home/csl/isaac_routing2_v2/build/spot_description': CMAKE_PREFIX_PATH=${CMAKE_PREFIX_PATH}:/home/csl/isaac_routing2_v2/install/user_tools:/home/csl/isaac_routing2_v2/install/spot_routing_nav:/home/csl/isaac_routing2_v2/install/routing_agent:/home/csl/isaac_routing2_v2/install/my_waypoint_tools:/opt/ros/humble /usr/bin/cmake --build /home/csl/isaac_routing2_v2/build/spot_description -- -j16 -l16
[1.007s] Invoked command in '/home/csl/isaac_routing2_v2/build/spot_description' returned '0': CMAKE_PREFIX_PATH=${CMAKE_PREFIX_PATH}:/home/csl/isaac_routing2_v2/install/user_tools:/home/csl/isaac_routing2_v2/install/spot_routing_nav:/home/csl/isaac_routing2_v2/install/routing_agent:/home/csl/isaac_routing2_v2/install/my_waypoint_tools:/opt/ros/humble /usr/bin/cmake --build /home/csl/isaac_routing2_v2/build/spot_description -- -j16 -l16
[1.009s] Invoking command in '/home/csl/isaac_routing2_v2/build/spot_description': CMAKE_PREFIX_PATH=${CMAKE_PREFIX_PATH}:/home/csl/isaac_routing2_v2/install/user_tools:/home/csl/isaac_routing2_v2/install/spot_routing_nav:/home/csl/isaac_routing2_v2/install/routing_agent:/home/csl/isaac_routing2_v2/install/my_waypoint_tools:/opt/ros/humble /usr/bin/cmake --install /home/csl/isaac_routing2_v2/build/spot_description
[1.124s] -- Install configuration: ""
[1.124s] -- Up-to-date: /home/csl/isaac_routing2_v2/install/spot_description/share/spot_description/launch
[1.124s] -- Up-to-date: /home/csl/isaac_routing2_v2/install/spot_description/share/spot_description/launch/description.launch.py
[1.125s] -- Up-to-date: /home/csl/isaac_routing2_v2/install/spot_description/share/spot_description/launch/description.launch
[1.125s] -- Up-to-date: /home/csl/isaac_routing2_v2/install/spot_description/share/spot_description/meshes
[1.127s] -- Up-to-date: /home/csl/isaac_routing2_v2/install/spot_description/share/spot_description/meshes/front_left_hip_collision.stl
[1.127s] -- Up-to-date: /home/csl/isaac_routing2_v2/install/spot_description/share/spot_description/meshes/rear_left_upper_leg_collision.stl
[1.127s] -- Up-to-date: /home/csl/isaac_routing2_v2/install/spot_description/share/spot_description/meshes/front_right_upper_leg_collision.stl
[1.128s] -- Up-to-date: /home/csl/isaac_routing2_v2/install/spot_description/share/spot_description/meshes/rear_right_hip.dae
[1.128s] -- Up-to-date: /home/csl/isaac_routing2_v2/install/spot_description/share/spot_description/meshes/spot_mat.png
[1.128s] -- Up-to-date: /home/csl/isaac_routing2_v2/install/spot_description/share/spot_description/meshes/front_left_lower_leg.dae
[1.128s] -- Up-to-date: /home/csl/isaac_routing2_v2/install/spot_description/share/spot_description/meshes/rear_right_hip_collision.stl
[1.128s] -- Up-to-date: /home/csl/isaac_routing2_v2/install/spot_description/share/spot_description/meshes/front_right_hip.dae
[1.129s] -- Up-to-date: /home/csl/isaac_routing2_v2/install/spot_description/share/spot_description/meshes/front_right_lower_leg_collision.stl
[1.129s] -- Up-to-date: /home/csl/isaac_routing2_v2/install/spot_description/share/spot_description/meshes/body_collision.stl
[1.129s] -- Up-to-date: /home/csl/isaac_routing2_v2/install/spot_description/share/spot_description/meshes/rear_left_upper_leg.dae
[1.129s] -- Up-to-date: /home/csl/isaac_routing2_v2/install/spot_description/share/spot_description/meshes/rear_left_hip_collision.stl
[1.129s] -- Up-to-date: /home/csl/isaac_routing2_v2/install/spot_description/share/spot_description/meshes/rear_right_lower_leg_collision.stl
[1.130s] -- Up-to-date: /home/csl/isaac_routing2_v2/install/spot_description/share/spot_description/meshes/front_right_upper_leg.dae
[1.130s] -- Up-to-date: /home/csl/isaac_routing2_v2/install/spot_description/share/spot_description/meshes/front_left_upper_leg_collision.stl
[1.130s] -- Up-to-date: /home/csl/isaac_routing2_v2/install/spot_description/share/spot_description/meshes/front_left_hip.dae
[1.130s] -- Up-to-date: /home/csl/isaac_routing2_v2/install/spot_description/share/spot_description/meshes/rear_right_lower_leg.dae
[1.130s] -- Up-to-date: /home/csl/isaac_routing2_v2/install/spot_description/share/spot_description/meshes/rear_right_upper_leg.dae
[1.130s] -- Up-to-date: /home/csl/isaac_routing2_v2/install/spot_description/share/spot_description/meshes/front_left_lower_leg_collision.stl
[1.131s] -- Up-to-date: /home/csl/isaac_routing2_v2/install/spot_description/share/spot_description/meshes/front_right_hip_collision.stl
[1.131s] -- Up-to-date: /home/csl/isaac_routing2_v2/install/spot_description/share/spot_description/meshes/front_right_lower_leg.dae
[1.131s] -- Up-to-date: /home/csl/isaac_routing2_v2/install/spot_description/share/spot_description/meshes/rear_left_lower_leg.dae
[1.131s] -- Up-to-date: /home/csl/isaac_routing2_v2/install/spot_description/share/spot_description/meshes/front_left_upper_leg.dae
[1.131s] -- Up-to-date: /home/csl/isaac_routing2_v2/install/spot_description/share/spot_description/meshes/rear_left_lower_leg_collision.stl
[1.133s] -- Up-to-date: /home/csl/isaac_routing2_v2/install/spot_description/share/spot_description/meshes/rear_right_upper_leg_collision.stl
[1.133s] -- Up-to-date: /home/csl/isaac_routing2_v2/install/spot_description/share/spot_description/meshes/body.dae
[1.133s] -- Up-to-date: /home/csl/isaac_routing2_v2/install/spot_description/share/spot_description/meshes/rear_left_hip.dae
[1.133s] -- Up-to-date: /home/csl/isaac_routing2_v2/install/spot_description/share/spot_description/urdf
[1.134s] -- Up-to-date: /home/csl/isaac_routing2_v2/install/spot_description/share/spot_description/urdf/accessories.urdf.xacro
[1.134s] -- Up-to-date: /home/csl/isaac_routing2_v2/install/spot_description/share/spot_description/urdf/spot.urdf.xacro
[1.134s] -- Up-to-date: /home/csl/isaac_routing2_v2/install/spot_description/share/spot_description/urdf/empty.urdf
[1.134s] -- Up-to-date: /home/csl/isaac_routing2_v2/install/spot_description/share/spot_description/urdf/constants.urdf.xacro
[1.134s] -- Up-to-date: /home/csl/isaac_routing2_v2/install/spot_description/share/spot_description/urdf/spot
[1.134s] -- Up-to-date: /home/csl/isaac_routing2_v2/install/spot_description/share/spot_description/urdf/spot/materials
[1.134s] -- Up-to-date: /home/csl/isaac_routing2_v2/install/spot_description/share/spot_description/urdf/spot/materials/spot_mat.png
[1.134s] -- Up-to-date: /home/csl/isaac_routing2_v2/install/spot_description/share/spot_description/urdf/spot/spot.usd
[1.134s] -- Up-to-date: /home/csl/isaac_routing2_v2/install/spot_description/share/spot_description/urdf/spot.urdf
[1.135s] -- Up-to-date: /home/csl/isaac_routing2_v2/install/spot_description/share/spot_description/urdf/spot_leg.urdf.xacro
[1.135s] -- Up-to-date: /home/csl/isaac_routing2_v2/install/spot_description/share/ament_index/resource_index/package_run_dependencies/spot_description
[1.135s] -- Up-to-date: /home/csl/isaac_routing2_v2/install/spot_description/share/ament_index/resource_index/parent_prefix_path/spot_description
[1.135s] -- Up-to-date: /home/csl/isaac_routing2_v2/install/spot_description/share/spot_description/environment/ament_prefix_path.sh
[1.135s] -- Up-to-date: /home/csl/isaac_routing2_v2/install/spot_description/share/spot_description/environment/ament_prefix_path.dsv
[1.135s] -- Up-to-date: /home/csl/isaac_routing2_v2/install/spot_description/share/spot_description/environment/path.sh
[1.135s] -- Up-to-date: /home/csl/isaac_routing2_v2/install/spot_description/share/spot_description/environment/path.dsv
[1.135s] -- Up-to-date: /home/csl/isaac_routing2_v2/install/spot_description/share/spot_description/local_setup.bash
[1.135s] -- Up-to-date: /home/csl/isaac_routing2_v2/install/spot_description/share/spot_description/local_setup.sh
[1.136s] -- Up-to-date: /home/csl/isaac_routing2_v2/install/spot_description/share/spot_description/local_setup.zsh
[1.136s] -- Up-to-date: /home/csl/isaac_routing2_v2/install/spot_description/share/spot_description/local_setup.dsv
[1.136s] -- Installing: /home/csl/isaac_routing2_v2/install/spot_description/share/spot_description/package.dsv
[1.136s] -- Up-to-date: /home/csl/isaac_routing2_v2/install/spot_description/share/ament_index/resource_index/packages/spot_description
[1.136s] -- Up-to-date: /home/csl/isaac_routing2_v2/install/spot_description/share/spot_description/cmake/spot_descriptionConfig.cmake
[1.136s] -- Up-to-date: /home/csl/isaac_routing2_v2/install/spot_description/share/spot_description/cmake/spot_descriptionConfig-version.cmake
[1.136s] -- Up-to-date: /home/csl/isaac_routing2_v2/install/spot_description/share/spot_description/package.xml
[1.322s] Invoked command in '/home/csl/isaac_routing2_v2/build/spot_description' returned '0': CMAKE_PREFIX_PATH=${CMAKE_PREFIX_PATH}:/home/csl/isaac_routing2_v2/install/user_tools:/home/csl/isaac_routing2_v2/install/spot_routing_nav:/home/csl/isaac_routing2_v2/install/routing_agent:/home/csl/isaac_routing2_v2/install/my_waypoint_tools:/opt/ros/humble /usr/bin/cmake --install /home/csl/isaac_routing2_v2/build/spot_description
