[0.093s] Invoking command in '/home/csl/isaac_routing2_v2/build/champ': CMAKE_PREFIX_PATH=${CMAKE_PREFIX_PATH}:/home/csl/isaac_routing2_v2/install/user_tools:/home/csl/isaac_routing2_v2/install/spot_routing_nav:/home/csl/isaac_routing2_v2/install/routing_agent:/home/csl/isaac_routing2_v2/install/my_waypoint_tools:/opt/ros/humble /usr/bin/cmake --build /home/csl/isaac_routing2_v2/build/champ -- -j16 -l16
[0.858s] Invoked command in '/home/csl/isaac_routing2_v2/build/champ' returned '0': CMAKE_PREFIX_PATH=${CMAKE_PREFIX_PATH}:/home/csl/isaac_routing2_v2/install/user_tools:/home/csl/isaac_routing2_v2/install/spot_routing_nav:/home/csl/isaac_routing2_v2/install/routing_agent:/home/csl/isaac_routing2_v2/install/my_waypoint_tools:/opt/ros/humble /usr/bin/cmake --build /home/csl/isaac_routing2_v2/build/champ -- -j16 -l16
[0.863s] Invoking command in '/home/csl/isaac_routing2_v2/build/champ': CMAKE_PREFIX_PATH=${CMAKE_PREFIX_PATH}:/home/csl/isaac_routing2_v2/install/user_tools:/home/csl/isaac_routing2_v2/install/spot_routing_nav:/home/csl/isaac_routing2_v2/install/routing_agent:/home/csl/isaac_routing2_v2/install/my_waypoint_tools:/opt/ros/humble /usr/bin/cmake --install /home/csl/isaac_routing2_v2/build/champ
[0.903s] -- Install configuration: ""
[0.905s] -- Up-to-date: /home/csl/isaac_routing2_v2/install/champ/include
[0.906s] -- Up-to-date: /home/csl/isaac_routing2_v2/install/champ/include/champ
[0.906s] -- Up-to-date: /home/csl/isaac_routing2_v2/install/champ/include/champ/LICENSE
[0.906s] -- Up-to-date: /home/csl/isaac_routing2_v2/install/champ/include/champ/geometry
[0.906s] -- Up-to-date: /home/csl/isaac_routing2_v2/install/champ/include/champ/geometry/geometry.h
[0.907s] -- Up-to-date: /home/csl/isaac_routing2_v2/install/champ/include/champ/kinematics
[0.907s] -- Up-to-date: /home/csl/isaac_routing2_v2/install/champ/include/champ/kinematics/kinematics.h
[0.907s] -- Up-to-date: /home/csl/isaac_routing2_v2/install/champ/include/champ/macros
[0.907s] -- Up-to-date: /home/csl/isaac_routing2_v2/install/champ/include/champ/macros/macros.h
[0.907s] -- Up-to-date: /home/csl/isaac_routing2_v2/install/champ/include/champ/bla
[0.907s] -- Up-to-date: /home/csl/isaac_routing2_v2/install/champ/include/champ/bla/memory_delegate.h
[0.907s] -- Up-to-date: /home/csl/isaac_routing2_v2/install/champ/include/champ/bla/basic_linear_algebra.h
[0.907s] -- Up-to-date: /home/csl/isaac_routing2_v2/install/champ/include/champ/body_controller
[0.908s] -- Up-to-date: /home/csl/isaac_routing2_v2/install/champ/include/champ/body_controller/body_controller.h
[0.911s] -- Up-to-date: /home/csl/isaac_routing2_v2/install/champ/include/champ/odometry
[0.912s] -- Up-to-date: /home/csl/isaac_routing2_v2/install/champ/include/champ/odometry/odometry.h
[0.912s] -- Up-to-date: /home/csl/isaac_routing2_v2/install/champ/include/champ/leg_controller
[0.913s] -- Up-to-date: /home/csl/isaac_routing2_v2/install/champ/include/champ/leg_controller/leg_controller.h
[0.914s] -- Up-to-date: /home/csl/isaac_routing2_v2/install/champ/include/champ/leg_controller/trajectory_planner.h
[0.914s] -- Up-to-date: /home/csl/isaac_routing2_v2/install/champ/include/champ/leg_controller/phase_generator.h
[0.914s] -- Up-to-date: /home/csl/isaac_routing2_v2/install/champ/include/champ/utils
[0.914s] -- Up-to-date: /home/csl/isaac_routing2_v2/install/champ/include/champ/utils/urdf_loader.h
[0.915s] -- Up-to-date: /home/csl/isaac_routing2_v2/install/champ/include/champ/utils/xmlrpc_helpers.h
[0.915s] -- Up-to-date: /home/csl/isaac_routing2_v2/install/champ/include/champ/README.md
[0.915s] -- Up-to-date: /home/csl/isaac_routing2_v2/install/champ/include/champ/quadruped_base
[0.919s] -- Up-to-date: /home/csl/isaac_routing2_v2/install/champ/include/champ/quadruped_base/quadruped_base.h
[0.919s] -- Up-to-date: /home/csl/isaac_routing2_v2/install/champ/include/champ/quadruped_base/quadruped_components.h
[0.919s] -- Up-to-date: /home/csl/isaac_routing2_v2/install/champ/include/champ/quadruped_base/quadruped_joint.h
[0.919s] -- Up-to-date: /home/csl/isaac_routing2_v2/install/champ/include/champ/quadruped_base/quadruped_leg.h
[0.920s] -- Up-to-date: /home/csl/isaac_routing2_v2/install/champ/share/ament_index/resource_index/package_run_dependencies/champ
[0.920s] -- Up-to-date: /home/csl/isaac_routing2_v2/install/champ/share/ament_index/resource_index/parent_prefix_path/champ
[0.920s] -- Up-to-date: /home/csl/isaac_routing2_v2/install/champ/share/champ/environment/ament_prefix_path.sh
[0.920s] -- Up-to-date: /home/csl/isaac_routing2_v2/install/champ/share/champ/environment/ament_prefix_path.dsv
[0.920s] -- Up-to-date: /home/csl/isaac_routing2_v2/install/champ/share/champ/environment/path.sh
[0.921s] -- Up-to-date: /home/csl/isaac_routing2_v2/install/champ/share/champ/environment/path.dsv
[0.921s] -- Up-to-date: /home/csl/isaac_routing2_v2/install/champ/share/champ/local_setup.bash
[0.921s] -- Up-to-date: /home/csl/isaac_routing2_v2/install/champ/share/champ/local_setup.sh
[0.922s] -- Up-to-date: /home/csl/isaac_routing2_v2/install/champ/share/champ/local_setup.zsh
[0.922s] -- Up-to-date: /home/csl/isaac_routing2_v2/install/champ/share/champ/local_setup.dsv
[0.922s] -- Installing: /home/csl/isaac_routing2_v2/install/champ/share/champ/package.dsv
[0.922s] -- Up-to-date: /home/csl/isaac_routing2_v2/install/champ/share/ament_index/resource_index/packages/champ
[0.922s] -- Up-to-date: /home/csl/isaac_routing2_v2/install/champ/share/champ/cmake/ament_cmake_export_include_directories-extras.cmake
[0.922s] -- Up-to-date: /home/csl/isaac_routing2_v2/install/champ/share/champ/cmake/champConfig.cmake
[0.923s] -- Up-to-date: /home/csl/isaac_routing2_v2/install/champ/share/champ/cmake/champConfig-version.cmake
[0.924s] -- Up-to-date: /home/csl/isaac_routing2_v2/install/champ/share/champ/package.xml
[1.078s] Invoked command in '/home/csl/isaac_routing2_v2/build/champ' returned '0': CMAKE_PREFIX_PATH=${CMAKE_PREFIX_PATH}:/home/csl/isaac_routing2_v2/install/user_tools:/home/csl/isaac_routing2_v2/install/spot_routing_nav:/home/csl/isaac_routing2_v2/install/routing_agent:/home/csl/isaac_routing2_v2/install/my_waypoint_tools:/opt/ros/humble /usr/bin/cmake --install /home/csl/isaac_routing2_v2/build/champ
