[0.124s] Invoking command in '/home/csl/isaac_routing2_v2/build/ndt_omp_ros2': CMAKE_PREFIX_PATH=${CMAKE_PREFIX_PATH}:/home/csl/isaac_routing2_v2/install/user_tools:/home/csl/isaac_routing2_v2/install/spot_routing_nav:/home/csl/isaac_routing2_v2/install/routing_agent:/home/csl/isaac_routing2_v2/install/my_waypoint_tools:/opt/ros/humble /usr/bin/cmake --build /home/csl/isaac_routing2_v2/build/ndt_omp_ros2 -- -j16 -l16
[1.015s] [ 66%] Built target ndt_omp
[1.016s] [100%] Built target align
[1.080s] Invoked command in '/home/csl/isaac_routing2_v2/build/ndt_omp_ros2' returned '0': CMAKE_PREFIX_PATH=${CMAKE_PREFIX_PATH}:/home/csl/isaac_routing2_v2/install/user_tools:/home/csl/isaac_routing2_v2/install/spot_routing_nav:/home/csl/isaac_routing2_v2/install/routing_agent:/home/csl/isaac_routing2_v2/install/my_waypoint_tools:/opt/ros/humble /usr/bin/cmake --build /home/csl/isaac_routing2_v2/build/ndt_omp_ros2 -- -j16 -l16
[1.083s] Invoking command in '/home/csl/isaac_routing2_v2/build/ndt_omp_ros2': CMAKE_PREFIX_PATH=${CMAKE_PREFIX_PATH}:/home/csl/isaac_routing2_v2/install/user_tools:/home/csl/isaac_routing2_v2/install/spot_routing_nav:/home/csl/isaac_routing2_v2/install/routing_agent:/home/csl/isaac_routing2_v2/install/my_waypoint_tools:/opt/ros/humble /usr/bin/cmake --install /home/csl/isaac_routing2_v2/build/ndt_omp_ros2
[1.180s] -- Install configuration: "RELEASE"
[1.181s] -- Up-to-date: /home/csl/isaac_routing2_v2/install/ndt_omp_ros2/lib/ndt_omp_ros2/align
[1.181s] -- Up-to-date: /home/csl/isaac_routing2_v2/install/ndt_omp_ros2/bin/align
[1.181s] -- Up-to-date: /home/csl/isaac_routing2_v2/install/ndt_omp_ros2/include
[1.181s] -- Up-to-date: /home/csl/isaac_routing2_v2/install/ndt_omp_ros2/include/pclomp
[1.181s] -- Up-to-date: /home/csl/isaac_routing2_v2/install/ndt_omp_ros2/include/pclomp/gicp_omp.h
[1.181s] -- Up-to-date: /home/csl/isaac_routing2_v2/install/ndt_omp_ros2/include/pclomp/gicp_omp_impl.hpp
[1.181s] -- Up-to-date: /home/csl/isaac_routing2_v2/install/ndt_omp_ros2/include/pclomp/voxel_grid_covariance_omp_impl.hpp
[1.181s] -- Up-to-date: /home/csl/isaac_routing2_v2/install/ndt_omp_ros2/include/pclomp/voxel_grid_covariance_omp.h
[1.182s] -- Up-to-date: /home/csl/isaac_routing2_v2/install/ndt_omp_ros2/include/pclomp/ndt_omp_impl.hpp
[1.182s] -- Up-to-date: /home/csl/isaac_routing2_v2/install/ndt_omp_ros2/include/pclomp/ndt_omp.h
[1.182s] -- Up-to-date: /home/csl/isaac_routing2_v2/install/ndt_omp_ros2/share/ament_index/resource_index/package_run_dependencies/ndt_omp_ros2
[1.182s] -- Up-to-date: /home/csl/isaac_routing2_v2/install/ndt_omp_ros2/share/ament_index/resource_index/parent_prefix_path/ndt_omp_ros2
[1.182s] -- Up-to-date: /home/csl/isaac_routing2_v2/install/ndt_omp_ros2/share/ndt_omp_ros2/environment/ament_prefix_path.sh
[1.182s] -- Up-to-date: /home/csl/isaac_routing2_v2/install/ndt_omp_ros2/share/ndt_omp_ros2/environment/ament_prefix_path.dsv
[1.182s] -- Up-to-date: /home/csl/isaac_routing2_v2/install/ndt_omp_ros2/share/ndt_omp_ros2/environment/path.sh
[1.182s] -- Up-to-date: /home/csl/isaac_routing2_v2/install/ndt_omp_ros2/share/ndt_omp_ros2/environment/path.dsv
[1.183s] -- Up-to-date: /home/csl/isaac_routing2_v2/install/ndt_omp_ros2/share/ndt_omp_ros2/local_setup.bash
[1.183s] -- Up-to-date: /home/csl/isaac_routing2_v2/install/ndt_omp_ros2/share/ndt_omp_ros2/local_setup.sh
[1.183s] -- Up-to-date: /home/csl/isaac_routing2_v2/install/ndt_omp_ros2/share/ndt_omp_ros2/local_setup.zsh
[1.183s] -- Up-to-date: /home/csl/isaac_routing2_v2/install/ndt_omp_ros2/share/ndt_omp_ros2/local_setup.dsv
[1.183s] -- Installing: /home/csl/isaac_routing2_v2/install/ndt_omp_ros2/share/ndt_omp_ros2/package.dsv
[1.183s] -- Up-to-date: /home/csl/isaac_routing2_v2/install/ndt_omp_ros2/share/ament_index/resource_index/packages/ndt_omp_ros2
[1.183s] -- Up-to-date: /home/csl/isaac_routing2_v2/install/ndt_omp_ros2/share/ndt_omp_ros2/cmake/ament_cmake_export_dependencies-extras.cmake
[1.183s] -- Up-to-date: /home/csl/isaac_routing2_v2/install/ndt_omp_ros2/share/ndt_omp_ros2/cmake/ament_cmake_export_include_directories-extras.cmake
[1.183s] -- Up-to-date: /home/csl/isaac_routing2_v2/install/ndt_omp_ros2/share/ndt_omp_ros2/cmake/ndt_omp_ros2Config.cmake
[1.184s] -- Up-to-date: /home/csl/isaac_routing2_v2/install/ndt_omp_ros2/share/ndt_omp_ros2/cmake/ndt_omp_ros2Config-version.cmake
[1.185s] -- Up-to-date: /home/csl/isaac_routing2_v2/install/ndt_omp_ros2/share/ndt_omp_ros2/package.xml
[1.448s] Invoked command in '/home/csl/isaac_routing2_v2/build/ndt_omp_ros2' returned '0': CMAKE_PREFIX_PATH=${CMAKE_PREFIX_PATH}:/home/csl/isaac_routing2_v2/install/user_tools:/home/csl/isaac_routing2_v2/install/spot_routing_nav:/home/csl/isaac_routing2_v2/install/routing_agent:/home/csl/isaac_routing2_v2/install/my_waypoint_tools:/opt/ros/humble /usr/bin/cmake --install /home/csl/isaac_routing2_v2/build/ndt_omp_ros2
