[0.060s] Invoking command in '/home/csl/isaac_routing2_v2/build/champ_description': CMAKE_PREFIX_PATH=/opt/ros/humble /usr/bin/cmake /home/csl/isaac_routing2_v2/src/champ/champ_description -DCMAKE_INSTALL_PREFIX=/home/csl/isaac_routing2_v2/install/champ_description
[0.892s] -- The C compiler identification is GNU 12.3.0
[0.892s] -- The CXX compiler identification is GNU 11.4.0
[0.893s] -- Detecting C compiler ABI info
[0.893s] -- Detecting C compiler ABI info - done
[0.893s] -- Check for working C compiler: /usr/bin/cc - skipped
[0.893s] -- Detecting C compile features
[0.893s] -- Detecting C compile features - done
[0.893s] -- Detecting CXX compiler ABI info
[0.893s] -- Detecting CXX compiler ABI info - done
[0.893s] -- Check for working CXX compiler: /usr/bin/c++ - skipped
[0.893s] -- Detecting CXX compile features
[0.893s] -- Detecting CXX compile features - done
[0.893s] -- Found ament_cmake: 1.3.10 (/opt/ros/humble/share/ament_cmake/cmake)
[0.894s] -- Found Python3: /usr/bin/python3 (found version "3.10.12") found components: Interpreter 
[0.894s] -- Found ament_lint_auto: 0.12.11 (/opt/ros/humble/share/ament_lint_auto/cmake)
[0.980s] -- Configuring done
[0.984s] -- Generating done
[0.986s] -- Build files have been written to: /home/csl/isaac_routing2_v2/build/champ_description
[1.001s] Invoked command in '/home/csl/isaac_routing2_v2/build/champ_description' returned '0': CMAKE_PREFIX_PATH=/opt/ros/humble /usr/bin/cmake /home/csl/isaac_routing2_v2/src/champ/champ_description -DCMAKE_INSTALL_PREFIX=/home/csl/isaac_routing2_v2/install/champ_description
[1.002s] Invoking command in '/home/csl/isaac_routing2_v2/build/champ_description': CMAKE_PREFIX_PATH=/opt/ros/humble /usr/bin/cmake --build /home/csl/isaac_routing2_v2/build/champ_description -- -j16 -l16
[1.034s] Invoked command in '/home/csl/isaac_routing2_v2/build/champ_description' returned '0': CMAKE_PREFIX_PATH=/opt/ros/humble /usr/bin/cmake --build /home/csl/isaac_routing2_v2/build/champ_description -- -j16 -l16
[1.045s] Invoking command in '/home/csl/isaac_routing2_v2/build/champ_description': CMAKE_PREFIX_PATH=/opt/ros/humble /usr/bin/cmake --install /home/csl/isaac_routing2_v2/build/champ_description
[1.056s] -- Install configuration: ""
[1.056s] -- Installing: /home/csl/isaac_routing2_v2/install/champ_description/share/champ_description/launch
[1.056s] -- Installing: /home/csl/isaac_routing2_v2/install/champ_description/share/champ_description/launch/view_urdf.launch
[1.056s] -- Installing: /home/csl/isaac_routing2_v2/install/champ_description/share/champ_description/launch/description.launch.py
[1.057s] -- Installing: /home/csl/isaac_routing2_v2/install/champ_description/share/champ_description/launch/description.launch
[1.057s] -- Installing: /home/csl/isaac_routing2_v2/install/champ_description/share/champ_description/rviz
[1.057s] -- Installing: /home/csl/isaac_routing2_v2/install/champ_description/share/champ_description/rviz/urdf_viewer.rviz
[1.057s] -- Installing: /home/csl/isaac_routing2_v2/install/champ_description/share/champ_description/meshes
[1.057s] -- Installing: /home/csl/isaac_routing2_v2/install/champ_description/share/champ_description/meshes/asus_camera_simple.dae
[1.057s] -- Installing: /home/csl/isaac_routing2_v2/install/champ_description/share/champ_description/meshes/hokuyo_utm_30lx.dae
[1.058s] -- Installing: /home/csl/isaac_routing2_v2/install/champ_description/share/champ_description/meshes/upper_leg_simple.stl
[1.058s] -- Installing: /home/csl/isaac_routing2_v2/install/champ_description/share/champ_description/meshes/base.stl
[1.058s] -- Installing: /home/csl/isaac_routing2_v2/install/champ_description/share/champ_description/meshes/hip.stl
[1.059s] -- Installing: /home/csl/isaac_routing2_v2/install/champ_description/share/champ_description/meshes/lower_leg_simple.stl
[1.059s] -- Installing: /home/csl/isaac_routing2_v2/install/champ_description/share/champ_description/meshes/arm
[1.059s] -- Installing: /home/csl/isaac_routing2_v2/install/champ_description/share/champ_description/meshes/arm/lower_arm.stl
[1.068s] -- Installing: /home/csl/isaac_routing2_v2/install/champ_description/share/champ_description/meshes/arm/base.stl
[1.068s] -- Installing: /home/csl/isaac_routing2_v2/install/champ_description/share/champ_description/meshes/arm/wrist1.stl
[1.072s] -- Installing: /home/csl/isaac_routing2_v2/install/champ_description/share/champ_description/meshes/arm/wrist2.stl
[1.072s] -- Installing: /home/csl/isaac_routing2_v2/install/champ_description/share/champ_description/meshes/arm/upper_arm.stl
[1.072s] -- Installing: /home/csl/isaac_routing2_v2/install/champ_description/share/champ_description/meshes/upper_leg.stl
[1.072s] -- Installing: /home/csl/isaac_routing2_v2/install/champ_description/share/champ_description/meshes/base_simple.stl
[1.072s] -- Installing: /home/csl/isaac_routing2_v2/install/champ_description/share/champ_description/meshes/lower_leg.stl
[1.073s] -- Installing: /home/csl/isaac_routing2_v2/install/champ_description/share/champ_description/urdf
[1.073s] -- Installing: /home/csl/isaac_routing2_v2/install/champ_description/share/champ_description/urdf/champ_arm.urdf
[1.073s] -- Installing: /home/csl/isaac_routing2_v2/install/champ_description/share/champ_description/urdf/accessories.urdf.xacro
[1.073s] -- Installing: /home/csl/isaac_routing2_v2/install/champ_description/share/champ_description/urdf/leg.urdf.xacro
[1.073s] -- Installing: /home/csl/isaac_routing2_v2/install/champ_description/share/champ_description/urdf/champ.urdf
[1.073s] -- Installing: /home/csl/isaac_routing2_v2/install/champ_description/share/champ_description/urdf/champ.urdf.xacro
[1.074s] -- Installing: /home/csl/isaac_routing2_v2/install/champ_description/share/champ_description/urdf/properties.urdf.xacro
[1.074s] -- Installing: /home/csl/isaac_routing2_v2/install/champ_description/share/champ_description/urdf/hokuyo_utm30lx.urdf.xacro
[1.074s] -- Installing: /home/csl/isaac_routing2_v2/install/champ_description/share/champ_description/urdf/gen_urdf
[1.074s] -- Installing: /home/csl/isaac_routing2_v2/install/champ_description/share/champ_description/urdf/champ_velodyne.urdf
[1.074s] -- Installing: /home/csl/isaac_routing2_v2/install/champ_description/share/champ_description/urdf/asus_camera.urdf.xacro
[1.074s] -- Installing: /home/csl/isaac_routing2_v2/install/champ_description/share/ament_index/resource_index/package_run_dependencies/champ_description
[1.074s] -- Installing: /home/csl/isaac_routing2_v2/install/champ_description/share/ament_index/resource_index/parent_prefix_path/champ_description
[1.074s] -- Installing: /home/csl/isaac_routing2_v2/install/champ_description/share/champ_description/environment/ament_prefix_path.sh
[1.079s] -- Installing: /home/csl/isaac_routing2_v2/install/champ_description/share/champ_description/environment/ament_prefix_path.dsv
[1.079s] -- Installing: /home/csl/isaac_routing2_v2/install/champ_description/share/champ_description/environment/path.sh
[1.079s] -- Installing: /home/csl/isaac_routing2_v2/install/champ_description/share/champ_description/environment/path.dsv
[1.079s] -- Installing: /home/csl/isaac_routing2_v2/install/champ_description/share/champ_description/local_setup.bash
[1.079s] -- Installing: /home/csl/isaac_routing2_v2/install/champ_description/share/champ_description/local_setup.sh
[1.079s] -- Installing: /home/csl/isaac_routing2_v2/install/champ_description/share/champ_description/local_setup.zsh
[1.079s] -- Installing: /home/csl/isaac_routing2_v2/install/champ_description/share/champ_description/local_setup.dsv
[1.079s] -- Installing: /home/csl/isaac_routing2_v2/install/champ_description/share/champ_description/package.dsv
[1.079s] -- Installing: /home/csl/isaac_routing2_v2/install/champ_description/share/ament_index/resource_index/packages/champ_description
[1.080s] -- Installing: /home/csl/isaac_routing2_v2/install/champ_description/share/champ_description/cmake/champ_descriptionConfig.cmake
[1.080s] -- Installing: /home/csl/isaac_routing2_v2/install/champ_description/share/champ_description/cmake/champ_descriptionConfig-version.cmake
[1.080s] -- Installing: /home/csl/isaac_routing2_v2/install/champ_description/share/champ_description/package.xml
[1.100s] Invoked command in '/home/csl/isaac_routing2_v2/build/champ_description' returned '0': CMAKE_PREFIX_PATH=/opt/ros/humble /usr/bin/cmake --install /home/csl/isaac_routing2_v2/build/champ_description
