[0.329s] Invoking command in '/home/csl/isaac_routing2_v2/build/switch_map_interfaces': CMAKE_PREFIX_PATH=${CMAKE_PREFIX_PATH}:/home/csl/isaac_routing2_v2/install/user_tools:/home/csl/isaac_routing2_v2/install/spot_routing_nav:/home/csl/isaac_routing2_v2/install/routing_agent:/home/csl/isaac_routing2_v2/install/my_waypoint_tools:/opt/ros/humble /usr/bin/cmake --build /home/csl/isaac_routing2_v2/build/switch_map_interfaces -- -j16 -l16
[0.584s] [  1%] Built target switch_map_interfaces__cpp
[0.586s] [ 12%] Built target switch_map_interfaces__rosidl_generator_c
[0.586s] [ 12%] Built target ament_cmake_python_copy_switch_map_interfaces
[0.586s] [ 23%] Built target switch_map_interfaces__rosidl_typesupport_cpp
[0.586s] [ 46%] Built target switch_map_interfaces__rosidl_typesupport_introspection_c
[0.586s] [ 46%] Built target switch_map_interfaces__rosidl_typesupport_introspection_cpp
[0.586s] [ 68%] Built target switch_map_interfaces__rosidl_typesupport_fastrtps_cpp
[0.586s] [ 68%] Built target switch_map_interfaces__rosidl_typesupport_c
[0.586s] [ 79%] Built target switch_map_interfaces__rosidl_typesupport_fastrtps_c
[0.586s] [ 79%] Built target switch_map_interfaces
[0.587s] [ 80%] Built target switch_map_interfaces__py
[0.587s] [ 90%] Built target switch_map_interfaces__rosidl_generator_py
[0.587s] [ 96%] Built target switch_map_interfaces__rosidl_typesupport_fastrtps_c__pyext
[0.587s] [ 96%] Built target switch_map_interfaces__rosidl_typesupport_introspection_c__pyext
[0.588s] [100%] Built target switch_map_interfaces__rosidl_typesupport_c__pyext
[0.588s] running egg_info
[0.588s] writing switch_map_interfaces.egg-info/PKG-INFO
[0.588s] writing dependency_links to switch_map_interfaces.egg-info/dependency_links.txt
[0.588s] writing top-level names to switch_map_interfaces.egg-info/top_level.txt
[0.588s] reading manifest file 'switch_map_interfaces.egg-info/SOURCES.txt'
[0.588s] writing manifest file 'switch_map_interfaces.egg-info/SOURCES.txt'
[0.658s] [100%] Built target ament_cmake_python_build_switch_map_interfaces_egg
[0.829s] Invoked command in '/home/csl/isaac_routing2_v2/build/switch_map_interfaces' returned '0': CMAKE_PREFIX_PATH=${CMAKE_PREFIX_PATH}:/home/csl/isaac_routing2_v2/install/user_tools:/home/csl/isaac_routing2_v2/install/spot_routing_nav:/home/csl/isaac_routing2_v2/install/routing_agent:/home/csl/isaac_routing2_v2/install/my_waypoint_tools:/opt/ros/humble /usr/bin/cmake --build /home/csl/isaac_routing2_v2/build/switch_map_interfaces -- -j16 -l16
[0.831s] Invoking command in '/home/csl/isaac_routing2_v2/build/switch_map_interfaces': CMAKE_PREFIX_PATH=${CMAKE_PREFIX_PATH}:/home/csl/isaac_routing2_v2/install/user_tools:/home/csl/isaac_routing2_v2/install/spot_routing_nav:/home/csl/isaac_routing2_v2/install/routing_agent:/home/csl/isaac_routing2_v2/install/my_waypoint_tools:/opt/ros/humble /usr/bin/cmake --install /home/csl/isaac_routing2_v2/build/switch_map_interfaces
[0.839s] -- Install configuration: ""
[0.840s] -- Up-to-date: /home/csl/isaac_routing2_v2/install/switch_map_interfaces/share/ament_index/resource_index/rosidl_interfaces/switch_map_interfaces
[0.840s] -- Up-to-date: /home/csl/isaac_routing2_v2/install/switch_map_interfaces/include/switch_map_interfaces/switch_map_interfaces
[0.840s] -- Up-to-date: /home/csl/isaac_routing2_v2/install/switch_map_interfaces/include/switch_map_interfaces/switch_map_interfaces/action
[0.841s] -- Up-to-date: /home/csl/isaac_routing2_v2/install/switch_map_interfaces/include/switch_map_interfaces/switch_map_interfaces/action/send_goal_pose.h
[0.841s] -- Up-to-date: /home/csl/isaac_routing2_v2/install/switch_map_interfaces/include/switch_map_interfaces/switch_map_interfaces/action/detail
[0.841s] -- Up-to-date: /home/csl/isaac_routing2_v2/install/switch_map_interfaces/include/switch_map_interfaces/switch_map_interfaces/action/detail/send_goal_pose__functions.c
[0.841s] -- Up-to-date: /home/csl/isaac_routing2_v2/install/switch_map_interfaces/include/switch_map_interfaces/switch_map_interfaces/action/detail/send_goal_pose__functions.h
[0.841s] -- Up-to-date: /home/csl/isaac_routing2_v2/install/switch_map_interfaces/include/switch_map_interfaces/switch_map_interfaces/action/detail/send_goal_pose__struct.h
[0.842s] -- Up-to-date: /home/csl/isaac_routing2_v2/install/switch_map_interfaces/include/switch_map_interfaces/switch_map_interfaces/action/detail/send_goal_pose__type_support.h
[0.842s] -- Up-to-date: /home/csl/isaac_routing2_v2/install/switch_map_interfaces/include/switch_map_interfaces/switch_map_interfaces/msg
[0.842s] -- Up-to-date: /home/csl/isaac_routing2_v2/install/switch_map_interfaces/include/switch_map_interfaces/switch_map_interfaces/msg/rosidl_generator_c__visibility_control.h
[0.842s] -- Up-to-date: /home/csl/isaac_routing2_v2/install/switch_map_interfaces/include/switch_map_interfaces/switch_map_interfaces/msg/detail
[0.842s] -- Up-to-date: /home/csl/isaac_routing2_v2/install/switch_map_interfaces/include/switch_map_interfaces/switch_map_interfaces/msg/detail/path_point__functions.c
[0.842s] -- Up-to-date: /home/csl/isaac_routing2_v2/install/switch_map_interfaces/include/switch_map_interfaces/switch_map_interfaces/msg/detail/path_point__struct.h
[0.842s] -- Up-to-date: /home/csl/isaac_routing2_v2/install/switch_map_interfaces/include/switch_map_interfaces/switch_map_interfaces/msg/detail/path_point__functions.h
[0.842s] -- Up-to-date: /home/csl/isaac_routing2_v2/install/switch_map_interfaces/include/switch_map_interfaces/switch_map_interfaces/msg/detail/path_point__type_support.h
[0.842s] -- Up-to-date: /home/csl/isaac_routing2_v2/install/switch_map_interfaces/include/switch_map_interfaces/switch_map_interfaces/msg/path_point.h
[0.843s] -- Up-to-date: /home/csl/isaac_routing2_v2/install/switch_map_interfaces/include/switch_map_interfaces/switch_map_interfaces/srv
[0.843s] -- Up-to-date: /home/csl/isaac_routing2_v2/install/switch_map_interfaces/include/switch_map_interfaces/switch_map_interfaces/srv/single_map.h
[0.843s] -- Up-to-date: /home/csl/isaac_routing2_v2/install/switch_map_interfaces/include/switch_map_interfaces/switch_map_interfaces/srv/send_goal_pose.h
[0.843s] -- Up-to-date: /home/csl/isaac_routing2_v2/install/switch_map_interfaces/include/switch_map_interfaces/switch_map_interfaces/srv/detail
[0.843s] -- Up-to-date: /home/csl/isaac_routing2_v2/install/switch_map_interfaces/include/switch_map_interfaces/switch_map_interfaces/srv/detail/single_map__struct.h
[0.843s] -- Up-to-date: /home/csl/isaac_routing2_v2/install/switch_map_interfaces/include/switch_map_interfaces/switch_map_interfaces/srv/detail/send_goal_pose__functions.c
[0.843s] -- Up-to-date: /home/csl/isaac_routing2_v2/install/switch_map_interfaces/include/switch_map_interfaces/switch_map_interfaces/srv/detail/send_goal_pose__functions.h
[0.844s] -- Up-to-date: /home/csl/isaac_routing2_v2/install/switch_map_interfaces/include/switch_map_interfaces/switch_map_interfaces/srv/detail/single_map__functions.h
[0.844s] -- Up-to-date: /home/csl/isaac_routing2_v2/install/switch_map_interfaces/include/switch_map_interfaces/switch_map_interfaces/srv/detail/goal_path__functions.h
[0.844s] -- Up-to-date: /home/csl/isaac_routing2_v2/install/switch_map_interfaces/include/switch_map_interfaces/switch_map_interfaces/srv/detail/goal_path__type_support.h
[0.844s] -- Up-to-date: /home/csl/isaac_routing2_v2/install/switch_map_interfaces/include/switch_map_interfaces/switch_map_interfaces/srv/detail/send_goal_pose__struct.h
[0.844s] -- Up-to-date: /home/csl/isaac_routing2_v2/install/switch_map_interfaces/include/switch_map_interfaces/switch_map_interfaces/srv/detail/single_map__type_support.h
[0.844s] -- Up-to-date: /home/csl/isaac_routing2_v2/install/switch_map_interfaces/include/switch_map_interfaces/switch_map_interfaces/srv/detail/goal_path__struct.h
[0.844s] -- Up-to-date: /home/csl/isaac_routing2_v2/install/switch_map_interfaces/include/switch_map_interfaces/switch_map_interfaces/srv/detail/goal_path__functions.c
[0.844s] -- Up-to-date: /home/csl/isaac_routing2_v2/install/switch_map_interfaces/include/switch_map_interfaces/switch_map_interfaces/srv/detail/send_goal_pose__type_support.h
[0.844s] -- Up-to-date: /home/csl/isaac_routing2_v2/install/switch_map_interfaces/include/switch_map_interfaces/switch_map_interfaces/srv/detail/single_map__functions.c
[0.844s] -- Up-to-date: /home/csl/isaac_routing2_v2/install/switch_map_interfaces/include/switch_map_interfaces/switch_map_interfaces/srv/goal_path.h
[0.845s] -- Up-to-date: /home/csl/isaac_routing2_v2/install/switch_map_interfaces/share/switch_map_interfaces/environment/library_path.sh
[0.845s] -- Up-to-date: /home/csl/isaac_routing2_v2/install/switch_map_interfaces/share/switch_map_interfaces/environment/library_path.dsv
[0.845s] -- Up-to-date: /home/csl/isaac_routing2_v2/install/switch_map_interfaces/lib/libswitch_map_interfaces__rosidl_generator_c.so
[0.845s] -- Up-to-date: /home/csl/isaac_routing2_v2/install/switch_map_interfaces/include/switch_map_interfaces/switch_map_interfaces
[0.845s] -- Up-to-date: /home/csl/isaac_routing2_v2/install/switch_map_interfaces/include/switch_map_interfaces/switch_map_interfaces/action
[0.845s] -- Up-to-date: /home/csl/isaac_routing2_v2/install/switch_map_interfaces/include/switch_map_interfaces/switch_map_interfaces/action/detail
[0.845s] -- Up-to-date: /home/csl/isaac_routing2_v2/install/switch_map_interfaces/include/switch_map_interfaces/switch_map_interfaces/action/detail/send_goal_pose__rosidl_typesupport_fastrtps_c.h
[0.845s] -- Up-to-date: /home/csl/isaac_routing2_v2/install/switch_map_interfaces/include/switch_map_interfaces/switch_map_interfaces/msg
[0.845s] -- Up-to-date: /home/csl/isaac_routing2_v2/install/switch_map_interfaces/include/switch_map_interfaces/switch_map_interfaces/msg/detail
[0.845s] -- Up-to-date: /home/csl/isaac_routing2_v2/install/switch_map_interfaces/include/switch_map_interfaces/switch_map_interfaces/msg/detail/path_point__rosidl_typesupport_fastrtps_c.h
[0.846s] -- Up-to-date: /home/csl/isaac_routing2_v2/install/switch_map_interfaces/include/switch_map_interfaces/switch_map_interfaces/msg/rosidl_typesupport_fastrtps_c__visibility_control.h
[0.846s] -- Up-to-date: /home/csl/isaac_routing2_v2/install/switch_map_interfaces/include/switch_map_interfaces/switch_map_interfaces/srv
[0.846s] -- Up-to-date: /home/csl/isaac_routing2_v2/install/switch_map_interfaces/include/switch_map_interfaces/switch_map_interfaces/srv/detail
[0.846s] -- Up-to-date: /home/csl/isaac_routing2_v2/install/switch_map_interfaces/include/switch_map_interfaces/switch_map_interfaces/srv/detail/single_map__rosidl_typesupport_fastrtps_c.h
[0.846s] -- Up-to-date: /home/csl/isaac_routing2_v2/install/switch_map_interfaces/include/switch_map_interfaces/switch_map_interfaces/srv/detail/goal_path__rosidl_typesupport_fastrtps_c.h
[0.846s] -- Up-to-date: /home/csl/isaac_routing2_v2/install/switch_map_interfaces/include/switch_map_interfaces/switch_map_interfaces/srv/detail/send_goal_pose__rosidl_typesupport_fastrtps_c.h
[0.846s] -- Up-to-date: /home/csl/isaac_routing2_v2/install/switch_map_interfaces/lib/libswitch_map_interfaces__rosidl_typesupport_fastrtps_c.so
[0.846s] -- Up-to-date: /home/csl/isaac_routing2_v2/install/switch_map_interfaces/include/switch_map_interfaces/switch_map_interfaces
[0.847s] -- Up-to-date: /home/csl/isaac_routing2_v2/install/switch_map_interfaces/include/switch_map_interfaces/switch_map_interfaces/action
[0.847s] -- Up-to-date: /home/csl/isaac_routing2_v2/install/switch_map_interfaces/include/switch_map_interfaces/switch_map_interfaces/action/detail
[0.847s] -- Up-to-date: /home/csl/isaac_routing2_v2/install/switch_map_interfaces/include/switch_map_interfaces/switch_map_interfaces/action/detail/send_goal_pose__rosidl_typesupport_introspection_c.h
[0.847s] -- Up-to-date: /home/csl/isaac_routing2_v2/install/switch_map_interfaces/include/switch_map_interfaces/switch_map_interfaces/action/detail/send_goal_pose__type_support.c
[0.847s] -- Up-to-date: /home/csl/isaac_routing2_v2/install/switch_map_interfaces/include/switch_map_interfaces/switch_map_interfaces/msg
[0.847s] -- Up-to-date: /home/csl/isaac_routing2_v2/install/switch_map_interfaces/include/switch_map_interfaces/switch_map_interfaces/msg/detail
[0.847s] -- Up-to-date: /home/csl/isaac_routing2_v2/install/switch_map_interfaces/include/switch_map_interfaces/switch_map_interfaces/msg/detail/path_point__rosidl_typesupport_introspection_c.h
[0.847s] -- Up-to-date: /home/csl/isaac_routing2_v2/install/switch_map_interfaces/include/switch_map_interfaces/switch_map_interfaces/msg/detail/path_point__type_support.c
[0.847s] -- Up-to-date: /home/csl/isaac_routing2_v2/install/switch_map_interfaces/include/switch_map_interfaces/switch_map_interfaces/msg/rosidl_typesupport_introspection_c__visibility_control.h
[0.847s] -- Up-to-date: /home/csl/isaac_routing2_v2/install/switch_map_interfaces/include/switch_map_interfaces/switch_map_interfaces/srv
[0.847s] -- Up-to-date: /home/csl/isaac_routing2_v2/install/switch_map_interfaces/include/switch_map_interfaces/switch_map_interfaces/srv/detail
[0.848s] -- Up-to-date: /home/csl/isaac_routing2_v2/install/switch_map_interfaces/include/switch_map_interfaces/switch_map_interfaces/srv/detail/goal_path__type_support.c
[0.848s] -- Up-to-date: /home/csl/isaac_routing2_v2/install/switch_map_interfaces/include/switch_map_interfaces/switch_map_interfaces/srv/detail/single_map__rosidl_typesupport_introspection_c.h
[0.848s] -- Up-to-date: /home/csl/isaac_routing2_v2/install/switch_map_interfaces/include/switch_map_interfaces/switch_map_interfaces/srv/detail/send_goal_pose__rosidl_typesupport_introspection_c.h
[0.848s] -- Up-to-date: /home/csl/isaac_routing2_v2/install/switch_map_interfaces/include/switch_map_interfaces/switch_map_interfaces/srv/detail/send_goal_pose__type_support.c
[0.848s] -- Up-to-date: /home/csl/isaac_routing2_v2/install/switch_map_interfaces/include/switch_map_interfaces/switch_map_interfaces/srv/detail/goal_path__rosidl_typesupport_introspection_c.h
[0.848s] -- Up-to-date: /home/csl/isaac_routing2_v2/install/switch_map_interfaces/include/switch_map_interfaces/switch_map_interfaces/srv/detail/single_map__type_support.c
[0.848s] -- Up-to-date: /home/csl/isaac_routing2_v2/install/switch_map_interfaces/lib/libswitch_map_interfaces__rosidl_typesupport_introspection_c.so
[0.848s] -- Up-to-date: /home/csl/isaac_routing2_v2/install/switch_map_interfaces/lib/libswitch_map_interfaces__rosidl_typesupport_c.so
[0.848s] -- Up-to-date: /home/csl/isaac_routing2_v2/install/switch_map_interfaces/include/switch_map_interfaces/switch_map_interfaces
[0.848s] -- Up-to-date: /home/csl/isaac_routing2_v2/install/switch_map_interfaces/include/switch_map_interfaces/switch_map_interfaces/action
[0.849s] -- Up-to-date: /home/csl/isaac_routing2_v2/install/switch_map_interfaces/include/switch_map_interfaces/switch_map_interfaces/action/detail
[0.849s] -- Up-to-date: /home/csl/isaac_routing2_v2/install/switch_map_interfaces/include/switch_map_interfaces/switch_map_interfaces/action/detail/send_goal_pose__traits.hpp
[0.849s] -- Up-to-date: /home/csl/isaac_routing2_v2/install/switch_map_interfaces/include/switch_map_interfaces/switch_map_interfaces/action/detail/send_goal_pose__builder.hpp
[0.849s] -- Up-to-date: /home/csl/isaac_routing2_v2/install/switch_map_interfaces/include/switch_map_interfaces/switch_map_interfaces/action/detail/send_goal_pose__struct.hpp
[0.849s] -- Up-to-date: /home/csl/isaac_routing2_v2/install/switch_map_interfaces/include/switch_map_interfaces/switch_map_interfaces/action/send_goal_pose.hpp
[0.849s] -- Up-to-date: /home/csl/isaac_routing2_v2/install/switch_map_interfaces/include/switch_map_interfaces/switch_map_interfaces/msg
[0.849s] -- Up-to-date: /home/csl/isaac_routing2_v2/install/switch_map_interfaces/include/switch_map_interfaces/switch_map_interfaces/msg/detail
[0.849s] -- Up-to-date: /home/csl/isaac_routing2_v2/install/switch_map_interfaces/include/switch_map_interfaces/switch_map_interfaces/msg/detail/path_point__builder.hpp
[0.850s] -- Up-to-date: /home/csl/isaac_routing2_v2/install/switch_map_interfaces/include/switch_map_interfaces/switch_map_interfaces/msg/detail/path_point__struct.hpp
[0.850s] -- Up-to-date: /home/csl/isaac_routing2_v2/install/switch_map_interfaces/include/switch_map_interfaces/switch_map_interfaces/msg/detail/path_point__traits.hpp
[0.850s] -- Up-to-date: /home/csl/isaac_routing2_v2/install/switch_map_interfaces/include/switch_map_interfaces/switch_map_interfaces/msg/path_point.hpp
[0.850s] -- Up-to-date: /home/csl/isaac_routing2_v2/install/switch_map_interfaces/include/switch_map_interfaces/switch_map_interfaces/srv
[0.850s] -- Up-to-date: /home/csl/isaac_routing2_v2/install/switch_map_interfaces/include/switch_map_interfaces/switch_map_interfaces/srv/detail
[0.850s] -- Up-to-date: /home/csl/isaac_routing2_v2/install/switch_map_interfaces/include/switch_map_interfaces/switch_map_interfaces/srv/detail/goal_path__traits.hpp
[0.850s] -- Up-to-date: /home/csl/isaac_routing2_v2/install/switch_map_interfaces/include/switch_map_interfaces/switch_map_interfaces/srv/detail/goal_path__struct.hpp
[0.850s] -- Up-to-date: /home/csl/isaac_routing2_v2/install/switch_map_interfaces/include/switch_map_interfaces/switch_map_interfaces/srv/detail/single_map__builder.hpp
[0.850s] -- Up-to-date: /home/csl/isaac_routing2_v2/install/switch_map_interfaces/include/switch_map_interfaces/switch_map_interfaces/srv/detail/send_goal_pose__traits.hpp
[0.850s] -- Up-to-date: /home/csl/isaac_routing2_v2/install/switch_map_interfaces/include/switch_map_interfaces/switch_map_interfaces/srv/detail/send_goal_pose__builder.hpp
[0.850s] -- Up-to-date: /home/csl/isaac_routing2_v2/install/switch_map_interfaces/include/switch_map_interfaces/switch_map_interfaces/srv/detail/send_goal_pose__struct.hpp
[0.851s] -- Up-to-date: /home/csl/isaac_routing2_v2/install/switch_map_interfaces/include/switch_map_interfaces/switch_map_interfaces/srv/detail/single_map__traits.hpp
[0.851s] -- Up-to-date: /home/csl/isaac_routing2_v2/install/switch_map_interfaces/include/switch_map_interfaces/switch_map_interfaces/srv/detail/goal_path__builder.hpp
[0.851s] -- Up-to-date: /home/csl/isaac_routing2_v2/install/switch_map_interfaces/include/switch_map_interfaces/switch_map_interfaces/srv/detail/single_map__struct.hpp
[0.851s] -- Up-to-date: /home/csl/isaac_routing2_v2/install/switch_map_interfaces/include/switch_map_interfaces/switch_map_interfaces/srv/goal_path.hpp
[0.851s] -- Up-to-date: /home/csl/isaac_routing2_v2/install/switch_map_interfaces/include/switch_map_interfaces/switch_map_interfaces/srv/send_goal_pose.hpp
[0.851s] -- Up-to-date: /home/csl/isaac_routing2_v2/install/switch_map_interfaces/include/switch_map_interfaces/switch_map_interfaces/srv/single_map.hpp
[0.851s] -- Up-to-date: /home/csl/isaac_routing2_v2/install/switch_map_interfaces/include/switch_map_interfaces/switch_map_interfaces
[0.851s] -- Up-to-date: /home/csl/isaac_routing2_v2/install/switch_map_interfaces/include/switch_map_interfaces/switch_map_interfaces/action
[0.851s] -- Up-to-date: /home/csl/isaac_routing2_v2/install/switch_map_interfaces/include/switch_map_interfaces/switch_map_interfaces/action/detail
[0.851s] -- Up-to-date: /home/csl/isaac_routing2_v2/install/switch_map_interfaces/include/switch_map_interfaces/switch_map_interfaces/action/detail/dds_fastrtps
[0.851s] -- Up-to-date: /home/csl/isaac_routing2_v2/install/switch_map_interfaces/include/switch_map_interfaces/switch_map_interfaces/action/detail/send_goal_pose__rosidl_typesupport_fastrtps_cpp.hpp
[0.852s] -- Up-to-date: /home/csl/isaac_routing2_v2/install/switch_map_interfaces/include/switch_map_interfaces/switch_map_interfaces/msg
[0.852s] -- Up-to-date: /home/csl/isaac_routing2_v2/install/switch_map_interfaces/include/switch_map_interfaces/switch_map_interfaces/msg/detail
[0.852s] -- Up-to-date: /home/csl/isaac_routing2_v2/install/switch_map_interfaces/include/switch_map_interfaces/switch_map_interfaces/msg/detail/dds_fastrtps
[0.852s] -- Up-to-date: /home/csl/isaac_routing2_v2/install/switch_map_interfaces/include/switch_map_interfaces/switch_map_interfaces/msg/detail/path_point__rosidl_typesupport_fastrtps_cpp.hpp
[0.852s] -- Up-to-date: /home/csl/isaac_routing2_v2/install/switch_map_interfaces/include/switch_map_interfaces/switch_map_interfaces/msg/rosidl_typesupport_fastrtps_cpp__visibility_control.h
[0.852s] -- Up-to-date: /home/csl/isaac_routing2_v2/install/switch_map_interfaces/include/switch_map_interfaces/switch_map_interfaces/srv
[0.852s] -- Up-to-date: /home/csl/isaac_routing2_v2/install/switch_map_interfaces/include/switch_map_interfaces/switch_map_interfaces/srv/detail
[0.852s] -- Up-to-date: /home/csl/isaac_routing2_v2/install/switch_map_interfaces/include/switch_map_interfaces/switch_map_interfaces/srv/detail/dds_fastrtps
[0.852s] -- Up-to-date: /home/csl/isaac_routing2_v2/install/switch_map_interfaces/include/switch_map_interfaces/switch_map_interfaces/srv/detail/goal_path__rosidl_typesupport_fastrtps_cpp.hpp
[0.852s] -- Up-to-date: /home/csl/isaac_routing2_v2/install/switch_map_interfaces/include/switch_map_interfaces/switch_map_interfaces/srv/detail/send_goal_pose__rosidl_typesupport_fastrtps_cpp.hpp
[0.852s] -- Up-to-date: /home/csl/isaac_routing2_v2/install/switch_map_interfaces/include/switch_map_interfaces/switch_map_interfaces/srv/detail/single_map__rosidl_typesupport_fastrtps_cpp.hpp
[0.852s] -- Up-to-date: /home/csl/isaac_routing2_v2/install/switch_map_interfaces/lib/libswitch_map_interfaces__rosidl_typesupport_fastrtps_cpp.so
[0.853s] -- Up-to-date: /home/csl/isaac_routing2_v2/install/switch_map_interfaces/include/switch_map_interfaces/switch_map_interfaces
[0.853s] -- Up-to-date: /home/csl/isaac_routing2_v2/install/switch_map_interfaces/include/switch_map_interfaces/switch_map_interfaces/action
[0.853s] -- Up-to-date: /home/csl/isaac_routing2_v2/install/switch_map_interfaces/include/switch_map_interfaces/switch_map_interfaces/action/detail
[0.853s] -- Up-to-date: /home/csl/isaac_routing2_v2/install/switch_map_interfaces/include/switch_map_interfaces/switch_map_interfaces/action/detail/send_goal_pose__rosidl_typesupport_introspection_cpp.hpp
[0.853s] -- Up-to-date: /home/csl/isaac_routing2_v2/install/switch_map_interfaces/include/switch_map_interfaces/switch_map_interfaces/action/detail/send_goal_pose__type_support.cpp
[0.853s] -- Up-to-date: /home/csl/isaac_routing2_v2/install/switch_map_interfaces/include/switch_map_interfaces/switch_map_interfaces/msg
[0.853s] -- Up-to-date: /home/csl/isaac_routing2_v2/install/switch_map_interfaces/include/switch_map_interfaces/switch_map_interfaces/msg/detail
[0.853s] -- Up-to-date: /home/csl/isaac_routing2_v2/install/switch_map_interfaces/include/switch_map_interfaces/switch_map_interfaces/msg/detail/path_point__type_support.cpp
[0.853s] -- Up-to-date: /home/csl/isaac_routing2_v2/install/switch_map_interfaces/include/switch_map_interfaces/switch_map_interfaces/msg/detail/path_point__rosidl_typesupport_introspection_cpp.hpp
[0.853s] -- Up-to-date: /home/csl/isaac_routing2_v2/install/switch_map_interfaces/include/switch_map_interfaces/switch_map_interfaces/srv
[0.854s] -- Up-to-date: /home/csl/isaac_routing2_v2/install/switch_map_interfaces/include/switch_map_interfaces/switch_map_interfaces/srv/detail
[0.854s] -- Up-to-date: /home/csl/isaac_routing2_v2/install/switch_map_interfaces/include/switch_map_interfaces/switch_map_interfaces/srv/detail/single_map__type_support.cpp
[0.854s] -- Up-to-date: /home/csl/isaac_routing2_v2/install/switch_map_interfaces/include/switch_map_interfaces/switch_map_interfaces/srv/detail/send_goal_pose__rosidl_typesupport_introspection_cpp.hpp
[0.854s] -- Up-to-date: /home/csl/isaac_routing2_v2/install/switch_map_interfaces/include/switch_map_interfaces/switch_map_interfaces/srv/detail/send_goal_pose__type_support.cpp
[0.854s] -- Up-to-date: /home/csl/isaac_routing2_v2/install/switch_map_interfaces/include/switch_map_interfaces/switch_map_interfaces/srv/detail/goal_path__rosidl_typesupport_introspection_cpp.hpp
[0.854s] -- Up-to-date: /home/csl/isaac_routing2_v2/install/switch_map_interfaces/include/switch_map_interfaces/switch_map_interfaces/srv/detail/goal_path__type_support.cpp
[0.854s] -- Up-to-date: /home/csl/isaac_routing2_v2/install/switch_map_interfaces/include/switch_map_interfaces/switch_map_interfaces/srv/detail/single_map__rosidl_typesupport_introspection_cpp.hpp
[0.854s] -- Up-to-date: /home/csl/isaac_routing2_v2/install/switch_map_interfaces/lib/libswitch_map_interfaces__rosidl_typesupport_introspection_cpp.so
[0.854s] -- Up-to-date: /home/csl/isaac_routing2_v2/install/switch_map_interfaces/lib/libswitch_map_interfaces__rosidl_typesupport_cpp.so
[0.854s] -- Up-to-date: /home/csl/isaac_routing2_v2/install/switch_map_interfaces/share/switch_map_interfaces/environment/pythonpath.sh
[0.854s] -- Up-to-date: /home/csl/isaac_routing2_v2/install/switch_map_interfaces/share/switch_map_interfaces/environment/pythonpath.dsv
[0.855s] -- Up-to-date: /home/csl/isaac_routing2_v2/install/switch_map_interfaces/local/lib/python3.10/dist-packages/switch_map_interfaces-0.0.0-py3.10.egg-info
[0.855s] -- Installing: /home/csl/isaac_routing2_v2/install/switch_map_interfaces/local/lib/python3.10/dist-packages/switch_map_interfaces-0.0.0-py3.10.egg-info/SOURCES.txt
[0.855s] -- Installing: /home/csl/isaac_routing2_v2/install/switch_map_interfaces/local/lib/python3.10/dist-packages/switch_map_interfaces-0.0.0-py3.10.egg-info/dependency_links.txt
[0.855s] -- Installing: /home/csl/isaac_routing2_v2/install/switch_map_interfaces/local/lib/python3.10/dist-packages/switch_map_interfaces-0.0.0-py3.10.egg-info/PKG-INFO
[0.855s] -- Installing: /home/csl/isaac_routing2_v2/install/switch_map_interfaces/local/lib/python3.10/dist-packages/switch_map_interfaces-0.0.0-py3.10.egg-info/top_level.txt
[0.855s] -- Up-to-date: /home/csl/isaac_routing2_v2/install/switch_map_interfaces/local/lib/python3.10/dist-packages/switch_map_interfaces
[0.855s] -- Up-to-date: /home/csl/isaac_routing2_v2/install/switch_map_interfaces/local/lib/python3.10/dist-packages/switch_map_interfaces/libswitch_map_interfaces__rosidl_generator_py.so
[0.855s] -- Up-to-date: /home/csl/isaac_routing2_v2/install/switch_map_interfaces/local/lib/python3.10/dist-packages/switch_map_interfaces/action
[0.855s] -- Up-to-date: /home/csl/isaac_routing2_v2/install/switch_map_interfaces/local/lib/python3.10/dist-packages/switch_map_interfaces/action/__init__.py
[0.855s] -- Up-to-date: /home/csl/isaac_routing2_v2/install/switch_map_interfaces/local/lib/python3.10/dist-packages/switch_map_interfaces/action/_send_goal_pose_s.c
[0.855s] -- Up-to-date: /home/csl/isaac_routing2_v2/install/switch_map_interfaces/local/lib/python3.10/dist-packages/switch_map_interfaces/action/_send_goal_pose.py
[0.856s] -- Up-to-date: /home/csl/isaac_routing2_v2/install/switch_map_interfaces/local/lib/python3.10/dist-packages/switch_map_interfaces/switch_map_interfaces_s__rosidl_typesupport_c.cpython-310-x86_64-linux-gnu.so
[0.856s] -- Up-to-date: /home/csl/isaac_routing2_v2/install/switch_map_interfaces/local/lib/python3.10/dist-packages/switch_map_interfaces/switch_map_interfaces_s__rosidl_typesupport_fastrtps_c.cpython-310-x86_64-linux-gnu.so
[0.856s] -- Up-to-date: /home/csl/isaac_routing2_v2/install/switch_map_interfaces/local/lib/python3.10/dist-packages/switch_map_interfaces/_switch_map_interfaces_s.ep.rosidl_typesupport_introspection_c.c
[0.856s] -- Up-to-date: /home/csl/isaac_routing2_v2/install/switch_map_interfaces/local/lib/python3.10/dist-packages/switch_map_interfaces/_switch_map_interfaces_s.ep.rosidl_typesupport_c.c
[0.856s] -- Up-to-date: /home/csl/isaac_routing2_v2/install/switch_map_interfaces/local/lib/python3.10/dist-packages/switch_map_interfaces/__init__.py
[0.856s] -- Up-to-date: /home/csl/isaac_routing2_v2/install/switch_map_interfaces/local/lib/python3.10/dist-packages/switch_map_interfaces/msg
[0.856s] -- Up-to-date: /home/csl/isaac_routing2_v2/install/switch_map_interfaces/local/lib/python3.10/dist-packages/switch_map_interfaces/msg/__init__.py
[0.856s] -- Up-to-date: /home/csl/isaac_routing2_v2/install/switch_map_interfaces/local/lib/python3.10/dist-packages/switch_map_interfaces/msg/_path_point.py
[0.856s] -- Up-to-date: /home/csl/isaac_routing2_v2/install/switch_map_interfaces/local/lib/python3.10/dist-packages/switch_map_interfaces/msg/_path_point_s.c
[0.856s] -- Up-to-date: /home/csl/isaac_routing2_v2/install/switch_map_interfaces/local/lib/python3.10/dist-packages/switch_map_interfaces/_switch_map_interfaces_s.ep.rosidl_typesupport_fastrtps_c.c
[0.857s] -- Up-to-date: /home/csl/isaac_routing2_v2/install/switch_map_interfaces/local/lib/python3.10/dist-packages/switch_map_interfaces/switch_map_interfaces_s__rosidl_typesupport_introspection_c.cpython-310-x86_64-linux-gnu.so
[0.857s] -- Up-to-date: /home/csl/isaac_routing2_v2/install/switch_map_interfaces/local/lib/python3.10/dist-packages/switch_map_interfaces/srv
[0.857s] -- Up-to-date: /home/csl/isaac_routing2_v2/install/switch_map_interfaces/local/lib/python3.10/dist-packages/switch_map_interfaces/srv/_single_map_s.c
[0.857s] -- Up-to-date: /home/csl/isaac_routing2_v2/install/switch_map_interfaces/local/lib/python3.10/dist-packages/switch_map_interfaces/srv/__init__.py
[0.857s] -- Up-to-date: /home/csl/isaac_routing2_v2/install/switch_map_interfaces/local/lib/python3.10/dist-packages/switch_map_interfaces/srv/_send_goal_pose_s.c
[0.857s] -- Up-to-date: /home/csl/isaac_routing2_v2/install/switch_map_interfaces/local/lib/python3.10/dist-packages/switch_map_interfaces/srv/_send_goal_pose.py
[0.857s] -- Up-to-date: /home/csl/isaac_routing2_v2/install/switch_map_interfaces/local/lib/python3.10/dist-packages/switch_map_interfaces/srv/_goal_path.py
[0.857s] -- Up-to-date: /home/csl/isaac_routing2_v2/install/switch_map_interfaces/local/lib/python3.10/dist-packages/switch_map_interfaces/srv/_goal_path_s.c
[0.857s] -- Up-to-date: /home/csl/isaac_routing2_v2/install/switch_map_interfaces/local/lib/python3.10/dist-packages/switch_map_interfaces/srv/_single_map.py
[0.881s] Listing '/home/csl/isaac_routing2_v2/install/switch_map_interfaces/local/lib/python3.10/dist-packages/switch_map_interfaces'...
[0.882s] Listing '/home/csl/isaac_routing2_v2/install/switch_map_interfaces/local/lib/python3.10/dist-packages/switch_map_interfaces/action'...
[0.882s] Listing '/home/csl/isaac_routing2_v2/install/switch_map_interfaces/local/lib/python3.10/dist-packages/switch_map_interfaces/msg'...
[0.882s] Listing '/home/csl/isaac_routing2_v2/install/switch_map_interfaces/local/lib/python3.10/dist-packages/switch_map_interfaces/srv'...
[0.891s] -- Up-to-date: /home/csl/isaac_routing2_v2/install/switch_map_interfaces/local/lib/python3.10/dist-packages/switch_map_interfaces/switch_map_interfaces_s__rosidl_typesupport_fastrtps_c.cpython-310-x86_64-linux-gnu.so
[0.892s] -- Up-to-date: /home/csl/isaac_routing2_v2/install/switch_map_interfaces/local/lib/python3.10/dist-packages/switch_map_interfaces/switch_map_interfaces_s__rosidl_typesupport_introspection_c.cpython-310-x86_64-linux-gnu.so
[0.892s] -- Up-to-date: /home/csl/isaac_routing2_v2/install/switch_map_interfaces/local/lib/python3.10/dist-packages/switch_map_interfaces/switch_map_interfaces_s__rosidl_typesupport_c.cpython-310-x86_64-linux-gnu.so
[0.892s] -- Up-to-date: /home/csl/isaac_routing2_v2/install/switch_map_interfaces/lib/libswitch_map_interfaces__rosidl_generator_py.so
[0.892s] -- Up-to-date: /home/csl/isaac_routing2_v2/install/switch_map_interfaces/share/switch_map_interfaces/msg/PathPoint.idl
[0.892s] -- Up-to-date: /home/csl/isaac_routing2_v2/install/switch_map_interfaces/share/switch_map_interfaces/srv/SingleMap.idl
[0.892s] -- Up-to-date: /home/csl/isaac_routing2_v2/install/switch_map_interfaces/share/switch_map_interfaces/srv/SendGoalPose.idl
[0.892s] -- Up-to-date: /home/csl/isaac_routing2_v2/install/switch_map_interfaces/share/switch_map_interfaces/srv/GoalPath.idl
[0.892s] -- Up-to-date: /home/csl/isaac_routing2_v2/install/switch_map_interfaces/share/switch_map_interfaces/action/SendGoalPose.idl
[0.892s] -- Up-to-date: /home/csl/isaac_routing2_v2/install/switch_map_interfaces/share/switch_map_interfaces/msg/PathPoint.msg
[0.892s] -- Up-to-date: /home/csl/isaac_routing2_v2/install/switch_map_interfaces/share/switch_map_interfaces/srv/SingleMap.srv
[0.893s] -- Up-to-date: /home/csl/isaac_routing2_v2/install/switch_map_interfaces/share/switch_map_interfaces/srv/SingleMap_Request.msg
[0.893s] -- Up-to-date: /home/csl/isaac_routing2_v2/install/switch_map_interfaces/share/switch_map_interfaces/srv/SingleMap_Response.msg
[0.893s] -- Up-to-date: /home/csl/isaac_routing2_v2/install/switch_map_interfaces/share/switch_map_interfaces/srv/SendGoalPose.srv
[0.893s] -- Up-to-date: /home/csl/isaac_routing2_v2/install/switch_map_interfaces/share/switch_map_interfaces/srv/SendGoalPose_Request.msg
[0.893s] -- Up-to-date: /home/csl/isaac_routing2_v2/install/switch_map_interfaces/share/switch_map_interfaces/srv/SendGoalPose_Response.msg
[0.893s] -- Up-to-date: /home/csl/isaac_routing2_v2/install/switch_map_interfaces/share/switch_map_interfaces/srv/GoalPath.srv
[0.893s] -- Up-to-date: /home/csl/isaac_routing2_v2/install/switch_map_interfaces/share/switch_map_interfaces/srv/GoalPath_Request.msg
[0.894s] -- Up-to-date: /home/csl/isaac_routing2_v2/install/switch_map_interfaces/share/switch_map_interfaces/srv/GoalPath_Response.msg
[0.894s] -- Up-to-date: /home/csl/isaac_routing2_v2/install/switch_map_interfaces/share/switch_map_interfaces/action/SendGoalPose.action
[0.894s] -- Up-to-date: /home/csl/isaac_routing2_v2/install/switch_map_interfaces/share/ament_index/resource_index/package_run_dependencies/switch_map_interfaces
[0.894s] -- Up-to-date: /home/csl/isaac_routing2_v2/install/switch_map_interfaces/share/ament_index/resource_index/parent_prefix_path/switch_map_interfaces
[0.894s] -- Up-to-date: /home/csl/isaac_routing2_v2/install/switch_map_interfaces/share/switch_map_interfaces/environment/ament_prefix_path.sh
[0.894s] -- Up-to-date: /home/csl/isaac_routing2_v2/install/switch_map_interfaces/share/switch_map_interfaces/environment/ament_prefix_path.dsv
[0.895s] -- Up-to-date: /home/csl/isaac_routing2_v2/install/switch_map_interfaces/share/switch_map_interfaces/environment/path.sh
[0.895s] -- Up-to-date: /home/csl/isaac_routing2_v2/install/switch_map_interfaces/share/switch_map_interfaces/environment/path.dsv
[0.895s] -- Up-to-date: /home/csl/isaac_routing2_v2/install/switch_map_interfaces/share/switch_map_interfaces/local_setup.bash
[0.895s] -- Up-to-date: /home/csl/isaac_routing2_v2/install/switch_map_interfaces/share/switch_map_interfaces/local_setup.sh
[0.895s] -- Up-to-date: /home/csl/isaac_routing2_v2/install/switch_map_interfaces/share/switch_map_interfaces/local_setup.zsh
[0.895s] -- Up-to-date: /home/csl/isaac_routing2_v2/install/switch_map_interfaces/share/switch_map_interfaces/local_setup.dsv
[0.895s] -- Installing: /home/csl/isaac_routing2_v2/install/switch_map_interfaces/share/switch_map_interfaces/package.dsv
[0.895s] -- Up-to-date: /home/csl/isaac_routing2_v2/install/switch_map_interfaces/share/ament_index/resource_index/packages/switch_map_interfaces
[0.896s] -- Up-to-date: /home/csl/isaac_routing2_v2/install/switch_map_interfaces/share/switch_map_interfaces/cmake/export_switch_map_interfaces__rosidl_generator_cExport.cmake
[0.896s] -- Up-to-date: /home/csl/isaac_routing2_v2/install/switch_map_interfaces/share/switch_map_interfaces/cmake/export_switch_map_interfaces__rosidl_generator_cExport-noconfig.cmake
[0.896s] -- Up-to-date: /home/csl/isaac_routing2_v2/install/switch_map_interfaces/share/switch_map_interfaces/cmake/export_switch_map_interfaces__rosidl_typesupport_fastrtps_cExport.cmake
[0.896s] -- Up-to-date: /home/csl/isaac_routing2_v2/install/switch_map_interfaces/share/switch_map_interfaces/cmake/export_switch_map_interfaces__rosidl_typesupport_fastrtps_cExport-noconfig.cmake
[0.896s] -- Up-to-date: /home/csl/isaac_routing2_v2/install/switch_map_interfaces/share/switch_map_interfaces/cmake/switch_map_interfaces__rosidl_typesupport_introspection_cExport.cmake
[0.896s] -- Up-to-date: /home/csl/isaac_routing2_v2/install/switch_map_interfaces/share/switch_map_interfaces/cmake/switch_map_interfaces__rosidl_typesupport_introspection_cExport-noconfig.cmake
[0.896s] -- Up-to-date: /home/csl/isaac_routing2_v2/install/switch_map_interfaces/share/switch_map_interfaces/cmake/switch_map_interfaces__rosidl_typesupport_cExport.cmake
[0.896s] -- Up-to-date: /home/csl/isaac_routing2_v2/install/switch_map_interfaces/share/switch_map_interfaces/cmake/switch_map_interfaces__rosidl_typesupport_cExport-noconfig.cmake
[0.896s] -- Up-to-date: /home/csl/isaac_routing2_v2/install/switch_map_interfaces/share/switch_map_interfaces/cmake/export_switch_map_interfaces__rosidl_generator_cppExport.cmake
[0.896s] -- Up-to-date: /home/csl/isaac_routing2_v2/install/switch_map_interfaces/share/switch_map_interfaces/cmake/export_switch_map_interfaces__rosidl_typesupport_fastrtps_cppExport.cmake
[0.897s] -- Up-to-date: /home/csl/isaac_routing2_v2/install/switch_map_interfaces/share/switch_map_interfaces/cmake/export_switch_map_interfaces__rosidl_typesupport_fastrtps_cppExport-noconfig.cmake
[0.898s] -- Up-to-date: /home/csl/isaac_routing2_v2/install/switch_map_interfaces/share/switch_map_interfaces/cmake/switch_map_interfaces__rosidl_typesupport_introspection_cppExport.cmake
[0.898s] -- Up-to-date: /home/csl/isaac_routing2_v2/install/switch_map_interfaces/share/switch_map_interfaces/cmake/switch_map_interfaces__rosidl_typesupport_introspection_cppExport-noconfig.cmake
[0.898s] -- Up-to-date: /home/csl/isaac_routing2_v2/install/switch_map_interfaces/share/switch_map_interfaces/cmake/switch_map_interfaces__rosidl_typesupport_cppExport.cmake
[0.898s] -- Up-to-date: /home/csl/isaac_routing2_v2/install/switch_map_interfaces/share/switch_map_interfaces/cmake/switch_map_interfaces__rosidl_typesupport_cppExport-noconfig.cmake
[0.898s] -- Up-to-date: /home/csl/isaac_routing2_v2/install/switch_map_interfaces/share/switch_map_interfaces/cmake/export_switch_map_interfaces__rosidl_generator_pyExport.cmake
[0.898s] -- Up-to-date: /home/csl/isaac_routing2_v2/install/switch_map_interfaces/share/switch_map_interfaces/cmake/export_switch_map_interfaces__rosidl_generator_pyExport-noconfig.cmake
[0.898s] -- Up-to-date: /home/csl/isaac_routing2_v2/install/switch_map_interfaces/share/switch_map_interfaces/cmake/rosidl_cmake-extras.cmake
[0.898s] -- Up-to-date: /home/csl/isaac_routing2_v2/install/switch_map_interfaces/share/switch_map_interfaces/cmake/ament_cmake_export_dependencies-extras.cmake
[0.898s] -- Up-to-date: /home/csl/isaac_routing2_v2/install/switch_map_interfaces/share/switch_map_interfaces/cmake/ament_cmake_export_include_directories-extras.cmake
[0.898s] -- Up-to-date: /home/csl/isaac_routing2_v2/install/switch_map_interfaces/share/switch_map_interfaces/cmake/ament_cmake_export_libraries-extras.cmake
[0.899s] -- Up-to-date: /home/csl/isaac_routing2_v2/install/switch_map_interfaces/share/switch_map_interfaces/cmake/ament_cmake_export_targets-extras.cmake
[0.899s] -- Up-to-date: /home/csl/isaac_routing2_v2/install/switch_map_interfaces/share/switch_map_interfaces/cmake/rosidl_cmake_export_typesupport_targets-extras.cmake
[0.899s] -- Up-to-date: /home/csl/isaac_routing2_v2/install/switch_map_interfaces/share/switch_map_interfaces/cmake/rosidl_cmake_export_typesupport_libraries-extras.cmake
[0.899s] -- Up-to-date: /home/csl/isaac_routing2_v2/install/switch_map_interfaces/share/switch_map_interfaces/cmake/switch_map_interfacesConfig.cmake
[0.899s] -- Up-to-date: /home/csl/isaac_routing2_v2/install/switch_map_interfaces/share/switch_map_interfaces/cmake/switch_map_interfacesConfig-version.cmake
[0.899s] -- Up-to-date: /home/csl/isaac_routing2_v2/install/switch_map_interfaces/share/switch_map_interfaces/package.xml
[0.932s] Invoked command in '/home/csl/isaac_routing2_v2/build/switch_map_interfaces' returned '0': CMAKE_PREFIX_PATH=${CMAKE_PREFIX_PATH}:/home/csl/isaac_routing2_v2/install/user_tools:/home/csl/isaac_routing2_v2/install/spot_routing_nav:/home/csl/isaac_routing2_v2/install/routing_agent:/home/csl/isaac_routing2_v2/install/my_waypoint_tools:/opt/ros/humble /usr/bin/cmake --install /home/csl/isaac_routing2_v2/build/switch_map_interfaces
