[0.069s] Invoking command in '/home/csl/isaac_routing2_v2/build/go1_config': CMAKE_PREFIX_PATH=${CMAKE_PREFIX_PATH}:/home/csl/isaac_routing2_v2/install/spot_routing_nav:/home/csl/isaac_routing2_v2/install/routing_agent:/home/csl/isaac_routing2_v2/install/my_waypoint_tools:/opt/ros/humble /usr/bin/cmake --build /home/csl/isaac_routing2_v2/build/go1_config -- -j16 -l16
[0.729s] Invoked command in '/home/csl/isaac_routing2_v2/build/go1_config' returned '0': CMAKE_PREFIX_PATH=${CMAKE_PREFIX_PATH}:/home/csl/isaac_routing2_v2/install/spot_routing_nav:/home/csl/isaac_routing2_v2/install/routing_agent:/home/csl/isaac_routing2_v2/install/my_waypoint_tools:/opt/ros/humble /usr/bin/cmake --build /home/csl/isaac_routing2_v2/build/go1_config -- -j16 -l16
[0.731s] Invoking command in '/home/csl/isaac_routing2_v2/build/go1_config': CMAKE_PREFIX_PATH=${CMAKE_PREFIX_PATH}:/home/csl/isaac_routing2_v2/install/spot_routing_nav:/home/csl/isaac_routing2_v2/install/routing_agent:/home/csl/isaac_routing2_v2/install/my_waypoint_tools:/opt/ros/humble /usr/bin/cmake --install /home/csl/isaac_routing2_v2/build/go1_config
[0.793s] -- Install configuration: ""
[0.793s] -- Up-to-date: /home/csl/isaac_routing2_v2/install/go1_config/share/go1_config/launch
[0.793s] -- Up-to-date: /home/csl/isaac_routing2_v2/install/go1_config/share/go1_config/launch/slam.launch
[0.793s] -- Up-to-date: /home/csl/isaac_routing2_v2/install/go1_config/share/go1_config/launch/bringup.launch
[0.793s] -- Up-to-date: /home/csl/isaac_routing2_v2/install/go1_config/share/go1_config/launch/spawn_robot.launch
[0.793s] -- Up-to-date: /home/csl/isaac_routing2_v2/install/go1_config/share/go1_config/launch/include
[0.793s] -- Up-to-date: /home/csl/isaac_routing2_v2/install/go1_config/share/go1_config/launch/include/amcl.launch
[0.794s] -- Up-to-date: /home/csl/isaac_routing2_v2/install/go1_config/share/go1_config/launch/include/move_base.launch
[0.794s] -- Up-to-date: /home/csl/isaac_routing2_v2/install/go1_config/share/go1_config/launch/include/gmapping.launch
[0.794s] -- Up-to-date: /home/csl/isaac_routing2_v2/install/go1_config/share/go1_config/launch/bringup.launch.py
[0.794s] -- Up-to-date: /home/csl/isaac_routing2_v2/install/go1_config/share/go1_config/launch/navigate.launch.py
[0.795s] -- Up-to-date: /home/csl/isaac_routing2_v2/install/go1_config/share/go1_config/launch/gazebo.launch
[0.795s] -- Up-to-date: /home/csl/isaac_routing2_v2/install/go1_config/share/go1_config/launch/slam.launch.py
[0.795s] -- Up-to-date: /home/csl/isaac_routing2_v2/install/go1_config/share/go1_config/launch/navigate.launch
[0.796s] -- Up-to-date: /home/csl/isaac_routing2_v2/install/go1_config/share/go1_config/config
[0.796s] -- Up-to-date: /home/csl/isaac_routing2_v2/install/go1_config/share/go1_config/config/autonomy
[0.796s] -- Up-to-date: /home/csl/isaac_routing2_v2/install/go1_config/share/go1_config/config/autonomy/1f_navigation.yaml
[0.796s] -- Up-to-date: /home/csl/isaac_routing2_v2/install/go1_config/share/go1_config/config/autonomy/1f_config.yaml
[0.796s] -- Up-to-date: /home/csl/isaac_routing2_v2/install/go1_config/share/go1_config/config/autonomy/b1_navigation.yaml
[0.796s] -- Up-to-date: /home/csl/isaac_routing2_v2/install/go1_config/share/go1_config/config/autonomy/slam.yaml
[0.796s] -- Up-to-date: /home/csl/isaac_routing2_v2/install/go1_config/share/go1_config/config/joints
[0.796s] -- Up-to-date: /home/csl/isaac_routing2_v2/install/go1_config/share/go1_config/config/joints/joints.yaml
[0.796s] -- Up-to-date: /home/csl/isaac_routing2_v2/install/go1_config/share/go1_config/config/gait
[0.797s] -- Up-to-date: /home/csl/isaac_routing2_v2/install/go1_config/share/go1_config/config/gait/gait.yaml
[0.798s] -- Up-to-date: /home/csl/isaac_routing2_v2/install/go1_config/share/go1_config/config/links
[0.798s] -- Up-to-date: /home/csl/isaac_routing2_v2/install/go1_config/share/go1_config/config/links/links.yaml
[0.798s] -- Up-to-date: /home/csl/isaac_routing2_v2/install/go1_config/share/go1_config/maps
[0.800s] -- Up-to-date: /home/csl/isaac_routing2_v2/install/go1_config/share/go1_config/maps/lab_map_3d.yaml
[0.800s] -- Up-to-date: /home/csl/isaac_routing2_v2/install/go1_config/share/go1_config/maps/tsmc_1f_map.png
[0.800s] -- Up-to-date: /home/csl/isaac_routing2_v2/install/go1_config/share/go1_config/maps/tsmc_b1_map.png
[0.800s] -- Up-to-date: /home/csl/isaac_routing2_v2/install/go1_config/share/go1_config/maps/tsmc_b1_map.yaml
[0.800s] -- Up-to-date: /home/csl/isaac_routing2_v2/install/go1_config/share/go1_config/maps/backup
[0.800s] -- Up-to-date: /home/csl/isaac_routing2_v2/install/go1_config/share/go1_config/maps/backup/tsmc_1f_map_1.png
[0.801s] -- Up-to-date: /home/csl/isaac_routing2_v2/install/go1_config/share/go1_config/maps/backup/tsmc_1f_map.png
[0.801s] -- Up-to-date: /home/csl/isaac_routing2_v2/install/go1_config/share/go1_config/maps/backup/tsmc_1f.png
[0.801s] -- Up-to-date: /home/csl/isaac_routing2_v2/install/go1_config/share/go1_config/maps/tsmc_1f.png
[0.801s] -- Up-to-date: /home/csl/isaac_routing2_v2/install/go1_config/share/go1_config/maps/map.pgm
[0.801s] -- Up-to-date: /home/csl/isaac_routing2_v2/install/go1_config/share/go1_config/maps/tsmc_1f_map.yaml
[0.801s] -- Up-to-date: /home/csl/isaac_routing2_v2/install/go1_config/share/go1_config/maps/tsmc_1f_map_3d.yaml
[0.801s] -- Up-to-date: /home/csl/isaac_routing2_v2/install/go1_config/share/go1_config/maps/tsmc_b1_map_new.png
[0.801s] -- Up-to-date: /home/csl/isaac_routing2_v2/install/go1_config/share/go1_config/maps/map.yaml
[0.801s] -- Up-to-date: /home/csl/isaac_routing2_v2/install/go1_config/share/go1_config/maps/lab_map.png
[0.802s] -- Up-to-date: /home/csl/isaac_routing2_v2/install/go1_config/share/go1_config/maps/tsmc_1f_map_rotate.png
[0.802s] -- Up-to-date: /home/csl/isaac_routing2_v2/install/go1_config/share/go1_config/worlds
[0.802s] -- Up-to-date: /home/csl/isaac_routing2_v2/install/go1_config/share/go1_config/worlds/default.world
[0.802s] -- Up-to-date: /home/csl/isaac_routing2_v2/install/go1_config/share/go1_config/worlds/playground.world
[0.802s] -- Up-to-date: /home/csl/isaac_routing2_v2/install/go1_config/share/go1_config/worlds/outdoor.world
[0.802s] -- Up-to-date: /home/csl/isaac_routing2_v2/install/go1_config/share/ament_index/resource_index/package_run_dependencies/go1_config
[0.802s] -- Up-to-date: /home/csl/isaac_routing2_v2/install/go1_config/share/ament_index/resource_index/parent_prefix_path/go1_config
[0.802s] -- Up-to-date: /home/csl/isaac_routing2_v2/install/go1_config/share/go1_config/environment/ament_prefix_path.sh
[0.802s] -- Up-to-date: /home/csl/isaac_routing2_v2/install/go1_config/share/go1_config/environment/ament_prefix_path.dsv
[0.803s] -- Up-to-date: /home/csl/isaac_routing2_v2/install/go1_config/share/go1_config/environment/path.sh
[0.803s] -- Up-to-date: /home/csl/isaac_routing2_v2/install/go1_config/share/go1_config/environment/path.dsv
[0.803s] -- Up-to-date: /home/csl/isaac_routing2_v2/install/go1_config/share/go1_config/local_setup.bash
[0.804s] -- Up-to-date: /home/csl/isaac_routing2_v2/install/go1_config/share/go1_config/local_setup.sh
[0.804s] -- Up-to-date: /home/csl/isaac_routing2_v2/install/go1_config/share/go1_config/local_setup.zsh
[0.804s] -- Up-to-date: /home/csl/isaac_routing2_v2/install/go1_config/share/go1_config/local_setup.dsv
[0.804s] -- Installing: /home/csl/isaac_routing2_v2/install/go1_config/share/go1_config/package.dsv
[0.804s] -- Up-to-date: /home/csl/isaac_routing2_v2/install/go1_config/share/ament_index/resource_index/packages/go1_config
[0.804s] -- Up-to-date: /home/csl/isaac_routing2_v2/install/go1_config/share/go1_config/cmake/go1_configConfig.cmake
[0.804s] -- Up-to-date: /home/csl/isaac_routing2_v2/install/go1_config/share/go1_config/cmake/go1_configConfig-version.cmake
[0.804s] -- Up-to-date: /home/csl/isaac_routing2_v2/install/go1_config/share/go1_config/package.xml
[0.980s] Invoked command in '/home/csl/isaac_routing2_v2/build/go1_config' returned '0': CMAKE_PREFIX_PATH=${CMAKE_PREFIX_PATH}:/home/csl/isaac_routing2_v2/install/spot_routing_nav:/home/csl/isaac_routing2_v2/install/routing_agent:/home/csl/isaac_routing2_v2/install/my_waypoint_tools:/opt/ros/humble /usr/bin/cmake --install /home/csl/isaac_routing2_v2/build/go1_config
