[0.013s] Invoking command in '/home/csl/isaac_routing2_v2/build/champ_bringup': AMENT_PREFIX_PATH=/home/csl/isaac_routing2_v2/install/champ_base:/home/csl/isaac_routing2_v2/install/champ_msgs:/home/csl/isaac_routing2_v2/install/champ_description:/home/csl/isaac_routing2_v2/install/champ:${AMENT_PREFIX_PATH} CMAKE_PREFIX_PATH=/home/csl/isaac_routing2_v2/install/champ_base:/home/csl/isaac_routing2_v2/install/champ_msgs:/home/csl/isaac_routing2_v2/install/champ_description:/home/csl/isaac_routing2_v2/install/champ:/opt/ros/humble LD_LIBRARY_PATH=/home/csl/isaac_routing2_v2/install/champ_base/lib:/home/csl/isaac_routing2_v2/install/champ_msgs/lib:${LD_LIBRARY_PATH} PATH=/home/csl/isaac_routing2_v2/install/champ_base/bin:${PATH} PYTHONPATH=/home/csl/isaac_routing2_v2/install/champ_msgs/local/lib/python3.10/dist-packages:${PYTHONPATH} /usr/bin/cmake --build /home/csl/isaac_routing2_v2/build/champ_bringup -- -j16 -l16
[0.052s] Built target ament_cmake_python_copy_champ_bringup
[0.305s] running egg_info
[0.306s] writing champ_bringup.egg-info/PKG-INFO
[0.306s] writing dependency_links to champ_bringup.egg-info/dependency_links.txt
[0.306s] writing top-level names to champ_bringup.egg-info/top_level.txt
[0.310s] reading manifest file 'champ_bringup.egg-info/SOURCES.txt'
[0.310s] writing manifest file 'champ_bringup.egg-info/SOURCES.txt'
[0.351s] Built target ament_cmake_python_build_champ_bringup_egg
[0.362s] Invoked command in '/home/csl/isaac_routing2_v2/build/champ_bringup' returned '0': AMENT_PREFIX_PATH=/home/csl/isaac_routing2_v2/install/champ_base:/home/csl/isaac_routing2_v2/install/champ_msgs:/home/csl/isaac_routing2_v2/install/champ_description:/home/csl/isaac_routing2_v2/install/champ:${AMENT_PREFIX_PATH} CMAKE_PREFIX_PATH=/home/csl/isaac_routing2_v2/install/champ_base:/home/csl/isaac_routing2_v2/install/champ_msgs:/home/csl/isaac_routing2_v2/install/champ_description:/home/csl/isaac_routing2_v2/install/champ:/opt/ros/humble LD_LIBRARY_PATH=/home/csl/isaac_routing2_v2/install/champ_base/lib:/home/csl/isaac_routing2_v2/install/champ_msgs/lib:${LD_LIBRARY_PATH} PATH=/home/csl/isaac_routing2_v2/install/champ_base/bin:${PATH} PYTHONPATH=/home/csl/isaac_routing2_v2/install/champ_msgs/local/lib/python3.10/dist-packages:${PYTHONPATH} /usr/bin/cmake --build /home/csl/isaac_routing2_v2/build/champ_bringup -- -j16 -l16
[0.363s] Invoking command in '/home/csl/isaac_routing2_v2/build/champ_bringup': AMENT_PREFIX_PATH=/home/csl/isaac_routing2_v2/install/champ_base:/home/csl/isaac_routing2_v2/install/champ_msgs:/home/csl/isaac_routing2_v2/install/champ_description:/home/csl/isaac_routing2_v2/install/champ:${AMENT_PREFIX_PATH} CMAKE_PREFIX_PATH=/home/csl/isaac_routing2_v2/install/champ_base:/home/csl/isaac_routing2_v2/install/champ_msgs:/home/csl/isaac_routing2_v2/install/champ_description:/home/csl/isaac_routing2_v2/install/champ:/opt/ros/humble LD_LIBRARY_PATH=/home/csl/isaac_routing2_v2/install/champ_base/lib:/home/csl/isaac_routing2_v2/install/champ_msgs/lib:${LD_LIBRARY_PATH} PATH=/home/csl/isaac_routing2_v2/install/champ_base/bin:${PATH} PYTHONPATH=/home/csl/isaac_routing2_v2/install/champ_msgs/local/lib/python3.10/dist-packages:${PYTHONPATH} /usr/bin/cmake --install /home/csl/isaac_routing2_v2/build/champ_bringup
[0.365s] -- Install configuration: ""
[0.365s] -- Up-to-date: /home/csl/isaac_routing2_v2/install/champ_bringup/share/champ_bringup/launch
[0.366s] -- Up-to-date: /home/csl/isaac_routing2_v2/install/champ_bringup/share/champ_bringup/launch/go1bringup.launch.py
[0.366s] -- Up-to-date: /home/csl/isaac_routing2_v2/install/champ_bringup/share/champ_bringup/launch/bringup.launch.py
[0.366s] -- Up-to-date: /home/csl/isaac_routing2_v2/install/champ_bringup/share/champ_bringup/launch/spotbringup.launch.py
[0.366s] -- Up-to-date: /home/csl/isaac_routing2_v2/install/champ_bringup/share/champ_bringup/launch/joints_gui.launch.py
[0.366s] -- Up-to-date: /home/csl/isaac_routing2_v2/install/champ_bringup/share/champ_bringup/environment/pythonpath.sh
[0.366s] -- Up-to-date: /home/csl/isaac_routing2_v2/install/champ_bringup/share/champ_bringup/environment/pythonpath.dsv
[0.366s] -- Up-to-date: /home/csl/isaac_routing2_v2/install/champ_bringup/local/lib/python3.10/dist-packages/champ_bringup-0.1.0-py3.10.egg-info
[0.366s] -- Installing: /home/csl/isaac_routing2_v2/install/champ_bringup/local/lib/python3.10/dist-packages/champ_bringup-0.1.0-py3.10.egg-info/SOURCES.txt
[0.366s] -- Installing: /home/csl/isaac_routing2_v2/install/champ_bringup/local/lib/python3.10/dist-packages/champ_bringup-0.1.0-py3.10.egg-info/dependency_links.txt
[0.366s] -- Installing: /home/csl/isaac_routing2_v2/install/champ_bringup/local/lib/python3.10/dist-packages/champ_bringup-0.1.0-py3.10.egg-info/PKG-INFO
[0.367s] -- Installing: /home/csl/isaac_routing2_v2/install/champ_bringup/local/lib/python3.10/dist-packages/champ_bringup-0.1.0-py3.10.egg-info/top_level.txt
[0.367s] -- Up-to-date: /home/csl/isaac_routing2_v2/install/champ_bringup/local/lib/python3.10/dist-packages/champ_bringup
[0.367s] -- Up-to-date: /home/csl/isaac_routing2_v2/install/champ_bringup/local/lib/python3.10/dist-packages/champ_bringup/__init__.py
[0.367s] -- Up-to-date: /home/csl/isaac_routing2_v2/install/champ_bringup/local/lib/python3.10/dist-packages/champ_bringup/joint_calibrator_relay.py
[0.402s] Listing '/home/csl/isaac_routing2_v2/install/champ_bringup/local/lib/python3.10/dist-packages/champ_bringup'...
[0.408s] -- Up-to-date: /home/csl/isaac_routing2_v2/install/champ_bringup/lib/champ_bringup/joint_calibrator_relay.py
[0.408s] -- Up-to-date: /home/csl/isaac_routing2_v2/install/champ_bringup/share/ament_index/resource_index/package_run_dependencies/champ_bringup
[0.408s] -- Up-to-date: /home/csl/isaac_routing2_v2/install/champ_bringup/share/ament_index/resource_index/parent_prefix_path/champ_bringup
[0.408s] -- Up-to-date: /home/csl/isaac_routing2_v2/install/champ_bringup/share/champ_bringup/environment/ament_prefix_path.sh
[0.409s] -- Up-to-date: /home/csl/isaac_routing2_v2/install/champ_bringup/share/champ_bringup/environment/ament_prefix_path.dsv
[0.409s] -- Up-to-date: /home/csl/isaac_routing2_v2/install/champ_bringup/share/champ_bringup/environment/path.sh
[0.409s] -- Up-to-date: /home/csl/isaac_routing2_v2/install/champ_bringup/share/champ_bringup/environment/path.dsv
[0.409s] -- Up-to-date: /home/csl/isaac_routing2_v2/install/champ_bringup/share/champ_bringup/local_setup.bash
[0.409s] -- Up-to-date: /home/csl/isaac_routing2_v2/install/champ_bringup/share/champ_bringup/local_setup.sh
[0.409s] -- Up-to-date: /home/csl/isaac_routing2_v2/install/champ_bringup/share/champ_bringup/local_setup.zsh
[0.409s] -- Up-to-date: /home/csl/isaac_routing2_v2/install/champ_bringup/share/champ_bringup/local_setup.dsv
[0.409s] -- Installing: /home/csl/isaac_routing2_v2/install/champ_bringup/share/champ_bringup/package.dsv
[0.409s] -- Up-to-date: /home/csl/isaac_routing2_v2/install/champ_bringup/share/ament_index/resource_index/packages/champ_bringup
[0.409s] -- Up-to-date: /home/csl/isaac_routing2_v2/install/champ_bringup/share/champ_bringup/cmake/champ_bringupConfig.cmake
[0.410s] -- Up-to-date: /home/csl/isaac_routing2_v2/install/champ_bringup/share/champ_bringup/cmake/champ_bringupConfig-version.cmake
[0.410s] -- Up-to-date: /home/csl/isaac_routing2_v2/install/champ_bringup/share/champ_bringup/package.xml
[0.411s] Invoked command in '/home/csl/isaac_routing2_v2/build/champ_bringup' returned '0': AMENT_PREFIX_PATH=/home/csl/isaac_routing2_v2/install/champ_base:/home/csl/isaac_routing2_v2/install/champ_msgs:/home/csl/isaac_routing2_v2/install/champ_description:/home/csl/isaac_routing2_v2/install/champ:${AMENT_PREFIX_PATH} CMAKE_PREFIX_PATH=/home/csl/isaac_routing2_v2/install/champ_base:/home/csl/isaac_routing2_v2/install/champ_msgs:/home/csl/isaac_routing2_v2/install/champ_description:/home/csl/isaac_routing2_v2/install/champ:/opt/ros/humble LD_LIBRARY_PATH=/home/csl/isaac_routing2_v2/install/champ_base/lib:/home/csl/isaac_routing2_v2/install/champ_msgs/lib:${LD_LIBRARY_PATH} PATH=/home/csl/isaac_routing2_v2/install/champ_base/bin:${PATH} PYTHONPATH=/home/csl/isaac_routing2_v2/install/champ_msgs/local/lib/python3.10/dist-packages:${PYTHONPATH} /usr/bin/cmake --install /home/csl/isaac_routing2_v2/build/champ_bringup
