[0.069s] Invoking command in '/home/csl/isaac_routing2_v2/build/champ_navigation': CMAKE_PREFIX_PATH=${CMAKE_PREFIX_PATH}:/home/csl/isaac_routing2_v2/install/user_tools:/home/csl/isaac_routing2_v2/install/spot_routing_nav:/home/csl/isaac_routing2_v2/install/routing_agent:/home/csl/isaac_routing2_v2/install/my_waypoint_tools:/opt/ros/humble /usr/bin/cmake --build /home/csl/isaac_routing2_v2/build/champ_navigation -- -j16 -l16
[0.681s] Invoked command in '/home/csl/isaac_routing2_v2/build/champ_navigation' returned '0': CMAKE_PREFIX_PATH=${CMAKE_PREFIX_PATH}:/home/csl/isaac_routing2_v2/install/user_tools:/home/csl/isaac_routing2_v2/install/spot_routing_nav:/home/csl/isaac_routing2_v2/install/routing_agent:/home/csl/isaac_routing2_v2/install/my_waypoint_tools:/opt/ros/humble /usr/bin/cmake --build /home/csl/isaac_routing2_v2/build/champ_navigation -- -j16 -l16
[0.683s] Invoking command in '/home/csl/isaac_routing2_v2/build/champ_navigation': CMAKE_PREFIX_PATH=${CMAKE_PREFIX_PATH}:/home/csl/isaac_routing2_v2/install/user_tools:/home/csl/isaac_routing2_v2/install/spot_routing_nav:/home/csl/isaac_routing2_v2/install/routing_agent:/home/csl/isaac_routing2_v2/install/my_waypoint_tools:/opt/ros/humble /usr/bin/cmake --install /home/csl/isaac_routing2_v2/build/champ_navigation
[0.718s] -- Install configuration: ""
[0.718s] -- Up-to-date: /home/csl/isaac_routing2_v2/install/champ_navigation/share/champ_navigation/launch
[0.718s] -- Up-to-date: /home/csl/isaac_routing2_v2/install/champ_navigation/share/champ_navigation/launch/navigate.launch.py
[0.718s] -- Up-to-date: /home/csl/isaac_routing2_v2/install/champ_navigation/share/champ_navigation/launch/slam.launch.py
[0.719s] -- Up-to-date: /home/csl/isaac_routing2_v2/install/champ_navigation/share/champ_navigation/rviz
[0.719s] -- Up-to-date: /home/csl/isaac_routing2_v2/install/champ_navigation/share/champ_navigation/rviz/go2_navigation.rviz
[0.719s] -- Up-to-date: /home/csl/isaac_routing2_v2/install/champ_navigation/share/champ_navigation/rviz/navigation_minimal.rviz
[0.719s] -- Up-to-date: /home/csl/isaac_routing2_v2/install/champ_navigation/share/champ_navigation/rviz/navigation.rviz
[0.719s] -- Up-to-date: /home/csl/isaac_routing2_v2/install/champ_navigation/share/champ_navigation/rviz/spot_navigation.rviz
[0.719s] -- Up-to-date: /home/csl/isaac_routing2_v2/install/champ_navigation/share/champ_navigation/rviz/slam.rviz
[0.719s] -- Up-to-date: /home/csl/isaac_routing2_v2/install/champ_navigation/share/ament_index/resource_index/package_run_dependencies/champ_navigation
[0.720s] -- Up-to-date: /home/csl/isaac_routing2_v2/install/champ_navigation/share/ament_index/resource_index/parent_prefix_path/champ_navigation
[0.720s] -- Up-to-date: /home/csl/isaac_routing2_v2/install/champ_navigation/share/champ_navigation/environment/ament_prefix_path.sh
[0.720s] -- Up-to-date: /home/csl/isaac_routing2_v2/install/champ_navigation/share/champ_navigation/environment/ament_prefix_path.dsv
[0.720s] -- Up-to-date: /home/csl/isaac_routing2_v2/install/champ_navigation/share/champ_navigation/environment/path.sh
[0.720s] -- Up-to-date: /home/csl/isaac_routing2_v2/install/champ_navigation/share/champ_navigation/environment/path.dsv
[0.720s] -- Up-to-date: /home/csl/isaac_routing2_v2/install/champ_navigation/share/champ_navigation/local_setup.bash
[0.721s] -- Up-to-date: /home/csl/isaac_routing2_v2/install/champ_navigation/share/champ_navigation/local_setup.sh
[0.723s] -- Up-to-date: /home/csl/isaac_routing2_v2/install/champ_navigation/share/champ_navigation/local_setup.zsh
[0.723s] -- Up-to-date: /home/csl/isaac_routing2_v2/install/champ_navigation/share/champ_navigation/local_setup.dsv
[0.723s] -- Installing: /home/csl/isaac_routing2_v2/install/champ_navigation/share/champ_navigation/package.dsv
[0.723s] -- Up-to-date: /home/csl/isaac_routing2_v2/install/champ_navigation/share/ament_index/resource_index/packages/champ_navigation
[0.723s] -- Up-to-date: /home/csl/isaac_routing2_v2/install/champ_navigation/share/champ_navigation/cmake/champ_navigationConfig.cmake
[0.723s] -- Up-to-date: /home/csl/isaac_routing2_v2/install/champ_navigation/share/champ_navigation/cmake/champ_navigationConfig-version.cmake
[0.723s] -- Up-to-date: /home/csl/isaac_routing2_v2/install/champ_navigation/share/champ_navigation/package.xml
[0.832s] Invoked command in '/home/csl/isaac_routing2_v2/build/champ_navigation' returned '0': CMAKE_PREFIX_PATH=${CMAKE_PREFIX_PATH}:/home/csl/isaac_routing2_v2/install/user_tools:/home/csl/isaac_routing2_v2/install/spot_routing_nav:/home/csl/isaac_routing2_v2/install/routing_agent:/home/csl/isaac_routing2_v2/install/my_waypoint_tools:/opt/ros/humble /usr/bin/cmake --install /home/csl/isaac_routing2_v2/build/champ_navigation
