[0.114s] Invoking command in '/home/csl/isaac_routing2_v2/build/go1_config': CMAKE_PREFIX_PATH=${CMAKE_PREFIX_PATH}:/home/csl/isaac_routing2_v2/install/user_tools:/home/csl/isaac_routing2_v2/install/spot_routing_nav:/home/csl/isaac_routing2_v2/install/routing_agent:/home/csl/isaac_routing2_v2/install/my_waypoint_tools:/opt/ros/humble /usr/bin/cmake --build /home/csl/isaac_routing2_v2/build/go1_config -- -j16 -l16
[1.018s] Invoked command in '/home/csl/isaac_routing2_v2/build/go1_config' returned '0': CMAKE_PREFIX_PATH=${CMAKE_PREFIX_PATH}:/home/csl/isaac_routing2_v2/install/user_tools:/home/csl/isaac_routing2_v2/install/spot_routing_nav:/home/csl/isaac_routing2_v2/install/routing_agent:/home/csl/isaac_routing2_v2/install/my_waypoint_tools:/opt/ros/humble /usr/bin/cmake --build /home/csl/isaac_routing2_v2/build/go1_config -- -j16 -l16
[1.020s] Invoking command in '/home/csl/isaac_routing2_v2/build/go1_config': CMAKE_PREFIX_PATH=${CMAKE_PREFIX_PATH}:/home/csl/isaac_routing2_v2/install/user_tools:/home/csl/isaac_routing2_v2/install/spot_routing_nav:/home/csl/isaac_routing2_v2/install/routing_agent:/home/csl/isaac_routing2_v2/install/my_waypoint_tools:/opt/ros/humble /usr/bin/cmake --install /home/csl/isaac_routing2_v2/build/go1_config
[1.097s] -- Install configuration: ""
[1.097s] -- Up-to-date: /home/csl/isaac_routing2_v2/install/go1_config/share/go1_config/launch
[1.097s] -- Up-to-date: /home/csl/isaac_routing2_v2/install/go1_config/share/go1_config/launch/slam.launch
[1.097s] -- Up-to-date: /home/csl/isaac_routing2_v2/install/go1_config/share/go1_config/launch/bringup.launch
[1.097s] -- Up-to-date: /home/csl/isaac_routing2_v2/install/go1_config/share/go1_config/launch/spawn_robot.launch
[1.097s] -- Up-to-date: /home/csl/isaac_routing2_v2/install/go1_config/share/go1_config/launch/include
[1.098s] -- Up-to-date: /home/csl/isaac_routing2_v2/install/go1_config/share/go1_config/launch/include/amcl.launch
[1.098s] -- Up-to-date: /home/csl/isaac_routing2_v2/install/go1_config/share/go1_config/launch/include/move_base.launch
[1.098s] -- Up-to-date: /home/csl/isaac_routing2_v2/install/go1_config/share/go1_config/launch/include/gmapping.launch
[1.098s] -- Up-to-date: /home/csl/isaac_routing2_v2/install/go1_config/share/go1_config/launch/bringup.launch.py
[1.098s] -- Up-to-date: /home/csl/isaac_routing2_v2/install/go1_config/share/go1_config/launch/navigate.launch.py
[1.098s] -- Up-to-date: /home/csl/isaac_routing2_v2/install/go1_config/share/go1_config/launch/gazebo.launch
[1.098s] -- Up-to-date: /home/csl/isaac_routing2_v2/install/go1_config/share/go1_config/launch/slam.launch.py
[1.098s] -- Up-to-date: /home/csl/isaac_routing2_v2/install/go1_config/share/go1_config/launch/navigate.launch
[1.099s] -- Up-to-date: /home/csl/isaac_routing2_v2/install/go1_config/share/go1_config/config
[1.099s] -- Up-to-date: /home/csl/isaac_routing2_v2/install/go1_config/share/go1_config/config/autonomy
[1.099s] -- Up-to-date: /home/csl/isaac_routing2_v2/install/go1_config/share/go1_config/config/autonomy/1f_navigation.yaml
[1.099s] -- Up-to-date: /home/csl/isaac_routing2_v2/install/go1_config/share/go1_config/config/autonomy/1f_config.yaml
[1.099s] -- Up-to-date: /home/csl/isaac_routing2_v2/install/go1_config/share/go1_config/config/autonomy/b1_navigation.yaml
[1.099s] -- Up-to-date: /home/csl/isaac_routing2_v2/install/go1_config/share/go1_config/config/autonomy/slam.yaml
[1.099s] -- Up-to-date: /home/csl/isaac_routing2_v2/install/go1_config/share/go1_config/config/joints
[1.099s] -- Up-to-date: /home/csl/isaac_routing2_v2/install/go1_config/share/go1_config/config/joints/joints.yaml
[1.099s] -- Up-to-date: /home/csl/isaac_routing2_v2/install/go1_config/share/go1_config/config/gait
[1.099s] -- Up-to-date: /home/csl/isaac_routing2_v2/install/go1_config/share/go1_config/config/gait/gait.yaml
[1.099s] -- Up-to-date: /home/csl/isaac_routing2_v2/install/go1_config/share/go1_config/config/links
[1.099s] -- Up-to-date: /home/csl/isaac_routing2_v2/install/go1_config/share/go1_config/config/links/links.yaml
[1.099s] -- Up-to-date: /home/csl/isaac_routing2_v2/install/go1_config/share/go1_config/maps
[1.099s] -- Up-to-date: /home/csl/isaac_routing2_v2/install/go1_config/share/go1_config/maps/lab_map_3d.yaml
[1.100s] -- Up-to-date: /home/csl/isaac_routing2_v2/install/go1_config/share/go1_config/maps/tsmc_1f_map.png
[1.100s] -- Up-to-date: /home/csl/isaac_routing2_v2/install/go1_config/share/go1_config/maps/tsmc_b1_map.png
[1.100s] -- Up-to-date: /home/csl/isaac_routing2_v2/install/go1_config/share/go1_config/maps/tsmc_b1_map.yaml
[1.100s] -- Up-to-date: /home/csl/isaac_routing2_v2/install/go1_config/share/go1_config/maps/backup
[1.100s] -- Up-to-date: /home/csl/isaac_routing2_v2/install/go1_config/share/go1_config/maps/backup/tsmc_1f_map_1.png
[1.101s] -- Up-to-date: /home/csl/isaac_routing2_v2/install/go1_config/share/go1_config/maps/backup/tsmc_1f_map.png
[1.101s] -- Up-to-date: /home/csl/isaac_routing2_v2/install/go1_config/share/go1_config/maps/backup/tsmc_1f.png
[1.102s] -- Up-to-date: /home/csl/isaac_routing2_v2/install/go1_config/share/go1_config/maps/tsmc_1f.png
[1.102s] -- Up-to-date: /home/csl/isaac_routing2_v2/install/go1_config/share/go1_config/maps/map.pgm
[1.102s] -- Up-to-date: /home/csl/isaac_routing2_v2/install/go1_config/share/go1_config/maps/tsmc_1f_map.yaml
[1.102s] -- Up-to-date: /home/csl/isaac_routing2_v2/install/go1_config/share/go1_config/maps/tsmc_1f_map_3d.yaml
[1.102s] -- Up-to-date: /home/csl/isaac_routing2_v2/install/go1_config/share/go1_config/maps/tsmc_b1_map_new.png
[1.103s] -- Up-to-date: /home/csl/isaac_routing2_v2/install/go1_config/share/go1_config/maps/map.yaml
[1.104s] -- Up-to-date: /home/csl/isaac_routing2_v2/install/go1_config/share/go1_config/maps/lab_map.png
[1.104s] -- Up-to-date: /home/csl/isaac_routing2_v2/install/go1_config/share/go1_config/maps/tsmc_1f_map_rotate.png
[1.104s] -- Up-to-date: /home/csl/isaac_routing2_v2/install/go1_config/share/go1_config/worlds
[1.104s] -- Up-to-date: /home/csl/isaac_routing2_v2/install/go1_config/share/go1_config/worlds/default.world
[1.104s] -- Up-to-date: /home/csl/isaac_routing2_v2/install/go1_config/share/go1_config/worlds/playground.world
[1.104s] -- Up-to-date: /home/csl/isaac_routing2_v2/install/go1_config/share/go1_config/worlds/outdoor.world
[1.105s] -- Up-to-date: /home/csl/isaac_routing2_v2/install/go1_config/share/ament_index/resource_index/package_run_dependencies/go1_config
[1.106s] -- Up-to-date: /home/csl/isaac_routing2_v2/install/go1_config/share/ament_index/resource_index/parent_prefix_path/go1_config
[1.106s] -- Up-to-date: /home/csl/isaac_routing2_v2/install/go1_config/share/go1_config/environment/ament_prefix_path.sh
[1.107s] -- Up-to-date: /home/csl/isaac_routing2_v2/install/go1_config/share/go1_config/environment/ament_prefix_path.dsv
[1.107s] -- Up-to-date: /home/csl/isaac_routing2_v2/install/go1_config/share/go1_config/environment/path.sh
[1.107s] -- Up-to-date: /home/csl/isaac_routing2_v2/install/go1_config/share/go1_config/environment/path.dsv
[1.107s] -- Up-to-date: /home/csl/isaac_routing2_v2/install/go1_config/share/go1_config/local_setup.bash
[1.107s] -- Up-to-date: /home/csl/isaac_routing2_v2/install/go1_config/share/go1_config/local_setup.sh
[1.107s] -- Up-to-date: /home/csl/isaac_routing2_v2/install/go1_config/share/go1_config/local_setup.zsh
[1.107s] -- Up-to-date: /home/csl/isaac_routing2_v2/install/go1_config/share/go1_config/local_setup.dsv
[1.107s] -- Installing: /home/csl/isaac_routing2_v2/install/go1_config/share/go1_config/package.dsv
[1.108s] -- Up-to-date: /home/csl/isaac_routing2_v2/install/go1_config/share/ament_index/resource_index/packages/go1_config
[1.108s] -- Up-to-date: /home/csl/isaac_routing2_v2/install/go1_config/share/go1_config/cmake/go1_configConfig.cmake
[1.108s] -- Up-to-date: /home/csl/isaac_routing2_v2/install/go1_config/share/go1_config/cmake/go1_configConfig-version.cmake
[1.108s] -- Up-to-date: /home/csl/isaac_routing2_v2/install/go1_config/share/go1_config/package.xml
[1.307s] Invoked command in '/home/csl/isaac_routing2_v2/build/go1_config' returned '0': CMAKE_PREFIX_PATH=${CMAKE_PREFIX_PATH}:/home/csl/isaac_routing2_v2/install/user_tools:/home/csl/isaac_routing2_v2/install/spot_routing_nav:/home/csl/isaac_routing2_v2/install/routing_agent:/home/csl/isaac_routing2_v2/install/my_waypoint_tools:/opt/ros/humble /usr/bin/cmake --install /home/csl/isaac_routing2_v2/build/go1_config
