[0.114s] Invoking command in '/home/csl/isaac_routing2_v2/build/champ_teleop': CMAKE_PREFIX_PATH=${CMAKE_PREFIX_PATH}:/home/csl/isaac_routing2_v2/install/user_tools:/home/csl/isaac_routing2_v2/install/spot_routing_nav:/home/csl/isaac_routing2_v2/install/routing_agent:/home/csl/isaac_routing2_v2/install/my_waypoint_tools:/opt/ros/humble /usr/bin/cmake --build /home/csl/isaac_routing2_v2/build/champ_teleop -- -j16 -l16
[1.013s] Invoked command in '/home/csl/isaac_routing2_v2/build/champ_teleop' returned '0': CMAKE_PREFIX_PATH=${CMAKE_PREFIX_PATH}:/home/csl/isaac_routing2_v2/install/user_tools:/home/csl/isaac_routing2_v2/install/spot_routing_nav:/home/csl/isaac_routing2_v2/install/routing_agent:/home/csl/isaac_routing2_v2/install/my_waypoint_tools:/opt/ros/humble /usr/bin/cmake --build /home/csl/isaac_routing2_v2/build/champ_teleop -- -j16 -l16
[1.016s] Invoking command in '/home/csl/isaac_routing2_v2/build/champ_teleop': CMAKE_PREFIX_PATH=${CMAKE_PREFIX_PATH}:/home/csl/isaac_routing2_v2/install/user_tools:/home/csl/isaac_routing2_v2/install/spot_routing_nav:/home/csl/isaac_routing2_v2/install/routing_agent:/home/csl/isaac_routing2_v2/install/my_waypoint_tools:/opt/ros/humble /usr/bin/cmake --install /home/csl/isaac_routing2_v2/build/champ_teleop
[1.068s] -- Install configuration: ""
[1.071s] -- Up-to-date: /home/csl/isaac_routing2_v2/install/champ_teleop/share/champ_teleop/launch
[1.072s] -- Up-to-date: /home/csl/isaac_routing2_v2/install/champ_teleop/share/champ_teleop/launch/teleop.launch.py
[1.075s] -- Up-to-date: /home/csl/isaac_routing2_v2/install/champ_teleop/lib/champ_teleop/champ_teleop.py
[1.075s] -- Up-to-date: /home/csl/isaac_routing2_v2/install/champ_teleop/share/ament_index/resource_index/package_run_dependencies/champ_teleop
[1.076s] -- Up-to-date: /home/csl/isaac_routing2_v2/install/champ_teleop/share/ament_index/resource_index/parent_prefix_path/champ_teleop
[1.077s] -- Up-to-date: /home/csl/isaac_routing2_v2/install/champ_teleop/share/champ_teleop/environment/ament_prefix_path.sh
[1.078s] -- Up-to-date: /home/csl/isaac_routing2_v2/install/champ_teleop/share/champ_teleop/environment/ament_prefix_path.dsv
[1.078s] -- Up-to-date: /home/csl/isaac_routing2_v2/install/champ_teleop/share/champ_teleop/environment/path.sh
[1.078s] -- Up-to-date: /home/csl/isaac_routing2_v2/install/champ_teleop/share/champ_teleop/environment/path.dsv
[1.078s] -- Up-to-date: /home/csl/isaac_routing2_v2/install/champ_teleop/share/champ_teleop/local_setup.bash
[1.081s] -- Up-to-date: /home/csl/isaac_routing2_v2/install/champ_teleop/share/champ_teleop/local_setup.sh
[1.081s] -- Up-to-date: /home/csl/isaac_routing2_v2/install/champ_teleop/share/champ_teleop/local_setup.zsh
[1.081s] -- Up-to-date: /home/csl/isaac_routing2_v2/install/champ_teleop/share/champ_teleop/local_setup.dsv
[1.082s] -- Installing: /home/csl/isaac_routing2_v2/install/champ_teleop/share/champ_teleop/package.dsv
[1.082s] -- Up-to-date: /home/csl/isaac_routing2_v2/install/champ_teleop/share/ament_index/resource_index/packages/champ_teleop
[1.082s] -- Up-to-date: /home/csl/isaac_routing2_v2/install/champ_teleop/share/champ_teleop/cmake/champ_teleopConfig.cmake
[1.082s] -- Up-to-date: /home/csl/isaac_routing2_v2/install/champ_teleop/share/champ_teleop/cmake/champ_teleopConfig-version.cmake
[1.082s] -- Up-to-date: /home/csl/isaac_routing2_v2/install/champ_teleop/share/champ_teleop/package.xml
[1.307s] Invoked command in '/home/csl/isaac_routing2_v2/build/champ_teleop' returned '0': CMAKE_PREFIX_PATH=${CMAKE_PREFIX_PATH}:/home/csl/isaac_routing2_v2/install/user_tools:/home/csl/isaac_routing2_v2/install/spot_routing_nav:/home/csl/isaac_routing2_v2/install/routing_agent:/home/csl/isaac_routing2_v2/install/my_waypoint_tools:/opt/ros/humble /usr/bin/cmake --install /home/csl/isaac_routing2_v2/build/champ_teleop
