[0.046s] Invoking command in '/home/csl/isaac_routing2_v2/build/champ_description': CMAKE_PREFIX_PATH=/opt/ros/humble /usr/bin/cmake --build /home/csl/isaac_routing2_v2/build/champ_description -- -j16 -l16
[0.566s] Invoked command in '/home/csl/isaac_routing2_v2/build/champ_description' returned '0': CMAKE_PREFIX_PATH=/opt/ros/humble /usr/bin/cmake --build /home/csl/isaac_routing2_v2/build/champ_description -- -j16 -l16
[0.570s] Invoking command in '/home/csl/isaac_routing2_v2/build/champ_description': CMAKE_PREFIX_PATH=/opt/ros/humble /usr/bin/cmake --install /home/csl/isaac_routing2_v2/build/champ_description
[0.593s] -- Install configuration: ""
[0.594s] -- Up-to-date: /home/csl/isaac_routing2_v2/install/champ_description/share/champ_description/launch
[0.594s] -- Up-to-date: /home/csl/isaac_routing2_v2/install/champ_description/share/champ_description/launch/view_urdf.launch
[0.595s] -- Up-to-date: /home/csl/isaac_routing2_v2/install/champ_description/share/champ_description/launch/description.launch.py
[0.595s] -- Up-to-date: /home/csl/isaac_routing2_v2/install/champ_description/share/champ_description/launch/description.launch
[0.595s] -- Up-to-date: /home/csl/isaac_routing2_v2/install/champ_description/share/champ_description/rviz
[0.595s] -- Up-to-date: /home/csl/isaac_routing2_v2/install/champ_description/share/champ_description/rviz/urdf_viewer.rviz
[0.595s] -- Up-to-date: /home/csl/isaac_routing2_v2/install/champ_description/share/champ_description/meshes
[0.595s] -- Up-to-date: /home/csl/isaac_routing2_v2/install/champ_description/share/champ_description/meshes/asus_camera_simple.dae
[0.596s] -- Up-to-date: /home/csl/isaac_routing2_v2/install/champ_description/share/champ_description/meshes/hokuyo_utm_30lx.dae
[0.596s] -- Up-to-date: /home/csl/isaac_routing2_v2/install/champ_description/share/champ_description/meshes/upper_leg_simple.stl
[0.596s] -- Up-to-date: /home/csl/isaac_routing2_v2/install/champ_description/share/champ_description/meshes/base.stl
[0.596s] -- Up-to-date: /home/csl/isaac_routing2_v2/install/champ_description/share/champ_description/meshes/hip.stl
[0.596s] -- Up-to-date: /home/csl/isaac_routing2_v2/install/champ_description/share/champ_description/meshes/lower_leg_simple.stl
[0.596s] -- Up-to-date: /home/csl/isaac_routing2_v2/install/champ_description/share/champ_description/meshes/arm
[0.596s] -- Up-to-date: /home/csl/isaac_routing2_v2/install/champ_description/share/champ_description/meshes/arm/lower_arm.stl
[0.596s] -- Up-to-date: /home/csl/isaac_routing2_v2/install/champ_description/share/champ_description/meshes/arm/base.stl
[0.596s] -- Up-to-date: /home/csl/isaac_routing2_v2/install/champ_description/share/champ_description/meshes/arm/wrist1.stl
[0.597s] -- Up-to-date: /home/csl/isaac_routing2_v2/install/champ_description/share/champ_description/meshes/arm/wrist2.stl
[0.597s] -- Up-to-date: /home/csl/isaac_routing2_v2/install/champ_description/share/champ_description/meshes/arm/upper_arm.stl
[0.597s] -- Up-to-date: /home/csl/isaac_routing2_v2/install/champ_description/share/champ_description/meshes/upper_leg.stl
[0.597s] -- Up-to-date: /home/csl/isaac_routing2_v2/install/champ_description/share/champ_description/meshes/base_simple.stl
[0.597s] -- Up-to-date: /home/csl/isaac_routing2_v2/install/champ_description/share/champ_description/meshes/lower_leg.stl
[0.597s] -- Up-to-date: /home/csl/isaac_routing2_v2/install/champ_description/share/champ_description/urdf
[0.600s] -- Up-to-date: /home/csl/isaac_routing2_v2/install/champ_description/share/champ_description/urdf/champ_arm.urdf
[0.600s] -- Up-to-date: /home/csl/isaac_routing2_v2/install/champ_description/share/champ_description/urdf/accessories.urdf.xacro
[0.601s] -- Up-to-date: /home/csl/isaac_routing2_v2/install/champ_description/share/champ_description/urdf/leg.urdf.xacro
[0.601s] -- Up-to-date: /home/csl/isaac_routing2_v2/install/champ_description/share/champ_description/urdf/champ.urdf
[0.601s] -- Up-to-date: /home/csl/isaac_routing2_v2/install/champ_description/share/champ_description/urdf/champ.urdf.xacro
[0.601s] -- Up-to-date: /home/csl/isaac_routing2_v2/install/champ_description/share/champ_description/urdf/properties.urdf.xacro
[0.601s] -- Up-to-date: /home/csl/isaac_routing2_v2/install/champ_description/share/champ_description/urdf/hokuyo_utm30lx.urdf.xacro
[0.601s] -- Up-to-date: /home/csl/isaac_routing2_v2/install/champ_description/share/champ_description/urdf/gen_urdf
[0.601s] -- Up-to-date: /home/csl/isaac_routing2_v2/install/champ_description/share/champ_description/urdf/champ_velodyne.urdf
[0.602s] -- Up-to-date: /home/csl/isaac_routing2_v2/install/champ_description/share/champ_description/urdf/asus_camera.urdf.xacro
[0.602s] -- Up-to-date: /home/csl/isaac_routing2_v2/install/champ_description/share/ament_index/resource_index/package_run_dependencies/champ_description
[0.602s] -- Up-to-date: /home/csl/isaac_routing2_v2/install/champ_description/share/ament_index/resource_index/parent_prefix_path/champ_description
[0.602s] -- Up-to-date: /home/csl/isaac_routing2_v2/install/champ_description/share/champ_description/environment/ament_prefix_path.sh
[0.602s] -- Up-to-date: /home/csl/isaac_routing2_v2/install/champ_description/share/champ_description/environment/ament_prefix_path.dsv
[0.602s] -- Up-to-date: /home/csl/isaac_routing2_v2/install/champ_description/share/champ_description/environment/path.sh
[0.602s] -- Up-to-date: /home/csl/isaac_routing2_v2/install/champ_description/share/champ_description/environment/path.dsv
[0.602s] -- Up-to-date: /home/csl/isaac_routing2_v2/install/champ_description/share/champ_description/local_setup.bash
[0.602s] -- Up-to-date: /home/csl/isaac_routing2_v2/install/champ_description/share/champ_description/local_setup.sh
[0.602s] -- Up-to-date: /home/csl/isaac_routing2_v2/install/champ_description/share/champ_description/local_setup.zsh
[0.603s] -- Up-to-date: /home/csl/isaac_routing2_v2/install/champ_description/share/champ_description/local_setup.dsv
[0.603s] -- Installing: /home/csl/isaac_routing2_v2/install/champ_description/share/champ_description/package.dsv
[0.603s] -- Up-to-date: /home/csl/isaac_routing2_v2/install/champ_description/share/ament_index/resource_index/packages/champ_description
[0.603s] -- Up-to-date: /home/csl/isaac_routing2_v2/install/champ_description/share/champ_description/cmake/champ_descriptionConfig.cmake
[0.603s] -- Up-to-date: /home/csl/isaac_routing2_v2/install/champ_description/share/champ_description/cmake/champ_descriptionConfig-version.cmake
[0.603s] -- Up-to-date: /home/csl/isaac_routing2_v2/install/champ_description/share/champ_description/package.xml
[0.666s] Invoked command in '/home/csl/isaac_routing2_v2/build/champ_description' returned '0': CMAKE_PREFIX_PATH=/opt/ros/humble /usr/bin/cmake --install /home/csl/isaac_routing2_v2/build/champ_description
