[0.113s] Invoking command in '/home/csl/isaac_routing2_v2/build/go2_description': CMAKE_PREFIX_PATH=${CMAKE_PREFIX_PATH}:/home/csl/isaac_routing2_v2/install/user_tools:/home/csl/isaac_routing2_v2/install/spot_routing_nav:/home/csl/isaac_routing2_v2/install/routing_agent:/home/csl/isaac_routing2_v2/install/my_waypoint_tools:/opt/ros/humble /usr/bin/cmake --build /home/csl/isaac_routing2_v2/build/go2_description -- -j16 -l16
[1.002s] Invoked command in '/home/csl/isaac_routing2_v2/build/go2_description' returned '0': CMAKE_PREFIX_PATH=${CMAKE_PREFIX_PATH}:/home/csl/isaac_routing2_v2/install/user_tools:/home/csl/isaac_routing2_v2/install/spot_routing_nav:/home/csl/isaac_routing2_v2/install/routing_agent:/home/csl/isaac_routing2_v2/install/my_waypoint_tools:/opt/ros/humble /usr/bin/cmake --build /home/csl/isaac_routing2_v2/build/go2_description -- -j16 -l16
[1.003s] Invoking command in '/home/csl/isaac_routing2_v2/build/go2_description': CMAKE_PREFIX_PATH=${CMAKE_PREFIX_PATH}:/home/csl/isaac_routing2_v2/install/user_tools:/home/csl/isaac_routing2_v2/install/spot_routing_nav:/home/csl/isaac_routing2_v2/install/routing_agent:/home/csl/isaac_routing2_v2/install/my_waypoint_tools:/opt/ros/humble /usr/bin/cmake --install /home/csl/isaac_routing2_v2/build/go2_description
[1.072s] -- Install configuration: ""
[1.072s] -- Up-to-date: /home/csl/isaac_routing2_v2/install/go2_description/share/go2_description/launch
[1.072s] -- Up-to-date: /home/csl/isaac_routing2_v2/install/go2_description/share/go2_description/launch/go2_rviz.launch
[1.072s] -- Up-to-date: /home/csl/isaac_routing2_v2/install/go2_description/share/go2_description/launch/check_joint.rviz
[1.072s] -- Up-to-date: /home/csl/isaac_routing2_v2/install/go2_description/share/go2_description/launch/description.launch.py
[1.073s] -- Up-to-date: /home/csl/isaac_routing2_v2/install/go2_description/share/go2_description/launch/gazebo.launch
[1.073s] -- Up-to-date: /home/csl/isaac_routing2_v2/install/go2_description/share/go2_description/meshes
[1.073s] -- Up-to-date: /home/csl/isaac_routing2_v2/install/go2_description/share/go2_description/meshes/calf.dae
[1.073s] -- Up-to-date: /home/csl/isaac_routing2_v2/install/go2_description/share/go2_description/meshes/calf_mirror.dae
[1.073s] -- Up-to-date: /home/csl/isaac_routing2_v2/install/go2_description/share/go2_description/meshes/trunk.dae
[1.074s] -- Up-to-date: /home/csl/isaac_routing2_v2/install/go2_description/share/go2_description/meshes/thigh.dae
[1.074s] -- Up-to-date: /home/csl/isaac_routing2_v2/install/go2_description/share/go2_description/meshes/foot.dae
[1.074s] -- Up-to-date: /home/csl/isaac_routing2_v2/install/go2_description/share/go2_description/meshes/thigh_mirror.dae
[1.074s] -- Up-to-date: /home/csl/isaac_routing2_v2/install/go2_description/share/go2_description/meshes/hip.dae
[1.074s] -- Up-to-date: /home/csl/isaac_routing2_v2/install/go2_description/share/go2_description/urdf
[1.074s] -- Up-to-date: /home/csl/isaac_routing2_v2/install/go2_description/share/go2_description/urdf/Normal_collision_model.png
[1.075s] -- Up-to-date: /home/csl/isaac_routing2_v2/install/go2_description/share/go2_description/urdf/Amended_collision_model.png
[1.075s] -- Up-to-date: /home/csl/isaac_routing2_v2/install/go2_description/share/go2_description/urdf/go2_description.urdf
[1.075s] -- Up-to-date: /home/csl/isaac_routing2_v2/install/go2_description/share/ament_index/resource_index/package_run_dependencies/go2_description
[1.075s] -- Up-to-date: /home/csl/isaac_routing2_v2/install/go2_description/share/ament_index/resource_index/parent_prefix_path/go2_description
[1.075s] -- Up-to-date: /home/csl/isaac_routing2_v2/install/go2_description/share/go2_description/environment/ament_prefix_path.sh
[1.075s] -- Up-to-date: /home/csl/isaac_routing2_v2/install/go2_description/share/go2_description/environment/ament_prefix_path.dsv
[1.075s] -- Up-to-date: /home/csl/isaac_routing2_v2/install/go2_description/share/go2_description/environment/path.sh
[1.075s] -- Up-to-date: /home/csl/isaac_routing2_v2/install/go2_description/share/go2_description/environment/path.dsv
[1.076s] -- Up-to-date: /home/csl/isaac_routing2_v2/install/go2_description/share/go2_description/local_setup.bash
[1.076s] -- Up-to-date: /home/csl/isaac_routing2_v2/install/go2_description/share/go2_description/local_setup.sh
[1.076s] -- Up-to-date: /home/csl/isaac_routing2_v2/install/go2_description/share/go2_description/local_setup.zsh
[1.076s] -- Up-to-date: /home/csl/isaac_routing2_v2/install/go2_description/share/go2_description/local_setup.dsv
[1.079s] -- Installing: /home/csl/isaac_routing2_v2/install/go2_description/share/go2_description/package.dsv
[1.079s] -- Up-to-date: /home/csl/isaac_routing2_v2/install/go2_description/share/ament_index/resource_index/packages/go2_description
[1.080s] -- Up-to-date: /home/csl/isaac_routing2_v2/install/go2_description/share/go2_description/cmake/go2_descriptionConfig.cmake
[1.080s] -- Up-to-date: /home/csl/isaac_routing2_v2/install/go2_description/share/go2_description/cmake/go2_descriptionConfig-version.cmake
[1.080s] -- Up-to-date: /home/csl/isaac_routing2_v2/install/go2_description/share/go2_description/package.xml
[1.295s] Invoked command in '/home/csl/isaac_routing2_v2/build/go2_description' returned '0': CMAKE_PREFIX_PATH=${CMAKE_PREFIX_PATH}:/home/csl/isaac_routing2_v2/install/user_tools:/home/csl/isaac_routing2_v2/install/spot_routing_nav:/home/csl/isaac_routing2_v2/install/routing_agent:/home/csl/isaac_routing2_v2/install/my_waypoint_tools:/opt/ros/humble /usr/bin/cmake --install /home/csl/isaac_routing2_v2/build/go2_description
