[0.038s] Invoking command in '/home/csl/isaac_routing2_v2/build/champ_gazebo': AMENT_PREFIX_PATH=/home/csl/isaac_routing2_v2/install/champ_msgs:/home/csl/isaac_routing2_v2/install/champ:${AMENT_PREFIX_PATH} CMAKE_PREFIX_PATH=/home/csl/isaac_routing2_v2/install/champ_msgs:/home/csl/isaac_routing2_v2/install/champ:/opt/ros/humble LD_LIBRARY_PATH=/home/csl/isaac_routing2_v2/install/champ_msgs/lib:${LD_LIBRARY_PATH} PYTHONPATH=/home/csl/isaac_routing2_v2/install/champ_msgs/local/lib/python3.10/dist-packages:${PYTHONPATH} /usr/bin/cmake --build /home/csl/isaac_routing2_v2/build/champ_gazebo -- -j16 -l16
[0.301s] [100%] Built target contact_sensor
[0.324s] Invoked command in '/home/csl/isaac_routing2_v2/build/champ_gazebo' returned '0': AMENT_PREFIX_PATH=/home/csl/isaac_routing2_v2/install/champ_msgs:/home/csl/isaac_routing2_v2/install/champ:${AMENT_PREFIX_PATH} CMAKE_PREFIX_PATH=/home/csl/isaac_routing2_v2/install/champ_msgs:/home/csl/isaac_routing2_v2/install/champ:/opt/ros/humble LD_LIBRARY_PATH=/home/csl/isaac_routing2_v2/install/champ_msgs/lib:${LD_LIBRARY_PATH} PYTHONPATH=/home/csl/isaac_routing2_v2/install/champ_msgs/local/lib/python3.10/dist-packages:${PYTHONPATH} /usr/bin/cmake --build /home/csl/isaac_routing2_v2/build/champ_gazebo -- -j16 -l16
[0.325s] Invoking command in '/home/csl/isaac_routing2_v2/build/champ_gazebo': AMENT_PREFIX_PATH=/home/csl/isaac_routing2_v2/install/champ_msgs:/home/csl/isaac_routing2_v2/install/champ:${AMENT_PREFIX_PATH} CMAKE_PREFIX_PATH=/home/csl/isaac_routing2_v2/install/champ_msgs:/home/csl/isaac_routing2_v2/install/champ:/opt/ros/humble LD_LIBRARY_PATH=/home/csl/isaac_routing2_v2/install/champ_msgs/lib:${LD_LIBRARY_PATH} PYTHONPATH=/home/csl/isaac_routing2_v2/install/champ_msgs/local/lib/python3.10/dist-packages:${PYTHONPATH} /usr/bin/cmake --install /home/csl/isaac_routing2_v2/build/champ_gazebo
[0.327s] -- Install configuration: ""
[0.327s] -- Up-to-date: /home/csl/isaac_routing2_v2/install/champ_gazebo/bin/imu_sensor.py
[0.327s] -- Up-to-date: /home/csl/isaac_routing2_v2/install/champ_gazebo/bin/odometry_tf.py
[0.327s] -- Up-to-date: /home/csl/isaac_routing2_v2/install/champ_gazebo/bin/odometry.py
[0.328s] -- Up-to-date: /home/csl/isaac_routing2_v2/install/champ_gazebo/lib/champ_gazebo/contact_sensor
[0.328s] -- Up-to-date: /home/csl/isaac_routing2_v2/install/champ_gazebo/share/champ_gazebo/launch
[0.329s] -- Up-to-date: /home/csl/isaac_routing2_v2/install/champ_gazebo/share/champ_gazebo/launch/spawn_robot.launch
[0.329s] -- Up-to-date: /home/csl/isaac_routing2_v2/install/champ_gazebo/share/champ_gazebo/launch/gazebo.launch.py
[0.329s] -- Up-to-date: /home/csl/isaac_routing2_v2/install/champ_gazebo/share/champ_gazebo/launch/spawn_world.launch
[0.330s] -- Up-to-date: /home/csl/isaac_routing2_v2/install/champ_gazebo/share/champ_gazebo/launch/gazebo.launch
[0.330s] -- Up-to-date: /home/csl/isaac_routing2_v2/install/champ_gazebo/share/champ_gazebo/config
[0.330s] -- Up-to-date: /home/csl/isaac_routing2_v2/install/champ_gazebo/share/champ_gazebo/config/ros_control.yaml
[0.331s] -- Up-to-date: /home/csl/isaac_routing2_v2/install/champ_gazebo/share/champ_gazebo/config/gazebo.yaml
[0.331s] -- Up-to-date: /home/csl/isaac_routing2_v2/install/champ_gazebo/share/champ_gazebo/worlds
[0.331s] -- Up-to-date: /home/csl/isaac_routing2_v2/install/champ_gazebo/share/champ_gazebo/worlds/default.world
[0.331s] -- Up-to-date: /home/csl/isaac_routing2_v2/install/champ_gazebo/share/champ_gazebo/worlds/playground.world
[0.331s] -- Up-to-date: /home/csl/isaac_routing2_v2/install/champ_gazebo/share/champ_gazebo/worlds/outdoor.world
[0.331s] -- Up-to-date: /home/csl/isaac_routing2_v2/install/champ_gazebo/share/ament_index/resource_index/package_run_dependencies/champ_gazebo
[0.331s] -- Up-to-date: /home/csl/isaac_routing2_v2/install/champ_gazebo/share/ament_index/resource_index/parent_prefix_path/champ_gazebo
[0.331s] -- Up-to-date: /home/csl/isaac_routing2_v2/install/champ_gazebo/share/champ_gazebo/environment/ament_prefix_path.sh
[0.331s] -- Up-to-date: /home/csl/isaac_routing2_v2/install/champ_gazebo/share/champ_gazebo/environment/ament_prefix_path.dsv
[0.331s] -- Up-to-date: /home/csl/isaac_routing2_v2/install/champ_gazebo/share/champ_gazebo/environment/path.sh
[0.331s] -- Up-to-date: /home/csl/isaac_routing2_v2/install/champ_gazebo/share/champ_gazebo/environment/path.dsv
[0.331s] -- Up-to-date: /home/csl/isaac_routing2_v2/install/champ_gazebo/share/champ_gazebo/local_setup.bash
[0.332s] -- Up-to-date: /home/csl/isaac_routing2_v2/install/champ_gazebo/share/champ_gazebo/local_setup.sh
[0.332s] -- Up-to-date: /home/csl/isaac_routing2_v2/install/champ_gazebo/share/champ_gazebo/local_setup.zsh
[0.332s] -- Up-to-date: /home/csl/isaac_routing2_v2/install/champ_gazebo/share/champ_gazebo/local_setup.dsv
[0.332s] -- Installing: /home/csl/isaac_routing2_v2/install/champ_gazebo/share/champ_gazebo/package.dsv
[0.332s] -- Up-to-date: /home/csl/isaac_routing2_v2/install/champ_gazebo/share/ament_index/resource_index/packages/champ_gazebo
[0.332s] -- Up-to-date: /home/csl/isaac_routing2_v2/install/champ_gazebo/share/champ_gazebo/cmake/ament_cmake_export_include_directories-extras.cmake
[0.332s] -- Up-to-date: /home/csl/isaac_routing2_v2/install/champ_gazebo/share/champ_gazebo/cmake/ament_cmake_export_dependencies-extras.cmake
[0.332s] -- Up-to-date: /home/csl/isaac_routing2_v2/install/champ_gazebo/share/champ_gazebo/cmake/champ_gazeboConfig.cmake
[0.332s] -- Up-to-date: /home/csl/isaac_routing2_v2/install/champ_gazebo/share/champ_gazebo/cmake/champ_gazeboConfig-version.cmake
[0.332s] -- Up-to-date: /home/csl/isaac_routing2_v2/install/champ_gazebo/share/champ_gazebo/package.xml
[0.338s] Invoked command in '/home/csl/isaac_routing2_v2/build/champ_gazebo' returned '0': AMENT_PREFIX_PATH=/home/csl/isaac_routing2_v2/install/champ_msgs:/home/csl/isaac_routing2_v2/install/champ:${AMENT_PREFIX_PATH} CMAKE_PREFIX_PATH=/home/csl/isaac_routing2_v2/install/champ_msgs:/home/csl/isaac_routing2_v2/install/champ:/opt/ros/humble LD_LIBRARY_PATH=/home/csl/isaac_routing2_v2/install/champ_msgs/lib:${LD_LIBRARY_PATH} PYTHONPATH=/home/csl/isaac_routing2_v2/install/champ_msgs/local/lib/python3.10/dist-packages:${PYTHONPATH} /usr/bin/cmake --install /home/csl/isaac_routing2_v2/build/champ_gazebo
