[0.058s] Invoking command in '/home/csl/isaac_routing2_v2/build/champ_teleop': CMAKE_PREFIX_PATH=/opt/ros/humble /usr/bin/cmake /home/csl/isaac_routing2_v2/src/champ_teleop -DCMAKE_INSTALL_PREFIX=/home/csl/isaac_routing2_v2/install/champ_teleop
[0.899s] -- The C compiler identification is GNU 12.3.0
[0.899s] -- The CXX compiler identification is GNU 11.4.0
[0.899s] -- Detecting C compiler ABI info
[0.899s] -- Detecting C compiler ABI info - done
[0.899s] -- Check for working C compiler: /usr/bin/cc - skipped
[0.899s] -- Detecting C compile features
[0.899s] -- Detecting C compile features - done
[0.900s] -- Detecting CXX compiler ABI info
[0.900s] -- Detecting CXX compiler ABI info - done
[0.900s] -- Check for working CXX compiler: /usr/bin/c++ - skipped
[0.900s] -- Detecting CXX compile features
[0.900s] -- Detecting CXX compile features - done
[0.900s] -- Found ament_cmake: 1.3.10 (/opt/ros/humble/share/ament_cmake/cmake)
[0.900s] -- Found Python3: /usr/bin/python3 (found version "3.10.12") found components: Interpreter 
[0.986s] -- Configuring done
[0.991s] -- Generating done
[0.991s] -- Build files have been written to: /home/csl/isaac_routing2_v2/build/champ_teleop
[1.013s] Invoked command in '/home/csl/isaac_routing2_v2/build/champ_teleop' returned '0': CMAKE_PREFIX_PATH=/opt/ros/humble /usr/bin/cmake /home/csl/isaac_routing2_v2/src/champ_teleop -DCMAKE_INSTALL_PREFIX=/home/csl/isaac_routing2_v2/install/champ_teleop
[1.014s] Invoking command in '/home/csl/isaac_routing2_v2/build/champ_teleop': CMAKE_PREFIX_PATH=/opt/ros/humble /usr/bin/cmake --build /home/csl/isaac_routing2_v2/build/champ_teleop -- -j16 -l16
[1.056s] Invoked command in '/home/csl/isaac_routing2_v2/build/champ_teleop' returned '0': CMAKE_PREFIX_PATH=/opt/ros/humble /usr/bin/cmake --build /home/csl/isaac_routing2_v2/build/champ_teleop -- -j16 -l16
[1.062s] Invoking command in '/home/csl/isaac_routing2_v2/build/champ_teleop': CMAKE_PREFIX_PATH=/opt/ros/humble /usr/bin/cmake --install /home/csl/isaac_routing2_v2/build/champ_teleop
[1.079s] -- Install configuration: ""
[1.079s] -- Installing: /home/csl/isaac_routing2_v2/install/champ_teleop/share/champ_teleop/launch
[1.079s] -- Installing: /home/csl/isaac_routing2_v2/install/champ_teleop/share/champ_teleop/launch/teleop.launch.py
[1.079s] -- Installing: /home/csl/isaac_routing2_v2/install/champ_teleop/lib/champ_teleop/champ_teleop.py
[1.079s] -- Installing: /home/csl/isaac_routing2_v2/install/champ_teleop/share/ament_index/resource_index/package_run_dependencies/champ_teleop
[1.080s] -- Installing: /home/csl/isaac_routing2_v2/install/champ_teleop/share/ament_index/resource_index/parent_prefix_path/champ_teleop
[1.080s] -- Installing: /home/csl/isaac_routing2_v2/install/champ_teleop/share/champ_teleop/environment/ament_prefix_path.sh
[1.080s] -- Installing: /home/csl/isaac_routing2_v2/install/champ_teleop/share/champ_teleop/environment/ament_prefix_path.dsv
[1.080s] -- Installing: /home/csl/isaac_routing2_v2/install/champ_teleop/share/champ_teleop/environment/path.sh
[1.080s] -- Installing: /home/csl/isaac_routing2_v2/install/champ_teleop/share/champ_teleop/environment/path.dsv
[1.080s] -- Installing: /home/csl/isaac_routing2_v2/install/champ_teleop/share/champ_teleop/local_setup.bash
[1.080s] -- Installing: /home/csl/isaac_routing2_v2/install/champ_teleop/share/champ_teleop/local_setup.sh
[1.081s] -- Installing: /home/csl/isaac_routing2_v2/install/champ_teleop/share/champ_teleop/local_setup.zsh
[1.081s] -- Installing: /home/csl/isaac_routing2_v2/install/champ_teleop/share/champ_teleop/local_setup.dsv
[1.081s] -- Installing: /home/csl/isaac_routing2_v2/install/champ_teleop/share/champ_teleop/package.dsv
[1.081s] -- Installing: /home/csl/isaac_routing2_v2/install/champ_teleop/share/ament_index/resource_index/packages/champ_teleop
[1.082s] -- Installing: /home/csl/isaac_routing2_v2/install/champ_teleop/share/champ_teleop/cmake/champ_teleopConfig.cmake
[1.082s] -- Installing: /home/csl/isaac_routing2_v2/install/champ_teleop/share/champ_teleop/cmake/champ_teleopConfig-version.cmake
[1.082s] -- Installing: /home/csl/isaac_routing2_v2/install/champ_teleop/share/champ_teleop/package.xml
[1.122s] Invoked command in '/home/csl/isaac_routing2_v2/build/champ_teleop' returned '0': CMAKE_PREFIX_PATH=/opt/ros/humble /usr/bin/cmake --install /home/csl/isaac_routing2_v2/build/champ_teleop
