[1.670s] Invoking command in '/home/csl/isaac_routing2_v2/src/user_tools': PYTHONPATH=/home/csl/isaac_routing2_v2/build/user_tools/prefix_override:/usr/lib/python3/dist-packages/colcon_core/task/python/colcon_distutils_commands:/home/csl/isaac_routing2_v2/install/user_tools/lib/python3.10/site-packages:${PYTHONPATH} /usr/bin/python3 -W ignore:setup.py install is deprecated -W ignore:easy_install command is deprecated setup.py egg_info --egg-base ../../build/user_tools build --build-base /home/csl/isaac_routing2_v2/build/user_tools/build install --record /home/csl/isaac_routing2_v2/build/user_tools/install.log --single-version-externally-managed install_data
[1.996s] running egg_info
[1.996s] writing ../../build/user_tools/user_tools.egg-info/PKG-INFO
[1.996s] writing dependency_links to ../../build/user_tools/user_tools.egg-info/dependency_links.txt
[1.997s] writing entry points to ../../build/user_tools/user_tools.egg-info/entry_points.txt
[1.997s] writing requirements to ../../build/user_tools/user_tools.egg-info/requires.txt
[1.997s] writing top-level names to ../../build/user_tools/user_tools.egg-info/top_level.txt
[1.999s] reading manifest file '../../build/user_tools/user_tools.egg-info/SOURCES.txt'
[2.000s] writing manifest file '../../build/user_tools/user_tools.egg-info/SOURCES.txt'
[2.001s] running build
[2.001s] running build_py
[2.001s] running install
[2.003s] running install_lib
[2.003s] running install_data
[2.004s] running install_egg_info
[2.006s] removing '/home/csl/isaac_routing2_v2/install/user_tools/lib/python3.10/site-packages/user_tools-0.0.0-py3.10.egg-info' (and everything under it)
[2.007s] Copying ../../build/user_tools/user_tools.egg-info to /home/csl/isaac_routing2_v2/install/user_tools/lib/python3.10/site-packages/user_tools-0.0.0-py3.10.egg-info
[2.008s] running install_scripts
[2.037s] Installing goal_select script to /home/csl/isaac_routing2_v2/install/user_tools/lib/user_tools
[2.037s] writing list of installed files to '/home/csl/isaac_routing2_v2/build/user_tools/install.log'
[2.094s] Invoked command in '/home/csl/isaac_routing2_v2/src/user_tools' returned '0': PYTHONPATH=/home/csl/isaac_routing2_v2/build/user_tools/prefix_override:/usr/lib/python3/dist-packages/colcon_core/task/python/colcon_distutils_commands:/home/csl/isaac_routing2_v2/install/user_tools/lib/python3.10/site-packages:${PYTHONPATH} /usr/bin/python3 -W ignore:setup.py install is deprecated -W ignore:easy_install command is deprecated setup.py egg_info --egg-base ../../build/user_tools build --build-base /home/csl/isaac_routing2_v2/build/user_tools/build install --record /home/csl/isaac_routing2_v2/build/user_tools/install.log --single-version-externally-managed install_data
