[ 50%] Built target pcl_localization_component
[100%] Built target pcl_localization_node
-- Install configuration: ""
-- Up-to-date: /home/csl/isaac_routing2_v2/install/pcl_localization_ros2/share/pcl_localization_ros2/environment/library_path.sh
-- Up-to-date: /home/csl/isaac_routing2_v2/install/pcl_localization_ros2/share/pcl_localization_ros2/environment/library_path.dsv
-- Up-to-date: /home/csl/isaac_routing2_v2/install/pcl_localization_ros2/lib/pcl_localization_ros2/pcl_localization_node
-- Up-to-date: /home/csl/isaac_routing2_v2/install/pcl_localization_ros2/lib/libpcl_localization_component.so
-- Up-to-date: /home/csl/isaac_routing2_v2/install/pcl_localization_ros2/share/pcl_localization_ros2//launch
-- Up-to-date: /home/csl/isaac_routing2_v2/install/pcl_localization_ros2/share/pcl_localization_ros2//launch/pcl_localization.launch.py
-- Up-to-date: /home/csl/isaac_routing2_v2/install/pcl_localization_ros2/share/pcl_localization_ros2//param
-- Up-to-date: /home/csl/isaac_routing2_v2/install/pcl_localization_ros2/share/pcl_localization_ros2//param/localization.yaml
-- Up-to-date: /home/csl/isaac_routing2_v2/install/pcl_localization_ros2/share/ament_index/resource_index/package_run_dependencies/pcl_localization_ros2
-- Up-to-date: /home/csl/isaac_routing2_v2/install/pcl_localization_ros2/share/ament_index/resource_index/parent_prefix_path/pcl_localization_ros2
-- Up-to-date: /home/csl/isaac_routing2_v2/install/pcl_localization_ros2/share/pcl_localization_ros2/environment/ament_prefix_path.sh
-- Up-to-date: /home/csl/isaac_routing2_v2/install/pcl_localization_ros2/share/pcl_localization_ros2/environment/ament_prefix_path.dsv
-- Up-to-date: /home/csl/isaac_routing2_v2/install/pcl_localization_ros2/share/pcl_localization_ros2/environment/path.sh
-- Up-to-date: /home/csl/isaac_routing2_v2/install/pcl_localization_ros2/share/pcl_localization_ros2/environment/path.dsv
-- Up-to-date: /home/csl/isaac_routing2_v2/install/pcl_localization_ros2/share/pcl_localization_ros2/local_setup.bash
-- Up-to-date: /home/csl/isaac_routing2_v2/install/pcl_localization_ros2/share/pcl_localization_ros2/local_setup.sh
-- Up-to-date: /home/csl/isaac_routing2_v2/install/pcl_localization_ros2/share/pcl_localization_ros2/local_setup.zsh
-- Up-to-date: /home/csl/isaac_routing2_v2/install/pcl_localization_ros2/share/pcl_localization_ros2/local_setup.dsv
-- Installing: /home/csl/isaac_routing2_v2/install/pcl_localization_ros2/share/pcl_localization_ros2/package.dsv
-- Up-to-date: /home/csl/isaac_routing2_v2/install/pcl_localization_ros2/share/ament_index/resource_index/packages/pcl_localization_ros2
-- Up-to-date: /home/csl/isaac_routing2_v2/install/pcl_localization_ros2/share/pcl_localization_ros2/cmake/ament_cmake_export_libraries-extras.cmake
-- Up-to-date: /home/csl/isaac_routing2_v2/install/pcl_localization_ros2/share/pcl_localization_ros2/cmake/pcl_localization_ros2Config.cmake
-- Up-to-date: /home/csl/isaac_routing2_v2/install/pcl_localization_ros2/share/pcl_localization_ros2/cmake/pcl_localization_ros2Config-version.cmake
-- Up-to-date: /home/csl/isaac_routing2_v2/install/pcl_localization_ros2/share/pcl_localization_ros2/package.xml
