[0.116s] Invoking command in '/home/csl/isaac_routing2_v2/build/spot_config': CMAKE_PREFIX_PATH=${CMAKE_PREFIX_PATH}:/home/csl/isaac_routing2_v2/install/user_tools:/home/csl/isaac_routing2_v2/install/spot_routing_nav:/home/csl/isaac_routing2_v2/install/routing_agent:/home/csl/isaac_routing2_v2/install/my_waypoint_tools:/opt/ros/humble /usr/bin/cmake --build /home/csl/isaac_routing2_v2/build/spot_config -- -j16 -l16
[1.020s] Invoked command in '/home/csl/isaac_routing2_v2/build/spot_config' returned '0': CMAKE_PREFIX_PATH=${CMAKE_PREFIX_PATH}:/home/csl/isaac_routing2_v2/install/user_tools:/home/csl/isaac_routing2_v2/install/spot_routing_nav:/home/csl/isaac_routing2_v2/install/routing_agent:/home/csl/isaac_routing2_v2/install/my_waypoint_tools:/opt/ros/humble /usr/bin/cmake --build /home/csl/isaac_routing2_v2/build/spot_config -- -j16 -l16
[1.021s] Invoking command in '/home/csl/isaac_routing2_v2/build/spot_config': CMAKE_PREFIX_PATH=${CMAKE_PREFIX_PATH}:/home/csl/isaac_routing2_v2/install/user_tools:/home/csl/isaac_routing2_v2/install/spot_routing_nav:/home/csl/isaac_routing2_v2/install/routing_agent:/home/csl/isaac_routing2_v2/install/my_waypoint_tools:/opt/ros/humble /usr/bin/cmake --install /home/csl/isaac_routing2_v2/build/spot_config
[1.095s] -- Install configuration: ""
[1.095s] -- Up-to-date: /home/csl/isaac_routing2_v2/install/spot_config/share/spot_config/launch
[1.098s] -- Up-to-date: /home/csl/isaac_routing2_v2/install/spot_config/share/spot_config/launch/bringup.launch.py
[1.098s] -- Up-to-date: /home/csl/isaac_routing2_v2/install/spot_config/share/spot_config/launch/navigate.launch.py
[1.098s] -- Up-to-date: /home/csl/isaac_routing2_v2/install/spot_config/share/spot_config/launch/slam.launch.py
[1.098s] -- Up-to-date: /home/csl/isaac_routing2_v2/install/spot_config/share/spot_config/config
[1.099s] -- Up-to-date: /home/csl/isaac_routing2_v2/install/spot_config/share/spot_config/config/autonomy
[1.099s] -- Up-to-date: /home/csl/isaac_routing2_v2/install/spot_config/share/spot_config/config/autonomy/navigation_backup.yaml
[1.099s] -- Up-to-date: /home/csl/isaac_routing2_v2/install/spot_config/share/spot_config/config/autonomy/navigation.yaml
[1.099s] -- Up-to-date: /home/csl/isaac_routing2_v2/install/spot_config/share/spot_config/config/autonomy/slam.yaml
[1.099s] -- Up-to-date: /home/csl/isaac_routing2_v2/install/spot_config/share/spot_config/config/joints
[1.099s] -- Up-to-date: /home/csl/isaac_routing2_v2/install/spot_config/share/spot_config/config/joints/joints.yaml
[1.099s] -- Up-to-date: /home/csl/isaac_routing2_v2/install/spot_config/share/spot_config/config/gait
[1.099s] -- Up-to-date: /home/csl/isaac_routing2_v2/install/spot_config/share/spot_config/config/gait/gait.yaml
[1.099s] -- Up-to-date: /home/csl/isaac_routing2_v2/install/spot_config/share/spot_config/config/links
[1.099s] -- Up-to-date: /home/csl/isaac_routing2_v2/install/spot_config/share/spot_config/config/links/links.yaml
[1.100s] -- Up-to-date: /home/csl/isaac_routing2_v2/install/spot_config/share/spot_config/maps
[1.103s] -- Up-to-date: /home/csl/isaac_routing2_v2/install/spot_config/share/spot_config/maps/tsmc_b1p1.yaml
[1.104s] -- Up-to-date: /home/csl/isaac_routing2_v2/install/spot_config/share/spot_config/maps/tsmc_1f_map.png
[1.105s] -- Up-to-date: /home/csl/isaac_routing2_v2/install/spot_config/share/spot_config/maps/tsmc_b1_map.png
[1.105s] -- Up-to-date: /home/csl/isaac_routing2_v2/install/spot_config/share/spot_config/maps/tsmc_b1_map.yaml
[1.105s] -- Up-to-date: /home/csl/isaac_routing2_v2/install/spot_config/share/spot_config/maps/tsmc_b1p2.png
[1.105s] -- Up-to-date: /home/csl/isaac_routing2_v2/install/spot_config/share/spot_config/maps/tsmc_1f.png
[1.105s] -- Up-to-date: /home/csl/isaac_routing2_v2/install/spot_config/share/spot_config/maps/map.pgm
[1.105s] -- Up-to-date: /home/csl/isaac_routing2_v2/install/spot_config/share/spot_config/maps/tsmc_1f_map.yaml
[1.105s] -- Up-to-date: /home/csl/isaac_routing2_v2/install/spot_config/share/spot_config/maps/tsmc_b1p2.yaml
[1.105s] -- Up-to-date: /home/csl/isaac_routing2_v2/install/spot_config/share/spot_config/maps/tsmc_b1p1.png
[1.106s] -- Up-to-date: /home/csl/isaac_routing2_v2/install/spot_config/share/spot_config/maps/mit_lab.png
[1.106s] -- Up-to-date: /home/csl/isaac_routing2_v2/install/spot_config/share/spot_config/maps/tsmc_b1_map_new.png
[1.106s] -- Up-to-date: /home/csl/isaac_routing2_v2/install/spot_config/share/spot_config/maps/mit_lab.yaml
[1.106s] -- Up-to-date: /home/csl/isaac_routing2_v2/install/spot_config/share/spot_config/maps/map.yaml
[1.106s] -- Up-to-date: /home/csl/isaac_routing2_v2/install/spot_config/share/spot_config/maps/tsmc_1f.yaml
[1.106s] -- Up-to-date: /home/csl/isaac_routing2_v2/install/spot_config/share/spot_config/worlds
[1.106s] -- Up-to-date: /home/csl/isaac_routing2_v2/install/spot_config/share/spot_config/worlds/default.world
[1.106s] -- Up-to-date: /home/csl/isaac_routing2_v2/install/spot_config/share/spot_config/worlds/playground.world
[1.106s] -- Up-to-date: /home/csl/isaac_routing2_v2/install/spot_config/share/spot_config/worlds/outdoor.world
[1.106s] -- Up-to-date: /home/csl/isaac_routing2_v2/install/spot_config/share/ament_index/resource_index/package_run_dependencies/spot_config
[1.107s] -- Up-to-date: /home/csl/isaac_routing2_v2/install/spot_config/share/ament_index/resource_index/parent_prefix_path/spot_config
[1.107s] -- Up-to-date: /home/csl/isaac_routing2_v2/install/spot_config/share/spot_config/environment/ament_prefix_path.sh
[1.107s] -- Up-to-date: /home/csl/isaac_routing2_v2/install/spot_config/share/spot_config/environment/ament_prefix_path.dsv
[1.107s] -- Up-to-date: /home/csl/isaac_routing2_v2/install/spot_config/share/spot_config/environment/path.sh
[1.107s] -- Up-to-date: /home/csl/isaac_routing2_v2/install/spot_config/share/spot_config/environment/path.dsv
[1.107s] -- Up-to-date: /home/csl/isaac_routing2_v2/install/spot_config/share/spot_config/local_setup.bash
[1.108s] -- Up-to-date: /home/csl/isaac_routing2_v2/install/spot_config/share/spot_config/local_setup.sh
[1.108s] -- Up-to-date: /home/csl/isaac_routing2_v2/install/spot_config/share/spot_config/local_setup.zsh
[1.108s] -- Up-to-date: /home/csl/isaac_routing2_v2/install/spot_config/share/spot_config/local_setup.dsv
[1.109s] -- Installing: /home/csl/isaac_routing2_v2/install/spot_config/share/spot_config/package.dsv
[1.110s] -- Up-to-date: /home/csl/isaac_routing2_v2/install/spot_config/share/ament_index/resource_index/packages/spot_config
[1.110s] -- Up-to-date: /home/csl/isaac_routing2_v2/install/spot_config/share/spot_config/cmake/spot_configConfig.cmake
[1.110s] -- Up-to-date: /home/csl/isaac_routing2_v2/install/spot_config/share/spot_config/cmake/spot_configConfig-version.cmake
[1.110s] -- Up-to-date: /home/csl/isaac_routing2_v2/install/spot_config/share/spot_config/package.xml
[1.353s] Invoked command in '/home/csl/isaac_routing2_v2/build/spot_config' returned '0': CMAKE_PREFIX_PATH=${CMAKE_PREFIX_PATH}:/home/csl/isaac_routing2_v2/install/user_tools:/home/csl/isaac_routing2_v2/install/spot_routing_nav:/home/csl/isaac_routing2_v2/install/routing_agent:/home/csl/isaac_routing2_v2/install/my_waypoint_tools:/opt/ros/humble /usr/bin/cmake --install /home/csl/isaac_routing2_v2/build/spot_config
