[0.089s] Invoking command in '/home/csl/isaac_routing2_v2/build/champ': CMAKE_PREFIX_PATH=${CMAKE_PREFIX_PATH}:/home/csl/isaac_routing2_v2/install/user_tools:/home/csl/isaac_routing2_v2/install/spot_routing_nav:/home/csl/isaac_routing2_v2/install/routing_agent:/home/csl/isaac_routing2_v2/install/my_waypoint_tools:/opt/ros/humble /usr/bin/cmake --build /home/csl/isaac_routing2_v2/build/champ -- -j16 -l16
[0.833s] Invoked command in '/home/csl/isaac_routing2_v2/build/champ' returned '0': CMAKE_PREFIX_PATH=${CMAKE_PREFIX_PATH}:/home/csl/isaac_routing2_v2/install/user_tools:/home/csl/isaac_routing2_v2/install/spot_routing_nav:/home/csl/isaac_routing2_v2/install/routing_agent:/home/csl/isaac_routing2_v2/install/my_waypoint_tools:/opt/ros/humble /usr/bin/cmake --build /home/csl/isaac_routing2_v2/build/champ -- -j16 -l16
[0.840s] Invoking command in '/home/csl/isaac_routing2_v2/build/champ': CMAKE_PREFIX_PATH=${CMAKE_PREFIX_PATH}:/home/csl/isaac_routing2_v2/install/user_tools:/home/csl/isaac_routing2_v2/install/spot_routing_nav:/home/csl/isaac_routing2_v2/install/routing_agent:/home/csl/isaac_routing2_v2/install/my_waypoint_tools:/opt/ros/humble /usr/bin/cmake --install /home/csl/isaac_routing2_v2/build/champ
[0.870s] -- Install configuration: ""
[0.872s] -- Up-to-date: /home/csl/isaac_routing2_v2/install/champ/include
[0.874s] -- Up-to-date: /home/csl/isaac_routing2_v2/install/champ/include/champ
[0.874s] -- Up-to-date: /home/csl/isaac_routing2_v2/install/champ/include/champ/LICENSE
[0.874s] -- Up-to-date: /home/csl/isaac_routing2_v2/install/champ/include/champ/geometry
[0.874s] -- Up-to-date: /home/csl/isaac_routing2_v2/install/champ/include/champ/geometry/geometry.h
[0.875s] -- Up-to-date: /home/csl/isaac_routing2_v2/install/champ/include/champ/kinematics
[0.875s] -- Up-to-date: /home/csl/isaac_routing2_v2/install/champ/include/champ/kinematics/kinematics.h
[0.875s] -- Up-to-date: /home/csl/isaac_routing2_v2/install/champ/include/champ/macros
[0.875s] -- Up-to-date: /home/csl/isaac_routing2_v2/install/champ/include/champ/macros/macros.h
[0.875s] -- Up-to-date: /home/csl/isaac_routing2_v2/install/champ/include/champ/bla
[0.875s] -- Up-to-date: /home/csl/isaac_routing2_v2/install/champ/include/champ/bla/memory_delegate.h
[0.876s] -- Up-to-date: /home/csl/isaac_routing2_v2/install/champ/include/champ/bla/basic_linear_algebra.h
[0.876s] -- Up-to-date: /home/csl/isaac_routing2_v2/install/champ/include/champ/body_controller
[0.877s] -- Up-to-date: /home/csl/isaac_routing2_v2/install/champ/include/champ/body_controller/body_controller.h
[0.878s] -- Up-to-date: /home/csl/isaac_routing2_v2/install/champ/include/champ/odometry
[0.881s] -- Up-to-date: /home/csl/isaac_routing2_v2/install/champ/include/champ/odometry/odometry.h
[0.882s] -- Up-to-date: /home/csl/isaac_routing2_v2/install/champ/include/champ/leg_controller
[0.882s] -- Up-to-date: /home/csl/isaac_routing2_v2/install/champ/include/champ/leg_controller/leg_controller.h
[0.883s] -- Up-to-date: /home/csl/isaac_routing2_v2/install/champ/include/champ/leg_controller/trajectory_planner.h
[0.884s] -- Up-to-date: /home/csl/isaac_routing2_v2/install/champ/include/champ/leg_controller/phase_generator.h
[0.886s] -- Up-to-date: /home/csl/isaac_routing2_v2/install/champ/include/champ/utils
[0.886s] -- Up-to-date: /home/csl/isaac_routing2_v2/install/champ/include/champ/utils/urdf_loader.h
[0.886s] -- Up-to-date: /home/csl/isaac_routing2_v2/install/champ/include/champ/utils/xmlrpc_helpers.h
[0.886s] -- Up-to-date: /home/csl/isaac_routing2_v2/install/champ/include/champ/README.md
[0.887s] -- Up-to-date: /home/csl/isaac_routing2_v2/install/champ/include/champ/quadruped_base
[0.887s] -- Up-to-date: /home/csl/isaac_routing2_v2/install/champ/include/champ/quadruped_base/quadruped_base.h
[0.887s] -- Up-to-date: /home/csl/isaac_routing2_v2/install/champ/include/champ/quadruped_base/quadruped_components.h
[0.887s] -- Up-to-date: /home/csl/isaac_routing2_v2/install/champ/include/champ/quadruped_base/quadruped_joint.h
[0.887s] -- Up-to-date: /home/csl/isaac_routing2_v2/install/champ/include/champ/quadruped_base/quadruped_leg.h
[0.888s] -- Up-to-date: /home/csl/isaac_routing2_v2/install/champ/share/ament_index/resource_index/package_run_dependencies/champ
[0.888s] -- Up-to-date: /home/csl/isaac_routing2_v2/install/champ/share/ament_index/resource_index/parent_prefix_path/champ
[0.888s] -- Up-to-date: /home/csl/isaac_routing2_v2/install/champ/share/champ/environment/ament_prefix_path.sh
[0.888s] -- Up-to-date: /home/csl/isaac_routing2_v2/install/champ/share/champ/environment/ament_prefix_path.dsv
[0.889s] -- Up-to-date: /home/csl/isaac_routing2_v2/install/champ/share/champ/environment/path.sh
[0.889s] -- Up-to-date: /home/csl/isaac_routing2_v2/install/champ/share/champ/environment/path.dsv
[0.889s] -- Up-to-date: /home/csl/isaac_routing2_v2/install/champ/share/champ/local_setup.bash
[0.889s] -- Up-to-date: /home/csl/isaac_routing2_v2/install/champ/share/champ/local_setup.sh
[0.889s] -- Up-to-date: /home/csl/isaac_routing2_v2/install/champ/share/champ/local_setup.zsh
[0.889s] -- Up-to-date: /home/csl/isaac_routing2_v2/install/champ/share/champ/local_setup.dsv
[0.889s] -- Installing: /home/csl/isaac_routing2_v2/install/champ/share/champ/package.dsv
[0.889s] -- Up-to-date: /home/csl/isaac_routing2_v2/install/champ/share/ament_index/resource_index/packages/champ
[0.889s] -- Up-to-date: /home/csl/isaac_routing2_v2/install/champ/share/champ/cmake/ament_cmake_export_include_directories-extras.cmake
[0.889s] -- Up-to-date: /home/csl/isaac_routing2_v2/install/champ/share/champ/cmake/champConfig.cmake
[0.890s] -- Up-to-date: /home/csl/isaac_routing2_v2/install/champ/share/champ/cmake/champConfig-version.cmake
[0.890s] -- Up-to-date: /home/csl/isaac_routing2_v2/install/champ/share/champ/package.xml
[0.975s] Invoked command in '/home/csl/isaac_routing2_v2/build/champ' returned '0': CMAKE_PREFIX_PATH=${CMAKE_PREFIX_PATH}:/home/csl/isaac_routing2_v2/install/user_tools:/home/csl/isaac_routing2_v2/install/spot_routing_nav:/home/csl/isaac_routing2_v2/install/routing_agent:/home/csl/isaac_routing2_v2/install/my_waypoint_tools:/opt/ros/humble /usr/bin/cmake --install /home/csl/isaac_routing2_v2/build/champ
