[0.407s] Invoking command in '/home/csl/isaac_routing2_v2/build/spot_description': CMAKE_PREFIX_PATH=${CMAKE_PREFIX_PATH}:/home/csl/isaac_routing2_v2/install/spot_routing_nav:/home/csl/isaac_routing2_v2/install/routing_agent:/home/csl/isaac_routing2_v2/install/my_waypoint_tools:/opt/ros/humble /usr/bin/cmake --build /home/csl/isaac_routing2_v2/build/spot_description -- -j16 -l16
[0.745s] Invoked command in '/home/csl/isaac_routing2_v2/build/spot_description' returned '0': CMAKE_PREFIX_PATH=${CMAKE_PREFIX_PATH}:/home/csl/isaac_routing2_v2/install/spot_routing_nav:/home/csl/isaac_routing2_v2/install/routing_agent:/home/csl/isaac_routing2_v2/install/my_waypoint_tools:/opt/ros/humble /usr/bin/cmake --build /home/csl/isaac_routing2_v2/build/spot_description -- -j16 -l16
[0.747s] Invoking command in '/home/csl/isaac_routing2_v2/build/spot_description': CMAKE_PREFIX_PATH=${CMAKE_PREFIX_PATH}:/home/csl/isaac_routing2_v2/install/spot_routing_nav:/home/csl/isaac_routing2_v2/install/routing_agent:/home/csl/isaac_routing2_v2/install/my_waypoint_tools:/opt/ros/humble /usr/bin/cmake --install /home/csl/isaac_routing2_v2/build/spot_description
[0.819s] -- Install configuration: ""
[0.819s] -- Up-to-date: /home/csl/isaac_routing2_v2/install/spot_description/share/spot_description/launch
[0.820s] -- Up-to-date: /home/csl/isaac_routing2_v2/install/spot_description/share/spot_description/launch/description.launch.py
[0.820s] -- Up-to-date: /home/csl/isaac_routing2_v2/install/spot_description/share/spot_description/launch/description.launch
[0.820s] -- Up-to-date: /home/csl/isaac_routing2_v2/install/spot_description/share/spot_description/meshes
[0.821s] -- Up-to-date: /home/csl/isaac_routing2_v2/install/spot_description/share/spot_description/meshes/front_left_hip_collision.stl
[0.821s] -- Up-to-date: /home/csl/isaac_routing2_v2/install/spot_description/share/spot_description/meshes/rear_left_upper_leg_collision.stl
[0.821s] -- Up-to-date: /home/csl/isaac_routing2_v2/install/spot_description/share/spot_description/meshes/front_right_upper_leg_collision.stl
[0.822s] -- Up-to-date: /home/csl/isaac_routing2_v2/install/spot_description/share/spot_description/meshes/rear_right_hip.dae
[0.822s] -- Up-to-date: /home/csl/isaac_routing2_v2/install/spot_description/share/spot_description/meshes/spot_mat.png
[0.822s] -- Up-to-date: /home/csl/isaac_routing2_v2/install/spot_description/share/spot_description/meshes/front_left_lower_leg.dae
[0.823s] -- Up-to-date: /home/csl/isaac_routing2_v2/install/spot_description/share/spot_description/meshes/rear_right_hip_collision.stl
[0.823s] -- Up-to-date: /home/csl/isaac_routing2_v2/install/spot_description/share/spot_description/meshes/front_right_hip.dae
[0.823s] -- Up-to-date: /home/csl/isaac_routing2_v2/install/spot_description/share/spot_description/meshes/front_right_lower_leg_collision.stl
[0.823s] -- Up-to-date: /home/csl/isaac_routing2_v2/install/spot_description/share/spot_description/meshes/body_collision.stl
[0.823s] -- Up-to-date: /home/csl/isaac_routing2_v2/install/spot_description/share/spot_description/meshes/rear_left_upper_leg.dae
[0.824s] -- Up-to-date: /home/csl/isaac_routing2_v2/install/spot_description/share/spot_description/meshes/rear_left_hip_collision.stl
[0.824s] -- Up-to-date: /home/csl/isaac_routing2_v2/install/spot_description/share/spot_description/meshes/rear_right_lower_leg_collision.stl
[0.825s] -- Up-to-date: /home/csl/isaac_routing2_v2/install/spot_description/share/spot_description/meshes/front_right_upper_leg.dae
[0.825s] -- Up-to-date: /home/csl/isaac_routing2_v2/install/spot_description/share/spot_description/meshes/front_left_upper_leg_collision.stl
[0.825s] -- Up-to-date: /home/csl/isaac_routing2_v2/install/spot_description/share/spot_description/meshes/front_left_hip.dae
[0.825s] -- Up-to-date: /home/csl/isaac_routing2_v2/install/spot_description/share/spot_description/meshes/rear_right_lower_leg.dae
[0.826s] -- Up-to-date: /home/csl/isaac_routing2_v2/install/spot_description/share/spot_description/meshes/rear_right_upper_leg.dae
[0.826s] -- Up-to-date: /home/csl/isaac_routing2_v2/install/spot_description/share/spot_description/meshes/front_left_lower_leg_collision.stl
[0.826s] -- Up-to-date: /home/csl/isaac_routing2_v2/install/spot_description/share/spot_description/meshes/front_right_hip_collision.stl
[0.826s] -- Up-to-date: /home/csl/isaac_routing2_v2/install/spot_description/share/spot_description/meshes/front_right_lower_leg.dae
[0.826s] -- Up-to-date: /home/csl/isaac_routing2_v2/install/spot_description/share/spot_description/meshes/rear_left_lower_leg.dae
[0.826s] -- Up-to-date: /home/csl/isaac_routing2_v2/install/spot_description/share/spot_description/meshes/front_left_upper_leg.dae
[0.826s] -- Up-to-date: /home/csl/isaac_routing2_v2/install/spot_description/share/spot_description/meshes/rear_left_lower_leg_collision.stl
[0.826s] -- Up-to-date: /home/csl/isaac_routing2_v2/install/spot_description/share/spot_description/meshes/rear_right_upper_leg_collision.stl
[0.826s] -- Up-to-date: /home/csl/isaac_routing2_v2/install/spot_description/share/spot_description/meshes/body.dae
[0.826s] -- Up-to-date: /home/csl/isaac_routing2_v2/install/spot_description/share/spot_description/meshes/rear_left_hip.dae
[0.827s] -- Up-to-date: /home/csl/isaac_routing2_v2/install/spot_description/share/spot_description/urdf
[0.827s] -- Up-to-date: /home/csl/isaac_routing2_v2/install/spot_description/share/spot_description/urdf/accessories.urdf.xacro
[0.829s] -- Up-to-date: /home/csl/isaac_routing2_v2/install/spot_description/share/spot_description/urdf/spot.urdf.xacro
[0.829s] -- Up-to-date: /home/csl/isaac_routing2_v2/install/spot_description/share/spot_description/urdf/empty.urdf
[0.829s] -- Up-to-date: /home/csl/isaac_routing2_v2/install/spot_description/share/spot_description/urdf/constants.urdf.xacro
[0.829s] -- Up-to-date: /home/csl/isaac_routing2_v2/install/spot_description/share/spot_description/urdf/spot
[0.830s] -- Up-to-date: /home/csl/isaac_routing2_v2/install/spot_description/share/spot_description/urdf/spot/materials
[0.830s] -- Up-to-date: /home/csl/isaac_routing2_v2/install/spot_description/share/spot_description/urdf/spot/materials/spot_mat.png
[0.830s] -- Up-to-date: /home/csl/isaac_routing2_v2/install/spot_description/share/spot_description/urdf/spot/spot.usd
[0.830s] -- Up-to-date: /home/csl/isaac_routing2_v2/install/spot_description/share/spot_description/urdf/spot.urdf
[0.830s] -- Up-to-date: /home/csl/isaac_routing2_v2/install/spot_description/share/spot_description/urdf/spot_leg.urdf.xacro
[0.830s] -- Up-to-date: /home/csl/isaac_routing2_v2/install/spot_description/share/ament_index/resource_index/package_run_dependencies/spot_description
[0.830s] -- Up-to-date: /home/csl/isaac_routing2_v2/install/spot_description/share/ament_index/resource_index/parent_prefix_path/spot_description
[0.830s] -- Up-to-date: /home/csl/isaac_routing2_v2/install/spot_description/share/spot_description/environment/ament_prefix_path.sh
[0.831s] -- Up-to-date: /home/csl/isaac_routing2_v2/install/spot_description/share/spot_description/environment/ament_prefix_path.dsv
[0.831s] -- Up-to-date: /home/csl/isaac_routing2_v2/install/spot_description/share/spot_description/environment/path.sh
[0.831s] -- Up-to-date: /home/csl/isaac_routing2_v2/install/spot_description/share/spot_description/environment/path.dsv
[0.831s] -- Up-to-date: /home/csl/isaac_routing2_v2/install/spot_description/share/spot_description/local_setup.bash
[0.831s] -- Up-to-date: /home/csl/isaac_routing2_v2/install/spot_description/share/spot_description/local_setup.sh
[0.831s] -- Up-to-date: /home/csl/isaac_routing2_v2/install/spot_description/share/spot_description/local_setup.zsh
[0.831s] -- Up-to-date: /home/csl/isaac_routing2_v2/install/spot_description/share/spot_description/local_setup.dsv
[0.831s] -- Installing: /home/csl/isaac_routing2_v2/install/spot_description/share/spot_description/package.dsv
[0.832s] -- Up-to-date: /home/csl/isaac_routing2_v2/install/spot_description/share/ament_index/resource_index/packages/spot_description
[0.832s] -- Up-to-date: /home/csl/isaac_routing2_v2/install/spot_description/share/spot_description/cmake/spot_descriptionConfig.cmake
[0.832s] -- Up-to-date: /home/csl/isaac_routing2_v2/install/spot_description/share/spot_description/cmake/spot_descriptionConfig-version.cmake
[0.832s] -- Up-to-date: /home/csl/isaac_routing2_v2/install/spot_description/share/spot_description/package.xml
[1.028s] Invoked command in '/home/csl/isaac_routing2_v2/build/spot_description' returned '0': CMAKE_PREFIX_PATH=${CMAKE_PREFIX_PATH}:/home/csl/isaac_routing2_v2/install/spot_routing_nav:/home/csl/isaac_routing2_v2/install/routing_agent:/home/csl/isaac_routing2_v2/install/my_waypoint_tools:/opt/ros/humble /usr/bin/cmake --install /home/csl/isaac_routing2_v2/build/spot_description
