-- Install configuration: ""
-- Up-to-date: /home/csl/isaac_routing2_v2/install/go2_description/share/go2_description/launch
-- Up-to-date: /home/csl/isaac_routing2_v2/install/go2_description/share/go2_description/launch/go2_rviz.launch
-- Up-to-date: /home/csl/isaac_routing2_v2/install/go2_description/share/go2_description/launch/check_joint.rviz
-- Up-to-date: /home/csl/isaac_routing2_v2/install/go2_description/share/go2_description/launch/description.launch.py
-- Up-to-date: /home/csl/isaac_routing2_v2/install/go2_description/share/go2_description/launch/gazebo.launch
-- Up-to-date: /home/csl/isaac_routing2_v2/install/go2_description/share/go2_description/meshes
-- Up-to-date: /home/csl/isaac_routing2_v2/install/go2_description/share/go2_description/meshes/calf.dae
-- Up-to-date: /home/csl/isaac_routing2_v2/install/go2_description/share/go2_description/meshes/calf_mirror.dae
-- Up-to-date: /home/csl/isaac_routing2_v2/install/go2_description/share/go2_description/meshes/trunk.dae
-- Up-to-date: /home/csl/isaac_routing2_v2/install/go2_description/share/go2_description/meshes/thigh.dae
-- Up-to-date: /home/csl/isaac_routing2_v2/install/go2_description/share/go2_description/meshes/foot.dae
-- Up-to-date: /home/csl/isaac_routing2_v2/install/go2_description/share/go2_description/meshes/thigh_mirror.dae
-- Up-to-date: /home/csl/isaac_routing2_v2/install/go2_description/share/go2_description/meshes/hip.dae
-- Up-to-date: /home/csl/isaac_routing2_v2/install/go2_description/share/go2_description/urdf
-- Up-to-date: /home/csl/isaac_routing2_v2/install/go2_description/share/go2_description/urdf/Normal_collision_model.png
-- Up-to-date: /home/csl/isaac_routing2_v2/install/go2_description/share/go2_description/urdf/Amended_collision_model.png
-- Up-to-date: /home/csl/isaac_routing2_v2/install/go2_description/share/go2_description/urdf/go2_description.urdf
-- Up-to-date: /home/csl/isaac_routing2_v2/install/go2_description/share/ament_index/resource_index/package_run_dependencies/go2_description
-- Up-to-date: /home/csl/isaac_routing2_v2/install/go2_description/share/ament_index/resource_index/parent_prefix_path/go2_description
-- Up-to-date: /home/csl/isaac_routing2_v2/install/go2_description/share/go2_description/environment/ament_prefix_path.sh
-- Up-to-date: /home/csl/isaac_routing2_v2/install/go2_description/share/go2_description/environment/ament_prefix_path.dsv
-- Up-to-date: /home/csl/isaac_routing2_v2/install/go2_description/share/go2_description/environment/path.sh
-- Up-to-date: /home/csl/isaac_routing2_v2/install/go2_description/share/go2_description/environment/path.dsv
-- Up-to-date: /home/csl/isaac_routing2_v2/install/go2_description/share/go2_description/local_setup.bash
-- Up-to-date: /home/csl/isaac_routing2_v2/install/go2_description/share/go2_description/local_setup.sh
-- Up-to-date: /home/csl/isaac_routing2_v2/install/go2_description/share/go2_description/local_setup.zsh
-- Up-to-date: /home/csl/isaac_routing2_v2/install/go2_description/share/go2_description/local_setup.dsv
-- Up-to-date: /home/csl/isaac_routing2_v2/install/go2_description/share/go2_description/package.dsv
-- Up-to-date: /home/csl/isaac_routing2_v2/install/go2_description/share/ament_index/resource_index/packages/go2_description
-- Up-to-date: /home/csl/isaac_routing2_v2/install/go2_description/share/go2_description/cmake/go2_descriptionConfig.cmake
-- Up-to-date: /home/csl/isaac_routing2_v2/install/go2_description/share/go2_description/cmake/go2_descriptionConfig-version.cmake
-- Up-to-date: /home/csl/isaac_routing2_v2/install/go2_description/share/go2_description/package.xml
