[0.012s] Invoking command in '/home/csl/isaac_routing2_v2/build/champ_bringup': AMENT_PREFIX_PATH=/home/csl/isaac_routing2_v2/install/champ_base:/home/csl/isaac_routing2_v2/install/champ_msgs:/home/csl/isaac_routing2_v2/install/champ_description:/home/csl/isaac_routing2_v2/install/champ:${AMENT_PREFIX_PATH} CMAKE_PREFIX_PATH=/home/csl/isaac_routing2_v2/install/champ_base:/home/csl/isaac_routing2_v2/install/champ_msgs:/home/csl/isaac_routing2_v2/install/champ_description:/home/csl/isaac_routing2_v2/install/champ:/opt/ros/humble LD_LIBRARY_PATH=/home/csl/isaac_routing2_v2/install/champ_base/lib:/home/csl/isaac_routing2_v2/install/champ_msgs/lib:${LD_LIBRARY_PATH} PATH=/home/csl/isaac_routing2_v2/install/champ_base/bin:${PATH} PYTHONPATH=/home/csl/isaac_routing2_v2/install/champ_msgs/local/lib/python3.10/dist-packages:${PYTHONPATH} /usr/bin/cmake /home/csl/isaac_routing2_v2/src/champ/champ_bringup -DCMAKE_INSTALL_PREFIX=/home/csl/isaac_routing2_v2/install/champ_bringup
[0.065s] -- The C compiler identification is GNU 12.3.0
[0.118s] -- The CXX compiler identification is GNU 11.4.0
[0.127s] -- Detecting C compiler ABI info
[0.185s] -- Detecting C compiler ABI info - done
[0.191s] -- Check for working C compiler: /usr/bin/cc - skipped
[0.191s] -- Detecting C compile features
[0.191s] -- Detecting C compile features - done
[0.194s] -- Detecting CXX compiler ABI info
[0.261s] -- Detecting CXX compiler ABI info - done
[0.267s] -- Check for working CXX compiler: /usr/bin/c++ - skipped
[0.267s] -- Detecting CXX compile features
[0.267s] -- Detecting CXX compile features - done
[0.270s] -- Found ament_cmake: 1.3.10 (/opt/ros/humble/share/ament_cmake/cmake)
[0.412s] -- Found Python3: /usr/bin/python3 (found version "3.10.12") found components: Interpreter 
[0.654s] -- Configuring done
[0.659s] -- Generating done
[0.661s] -- Build files have been written to: /home/csl/isaac_routing2_v2/build/champ_bringup
[0.666s] Invoked command in '/home/csl/isaac_routing2_v2/build/champ_bringup' returned '0': AMENT_PREFIX_PATH=/home/csl/isaac_routing2_v2/install/champ_base:/home/csl/isaac_routing2_v2/install/champ_msgs:/home/csl/isaac_routing2_v2/install/champ_description:/home/csl/isaac_routing2_v2/install/champ:${AMENT_PREFIX_PATH} CMAKE_PREFIX_PATH=/home/csl/isaac_routing2_v2/install/champ_base:/home/csl/isaac_routing2_v2/install/champ_msgs:/home/csl/isaac_routing2_v2/install/champ_description:/home/csl/isaac_routing2_v2/install/champ:/opt/ros/humble LD_LIBRARY_PATH=/home/csl/isaac_routing2_v2/install/champ_base/lib:/home/csl/isaac_routing2_v2/install/champ_msgs/lib:${LD_LIBRARY_PATH} PATH=/home/csl/isaac_routing2_v2/install/champ_base/bin:${PATH} PYTHONPATH=/home/csl/isaac_routing2_v2/install/champ_msgs/local/lib/python3.10/dist-packages:${PYTHONPATH} /usr/bin/cmake /home/csl/isaac_routing2_v2/src/champ/champ_bringup -DCMAKE_INSTALL_PREFIX=/home/csl/isaac_routing2_v2/install/champ_bringup
[0.667s] Invoking command in '/home/csl/isaac_routing2_v2/build/champ_bringup': AMENT_PREFIX_PATH=/home/csl/isaac_routing2_v2/install/champ_base:/home/csl/isaac_routing2_v2/install/champ_msgs:/home/csl/isaac_routing2_v2/install/champ_description:/home/csl/isaac_routing2_v2/install/champ:${AMENT_PREFIX_PATH} CMAKE_PREFIX_PATH=/home/csl/isaac_routing2_v2/install/champ_base:/home/csl/isaac_routing2_v2/install/champ_msgs:/home/csl/isaac_routing2_v2/install/champ_description:/home/csl/isaac_routing2_v2/install/champ:/opt/ros/humble LD_LIBRARY_PATH=/home/csl/isaac_routing2_v2/install/champ_base/lib:/home/csl/isaac_routing2_v2/install/champ_msgs/lib:${LD_LIBRARY_PATH} PATH=/home/csl/isaac_routing2_v2/install/champ_base/bin:${PATH} PYTHONPATH=/home/csl/isaac_routing2_v2/install/champ_msgs/local/lib/python3.10/dist-packages:${PYTHONPATH} /usr/bin/cmake --build /home/csl/isaac_routing2_v2/build/champ_bringup -- -j16 -l16
[0.697s] Built target ament_cmake_python_copy_champ_bringup
[0.955s] running egg_info
[0.955s] creating champ_bringup.egg-info
[0.956s] writing champ_bringup.egg-info/PKG-INFO
[0.956s] writing dependency_links to champ_bringup.egg-info/dependency_links.txt
[0.956s] writing top-level names to champ_bringup.egg-info/top_level.txt
[0.956s] writing manifest file 'champ_bringup.egg-info/SOURCES.txt'
[0.958s] reading manifest file 'champ_bringup.egg-info/SOURCES.txt'
[0.959s] writing manifest file 'champ_bringup.egg-info/SOURCES.txt'
[0.986s] Built target ament_cmake_python_build_champ_bringup_egg
[0.991s] Invoked command in '/home/csl/isaac_routing2_v2/build/champ_bringup' returned '0': AMENT_PREFIX_PATH=/home/csl/isaac_routing2_v2/install/champ_base:/home/csl/isaac_routing2_v2/install/champ_msgs:/home/csl/isaac_routing2_v2/install/champ_description:/home/csl/isaac_routing2_v2/install/champ:${AMENT_PREFIX_PATH} CMAKE_PREFIX_PATH=/home/csl/isaac_routing2_v2/install/champ_base:/home/csl/isaac_routing2_v2/install/champ_msgs:/home/csl/isaac_routing2_v2/install/champ_description:/home/csl/isaac_routing2_v2/install/champ:/opt/ros/humble LD_LIBRARY_PATH=/home/csl/isaac_routing2_v2/install/champ_base/lib:/home/csl/isaac_routing2_v2/install/champ_msgs/lib:${LD_LIBRARY_PATH} PATH=/home/csl/isaac_routing2_v2/install/champ_base/bin:${PATH} PYTHONPATH=/home/csl/isaac_routing2_v2/install/champ_msgs/local/lib/python3.10/dist-packages:${PYTHONPATH} /usr/bin/cmake --build /home/csl/isaac_routing2_v2/build/champ_bringup -- -j16 -l16
[0.992s] Invoking command in '/home/csl/isaac_routing2_v2/build/champ_bringup': AMENT_PREFIX_PATH=/home/csl/isaac_routing2_v2/install/champ_base:/home/csl/isaac_routing2_v2/install/champ_msgs:/home/csl/isaac_routing2_v2/install/champ_description:/home/csl/isaac_routing2_v2/install/champ:${AMENT_PREFIX_PATH} CMAKE_PREFIX_PATH=/home/csl/isaac_routing2_v2/install/champ_base:/home/csl/isaac_routing2_v2/install/champ_msgs:/home/csl/isaac_routing2_v2/install/champ_description:/home/csl/isaac_routing2_v2/install/champ:/opt/ros/humble LD_LIBRARY_PATH=/home/csl/isaac_routing2_v2/install/champ_base/lib:/home/csl/isaac_routing2_v2/install/champ_msgs/lib:${LD_LIBRARY_PATH} PATH=/home/csl/isaac_routing2_v2/install/champ_base/bin:${PATH} PYTHONPATH=/home/csl/isaac_routing2_v2/install/champ_msgs/local/lib/python3.10/dist-packages:${PYTHONPATH} /usr/bin/cmake --install /home/csl/isaac_routing2_v2/build/champ_bringup
[0.996s] -- Install configuration: ""
[0.996s] -- Installing: /home/csl/isaac_routing2_v2/install/champ_bringup/share/champ_bringup/launch
[0.996s] -- Installing: /home/csl/isaac_routing2_v2/install/champ_bringup/share/champ_bringup/launch/go1bringup.launch.py
[0.997s] -- Installing: /home/csl/isaac_routing2_v2/install/champ_bringup/share/champ_bringup/launch/bringup.launch.py
[0.997s] -- Installing: /home/csl/isaac_routing2_v2/install/champ_bringup/share/champ_bringup/launch/spotbringup.launch.py
[0.997s] -- Installing: /home/csl/isaac_routing2_v2/install/champ_bringup/share/champ_bringup/launch/joints_gui.launch.py
[0.997s] -- Installing: /home/csl/isaac_routing2_v2/install/champ_bringup/share/champ_bringup/environment/pythonpath.sh
[0.998s] -- Installing: /home/csl/isaac_routing2_v2/install/champ_bringup/share/champ_bringup/environment/pythonpath.dsv
[0.998s] -- Installing: /home/csl/isaac_routing2_v2/install/champ_bringup/local/lib/python3.10/dist-packages/champ_bringup-0.1.0-py3.10.egg-info
[0.998s] -- Installing: /home/csl/isaac_routing2_v2/install/champ_bringup/local/lib/python3.10/dist-packages/champ_bringup-0.1.0-py3.10.egg-info/SOURCES.txt
[0.998s] -- Installing: /home/csl/isaac_routing2_v2/install/champ_bringup/local/lib/python3.10/dist-packages/champ_bringup-0.1.0-py3.10.egg-info/dependency_links.txt
[0.998s] -- Installing: /home/csl/isaac_routing2_v2/install/champ_bringup/local/lib/python3.10/dist-packages/champ_bringup-0.1.0-py3.10.egg-info/PKG-INFO
[0.998s] -- Installing: /home/csl/isaac_routing2_v2/install/champ_bringup/local/lib/python3.10/dist-packages/champ_bringup-0.1.0-py3.10.egg-info/top_level.txt
[0.998s] -- Installing: /home/csl/isaac_routing2_v2/install/champ_bringup/local/lib/python3.10/dist-packages/champ_bringup
[0.999s] -- Installing: /home/csl/isaac_routing2_v2/install/champ_bringup/local/lib/python3.10/dist-packages/champ_bringup/__init__.py
[0.999s] -- Installing: /home/csl/isaac_routing2_v2/install/champ_bringup/local/lib/python3.10/dist-packages/champ_bringup/joint_calibrator_relay.py
[1.029s] Listing '/home/csl/isaac_routing2_v2/install/champ_bringup/local/lib/python3.10/dist-packages/champ_bringup'...
[1.029s] Compiling '/home/csl/isaac_routing2_v2/install/champ_bringup/local/lib/python3.10/dist-packages/champ_bringup/__init__.py'...
[1.029s] Compiling '/home/csl/isaac_routing2_v2/install/champ_bringup/local/lib/python3.10/dist-packages/champ_bringup/joint_calibrator_relay.py'...
[1.033s] -- Installing: /home/csl/isaac_routing2_v2/install/champ_bringup/lib/champ_bringup/joint_calibrator_relay.py
[1.034s] -- Installing: /home/csl/isaac_routing2_v2/install/champ_bringup/share/ament_index/resource_index/package_run_dependencies/champ_bringup
[1.034s] -- Installing: /home/csl/isaac_routing2_v2/install/champ_bringup/share/ament_index/resource_index/parent_prefix_path/champ_bringup
[1.034s] -- Installing: /home/csl/isaac_routing2_v2/install/champ_bringup/share/champ_bringup/environment/ament_prefix_path.sh
[1.034s] -- Installing: /home/csl/isaac_routing2_v2/install/champ_bringup/share/champ_bringup/environment/ament_prefix_path.dsv
[1.034s] -- Installing: /home/csl/isaac_routing2_v2/install/champ_bringup/share/champ_bringup/environment/path.sh
[1.034s] -- Installing: /home/csl/isaac_routing2_v2/install/champ_bringup/share/champ_bringup/environment/path.dsv
[1.035s] -- Installing: /home/csl/isaac_routing2_v2/install/champ_bringup/share/champ_bringup/local_setup.bash
[1.035s] -- Installing: /home/csl/isaac_routing2_v2/install/champ_bringup/share/champ_bringup/local_setup.sh
[1.035s] -- Installing: /home/csl/isaac_routing2_v2/install/champ_bringup/share/champ_bringup/local_setup.zsh
[1.035s] -- Installing: /home/csl/isaac_routing2_v2/install/champ_bringup/share/champ_bringup/local_setup.dsv
[1.035s] -- Installing: /home/csl/isaac_routing2_v2/install/champ_bringup/share/champ_bringup/package.dsv
[1.036s] -- Installing: /home/csl/isaac_routing2_v2/install/champ_bringup/share/ament_index/resource_index/packages/champ_bringup
[1.036s] -- Installing: /home/csl/isaac_routing2_v2/install/champ_bringup/share/champ_bringup/cmake/champ_bringupConfig.cmake
[1.036s] -- Installing: /home/csl/isaac_routing2_v2/install/champ_bringup/share/champ_bringup/cmake/champ_bringupConfig-version.cmake
[1.036s] -- Installing: /home/csl/isaac_routing2_v2/install/champ_bringup/share/champ_bringup/package.xml
[1.038s] Invoked command in '/home/csl/isaac_routing2_v2/build/champ_bringup' returned '0': AMENT_PREFIX_PATH=/home/csl/isaac_routing2_v2/install/champ_base:/home/csl/isaac_routing2_v2/install/champ_msgs:/home/csl/isaac_routing2_v2/install/champ_description:/home/csl/isaac_routing2_v2/install/champ:${AMENT_PREFIX_PATH} CMAKE_PREFIX_PATH=/home/csl/isaac_routing2_v2/install/champ_base:/home/csl/isaac_routing2_v2/install/champ_msgs:/home/csl/isaac_routing2_v2/install/champ_description:/home/csl/isaac_routing2_v2/install/champ:/opt/ros/humble LD_LIBRARY_PATH=/home/csl/isaac_routing2_v2/install/champ_base/lib:/home/csl/isaac_routing2_v2/install/champ_msgs/lib:${LD_LIBRARY_PATH} PATH=/home/csl/isaac_routing2_v2/install/champ_base/bin:${PATH} PYTHONPATH=/home/csl/isaac_routing2_v2/install/champ_msgs/local/lib/python3.10/dist-packages:${PYTHONPATH} /usr/bin/cmake --install /home/csl/isaac_routing2_v2/build/champ_bringup
