[0.123s] Invoking command in '/home/csl/isaac_routing2_v2/build/pcl_localization_ros2': AMENT_PREFIX_PATH=/home/csl/isaac_routing2_v2/install/ndt_omp_ros2:${AMENT_PREFIX_PATH} CMAKE_PREFIX_PATH=/home/csl/isaac_routing2_v2/install/ndt_omp_ros2:/opt/ros/humble PATH=/home/csl/isaac_routing2_v2/install/ndt_omp_ros2/bin:${PATH} /usr/bin/cmake --build /home/csl/isaac_routing2_v2/build/pcl_localization_ros2 -- -j16 -l16
[0.181s] [ 50%] Built target pcl_localization_component
[0.220s] [100%] Built target pcl_localization_node
[0.429s] Invoked command in '/home/csl/isaac_routing2_v2/build/pcl_localization_ros2' returned '0': AMENT_PREFIX_PATH=/home/csl/isaac_routing2_v2/install/ndt_omp_ros2:${AMENT_PREFIX_PATH} CMAKE_PREFIX_PATH=/home/csl/isaac_routing2_v2/install/ndt_omp_ros2:/opt/ros/humble PATH=/home/csl/isaac_routing2_v2/install/ndt_omp_ros2/bin:${PATH} /usr/bin/cmake --build /home/csl/isaac_routing2_v2/build/pcl_localization_ros2 -- -j16 -l16
[0.430s] Invoking command in '/home/csl/isaac_routing2_v2/build/pcl_localization_ros2': AMENT_PREFIX_PATH=/home/csl/isaac_routing2_v2/install/ndt_omp_ros2:${AMENT_PREFIX_PATH} CMAKE_PREFIX_PATH=/home/csl/isaac_routing2_v2/install/ndt_omp_ros2:/opt/ros/humble PATH=/home/csl/isaac_routing2_v2/install/ndt_omp_ros2/bin:${PATH} /usr/bin/cmake --install /home/csl/isaac_routing2_v2/build/pcl_localization_ros2
[0.436s] -- Install configuration: ""
[0.436s] -- Up-to-date: /home/csl/isaac_routing2_v2/install/pcl_localization_ros2/share/pcl_localization_ros2/environment/library_path.sh
[0.436s] -- Up-to-date: /home/csl/isaac_routing2_v2/install/pcl_localization_ros2/share/pcl_localization_ros2/environment/library_path.dsv
[0.436s] -- Up-to-date: /home/csl/isaac_routing2_v2/install/pcl_localization_ros2/lib/pcl_localization_ros2/pcl_localization_node
[0.437s] -- Up-to-date: /home/csl/isaac_routing2_v2/install/pcl_localization_ros2/lib/libpcl_localization_component.so
[0.437s] -- Up-to-date: /home/csl/isaac_routing2_v2/install/pcl_localization_ros2/share/pcl_localization_ros2//launch
[0.437s] -- Up-to-date: /home/csl/isaac_routing2_v2/install/pcl_localization_ros2/share/pcl_localization_ros2//launch/pcl_localization.launch.py
[0.437s] -- Up-to-date: /home/csl/isaac_routing2_v2/install/pcl_localization_ros2/share/pcl_localization_ros2//param
[0.437s] -- Up-to-date: /home/csl/isaac_routing2_v2/install/pcl_localization_ros2/share/pcl_localization_ros2//param/localization.yaml
[0.437s] -- Up-to-date: /home/csl/isaac_routing2_v2/install/pcl_localization_ros2/share/ament_index/resource_index/package_run_dependencies/pcl_localization_ros2
[0.437s] -- Up-to-date: /home/csl/isaac_routing2_v2/install/pcl_localization_ros2/share/ament_index/resource_index/parent_prefix_path/pcl_localization_ros2
[0.437s] -- Up-to-date: /home/csl/isaac_routing2_v2/install/pcl_localization_ros2/share/pcl_localization_ros2/environment/ament_prefix_path.sh
[0.437s] -- Up-to-date: /home/csl/isaac_routing2_v2/install/pcl_localization_ros2/share/pcl_localization_ros2/environment/ament_prefix_path.dsv
[0.437s] -- Up-to-date: /home/csl/isaac_routing2_v2/install/pcl_localization_ros2/share/pcl_localization_ros2/environment/path.sh
[0.438s] -- Up-to-date: /home/csl/isaac_routing2_v2/install/pcl_localization_ros2/share/pcl_localization_ros2/environment/path.dsv
[0.438s] -- Up-to-date: /home/csl/isaac_routing2_v2/install/pcl_localization_ros2/share/pcl_localization_ros2/local_setup.bash
[0.438s] -- Up-to-date: /home/csl/isaac_routing2_v2/install/pcl_localization_ros2/share/pcl_localization_ros2/local_setup.sh
[0.438s] -- Up-to-date: /home/csl/isaac_routing2_v2/install/pcl_localization_ros2/share/pcl_localization_ros2/local_setup.zsh
[0.438s] -- Up-to-date: /home/csl/isaac_routing2_v2/install/pcl_localization_ros2/share/pcl_localization_ros2/local_setup.dsv
[0.438s] -- Installing: /home/csl/isaac_routing2_v2/install/pcl_localization_ros2/share/pcl_localization_ros2/package.dsv
[0.438s] -- Up-to-date: /home/csl/isaac_routing2_v2/install/pcl_localization_ros2/share/ament_index/resource_index/packages/pcl_localization_ros2
[0.438s] -- Up-to-date: /home/csl/isaac_routing2_v2/install/pcl_localization_ros2/share/pcl_localization_ros2/cmake/ament_cmake_export_libraries-extras.cmake
[0.438s] -- Up-to-date: /home/csl/isaac_routing2_v2/install/pcl_localization_ros2/share/pcl_localization_ros2/cmake/pcl_localization_ros2Config.cmake
[0.438s] -- Up-to-date: /home/csl/isaac_routing2_v2/install/pcl_localization_ros2/share/pcl_localization_ros2/cmake/pcl_localization_ros2Config-version.cmake
[0.438s] -- Up-to-date: /home/csl/isaac_routing2_v2/install/pcl_localization_ros2/share/pcl_localization_ros2/package.xml
[0.460s] Invoked command in '/home/csl/isaac_routing2_v2/build/pcl_localization_ros2' returned '0': AMENT_PREFIX_PATH=/home/csl/isaac_routing2_v2/install/ndt_omp_ros2:${AMENT_PREFIX_PATH} CMAKE_PREFIX_PATH=/home/csl/isaac_routing2_v2/install/ndt_omp_ros2:/opt/ros/humble PATH=/home/csl/isaac_routing2_v2/install/ndt_omp_ros2/bin:${PATH} /usr/bin/cmake --install /home/csl/isaac_routing2_v2/build/pcl_localization_ros2
