[0.056s] Invoking command in '/home/csl/isaac_routing2_v2/build/go2_description': CMAKE_PREFIX_PATH=/opt/ros/humble /usr/bin/cmake /home/csl/isaac_routing2_v2/src/champ/go2_description -DCMAKE_INSTALL_PREFIX=/home/csl/isaac_routing2_v2/install/go2_description
[0.902s] -- The C compiler identification is GNU 12.3.0
[0.903s] -- The CXX compiler identification is GNU 11.4.0
[0.903s] -- Detecting C compiler ABI info
[0.903s] -- Detecting C compiler ABI info - done
[0.903s] -- Check for working C compiler: /usr/bin/cc - skipped
[0.903s] -- Detecting C compile features
[0.903s] -- Detecting C compile features - done
[0.903s] -- Detecting CXX compiler ABI info
[0.903s] -- Detecting CXX compiler ABI info - done
[0.903s] -- Check for working CXX compiler: /usr/bin/c++ - skipped
[0.903s] -- Detecting CXX compile features
[0.903s] -- Detecting CXX compile features - done
[0.903s] -- Found ament_cmake: 1.3.10 (/opt/ros/humble/share/ament_cmake/cmake)
[0.903s] -- Found Python3: /usr/bin/python3 (found version "3.10.12") found components: Interpreter 
[0.904s] -- Found ament_lint_auto: 0.12.11 (/opt/ros/humble/share/ament_lint_auto/cmake)
[0.957s] -- Configuring done
[0.961s] -- Generating done
[0.965s] -- Build files have been written to: /home/csl/isaac_routing2_v2/build/go2_description
[0.983s] Invoked command in '/home/csl/isaac_routing2_v2/build/go2_description' returned '0': CMAKE_PREFIX_PATH=/opt/ros/humble /usr/bin/cmake /home/csl/isaac_routing2_v2/src/champ/go2_description -DCMAKE_INSTALL_PREFIX=/home/csl/isaac_routing2_v2/install/go2_description
[0.984s] Invoking command in '/home/csl/isaac_routing2_v2/build/go2_description': CMAKE_PREFIX_PATH=/opt/ros/humble /usr/bin/cmake --build /home/csl/isaac_routing2_v2/build/go2_description -- -j16 -l16
[1.023s] Invoked command in '/home/csl/isaac_routing2_v2/build/go2_description' returned '0': CMAKE_PREFIX_PATH=/opt/ros/humble /usr/bin/cmake --build /home/csl/isaac_routing2_v2/build/go2_description -- -j16 -l16
[1.023s] Invoking command in '/home/csl/isaac_routing2_v2/build/go2_description': CMAKE_PREFIX_PATH=/opt/ros/humble /usr/bin/cmake --install /home/csl/isaac_routing2_v2/build/go2_description
[1.036s] -- Install configuration: ""
[1.036s] -- Installing: /home/csl/isaac_routing2_v2/install/go2_description/share/go2_description/launch
[1.037s] -- Installing: /home/csl/isaac_routing2_v2/install/go2_description/share/go2_description/launch/go2_rviz.launch
[1.037s] -- Installing: /home/csl/isaac_routing2_v2/install/go2_description/share/go2_description/launch/check_joint.rviz
[1.037s] -- Installing: /home/csl/isaac_routing2_v2/install/go2_description/share/go2_description/launch/description.launch.py
[1.041s] -- Installing: /home/csl/isaac_routing2_v2/install/go2_description/share/go2_description/launch/gazebo.launch
[1.042s] -- Installing: /home/csl/isaac_routing2_v2/install/go2_description/share/go2_description/meshes
[1.043s] -- Installing: /home/csl/isaac_routing2_v2/install/go2_description/share/go2_description/meshes/calf.dae
[1.043s] -- Installing: /home/csl/isaac_routing2_v2/install/go2_description/share/go2_description/meshes/calf_mirror.dae
[1.048s] -- Installing: /home/csl/isaac_routing2_v2/install/go2_description/share/go2_description/meshes/trunk.dae
[1.058s] -- Installing: /home/csl/isaac_routing2_v2/install/go2_description/share/go2_description/meshes/thigh.dae
[1.076s] -- Installing: /home/csl/isaac_routing2_v2/install/go2_description/share/go2_description/meshes/foot.dae
[1.076s] -- Installing: /home/csl/isaac_routing2_v2/install/go2_description/share/go2_description/meshes/thigh_mirror.dae
[1.081s] -- Installing: /home/csl/isaac_routing2_v2/install/go2_description/share/go2_description/meshes/hip.dae
[1.086s] -- Installing: /home/csl/isaac_routing2_v2/install/go2_description/share/go2_description/urdf
[1.086s] -- Installing: /home/csl/isaac_routing2_v2/install/go2_description/share/go2_description/urdf/Normal_collision_model.png
[1.087s] -- Installing: /home/csl/isaac_routing2_v2/install/go2_description/share/go2_description/urdf/Amended_collision_model.png
[1.089s] -- Installing: /home/csl/isaac_routing2_v2/install/go2_description/share/go2_description/urdf/go2_description.urdf
[1.090s] -- Installing: /home/csl/isaac_routing2_v2/install/go2_description/share/ament_index/resource_index/package_run_dependencies/go2_description
[1.095s] -- Installing: /home/csl/isaac_routing2_v2/install/go2_description/share/ament_index/resource_index/parent_prefix_path/go2_description
[1.095s] -- Installing: /home/csl/isaac_routing2_v2/install/go2_description/share/go2_description/environment/ament_prefix_path.sh
[1.096s] -- Installing: /home/csl/isaac_routing2_v2/install/go2_description/share/go2_description/environment/ament_prefix_path.dsv
[1.096s] -- Installing: /home/csl/isaac_routing2_v2/install/go2_description/share/go2_description/environment/path.sh
[1.096s] -- Installing: /home/csl/isaac_routing2_v2/install/go2_description/share/go2_description/environment/path.dsv
[1.096s] -- Installing: /home/csl/isaac_routing2_v2/install/go2_description/share/go2_description/local_setup.bash
[1.097s] -- Installing: /home/csl/isaac_routing2_v2/install/go2_description/share/go2_description/local_setup.sh
[1.098s] -- Installing: /home/csl/isaac_routing2_v2/install/go2_description/share/go2_description/local_setup.zsh
[1.098s] -- Installing: /home/csl/isaac_routing2_v2/install/go2_description/share/go2_description/local_setup.dsv
[1.098s] -- Installing: /home/csl/isaac_routing2_v2/install/go2_description/share/go2_description/package.dsv
[1.100s] -- Installing: /home/csl/isaac_routing2_v2/install/go2_description/share/ament_index/resource_index/packages/go2_description
[1.100s] -- Installing: /home/csl/isaac_routing2_v2/install/go2_description/share/go2_description/cmake/go2_descriptionConfig.cmake
[1.100s] -- Installing: /home/csl/isaac_routing2_v2/install/go2_description/share/go2_description/cmake/go2_descriptionConfig-version.cmake
[1.101s] -- Installing: /home/csl/isaac_routing2_v2/install/go2_description/share/go2_description/package.xml
[1.169s] Invoked command in '/home/csl/isaac_routing2_v2/build/go2_description' returned '0': CMAKE_PREFIX_PATH=/opt/ros/humble /usr/bin/cmake --install /home/csl/isaac_routing2_v2/build/go2_description
