[1.642s] Invoking command in '/home/csl/isaac_routing2_v2/src/spot_routing_nav': PYTHONPATH=/home/csl/isaac_routing2_v2/build/spot_routing_nav/prefix_override:/usr/lib/python3/dist-packages/colcon_core/task/python/colcon_distutils_commands:/home/csl/isaac_routing2_v2/install/spot_routing_nav/lib/python3.10/site-packages:${PYTHONPATH} /usr/bin/python3 -W ignore:setup.py install is deprecated -W ignore:easy_install command is deprecated setup.py egg_info --egg-base ../../build/spot_routing_nav build --build-base /home/csl/isaac_routing2_v2/build/spot_routing_nav/build install --record /home/csl/isaac_routing2_v2/build/spot_routing_nav/install.log --single-version-externally-managed install_data
[1.934s] running egg_info
[1.935s] writing ../../build/spot_routing_nav/spot_routing_nav.egg-info/PKG-INFO
[1.935s] writing dependency_links to ../../build/spot_routing_nav/spot_routing_nav.egg-info/dependency_links.txt
[1.935s] writing entry points to ../../build/spot_routing_nav/spot_routing_nav.egg-info/entry_points.txt
[1.936s] writing requirements to ../../build/spot_routing_nav/spot_routing_nav.egg-info/requires.txt
[1.936s] writing top-level names to ../../build/spot_routing_nav/spot_routing_nav.egg-info/top_level.txt
[1.938s] reading manifest file '../../build/spot_routing_nav/spot_routing_nav.egg-info/SOURCES.txt'
[1.939s] writing manifest file '../../build/spot_routing_nav/spot_routing_nav.egg-info/SOURCES.txt'
[1.939s] running build
[1.939s] running build_py
[1.939s] copying spot_routing_nav/waypoint_nav.py -> /home/csl/isaac_routing2_v2/build/spot_routing_nav/build/lib/spot_routing_nav
[1.940s] running install
[1.941s] running install_lib
[1.941s] copying /home/csl/isaac_routing2_v2/build/spot_routing_nav/build/lib/spot_routing_nav/waypoint_nav.py -> /home/csl/isaac_routing2_v2/install/spot_routing_nav/lib/python3.10/site-packages/spot_routing_nav
[1.942s] byte-compiling /home/csl/isaac_routing2_v2/install/spot_routing_nav/lib/python3.10/site-packages/spot_routing_nav/waypoint_nav.py to waypoint_nav.cpython-310.pyc
[1.944s] running install_data
[1.948s] running install_egg_info
[1.948s] removing '/home/csl/isaac_routing2_v2/install/spot_routing_nav/lib/python3.10/site-packages/spot_routing_nav-0.0.0-py3.10.egg-info' (and everything under it)
[1.949s] Copying ../../build/spot_routing_nav/spot_routing_nav.egg-info to /home/csl/isaac_routing2_v2/install/spot_routing_nav/lib/python3.10/site-packages/spot_routing_nav-0.0.0-py3.10.egg-info
[1.949s] running install_scripts
[1.973s] Installing nav_to_pose script to /home/csl/isaac_routing2_v2/install/spot_routing_nav/lib/spot_routing_nav
[1.973s] Installing waypoint_nav script to /home/csl/isaac_routing2_v2/install/spot_routing_nav/lib/spot_routing_nav
[1.974s] writing list of installed files to '/home/csl/isaac_routing2_v2/build/spot_routing_nav/install.log'
[2.037s] Invoked command in '/home/csl/isaac_routing2_v2/src/spot_routing_nav' returned '0': PYTHONPATH=/home/csl/isaac_routing2_v2/build/spot_routing_nav/prefix_override:/usr/lib/python3/dist-packages/colcon_core/task/python/colcon_distutils_commands:/home/csl/isaac_routing2_v2/install/spot_routing_nav/lib/python3.10/site-packages:${PYTHONPATH} /usr/bin/python3 -W ignore:setup.py install is deprecated -W ignore:easy_install command is deprecated setup.py egg_info --egg-base ../../build/spot_routing_nav build --build-base /home/csl/isaac_routing2_v2/build/spot_routing_nav/build install --record /home/csl/isaac_routing2_v2/build/spot_routing_nav/install.log --single-version-externally-managed install_data
