running egg_info
writing ../../build/spot_routing_nav/spot_routing_nav.egg-info/PKG-INFO
writing dependency_links to ../../build/spot_routing_nav/spot_routing_nav.egg-info/dependency_links.txt
writing entry points to ../../build/spot_routing_nav/spot_routing_nav.egg-info/entry_points.txt
writing requirements to ../../build/spot_routing_nav/spot_routing_nav.egg-info/requires.txt
writing top-level names to ../../build/spot_routing_nav/spot_routing_nav.egg-info/top_level.txt
reading manifest file '../../build/spot_routing_nav/spot_routing_nav.egg-info/SOURCES.txt'
writing manifest file '../../build/spot_routing_nav/spot_routing_nav.egg-info/SOURCES.txt'
running build
running build_py
running install
running install_lib
running install_data
running install_egg_info
removing '/home/csl/isaac_routing2_v2/install/spot_routing_nav/lib/python3.10/site-packages/spot_routing_nav-0.0.0-py3.10.egg-info' (and everything under it)
Copying ../../build/spot_routing_nav/spot_routing_nav.egg-info to /home/csl/isaac_routing2_v2/install/spot_routing_nav/lib/python3.10/site-packages/spot_routing_nav-0.0.0-py3.10.egg-info
running install_scripts
Installing nav_to_pose script to /home/csl/isaac_routing2_v2/install/spot_routing_nav/lib/spot_routing_nav
Installing waypoint_nav script to /home/csl/isaac_routing2_v2/install/spot_routing_nav/lib/spot_routing_nav
writing list of installed files to '/home/csl/isaac_routing2_v2/build/spot_routing_nav/install.log'
