[1.695s] Invoking command in '/home/csl/isaac_routing2_v2/src/user_tools': PYTHONPATH=/home/csl/isaac_routing2_v2/build/user_tools/prefix_override:/usr/lib/python3/dist-packages/colcon_core/task/python/colcon_distutils_commands:/home/csl/isaac_routing2_v2/install/user_tools/lib/python3.10/site-packages:${PYTHONPATH} /usr/bin/python3 -W ignore:setup.py install is deprecated -W ignore:easy_install command is deprecated setup.py egg_info --egg-base ../../build/user_tools build --build-base /home/csl/isaac_routing2_v2/build/user_tools/build install --record /home/csl/isaac_routing2_v2/build/user_tools/install.log --single-version-externally-managed install_data
[2.015s] running egg_info
[2.016s] writing ../../build/user_tools/user_tools.egg-info/PKG-INFO
[2.016s] writing dependency_links to ../../build/user_tools/user_tools.egg-info/dependency_links.txt
[2.017s] writing entry points to ../../build/user_tools/user_tools.egg-info/entry_points.txt
[2.017s] writing requirements to ../../build/user_tools/user_tools.egg-info/requires.txt
[2.017s] writing top-level names to ../../build/user_tools/user_tools.egg-info/top_level.txt
[2.020s] reading manifest file '../../build/user_tools/user_tools.egg-info/SOURCES.txt'
[2.021s] writing manifest file '../../build/user_tools/user_tools.egg-info/SOURCES.txt'
[2.022s] running build
[2.022s] running build_py
[2.022s] running install
[2.022s] running install_lib
[2.024s] running install_data
[2.025s] running install_egg_info
[2.028s] removing '/home/csl/isaac_routing2_v2/install/user_tools/lib/python3.10/site-packages/user_tools-0.0.0-py3.10.egg-info' (and everything under it)
[2.028s] Copying ../../build/user_tools/user_tools.egg-info to /home/csl/isaac_routing2_v2/install/user_tools/lib/python3.10/site-packages/user_tools-0.0.0-py3.10.egg-info
[2.030s] running install_scripts
[2.064s] Installing goal_select script to /home/csl/isaac_routing2_v2/install/user_tools/lib/user_tools
[2.065s] writing list of installed files to '/home/csl/isaac_routing2_v2/build/user_tools/install.log'
[2.129s] Invoked command in '/home/csl/isaac_routing2_v2/src/user_tools' returned '0': PYTHONPATH=/home/csl/isaac_routing2_v2/build/user_tools/prefix_override:/usr/lib/python3/dist-packages/colcon_core/task/python/colcon_distutils_commands:/home/csl/isaac_routing2_v2/install/user_tools/lib/python3.10/site-packages:${PYTHONPATH} /usr/bin/python3 -W ignore:setup.py install is deprecated -W ignore:easy_install command is deprecated setup.py egg_info --egg-base ../../build/user_tools build --build-base /home/csl/isaac_routing2_v2/build/user_tools/build install --record /home/csl/isaac_routing2_v2/build/user_tools/install.log --single-version-externally-managed install_data
