[0.116s] Invoking command in '/home/csl/isaac_routing2_v2/build/champ_config': CMAKE_PREFIX_PATH=${CMAKE_PREFIX_PATH}:/home/csl/isaac_routing2_v2/install/user_tools:/home/csl/isaac_routing2_v2/install/spot_routing_nav:/home/csl/isaac_routing2_v2/install/routing_agent:/home/csl/isaac_routing2_v2/install/my_waypoint_tools:/opt/ros/humble /usr/bin/cmake --build /home/csl/isaac_routing2_v2/build/champ_config -- -j16 -l16
[1.035s] Invoked command in '/home/csl/isaac_routing2_v2/build/champ_config' returned '0': CMAKE_PREFIX_PATH=${CMAKE_PREFIX_PATH}:/home/csl/isaac_routing2_v2/install/user_tools:/home/csl/isaac_routing2_v2/install/spot_routing_nav:/home/csl/isaac_routing2_v2/install/routing_agent:/home/csl/isaac_routing2_v2/install/my_waypoint_tools:/opt/ros/humble /usr/bin/cmake --build /home/csl/isaac_routing2_v2/build/champ_config -- -j16 -l16
[1.039s] Invoking command in '/home/csl/isaac_routing2_v2/build/champ_config': CMAKE_PREFIX_PATH=${CMAKE_PREFIX_PATH}:/home/csl/isaac_routing2_v2/install/user_tools:/home/csl/isaac_routing2_v2/install/spot_routing_nav:/home/csl/isaac_routing2_v2/install/routing_agent:/home/csl/isaac_routing2_v2/install/my_waypoint_tools:/opt/ros/humble /usr/bin/cmake --install /home/csl/isaac_routing2_v2/build/champ_config
[1.111s] -- Install configuration: ""
[1.111s] -- Up-to-date: /home/csl/isaac_routing2_v2/install/champ_config/share/champ_config/launch
[1.111s] -- Up-to-date: /home/csl/isaac_routing2_v2/install/champ_config/share/champ_config/launch/gazebo.launch.py
[1.111s] -- Up-to-date: /home/csl/isaac_routing2_v2/install/champ_config/share/champ_config/launch/bringup.launch.py
[1.111s] -- Up-to-date: /home/csl/isaac_routing2_v2/install/champ_config/share/champ_config/launch/navigate.launch.py
[1.111s] -- Up-to-date: /home/csl/isaac_routing2_v2/install/champ_config/share/champ_config/launch/slam.launch.py
[1.111s] -- Up-to-date: /home/csl/isaac_routing2_v2/install/champ_config/share/champ_config/config
[1.111s] -- Up-to-date: /home/csl/isaac_routing2_v2/install/champ_config/share/champ_config/config/autonomy
[1.111s] -- Up-to-date: /home/csl/isaac_routing2_v2/install/champ_config/share/champ_config/config/autonomy/navigation.yaml
[1.112s] -- Up-to-date: /home/csl/isaac_routing2_v2/install/champ_config/share/champ_config/config/autonomy/slam.yaml
[1.112s] -- Up-to-date: /home/csl/isaac_routing2_v2/install/champ_config/share/champ_config/config/joints
[1.112s] -- Up-to-date: /home/csl/isaac_routing2_v2/install/champ_config/share/champ_config/config/joints/joints.yaml
[1.112s] -- Up-to-date: /home/csl/isaac_routing2_v2/install/champ_config/share/champ_config/config/gait
[1.112s] -- Up-to-date: /home/csl/isaac_routing2_v2/install/champ_config/share/champ_config/config/gait/gait.yaml
[1.112s] -- Up-to-date: /home/csl/isaac_routing2_v2/install/champ_config/share/champ_config/config/links
[1.112s] -- Up-to-date: /home/csl/isaac_routing2_v2/install/champ_config/share/champ_config/config/links/links.yaml
[1.112s] -- Up-to-date: /home/csl/isaac_routing2_v2/install/champ_config/share/champ_config/maps
[1.112s] -- Up-to-date: /home/csl/isaac_routing2_v2/install/champ_config/share/champ_config/maps/map.pgm
[1.112s] -- Up-to-date: /home/csl/isaac_routing2_v2/install/champ_config/share/champ_config/maps/map.yaml
[1.112s] -- Up-to-date: /home/csl/isaac_routing2_v2/install/champ_config/share/champ_config/maps/playground.pgm
[1.112s] -- Up-to-date: /home/csl/isaac_routing2_v2/install/champ_config/share/champ_config/maps/playground.yaml
[1.112s] -- Up-to-date: /home/csl/isaac_routing2_v2/install/champ_config/share/champ_config/worlds
[1.113s] -- Up-to-date: /home/csl/isaac_routing2_v2/install/champ_config/share/champ_config/worlds/default.world
[1.113s] -- Up-to-date: /home/csl/isaac_routing2_v2/install/champ_config/share/champ_config/worlds/playground.world
[1.113s] -- Up-to-date: /home/csl/isaac_routing2_v2/install/champ_config/share/champ_config/worlds/outdoor.world
[1.113s] -- Up-to-date: /home/csl/isaac_routing2_v2/install/champ_config/share/ament_index/resource_index/package_run_dependencies/champ_config
[1.113s] -- Up-to-date: /home/csl/isaac_routing2_v2/install/champ_config/share/ament_index/resource_index/parent_prefix_path/champ_config
[1.113s] -- Up-to-date: /home/csl/isaac_routing2_v2/install/champ_config/share/champ_config/environment/ament_prefix_path.sh
[1.113s] -- Up-to-date: /home/csl/isaac_routing2_v2/install/champ_config/share/champ_config/environment/ament_prefix_path.dsv
[1.113s] -- Up-to-date: /home/csl/isaac_routing2_v2/install/champ_config/share/champ_config/environment/path.sh
[1.113s] -- Up-to-date: /home/csl/isaac_routing2_v2/install/champ_config/share/champ_config/environment/path.dsv
[1.114s] -- Up-to-date: /home/csl/isaac_routing2_v2/install/champ_config/share/champ_config/local_setup.bash
[1.114s] -- Up-to-date: /home/csl/isaac_routing2_v2/install/champ_config/share/champ_config/local_setup.sh
[1.114s] -- Up-to-date: /home/csl/isaac_routing2_v2/install/champ_config/share/champ_config/local_setup.zsh
[1.114s] -- Up-to-date: /home/csl/isaac_routing2_v2/install/champ_config/share/champ_config/local_setup.dsv
[1.114s] -- Installing: /home/csl/isaac_routing2_v2/install/champ_config/share/champ_config/package.dsv
[1.117s] -- Up-to-date: /home/csl/isaac_routing2_v2/install/champ_config/share/ament_index/resource_index/packages/champ_config
[1.119s] -- Up-to-date: /home/csl/isaac_routing2_v2/install/champ_config/share/champ_config/cmake/champ_configConfig.cmake
[1.121s] -- Up-to-date: /home/csl/isaac_routing2_v2/install/champ_config/share/champ_config/cmake/champ_configConfig-version.cmake
[1.121s] -- Up-to-date: /home/csl/isaac_routing2_v2/install/champ_config/share/champ_config/package.xml
[1.329s] Invoked command in '/home/csl/isaac_routing2_v2/build/champ_config' returned '0': CMAKE_PREFIX_PATH=${CMAKE_PREFIX_PATH}:/home/csl/isaac_routing2_v2/install/user_tools:/home/csl/isaac_routing2_v2/install/spot_routing_nav:/home/csl/isaac_routing2_v2/install/routing_agent:/home/csl/isaac_routing2_v2/install/my_waypoint_tools:/opt/ros/humble /usr/bin/cmake --install /home/csl/isaac_routing2_v2/build/champ_config
