[0.105s] Invoking command in '/home/csl/isaac_routing2_v2/build/pcl_localization_ros2': CMAKE_PREFIX_PATH=/home/csl/isaac_routing2_v2/install/ndt_omp_ros2:/home/csl/isaac_routing2_v2/install/switch_map_interfaces:/home/csl/isaac_routing2_v2/install/spot_description:/home/csl/isaac_routing2_v2/install/spot_config:/home/csl/isaac_routing2_v2/install/routing_agent_interfaces:/home/csl/isaac_routing2_v2/install/pcl_localization_ros2:/home/csl/isaac_routing2_v2/install/go2_description:/home/csl/isaac_routing2_v2/install/go1_config:/home/csl/isaac_routing2_v2/install/champ_teleop:/home/csl/isaac_routing2_v2/install/champ_navigation:/home/csl/isaac_routing2_v2/install/champ_gazebo:/home/csl/isaac_routing2_v2/install/champ_bringup:/home/csl/isaac_routing2_v2/install/champ_base:/home/csl/isaac_routing2_v2/install/champ_msgs:/home/csl/isaac_routing2_v2/install/champ_description:/home/csl/isaac_routing2_v2/install/champ_config:/home/csl/isaac_routing2_v2/install/champ:/home/csl/isaac_routing2_v2/install/user_tools:/home/csl/isaac_routing2_v2/install/spot_routing_nav:/home/csl/isaac_routing2_v2/install/routing_agent:/home/csl/isaac_routing2_v2/install/my_waypoint_tools:/opt/ros/humble /usr/bin/cmake --build /home/csl/isaac_routing2_v2/build/pcl_localization_ros2 -- -j16 -l16
[0.181s] [ 50%] Built target pcl_localization_component
[0.226s] [100%] Built target pcl_localization_node
[0.514s] Invoked command in '/home/csl/isaac_routing2_v2/build/pcl_localization_ros2' returned '0': CMAKE_PREFIX_PATH=/home/csl/isaac_routing2_v2/install/ndt_omp_ros2:/home/csl/isaac_routing2_v2/install/switch_map_interfaces:/home/csl/isaac_routing2_v2/install/spot_description:/home/csl/isaac_routing2_v2/install/spot_config:/home/csl/isaac_routing2_v2/install/routing_agent_interfaces:/home/csl/isaac_routing2_v2/install/pcl_localization_ros2:/home/csl/isaac_routing2_v2/install/go2_description:/home/csl/isaac_routing2_v2/install/go1_config:/home/csl/isaac_routing2_v2/install/champ_teleop:/home/csl/isaac_routing2_v2/install/champ_navigation:/home/csl/isaac_routing2_v2/install/champ_gazebo:/home/csl/isaac_routing2_v2/install/champ_bringup:/home/csl/isaac_routing2_v2/install/champ_base:/home/csl/isaac_routing2_v2/install/champ_msgs:/home/csl/isaac_routing2_v2/install/champ_description:/home/csl/isaac_routing2_v2/install/champ_config:/home/csl/isaac_routing2_v2/install/champ:/home/csl/isaac_routing2_v2/install/user_tools:/home/csl/isaac_routing2_v2/install/spot_routing_nav:/home/csl/isaac_routing2_v2/install/routing_agent:/home/csl/isaac_routing2_v2/install/my_waypoint_tools:/opt/ros/humble /usr/bin/cmake --build /home/csl/isaac_routing2_v2/build/pcl_localization_ros2 -- -j16 -l16
[0.518s] Invoking command in '/home/csl/isaac_routing2_v2/build/pcl_localization_ros2': CMAKE_PREFIX_PATH=/home/csl/isaac_routing2_v2/install/ndt_omp_ros2:/home/csl/isaac_routing2_v2/install/switch_map_interfaces:/home/csl/isaac_routing2_v2/install/spot_description:/home/csl/isaac_routing2_v2/install/spot_config:/home/csl/isaac_routing2_v2/install/routing_agent_interfaces:/home/csl/isaac_routing2_v2/install/pcl_localization_ros2:/home/csl/isaac_routing2_v2/install/go2_description:/home/csl/isaac_routing2_v2/install/go1_config:/home/csl/isaac_routing2_v2/install/champ_teleop:/home/csl/isaac_routing2_v2/install/champ_navigation:/home/csl/isaac_routing2_v2/install/champ_gazebo:/home/csl/isaac_routing2_v2/install/champ_bringup:/home/csl/isaac_routing2_v2/install/champ_base:/home/csl/isaac_routing2_v2/install/champ_msgs:/home/csl/isaac_routing2_v2/install/champ_description:/home/csl/isaac_routing2_v2/install/champ_config:/home/csl/isaac_routing2_v2/install/champ:/home/csl/isaac_routing2_v2/install/user_tools:/home/csl/isaac_routing2_v2/install/spot_routing_nav:/home/csl/isaac_routing2_v2/install/routing_agent:/home/csl/isaac_routing2_v2/install/my_waypoint_tools:/opt/ros/humble /usr/bin/cmake --install /home/csl/isaac_routing2_v2/build/pcl_localization_ros2
[0.518s] -- Install configuration: ""
[0.518s] -- Up-to-date: /home/csl/isaac_routing2_v2/install/pcl_localization_ros2/share/pcl_localization_ros2/environment/library_path.sh
[0.519s] -- Up-to-date: /home/csl/isaac_routing2_v2/install/pcl_localization_ros2/share/pcl_localization_ros2/environment/library_path.dsv
[0.521s] -- Up-to-date: /home/csl/isaac_routing2_v2/install/pcl_localization_ros2/lib/pcl_localization_ros2/pcl_localization_node
[0.521s] -- Up-to-date: /home/csl/isaac_routing2_v2/install/pcl_localization_ros2/lib/libpcl_localization_component.so
[0.522s] -- Up-to-date: /home/csl/isaac_routing2_v2/install/pcl_localization_ros2/share/pcl_localization_ros2//launch
[0.522s] -- Up-to-date: /home/csl/isaac_routing2_v2/install/pcl_localization_ros2/share/pcl_localization_ros2//launch/pcl_localization.launch.py
[0.522s] -- Up-to-date: /home/csl/isaac_routing2_v2/install/pcl_localization_ros2/share/pcl_localization_ros2//param
[0.522s] -- Up-to-date: /home/csl/isaac_routing2_v2/install/pcl_localization_ros2/share/pcl_localization_ros2//param/localization.yaml
[0.522s] -- Up-to-date: /home/csl/isaac_routing2_v2/install/pcl_localization_ros2/share/ament_index/resource_index/package_run_dependencies/pcl_localization_ros2
[0.522s] -- Up-to-date: /home/csl/isaac_routing2_v2/install/pcl_localization_ros2/share/ament_index/resource_index/parent_prefix_path/pcl_localization_ros2
[0.522s] -- Up-to-date: /home/csl/isaac_routing2_v2/install/pcl_localization_ros2/share/pcl_localization_ros2/environment/ament_prefix_path.sh
[0.522s] -- Up-to-date: /home/csl/isaac_routing2_v2/install/pcl_localization_ros2/share/pcl_localization_ros2/environment/ament_prefix_path.dsv
[0.522s] -- Up-to-date: /home/csl/isaac_routing2_v2/install/pcl_localization_ros2/share/pcl_localization_ros2/environment/path.sh
[0.523s] -- Up-to-date: /home/csl/isaac_routing2_v2/install/pcl_localization_ros2/share/pcl_localization_ros2/environment/path.dsv
[0.523s] -- Up-to-date: /home/csl/isaac_routing2_v2/install/pcl_localization_ros2/share/pcl_localization_ros2/local_setup.bash
[0.523s] -- Up-to-date: /home/csl/isaac_routing2_v2/install/pcl_localization_ros2/share/pcl_localization_ros2/local_setup.sh
[0.523s] -- Up-to-date: /home/csl/isaac_routing2_v2/install/pcl_localization_ros2/share/pcl_localization_ros2/local_setup.zsh
[0.523s] -- Up-to-date: /home/csl/isaac_routing2_v2/install/pcl_localization_ros2/share/pcl_localization_ros2/local_setup.dsv
[0.523s] -- Installing: /home/csl/isaac_routing2_v2/install/pcl_localization_ros2/share/pcl_localization_ros2/package.dsv
[0.523s] -- Up-to-date: /home/csl/isaac_routing2_v2/install/pcl_localization_ros2/share/ament_index/resource_index/packages/pcl_localization_ros2
[0.523s] -- Up-to-date: /home/csl/isaac_routing2_v2/install/pcl_localization_ros2/share/pcl_localization_ros2/cmake/ament_cmake_export_libraries-extras.cmake
[0.523s] -- Up-to-date: /home/csl/isaac_routing2_v2/install/pcl_localization_ros2/share/pcl_localization_ros2/cmake/pcl_localization_ros2Config.cmake
[0.524s] -- Up-to-date: /home/csl/isaac_routing2_v2/install/pcl_localization_ros2/share/pcl_localization_ros2/cmake/pcl_localization_ros2Config-version.cmake
[0.524s] -- Up-to-date: /home/csl/isaac_routing2_v2/install/pcl_localization_ros2/share/pcl_localization_ros2/package.xml
[0.579s] Invoked command in '/home/csl/isaac_routing2_v2/build/pcl_localization_ros2' returned '0': CMAKE_PREFIX_PATH=/home/csl/isaac_routing2_v2/install/ndt_omp_ros2:/home/csl/isaac_routing2_v2/install/switch_map_interfaces:/home/csl/isaac_routing2_v2/install/spot_description:/home/csl/isaac_routing2_v2/install/spot_config:/home/csl/isaac_routing2_v2/install/routing_agent_interfaces:/home/csl/isaac_routing2_v2/install/pcl_localization_ros2:/home/csl/isaac_routing2_v2/install/go2_description:/home/csl/isaac_routing2_v2/install/go1_config:/home/csl/isaac_routing2_v2/install/champ_teleop:/home/csl/isaac_routing2_v2/install/champ_navigation:/home/csl/isaac_routing2_v2/install/champ_gazebo:/home/csl/isaac_routing2_v2/install/champ_bringup:/home/csl/isaac_routing2_v2/install/champ_base:/home/csl/isaac_routing2_v2/install/champ_msgs:/home/csl/isaac_routing2_v2/install/champ_description:/home/csl/isaac_routing2_v2/install/champ_config:/home/csl/isaac_routing2_v2/install/champ:/home/csl/isaac_routing2_v2/install/user_tools:/home/csl/isaac_routing2_v2/install/spot_routing_nav:/home/csl/isaac_routing2_v2/install/routing_agent:/home/csl/isaac_routing2_v2/install/my_waypoint_tools:/opt/ros/humble /usr/bin/cmake --install /home/csl/isaac_routing2_v2/build/pcl_localization_ros2
