[0.013s] Invoking command in '/home/csl/isaac_routing2_v2/build/champ_base': AMENT_PREFIX_PATH=/home/csl/isaac_routing2_v2/install/champ_msgs:/home/csl/isaac_routing2_v2/install/champ:${AMENT_PREFIX_PATH} CMAKE_PREFIX_PATH=/home/csl/isaac_routing2_v2/install/champ_msgs:/home/csl/isaac_routing2_v2/install/champ:/opt/ros/humble LD_LIBRARY_PATH=/home/csl/isaac_routing2_v2/install/champ_msgs/lib:${LD_LIBRARY_PATH} PYTHONPATH=/home/csl/isaac_routing2_v2/install/champ_msgs/local/lib/python3.10/dist-packages:${PYTHONPATH} /usr/bin/cmake /home/csl/isaac_routing2_v2/src/champ/champ_base -DCMAKE_INSTALL_PREFIX=/home/csl/isaac_routing2_v2/install/champ_base
[0.071s] -- The C compiler identification is GNU 12.3.0
[0.129s] -- The CXX compiler identification is GNU 11.4.0
[0.140s] -- Detecting C compiler ABI info
[0.210s] -- Detecting C compiler ABI info - done
[0.217s] -- Check for working C compiler: /usr/bin/cc - skipped
[0.217s] -- Detecting C compile features
[0.218s] -- Detecting C compile features - done
[0.221s] -- Detecting CXX compiler ABI info
[0.300s] -- Detecting CXX compiler ABI info - done
[0.308s] -- Check for working CXX compiler: /usr/bin/c++ - skipped
[0.308s] -- Detecting CXX compile features
[0.308s] -- Detecting CXX compile features - done
[0.311s] -- Found ament_cmake: 1.3.10 (/opt/ros/humble/share/ament_cmake/cmake)
[0.490s] -- Found Python3: /usr/bin/python3 (found version "3.10.12") found components: Interpreter 
[0.608s] -- Found rclcpp: 16.0.10 (/opt/ros/humble/share/rclcpp/cmake)
[0.669s] -- Found rosidl_generator_c: 3.1.5 (/opt/ros/humble/share/rosidl_generator_c/cmake)
[0.677s] -- Found rosidl_adapter: 3.1.5 (/opt/ros/humble/share/rosidl_adapter/cmake)
[0.686s] -- Found rosidl_generator_cpp: 3.1.5 (/opt/ros/humble/share/rosidl_generator_cpp/cmake)
[0.703s] -- Using all available rosidl_typesupport_c: rosidl_typesupport_fastrtps_c;rosidl_typesupport_introspection_c
[0.719s] -- Using all available rosidl_typesupport_cpp: rosidl_typesupport_fastrtps_cpp;rosidl_typesupport_introspection_cpp
[0.782s] -- Found rmw_implementation_cmake: 6.1.2 (/opt/ros/humble/share/rmw_implementation_cmake/cmake)
[0.789s] -- Found rmw_fastrtps_cpp: 6.2.7 (/opt/ros/humble/share/rmw_fastrtps_cpp/cmake)
[0.950s] -- Found OpenSSL: /usr/lib/x86_64-linux-gnu/libcrypto.so (found version "3.0.2")  
[0.995s] -- Found FastRTPS: /opt/ros/humble/include  
[1.049s] -- Using RMW implementation 'rmw_fastrtps_cpp' as default
[1.062s] -- Performing Test CMAKE_HAVE_LIBC_PTHREAD
[1.151s] -- Performing Test CMAKE_HAVE_LIBC_PTHREAD - Success
[1.152s] -- Found Threads: TRUE  
[1.217s] -- Found rclpy: 3.3.14 (/opt/ros/humble/share/rclpy/cmake)
[1.218s] -- Found champ_msgs: 0.1.0 (/home/csl/isaac_routing2_v2/install/champ_msgs/share/champ_msgs/cmake)
[1.261s] -- Found visualization_msgs: 4.2.4 (/opt/ros/humble/share/visualization_msgs/cmake)
[1.318s] -- Found trajectory_msgs: 4.2.4 (/opt/ros/humble/share/trajectory_msgs/cmake)
[1.343s] -- Found nav_msgs: 4.2.4 (/opt/ros/humble/share/nav_msgs/cmake)
[1.366s] -- Found tf2_ros: 0.25.8 (/opt/ros/humble/share/tf2_ros/cmake)
[1.502s] -- Found urdf: 2.6.1 (/opt/ros/humble/share/urdf/cmake)
[1.532s] -- Found champ: 0.1.0 (/home/csl/isaac_routing2_v2/install/champ/share/champ/cmake)
[1.629s] -- Configuring done
[1.684s] -- Generating done
[1.705s] -- Build files have been written to: /home/csl/isaac_routing2_v2/build/champ_base
[1.807s] Invoked command in '/home/csl/isaac_routing2_v2/build/champ_base' returned '0': AMENT_PREFIX_PATH=/home/csl/isaac_routing2_v2/install/champ_msgs:/home/csl/isaac_routing2_v2/install/champ:${AMENT_PREFIX_PATH} CMAKE_PREFIX_PATH=/home/csl/isaac_routing2_v2/install/champ_msgs:/home/csl/isaac_routing2_v2/install/champ:/opt/ros/humble LD_LIBRARY_PATH=/home/csl/isaac_routing2_v2/install/champ_msgs/lib:${LD_LIBRARY_PATH} PYTHONPATH=/home/csl/isaac_routing2_v2/install/champ_msgs/local/lib/python3.10/dist-packages:${PYTHONPATH} /usr/bin/cmake /home/csl/isaac_routing2_v2/src/champ/champ_base -DCMAKE_INSTALL_PREFIX=/home/csl/isaac_routing2_v2/install/champ_base
[1.807s] Invoking command in '/home/csl/isaac_routing2_v2/build/champ_base': AMENT_PREFIX_PATH=/home/csl/isaac_routing2_v2/install/champ_msgs:/home/csl/isaac_routing2_v2/install/champ:${AMENT_PREFIX_PATH} CMAKE_PREFIX_PATH=/home/csl/isaac_routing2_v2/install/champ_msgs:/home/csl/isaac_routing2_v2/install/champ:/opt/ros/humble LD_LIBRARY_PATH=/home/csl/isaac_routing2_v2/install/champ_msgs/lib:${LD_LIBRARY_PATH} PYTHONPATH=/home/csl/isaac_routing2_v2/install/champ_msgs/local/lib/python3.10/dist-packages:${PYTHONPATH} /usr/bin/cmake --build /home/csl/isaac_routing2_v2/build/champ_base -- -j16 -l16
[1.840s] [  8%] [32mBuilding CXX object CMakeFiles/quadruped_controller.dir/src/quadruped_controller.cpp.o[0m
[1.840s] [ 25%] [32mBuilding CXX object CMakeFiles/message_relay.dir/src/message_relay.cpp.o[0m
[1.841s] [ 25%] [32mBuilding CXX object CMakeFiles/state_estimation.dir/src/state_estimation.cpp.o[0m
[15.049s] [ 33%] [32m[1mLinking CXX shared library libquadruped_controller.so[0m
[15.871s] [ 33%] Built target quadruped_controller
[15.884s] [ 41%] [32mBuilding CXX object CMakeFiles/quadruped_controller_node.dir/src/quadruped_controller_node.cpp.o[0m
[17.866s] [ 50%] [32m[1mLinking CXX shared library libmessage_relay.so[0m
[18.866s] [ 50%] Built target message_relay
[18.878s] [ 58%] [32mBuilding CXX object CMakeFiles/message_relay_node.dir/src/message_relay_node.cpp.o[0m
[19.515s] [ 66%] [32m[1mLinking CXX executable quadruped_controller_node[0m
[19.900s] [ 66%] Built target quadruped_controller_node
[19.958s] [ 75%] [32m[1mLinking CXX shared library libstate_estimation.so[0m
[21.110s] [ 75%] Built target state_estimation
[21.122s] [ 83%] [32mBuilding CXX object CMakeFiles/state_estimation_node.dir/src/state_estimation_node.cpp.o[0m
[22.659s] [ 91%] [32m[1mLinking CXX executable message_relay_node[0m
[23.086s] [ 91%] Built target message_relay_node
[27.115s] [100%] [32m[1mLinking CXX executable state_estimation_node[0m
[27.508s] [100%] Built target state_estimation_node
[27.514s] Invoked command in '/home/csl/isaac_routing2_v2/build/champ_base' returned '0': AMENT_PREFIX_PATH=/home/csl/isaac_routing2_v2/install/champ_msgs:/home/csl/isaac_routing2_v2/install/champ:${AMENT_PREFIX_PATH} CMAKE_PREFIX_PATH=/home/csl/isaac_routing2_v2/install/champ_msgs:/home/csl/isaac_routing2_v2/install/champ:/opt/ros/humble LD_LIBRARY_PATH=/home/csl/isaac_routing2_v2/install/champ_msgs/lib:${LD_LIBRARY_PATH} PYTHONPATH=/home/csl/isaac_routing2_v2/install/champ_msgs/local/lib/python3.10/dist-packages:${PYTHONPATH} /usr/bin/cmake --build /home/csl/isaac_routing2_v2/build/champ_base -- -j16 -l16
[27.516s] Invoking command in '/home/csl/isaac_routing2_v2/build/champ_base': AMENT_PREFIX_PATH=/home/csl/isaac_routing2_v2/install/champ_msgs:/home/csl/isaac_routing2_v2/install/champ:${AMENT_PREFIX_PATH} CMAKE_PREFIX_PATH=/home/csl/isaac_routing2_v2/install/champ_msgs:/home/csl/isaac_routing2_v2/install/champ:/opt/ros/humble LD_LIBRARY_PATH=/home/csl/isaac_routing2_v2/install/champ_msgs/lib:${LD_LIBRARY_PATH} PYTHONPATH=/home/csl/isaac_routing2_v2/install/champ_msgs/local/lib/python3.10/dist-packages:${PYTHONPATH} /usr/bin/cmake --install /home/csl/isaac_routing2_v2/build/champ_base
[27.519s] -- Install configuration: ""
[27.519s] -- Installing: /home/csl/isaac_routing2_v2/install/champ_base/share/champ_base/config
[27.519s] -- Installing: /home/csl/isaac_routing2_v2/install/champ_base/share/champ_base/config/ekf
[27.519s] -- Installing: /home/csl/isaac_routing2_v2/install/champ_base/share/champ_base/config/ekf/base_to_footprint.yaml
[27.520s] -- Installing: /home/csl/isaac_routing2_v2/install/champ_base/share/champ_base/config/ekf/footprint_to_odom.yaml
[27.520s] -- Installing: /home/csl/isaac_routing2_v2/install/champ_base/share/champ_base/config/velocity_smoother
[27.520s] -- Installing: /home/csl/isaac_routing2_v2/install/champ_base/share/champ_base/config/velocity_smoother/velocity_smoother.yaml
[27.521s] -- Installing: /home/csl/isaac_routing2_v2/install/champ_base/lib/libquadruped_controller.so
[27.532s] -- Set runtime path of "/home/csl/isaac_routing2_v2/install/champ_base/lib/libquadruped_controller.so" to ""
[27.532s] -- Installing: /home/csl/isaac_routing2_v2/install/champ_base/bin/quadruped_controller_node
[27.532s] -- Set runtime path of "/home/csl/isaac_routing2_v2/install/champ_base/bin/quadruped_controller_node" to ""
[27.533s] -- Installing: /home/csl/isaac_routing2_v2/install/champ_base/lib/libmessage_relay.so
[27.547s] -- Set runtime path of "/home/csl/isaac_routing2_v2/install/champ_base/lib/libmessage_relay.so" to ""
[27.547s] -- Installing: /home/csl/isaac_routing2_v2/install/champ_base/bin/message_relay_node
[27.547s] -- Set runtime path of "/home/csl/isaac_routing2_v2/install/champ_base/bin/message_relay_node" to ""
[27.547s] -- Installing: /home/csl/isaac_routing2_v2/install/champ_base/lib/libstate_estimation.so
[27.564s] -- Set runtime path of "/home/csl/isaac_routing2_v2/install/champ_base/lib/libstate_estimation.so" to ""
[27.564s] -- Installing: /home/csl/isaac_routing2_v2/install/champ_base/bin/state_estimation_node
[27.564s] -- Set runtime path of "/home/csl/isaac_routing2_v2/install/champ_base/bin/state_estimation_node" to ""
[27.565s] -- Installing: /home/csl/isaac_routing2_v2/install/champ_base/lib/champ_base/quadruped_controller_node
[27.565s] -- Set runtime path of "/home/csl/isaac_routing2_v2/install/champ_base/lib/champ_base/quadruped_controller_node" to ""
[27.565s] -- Installing: /home/csl/isaac_routing2_v2/install/champ_base/lib/champ_base/message_relay_node
[27.566s] -- Set runtime path of "/home/csl/isaac_routing2_v2/install/champ_base/lib/champ_base/message_relay_node" to ""
[27.566s] -- Installing: /home/csl/isaac_routing2_v2/install/champ_base/lib/champ_base/state_estimation_node
[27.567s] -- Set runtime path of "/home/csl/isaac_routing2_v2/install/champ_base/lib/champ_base/state_estimation_node" to ""
[27.567s] -- Installing: /home/csl/isaac_routing2_v2/install/champ_base/share/ament_index/resource_index/package_run_dependencies/champ_base
[27.567s] -- Installing: /home/csl/isaac_routing2_v2/install/champ_base/share/ament_index/resource_index/parent_prefix_path/champ_base
[27.567s] -- Installing: /home/csl/isaac_routing2_v2/install/champ_base/share/champ_base/environment/ament_prefix_path.sh
[27.567s] -- Installing: /home/csl/isaac_routing2_v2/install/champ_base/share/champ_base/environment/ament_prefix_path.dsv
[27.567s] -- Installing: /home/csl/isaac_routing2_v2/install/champ_base/share/champ_base/environment/path.sh
[27.568s] -- Installing: /home/csl/isaac_routing2_v2/install/champ_base/share/champ_base/environment/path.dsv
[27.568s] -- Installing: /home/csl/isaac_routing2_v2/install/champ_base/share/champ_base/local_setup.bash
[27.568s] -- Installing: /home/csl/isaac_routing2_v2/install/champ_base/share/champ_base/local_setup.sh
[27.568s] -- Installing: /home/csl/isaac_routing2_v2/install/champ_base/share/champ_base/local_setup.zsh
[27.568s] -- Installing: /home/csl/isaac_routing2_v2/install/champ_base/share/champ_base/local_setup.dsv
[27.568s] -- Installing: /home/csl/isaac_routing2_v2/install/champ_base/share/champ_base/package.dsv
[27.569s] -- Installing: /home/csl/isaac_routing2_v2/install/champ_base/share/ament_index/resource_index/packages/champ_base
[27.569s] -- Installing: /home/csl/isaac_routing2_v2/install/champ_base/share/champ_base/cmake/ament_cmake_export_include_directories-extras.cmake
[27.569s] -- Installing: /home/csl/isaac_routing2_v2/install/champ_base/share/champ_base/cmake/ament_cmake_export_dependencies-extras.cmake
[27.569s] -- Installing: /home/csl/isaac_routing2_v2/install/champ_base/share/champ_base/cmake/champ_baseConfig.cmake
[27.569s] -- Installing: /home/csl/isaac_routing2_v2/install/champ_base/share/champ_base/cmake/champ_baseConfig-version.cmake
[27.569s] -- Installing: /home/csl/isaac_routing2_v2/install/champ_base/share/champ_base/package.xml
[27.571s] Invoked command in '/home/csl/isaac_routing2_v2/build/champ_base' returned '0': AMENT_PREFIX_PATH=/home/csl/isaac_routing2_v2/install/champ_msgs:/home/csl/isaac_routing2_v2/install/champ:${AMENT_PREFIX_PATH} CMAKE_PREFIX_PATH=/home/csl/isaac_routing2_v2/install/champ_msgs:/home/csl/isaac_routing2_v2/install/champ:/opt/ros/humble LD_LIBRARY_PATH=/home/csl/isaac_routing2_v2/install/champ_msgs/lib:${LD_LIBRARY_PATH} PYTHONPATH=/home/csl/isaac_routing2_v2/install/champ_msgs/local/lib/python3.10/dist-packages:${PYTHONPATH} /usr/bin/cmake --install /home/csl/isaac_routing2_v2/build/champ_base
