-- Install configuration: ""
-- Up-to-date: /home/csl/isaac_routing2_v2/install/spot_config/share/spot_config/launch
-- Up-to-date: /home/csl/isaac_routing2_v2/install/spot_config/share/spot_config/launch/bringup.launch.py
-- Installing: /home/csl/isaac_routing2_v2/install/spot_config/share/spot_config/launch/navigate.launch.py
-- Up-to-date: /home/csl/isaac_routing2_v2/install/spot_config/share/spot_config/launch/slam.launch.py
-- Up-to-date: /home/csl/isaac_routing2_v2/install/spot_config/share/spot_config/config
-- Up-to-date: /home/csl/isaac_routing2_v2/install/spot_config/share/spot_config/config/autonomy
-- Up-to-date: /home/csl/isaac_routing2_v2/install/spot_config/share/spot_config/config/autonomy/navigation_backup.yaml
-- Up-to-date: /home/csl/isaac_routing2_v2/install/spot_config/share/spot_config/config/autonomy/navigation.yaml
-- Up-to-date: /home/csl/isaac_routing2_v2/install/spot_config/share/spot_config/config/autonomy/slam.yaml
-- Up-to-date: /home/csl/isaac_routing2_v2/install/spot_config/share/spot_config/config/joints
-- Up-to-date: /home/csl/isaac_routing2_v2/install/spot_config/share/spot_config/config/joints/joints.yaml
-- Up-to-date: /home/csl/isaac_routing2_v2/install/spot_config/share/spot_config/config/gait
-- Up-to-date: /home/csl/isaac_routing2_v2/install/spot_config/share/spot_config/config/gait/gait.yaml
-- Up-to-date: /home/csl/isaac_routing2_v2/install/spot_config/share/spot_config/config/links
-- Up-to-date: /home/csl/isaac_routing2_v2/install/spot_config/share/spot_config/config/links/links.yaml
-- Up-to-date: /home/csl/isaac_routing2_v2/install/spot_config/share/spot_config/maps
-- Up-to-date: /home/csl/isaac_routing2_v2/install/spot_config/share/spot_config/maps/tsmc_b1p1.yaml
-- Up-to-date: /home/csl/isaac_routing2_v2/install/spot_config/share/spot_config/maps/tsmc_1f_map.png
-- Up-to-date: /home/csl/isaac_routing2_v2/install/spot_config/share/spot_config/maps/tsmc_b1_map.png
-- Up-to-date: /home/csl/isaac_routing2_v2/install/spot_config/share/spot_config/maps/tsmc_b1_map.yaml
-- Up-to-date: /home/csl/isaac_routing2_v2/install/spot_config/share/spot_config/maps/tsmc_b1p2.png
-- Up-to-date: /home/csl/isaac_routing2_v2/install/spot_config/share/spot_config/maps/tsmc_1f.png
-- Up-to-date: /home/csl/isaac_routing2_v2/install/spot_config/share/spot_config/maps/map.pgm
-- Up-to-date: /home/csl/isaac_routing2_v2/install/spot_config/share/spot_config/maps/tsmc_1f_map.yaml
-- Up-to-date: /home/csl/isaac_routing2_v2/install/spot_config/share/spot_config/maps/tsmc_b1p2.yaml
-- Up-to-date: /home/csl/isaac_routing2_v2/install/spot_config/share/spot_config/maps/tsmc_b1p1.png
-- Up-to-date: /home/csl/isaac_routing2_v2/install/spot_config/share/spot_config/maps/mit_lab.png
-- Up-to-date: /home/csl/isaac_routing2_v2/install/spot_config/share/spot_config/maps/tsmc_b1_map_new.png
-- Up-to-date: /home/csl/isaac_routing2_v2/install/spot_config/share/spot_config/maps/mit_lab.yaml
-- Up-to-date: /home/csl/isaac_routing2_v2/install/spot_config/share/spot_config/maps/map.yaml
-- Up-to-date: /home/csl/isaac_routing2_v2/install/spot_config/share/spot_config/maps/tsmc_1f.yaml
-- Up-to-date: /home/csl/isaac_routing2_v2/install/spot_config/share/spot_config/worlds
-- Up-to-date: /home/csl/isaac_routing2_v2/install/spot_config/share/spot_config/worlds/default.world
-- Up-to-date: /home/csl/isaac_routing2_v2/install/spot_config/share/spot_config/worlds/playground.world
-- Up-to-date: /home/csl/isaac_routing2_v2/install/spot_config/share/spot_config/worlds/outdoor.world
-- Up-to-date: /home/csl/isaac_routing2_v2/install/spot_config/share/ament_index/resource_index/package_run_dependencies/spot_config
-- Up-to-date: /home/csl/isaac_routing2_v2/install/spot_config/share/ament_index/resource_index/parent_prefix_path/spot_config
-- Up-to-date: /home/csl/isaac_routing2_v2/install/spot_config/share/spot_config/environment/ament_prefix_path.sh
-- Up-to-date: /home/csl/isaac_routing2_v2/install/spot_config/share/spot_config/environment/ament_prefix_path.dsv
-- Up-to-date: /home/csl/isaac_routing2_v2/install/spot_config/share/spot_config/environment/path.sh
-- Up-to-date: /home/csl/isaac_routing2_v2/install/spot_config/share/spot_config/environment/path.dsv
-- Up-to-date: /home/csl/isaac_routing2_v2/install/spot_config/share/spot_config/local_setup.bash
-- Up-to-date: /home/csl/isaac_routing2_v2/install/spot_config/share/spot_config/local_setup.sh
-- Up-to-date: /home/csl/isaac_routing2_v2/install/spot_config/share/spot_config/local_setup.zsh
-- Up-to-date: /home/csl/isaac_routing2_v2/install/spot_config/share/spot_config/local_setup.dsv
-- Installing: /home/csl/isaac_routing2_v2/install/spot_config/share/spot_config/package.dsv
-- Up-to-date: /home/csl/isaac_routing2_v2/install/spot_config/share/ament_index/resource_index/packages/spot_config
-- Up-to-date: /home/csl/isaac_routing2_v2/install/spot_config/share/spot_config/cmake/spot_configConfig.cmake
-- Up-to-date: /home/csl/isaac_routing2_v2/install/spot_config/share/spot_config/cmake/spot_configConfig-version.cmake
-- Up-to-date: /home/csl/isaac_routing2_v2/install/spot_config/share/spot_config/package.xml
