[0.060s] Invoking command in '/home/csl/isaac_routing2_v2/build/champ_msgs': CMAKE_PREFIX_PATH=/opt/ros/humble /usr/bin/cmake /home/csl/isaac_routing2_v2/src/champ/champ_msgs -DCMAKE_INSTALL_PREFIX=/home/csl/isaac_routing2_v2/install/champ_msgs
[0.893s] -- The C compiler identification is GNU 12.3.0
[0.894s] -- The CXX compiler identification is GNU 11.4.0
[0.894s] -- Detecting C compiler ABI info
[0.894s] -- Detecting C compiler ABI info - done
[0.894s] -- Check for working C compiler: /usr/bin/cc - skipped
[0.894s] -- Detecting C compile features
[0.894s] -- Detecting C compile features - done
[0.894s] -- Detecting CXX compiler ABI info
[0.894s] -- Detecting CXX compiler ABI info - done
[0.895s] -- Check for working CXX compiler: /usr/bin/c++ - skipped
[0.895s] -- Detecting CXX compile features
[0.895s] -- Detecting CXX compile features - done
[0.895s] -- Found ament_cmake: 1.3.10 (/opt/ros/humble/share/ament_cmake/cmake)
[0.895s] -- Found Python3: /usr/bin/python3 (found version "3.10.12") found components: Interpreter 
[0.895s] -- Found rosidl_default_generators: 1.2.0 (/opt/ros/humble/share/rosidl_default_generators/cmake)
[0.895s] -- Using all available rosidl_typesupport_c: rosidl_typesupport_fastrtps_c;rosidl_typesupport_introspection_c
[0.915s] -- Found rosidl_adapter: 3.1.5 (/opt/ros/humble/share/rosidl_adapter/cmake)
[1.009s] -- Using all available rosidl_typesupport_cpp: rosidl_typesupport_fastrtps_cpp;rosidl_typesupport_introspection_cpp
[1.059s] -- Found std_msgs: 4.2.4 (/opt/ros/humble/share/std_msgs/cmake)
[1.107s] -- Found geometry_msgs: 4.2.4 (/opt/ros/humble/share/geometry_msgs/cmake)
[1.461s] -- Found ament_cmake_ros: 0.10.0 (/opt/ros/humble/share/ament_cmake_ros/cmake)
[1.666s] -- Using all available rosidl_typesupport_c: rosidl_typesupport_fastrtps_c;rosidl_typesupport_introspection_c
[1.896s] -- Using all available rosidl_typesupport_cpp: rosidl_typesupport_fastrtps_cpp;rosidl_typesupport_introspection_cpp
[1.925s] -- Found PythonInterp: /usr/bin/python3 (found suitable version "3.10.12", minimum required is "3.6") 
[1.927s] -- Found python_cmake_module: 0.10.0 (/opt/ros/humble/share/python_cmake_module/cmake)
[1.959s] -- Found PythonLibs: /usr/lib/x86_64-linux-gnu/libpython3.10.so (found suitable version "3.10.12", minimum required is "3.5") 
[1.959s] -- Using PYTHON_EXECUTABLE: /usr/bin/python3
[1.959s] -- Using PYTHON_INCLUDE_DIRS: /usr/include/python3.10
[1.959s] -- Using PYTHON_LIBRARIES: /usr/lib/x86_64-linux-gnu/libpython3.10.so
[1.983s] -- Found PythonExtra: .so  
[2.044s] -- Found ament_lint_auto: 0.12.11 (/opt/ros/humble/share/ament_lint_auto/cmake)
[2.051s] -- Configuring done
[2.101s] -- Generating done
[2.115s] -- Build files have been written to: /home/csl/isaac_routing2_v2/build/champ_msgs
[2.123s] Invoked command in '/home/csl/isaac_routing2_v2/build/champ_msgs' returned '0': CMAKE_PREFIX_PATH=/opt/ros/humble /usr/bin/cmake /home/csl/isaac_routing2_v2/src/champ/champ_msgs -DCMAKE_INSTALL_PREFIX=/home/csl/isaac_routing2_v2/install/champ_msgs
[2.124s] Invoking command in '/home/csl/isaac_routing2_v2/build/champ_msgs': CMAKE_PREFIX_PATH=/opt/ros/humble /usr/bin/cmake --build /home/csl/isaac_routing2_v2/build/champ_msgs -- -j16 -l16
[2.150s] [  1%] [34m[1mGenerating C code for ROS interfaces[0m
[2.155s] [  2%] [34m[1mGenerating C++ code for ROS interfaces[0m
[2.160s] [  2%] Built target ament_cmake_python_copy_champ_msgs
[2.452s] running egg_info
[2.453s] creating champ_msgs.egg-info
[2.454s] writing champ_msgs.egg-info/PKG-INFO
[2.454s] writing dependency_links to champ_msgs.egg-info/dependency_links.txt
[2.454s] writing top-level names to champ_msgs.egg-info/top_level.txt
[2.454s] writing manifest file 'champ_msgs.egg-info/SOURCES.txt'
[2.457s] reading manifest file 'champ_msgs.egg-info/SOURCES.txt'
[2.457s] writing manifest file 'champ_msgs.egg-info/SOURCES.txt'
[2.497s] [  2%] Built target ament_cmake_python_build_champ_msgs_egg
[2.727s] [  2%] Built target champ_msgs__cpp
[2.733s] [  3%] [34m[1mGenerating C++ type support dispatch for ROS interfaces[0m
[2.733s] [  4%] [34m[1mGenerating C++ type support for eProsima Fast-RTPS[0m
[2.734s] [  5%] [34m[1mGenerating C++ introspection for ROS interfaces[0m
[2.777s] [  7%] [32mBuilding C object CMakeFiles/champ_msgs__rosidl_generator_c.dir/rosidl_generator_c/champ_msgs/msg/detail/velocities__functions.c.o[0m
[2.777s] [  8%] [32mBuilding C object CMakeFiles/champ_msgs__rosidl_generator_c.dir/rosidl_generator_c/champ_msgs/msg/detail/pid__functions.c.o[0m
[2.777s] [  7%] [32mBuilding C object CMakeFiles/champ_msgs__rosidl_generator_c.dir/rosidl_generator_c/champ_msgs/msg/detail/imu__functions.c.o[0m
[2.777s] [  9%] [32mBuilding C object CMakeFiles/champ_msgs__rosidl_generator_c.dir/rosidl_generator_c/champ_msgs/msg/detail/point_array__functions.c.o[0m
[2.777s] [ 10%] [32mBuilding C object CMakeFiles/champ_msgs__rosidl_generator_c.dir/rosidl_generator_c/champ_msgs/msg/detail/point__functions.c.o[0m
[2.778s] [ 11%] [32mBuilding C object CMakeFiles/champ_msgs__rosidl_generator_c.dir/rosidl_generator_c/champ_msgs/msg/detail/joints__functions.c.o[0m
[2.778s] [ 12%] [32mBuilding C object CMakeFiles/champ_msgs__rosidl_generator_c.dir/rosidl_generator_c/champ_msgs/msg/detail/contacts__functions.c.o[0m
[2.779s] [ 14%] [32mBuilding C object CMakeFiles/champ_msgs__rosidl_generator_c.dir/rosidl_generator_c/champ_msgs/msg/detail/pose__functions.c.o[0m
[2.780s] [ 14%] [32mBuilding C object CMakeFiles/champ_msgs__rosidl_generator_c.dir/rosidl_generator_c/champ_msgs/msg/detail/contacts_stamped__functions.c.o[0m
[2.879s] [ 15%] [32m[1mLinking C shared library libchamp_msgs__rosidl_generator_c.so[0m
[2.909s] [ 15%] Built target champ_msgs__rosidl_generator_c
[2.918s] [ 16%] [34m[1mGenerating C introspection for ROS interfaces[0m
[2.918s] [ 17%] [34m[1mGenerating C type support dispatch for ROS interfaces[0m
[2.919s] [ 18%] [34m[1mGenerating C type support for eProsima Fast-RTPS[0m
[3.214s] [ 20%] [32mBuilding CXX object CMakeFiles/champ_msgs__rosidl_typesupport_cpp.dir/rosidl_typesupport_cpp/champ_msgs/msg/velocities__type_support.cpp.o[0m
[3.215s] [ 21%] [32mBuilding CXX object CMakeFiles/champ_msgs__rosidl_typesupport_cpp.dir/rosidl_typesupport_cpp/champ_msgs/msg/imu__type_support.cpp.o[0m
[3.215s] [ 22%] [32mBuilding CXX object CMakeFiles/champ_msgs__rosidl_typesupport_cpp.dir/rosidl_typesupport_cpp/champ_msgs/msg/pid__type_support.cpp.o[0m
[3.219s] [ 23%] [32mBuilding CXX object CMakeFiles/champ_msgs__rosidl_typesupport_cpp.dir/rosidl_typesupport_cpp/champ_msgs/msg/point__type_support.cpp.o[0m
[3.219s] [ 24%] [32mBuilding CXX object CMakeFiles/champ_msgs__rosidl_typesupport_cpp.dir/rosidl_typesupport_cpp/champ_msgs/msg/point_array__type_support.cpp.o[0m
[3.240s] [ 25%] [32mBuilding CXX object CMakeFiles/champ_msgs__rosidl_typesupport_cpp.dir/rosidl_typesupport_cpp/champ_msgs/msg/joints__type_support.cpp.o[0m
[3.240s] [ 26%] [32mBuilding CXX object CMakeFiles/champ_msgs__rosidl_typesupport_cpp.dir/rosidl_typesupport_cpp/champ_msgs/msg/contacts_stamped__type_support.cpp.o[0m
[3.240s] [ 27%] [32mBuilding CXX object CMakeFiles/champ_msgs__rosidl_typesupport_cpp.dir/rosidl_typesupport_cpp/champ_msgs/msg/contacts__type_support.cpp.o[0m
[3.240s] [ 28%] [32mBuilding CXX object CMakeFiles/champ_msgs__rosidl_typesupport_cpp.dir/rosidl_typesupport_cpp/champ_msgs/msg/pose__type_support.cpp.o[0m
[3.358s] [ 29%] [32mBuilding CXX object CMakeFiles/champ_msgs__rosidl_typesupport_introspection_cpp.dir/rosidl_typesupport_introspection_cpp/champ_msgs/msg/detail/velocities__type_support.cpp.o[0m
[3.363s] [ 30%] [32mBuilding CXX object CMakeFiles/champ_msgs__rosidl_typesupport_introspection_cpp.dir/rosidl_typesupport_introspection_cpp/champ_msgs/msg/detail/pid__type_support.cpp.o[0m
[3.366s] [ 31%] [32mBuilding CXX object CMakeFiles/champ_msgs__rosidl_typesupport_introspection_cpp.dir/rosidl_typesupport_introspection_cpp/champ_msgs/msg/detail/imu__type_support.cpp.o[0m
[3.409s] [ 32%] [32mBuilding CXX object CMakeFiles/champ_msgs__rosidl_typesupport_c.dir/rosidl_typesupport_c/champ_msgs/msg/velocities__type_support.cpp.o[0m
[3.495s] [ 33%] [32mBuilding CXX object CMakeFiles/champ_msgs__rosidl_typesupport_c.dir/rosidl_typesupport_c/champ_msgs/msg/pid__type_support.cpp.o[0m
[3.569s] [ 34%] [32mBuilding CXX object CMakeFiles/champ_msgs__rosidl_typesupport_c.dir/rosidl_typesupport_c/champ_msgs/msg/imu__type_support.cpp.o[0m
[3.573s] [ 35%] [32mBuilding CXX object CMakeFiles/champ_msgs__rosidl_typesupport_fastrtps_cpp.dir/rosidl_typesupport_fastrtps_cpp/champ_msgs/msg/detail/dds_fastrtps/velocities__type_support.cpp.o[0m
[3.618s] [ 36%] [32mBuilding CXX object CMakeFiles/champ_msgs__rosidl_typesupport_c.dir/rosidl_typesupport_c/champ_msgs/msg/point__type_support.cpp.o[0m
[3.656s] [ 37%] [32mBuilding CXX object CMakeFiles/champ_msgs__rosidl_typesupport_c.dir/rosidl_typesupport_c/champ_msgs/msg/point_array__type_support.cpp.o[0m
[3.701s] [ 38%] [32mBuilding CXX object CMakeFiles/champ_msgs__rosidl_typesupport_c.dir/rosidl_typesupport_c/champ_msgs/msg/joints__type_support.cpp.o[0m
[3.754s] [ 40%] [32mBuilding CXX object CMakeFiles/champ_msgs__rosidl_typesupport_c.dir/rosidl_typesupport_c/champ_msgs/msg/contacts__type_support.cpp.o[0m
[3.769s] [ 41%] [32mBuilding C object CMakeFiles/champ_msgs__rosidl_typesupport_introspection_c.dir/rosidl_typesupport_introspection_c/champ_msgs/msg/detail/velocities__type_support.c.o[0m
[3.779s] [ 42%] [32mBuilding CXX object CMakeFiles/champ_msgs__rosidl_typesupport_fastrtps_c.dir/rosidl_typesupport_fastrtps_c/champ_msgs/msg/detail/velocities__type_support_c.cpp.o[0m
[3.820s] [ 43%] [32mBuilding CXX object CMakeFiles/champ_msgs__rosidl_typesupport_fastrtps_cpp.dir/rosidl_typesupport_fastrtps_cpp/champ_msgs/msg/detail/dds_fastrtps/pid__type_support.cpp.o[0m
[3.822s] [ 44%] [32mBuilding CXX object CMakeFiles/champ_msgs__rosidl_typesupport_fastrtps_c.dir/rosidl_typesupport_fastrtps_c/champ_msgs/msg/detail/pid__type_support_c.cpp.o[0m
[3.823s] [ 45%] [32mBuilding CXX object CMakeFiles/champ_msgs__rosidl_typesupport_c.dir/rosidl_typesupport_c/champ_msgs/msg/contacts_stamped__type_support.cpp.o[0m
[3.837s] [ 46%] [32mBuilding CXX object CMakeFiles/champ_msgs__rosidl_typesupport_fastrtps_c.dir/rosidl_typesupport_fastrtps_c/champ_msgs/msg/detail/imu__type_support_c.cpp.o[0m
[3.866s] [ 47%] [32mBuilding C object CMakeFiles/champ_msgs__rosidl_typesupport_introspection_c.dir/rosidl_typesupport_introspection_c/champ_msgs/msg/detail/pid__type_support.c.o[0m
[3.868s] [ 48%] [32mBuilding CXX object CMakeFiles/champ_msgs__rosidl_typesupport_fastrtps_cpp.dir/rosidl_typesupport_fastrtps_cpp/champ_msgs/msg/detail/dds_fastrtps/imu__type_support.cpp.o[0m
[3.882s] [ 49%] [32mBuilding CXX object CMakeFiles/champ_msgs__rosidl_typesupport_fastrtps_c.dir/rosidl_typesupport_fastrtps_c/champ_msgs/msg/detail/point__type_support_c.cpp.o[0m
[3.906s] [ 50%] [32mBuilding CXX object CMakeFiles/champ_msgs__rosidl_typesupport_c.dir/rosidl_typesupport_c/champ_msgs/msg/pose__type_support.cpp.o[0m
[3.976s] [ 51%] [32m[1mLinking CXX shared library libchamp_msgs__rosidl_typesupport_c.so[0m
[3.985s] [ 52%] [32mBuilding C object CMakeFiles/champ_msgs__rosidl_typesupport_introspection_c.dir/rosidl_typesupport_introspection_c/champ_msgs/msg/detail/imu__type_support.c.o[0m
[4.082s] [ 53%] [32mBuilding C object CMakeFiles/champ_msgs__rosidl_typesupport_introspection_c.dir/rosidl_typesupport_introspection_c/champ_msgs/msg/detail/point__type_support.c.o[0m
[4.088s] [ 54%] [32mBuilding CXX object CMakeFiles/champ_msgs__rosidl_typesupport_fastrtps_cpp.dir/rosidl_typesupport_fastrtps_cpp/champ_msgs/msg/detail/dds_fastrtps/point__type_support.cpp.o[0m
[4.092s] [ 54%] Built target champ_msgs__rosidl_typesupport_c
[4.106s] [ 55%] [32mBuilding CXX object CMakeFiles/champ_msgs__rosidl_typesupport_fastrtps_c.dir/rosidl_typesupport_fastrtps_c/champ_msgs/msg/detail/point_array__type_support_c.cpp.o[0m
[4.177s] [ 56%] [32mBuilding CXX object CMakeFiles/champ_msgs__rosidl_typesupport_introspection_cpp.dir/rosidl_typesupport_introspection_cpp/champ_msgs/msg/detail/point__type_support.cpp.o[0m
[4.193s] [ 57%] [32mBuilding C object CMakeFiles/champ_msgs__rosidl_typesupport_introspection_c.dir/rosidl_typesupport_introspection_c/champ_msgs/msg/detail/point_array__type_support.c.o[0m
[4.254s] [ 58%] [32mBuilding C object CMakeFiles/champ_msgs__rosidl_typesupport_introspection_c.dir/rosidl_typesupport_introspection_c/champ_msgs/msg/detail/joints__type_support.c.o[0m
[4.288s] [ 60%] [32mBuilding CXX object CMakeFiles/champ_msgs__rosidl_typesupport_fastrtps_cpp.dir/rosidl_typesupport_fastrtps_cpp/champ_msgs/msg/detail/dds_fastrtps/point_array__type_support.cpp.o[0m
[4.309s] [ 61%] [32mBuilding CXX object CMakeFiles/champ_msgs__rosidl_typesupport_fastrtps_c.dir/rosidl_typesupport_fastrtps_c/champ_msgs/msg/detail/joints__type_support_c.cpp.o[0m
[4.339s] [ 62%] [32mBuilding CXX object CMakeFiles/champ_msgs__rosidl_typesupport_introspection_cpp.dir/rosidl_typesupport_introspection_cpp/champ_msgs/msg/detail/point_array__type_support.cpp.o[0m
[4.359s] [ 64%] [32m[1mLinking CXX shared library libchamp_msgs__rosidl_typesupport_cpp.so[0m
[4.359s] [ 64%] [32mBuilding C object CMakeFiles/champ_msgs__rosidl_typesupport_introspection_c.dir/rosidl_typesupport_introspection_c/champ_msgs/msg/detail/contacts__type_support.c.o[0m
[4.378s] [ 65%] [32mBuilding C object CMakeFiles/champ_msgs__rosidl_typesupport_introspection_c.dir/rosidl_typesupport_introspection_c/champ_msgs/msg/detail/contacts_stamped__type_support.c.o[0m
[4.468s] [ 66%] [32mBuilding C object CMakeFiles/champ_msgs__rosidl_typesupport_introspection_c.dir/rosidl_typesupport_introspection_c/champ_msgs/msg/detail/pose__type_support.c.o[0m
[4.480s] [ 67%] [32mBuilding CXX object CMakeFiles/champ_msgs__rosidl_typesupport_introspection_cpp.dir/rosidl_typesupport_introspection_cpp/champ_msgs/msg/detail/joints__type_support.cpp.o[0m
[4.500s] [ 68%] [32mBuilding CXX object CMakeFiles/champ_msgs__rosidl_typesupport_fastrtps_cpp.dir/rosidl_typesupport_fastrtps_cpp/champ_msgs/msg/detail/dds_fastrtps/joints__type_support.cpp.o[0m
[4.506s] [ 69%] [32mBuilding CXX object CMakeFiles/champ_msgs__rosidl_typesupport_introspection_cpp.dir/rosidl_typesupport_introspection_cpp/champ_msgs/msg/detail/contacts__type_support.cpp.o[0m
[4.524s] [ 69%] Built target champ_msgs__rosidl_typesupport_cpp
[4.540s] [ 70%] [32mBuilding CXX object CMakeFiles/champ_msgs__rosidl_typesupport_fastrtps_cpp.dir/rosidl_typesupport_fastrtps_cpp/champ_msgs/msg/detail/dds_fastrtps/contacts__type_support.cpp.o[0m
[4.567s] [ 71%] [32m[1mLinking C shared library libchamp_msgs__rosidl_typesupport_introspection_c.so[0m
[4.604s] [ 72%] [32mBuilding CXX object CMakeFiles/champ_msgs__rosidl_typesupport_fastrtps_cpp.dir/rosidl_typesupport_fastrtps_cpp/champ_msgs/msg/detail/dds_fastrtps/contacts_stamped__type_support.cpp.o[0m
[4.627s] [ 73%] [32mBuilding CXX object CMakeFiles/champ_msgs__rosidl_typesupport_introspection_cpp.dir/rosidl_typesupport_introspection_cpp/champ_msgs/msg/detail/contacts_stamped__type_support.cpp.o[0m
[4.644s] [ 73%] Built target champ_msgs__rosidl_typesupport_introspection_c
[4.665s] [ 74%] [32mBuilding CXX object CMakeFiles/champ_msgs__rosidl_typesupport_fastrtps_c.dir/rosidl_typesupport_fastrtps_c/champ_msgs/msg/detail/contacts__type_support_c.cpp.o[0m
[4.703s] [ 75%] [32mBuilding CXX object CMakeFiles/champ_msgs__rosidl_typesupport_fastrtps_cpp.dir/rosidl_typesupport_fastrtps_cpp/champ_msgs/msg/detail/dds_fastrtps/pose__type_support.cpp.o[0m
[4.822s] [ 76%] [32mBuilding CXX object CMakeFiles/champ_msgs__rosidl_typesupport_introspection_cpp.dir/rosidl_typesupport_introspection_cpp/champ_msgs/msg/detail/pose__type_support.cpp.o[0m
[4.879s] [ 77%] [32mBuilding CXX object CMakeFiles/champ_msgs__rosidl_typesupport_fastrtps_c.dir/rosidl_typesupport_fastrtps_c/champ_msgs/msg/detail/contacts_stamped__type_support_c.cpp.o[0m
[5.192s] [ 78%] [32mBuilding CXX object CMakeFiles/champ_msgs__rosidl_typesupport_fastrtps_c.dir/rosidl_typesupport_fastrtps_c/champ_msgs/msg/detail/pose__type_support_c.cpp.o[0m
[6.008s] [ 80%] [32m[1mLinking CXX shared library libchamp_msgs__rosidl_typesupport_fastrtps_c.so[0m
[6.154s] [ 81%] [32m[1mLinking CXX shared library libchamp_msgs__rosidl_typesupport_introspection_cpp.so[0m
[6.232s] [ 81%] Built target champ_msgs__rosidl_typesupport_fastrtps_c
[6.477s] [ 81%] Built target champ_msgs__rosidl_typesupport_introspection_cpp
[6.497s] [ 82%] [32m[1mLinking CXX shared library libchamp_msgs__rosidl_typesupport_fastrtps_cpp.so[0m
[6.974s] [ 82%] Built target champ_msgs__rosidl_typesupport_fastrtps_cpp
[6.998s] [ 82%] Built target champ_msgs
[7.026s] [ 83%] [34m[1mGenerating Python code for ROS interfaces[0m
[8.737s] [ 83%] Built target champ_msgs__py
[8.751s] [ 85%] [32mBuilding C object CMakeFiles/champ_msgs__rosidl_generator_py.dir/rosidl_generator_py/champ_msgs/msg/_imu_s.c.o[0m
[8.751s] [ 85%] [32mBuilding C object CMakeFiles/champ_msgs__rosidl_generator_py.dir/rosidl_generator_py/champ_msgs/msg/_velocities_s.c.o[0m
[8.751s] [ 88%] [32mBuilding C object CMakeFiles/champ_msgs__rosidl_generator_py.dir/rosidl_generator_py/champ_msgs/msg/_point_array_s.c.o[0m
[8.751s] [ 88%] [32mBuilding C object CMakeFiles/champ_msgs__rosidl_generator_py.dir/rosidl_generator_py/champ_msgs/msg/_point_s.c.o[0m
[8.752s] [ 88%] [32mBuilding C object CMakeFiles/champ_msgs__rosidl_generator_py.dir/rosidl_generator_py/champ_msgs/msg/_pid_s.c.o[0m
[8.752s] [ 89%] [32mBuilding C object CMakeFiles/champ_msgs__rosidl_generator_py.dir/rosidl_generator_py/champ_msgs/msg/_joints_s.c.o[0m
[8.752s] [ 91%] [32mBuilding C object CMakeFiles/champ_msgs__rosidl_generator_py.dir/rosidl_generator_py/champ_msgs/msg/_contacts_stamped_s.c.o[0m
[8.753s] [ 91%] [32mBuilding C object CMakeFiles/champ_msgs__rosidl_generator_py.dir/rosidl_generator_py/champ_msgs/msg/_pose_s.c.o[0m
[8.754s] [ 92%] [32mBuilding C object CMakeFiles/champ_msgs__rosidl_generator_py.dir/rosidl_generator_py/champ_msgs/msg/_contacts_s.c.o[0m
[8.939s] [ 93%] [32m[1mLinking C shared library rosidl_generator_py/champ_msgs/libchamp_msgs__rosidl_generator_py.so[0m
[8.979s] [ 93%] Built target champ_msgs__rosidl_generator_py
[8.992s] [ 94%] [32mBuilding C object CMakeFiles/champ_msgs__rosidl_typesupport_introspection_c__pyext.dir/rosidl_generator_py/champ_msgs/_champ_msgs_s.ep.rosidl_typesupport_introspection_c.c.o[0m
[8.993s] [ 95%] [32mBuilding C object CMakeFiles/champ_msgs__rosidl_typesupport_c__pyext.dir/rosidl_generator_py/champ_msgs/_champ_msgs_s.ep.rosidl_typesupport_c.c.o[0m
[8.993s] [ 96%] [32mBuilding C object CMakeFiles/champ_msgs__rosidl_typesupport_fastrtps_c__pyext.dir/rosidl_generator_py/champ_msgs/_champ_msgs_s.ep.rosidl_typesupport_fastrtps_c.c.o[0m
[9.125s] [ 97%] [32m[1mLinking C shared library rosidl_generator_py/champ_msgs/champ_msgs_s__rosidl_typesupport_introspection_c.cpython-310-x86_64-linux-gnu.so[0m
[9.152s] [100%] [32m[1mLinking C shared library rosidl_generator_py/champ_msgs/champ_msgs_s__rosidl_typesupport_fastrtps_c.cpython-310-x86_64-linux-gnu.so[0m
[9.152s] [100%] [32m[1mLinking C shared library rosidl_generator_py/champ_msgs/champ_msgs_s__rosidl_typesupport_c.cpython-310-x86_64-linux-gnu.so[0m
[9.161s] [100%] Built target champ_msgs__rosidl_typesupport_introspection_c__pyext
[9.182s] [100%] Built target champ_msgs__rosidl_typesupport_c__pyext
[9.187s] [100%] Built target champ_msgs__rosidl_typesupport_fastrtps_c__pyext
[9.196s] Invoked command in '/home/csl/isaac_routing2_v2/build/champ_msgs' returned '0': CMAKE_PREFIX_PATH=/opt/ros/humble /usr/bin/cmake --build /home/csl/isaac_routing2_v2/build/champ_msgs -- -j16 -l16
[9.198s] Invoking command in '/home/csl/isaac_routing2_v2/build/champ_msgs': CMAKE_PREFIX_PATH=/opt/ros/humble /usr/bin/cmake --install /home/csl/isaac_routing2_v2/build/champ_msgs
[9.202s] -- Install configuration: ""
[9.203s] -- Installing: /home/csl/isaac_routing2_v2/install/champ_msgs/share/ament_index/resource_index/rosidl_interfaces/champ_msgs
[9.203s] -- Installing: /home/csl/isaac_routing2_v2/install/champ_msgs/include/champ_msgs/champ_msgs
[9.203s] -- Installing: /home/csl/isaac_routing2_v2/install/champ_msgs/include/champ_msgs/champ_msgs/msg
[9.203s] -- Installing: /home/csl/isaac_routing2_v2/install/champ_msgs/include/champ_msgs/champ_msgs/msg/contacts.h
[9.203s] -- Installing: /home/csl/isaac_routing2_v2/install/champ_msgs/include/champ_msgs/champ_msgs/msg/pid.h
[9.204s] -- Installing: /home/csl/isaac_routing2_v2/install/champ_msgs/include/champ_msgs/champ_msgs/msg/rosidl_generator_c__visibility_control.h
[9.204s] -- Installing: /home/csl/isaac_routing2_v2/install/champ_msgs/include/champ_msgs/champ_msgs/msg/joints.h
[9.204s] -- Installing: /home/csl/isaac_routing2_v2/install/champ_msgs/include/champ_msgs/champ_msgs/msg/pose.h
[9.204s] -- Installing: /home/csl/isaac_routing2_v2/install/champ_msgs/include/champ_msgs/champ_msgs/msg/detail
[9.204s] -- Installing: /home/csl/isaac_routing2_v2/install/champ_msgs/include/champ_msgs/champ_msgs/msg/detail/pose__struct.h
[9.205s] -- Installing: /home/csl/isaac_routing2_v2/install/champ_msgs/include/champ_msgs/champ_msgs/msg/detail/contacts__struct.h
[9.205s] -- Installing: /home/csl/isaac_routing2_v2/install/champ_msgs/include/champ_msgs/champ_msgs/msg/detail/joints__functions.h
[9.205s] -- Installing: /home/csl/isaac_routing2_v2/install/champ_msgs/include/champ_msgs/champ_msgs/msg/detail/velocities__functions.h
[9.206s] -- Installing: /home/csl/isaac_routing2_v2/install/champ_msgs/include/champ_msgs/champ_msgs/msg/detail/point__functions.c
[9.206s] -- Installing: /home/csl/isaac_routing2_v2/install/champ_msgs/include/champ_msgs/champ_msgs/msg/detail/joints__struct.h
[9.206s] -- Installing: /home/csl/isaac_routing2_v2/install/champ_msgs/include/champ_msgs/champ_msgs/msg/detail/velocities__functions.c
[9.206s] -- Installing: /home/csl/isaac_routing2_v2/install/champ_msgs/include/champ_msgs/champ_msgs/msg/detail/contacts__functions.h
[9.206s] -- Installing: /home/csl/isaac_routing2_v2/install/champ_msgs/include/champ_msgs/champ_msgs/msg/detail/pid__struct.h
[9.206s] -- Installing: /home/csl/isaac_routing2_v2/install/champ_msgs/include/champ_msgs/champ_msgs/msg/detail/contacts__type_support.h
[9.206s] -- Installing: /home/csl/isaac_routing2_v2/install/champ_msgs/include/champ_msgs/champ_msgs/msg/detail/pid__functions.h
[9.206s] -- Installing: /home/csl/isaac_routing2_v2/install/champ_msgs/include/champ_msgs/champ_msgs/msg/detail/velocities__struct.h
[9.207s] -- Installing: /home/csl/isaac_routing2_v2/install/champ_msgs/include/champ_msgs/champ_msgs/msg/detail/imu__type_support.h
[9.207s] -- Installing: /home/csl/isaac_routing2_v2/install/champ_msgs/include/champ_msgs/champ_msgs/msg/detail/imu__functions.h
[9.207s] -- Installing: /home/csl/isaac_routing2_v2/install/champ_msgs/include/champ_msgs/champ_msgs/msg/detail/point_array__functions.c
[9.207s] -- Installing: /home/csl/isaac_routing2_v2/install/champ_msgs/include/champ_msgs/champ_msgs/msg/detail/point_array__type_support.h
[9.207s] -- Installing: /home/csl/isaac_routing2_v2/install/champ_msgs/include/champ_msgs/champ_msgs/msg/detail/velocities__type_support.h
[9.207s] -- Installing: /home/csl/isaac_routing2_v2/install/champ_msgs/include/champ_msgs/champ_msgs/msg/detail/imu__struct.h
[9.207s] -- Installing: /home/csl/isaac_routing2_v2/install/champ_msgs/include/champ_msgs/champ_msgs/msg/detail/pid__functions.c
[9.207s] -- Installing: /home/csl/isaac_routing2_v2/install/champ_msgs/include/champ_msgs/champ_msgs/msg/detail/contacts_stamped__struct.h
[9.207s] -- Installing: /home/csl/isaac_routing2_v2/install/champ_msgs/include/champ_msgs/champ_msgs/msg/detail/point__struct.h
[9.208s] -- Installing: /home/csl/isaac_routing2_v2/install/champ_msgs/include/champ_msgs/champ_msgs/msg/detail/imu__functions.c
[9.208s] -- Installing: /home/csl/isaac_routing2_v2/install/champ_msgs/include/champ_msgs/champ_msgs/msg/detail/point_array__struct.h
[9.208s] -- Installing: /home/csl/isaac_routing2_v2/install/champ_msgs/include/champ_msgs/champ_msgs/msg/detail/contacts_stamped__functions.h
[9.208s] -- Installing: /home/csl/isaac_routing2_v2/install/champ_msgs/include/champ_msgs/champ_msgs/msg/detail/pid__type_support.h
[9.208s] -- Installing: /home/csl/isaac_routing2_v2/install/champ_msgs/include/champ_msgs/champ_msgs/msg/detail/pose__functions.c
[9.208s] -- Installing: /home/csl/isaac_routing2_v2/install/champ_msgs/include/champ_msgs/champ_msgs/msg/detail/point_array__functions.h
[9.208s] -- Installing: /home/csl/isaac_routing2_v2/install/champ_msgs/include/champ_msgs/champ_msgs/msg/detail/point__functions.h
[9.209s] -- Installing: /home/csl/isaac_routing2_v2/install/champ_msgs/include/champ_msgs/champ_msgs/msg/detail/contacts_stamped__functions.c
[9.209s] -- Installing: /home/csl/isaac_routing2_v2/install/champ_msgs/include/champ_msgs/champ_msgs/msg/detail/joints__type_support.h
[9.209s] -- Installing: /home/csl/isaac_routing2_v2/install/champ_msgs/include/champ_msgs/champ_msgs/msg/detail/joints__functions.c
[9.209s] -- Installing: /home/csl/isaac_routing2_v2/install/champ_msgs/include/champ_msgs/champ_msgs/msg/detail/contacts_stamped__type_support.h
[9.209s] -- Installing: /home/csl/isaac_routing2_v2/install/champ_msgs/include/champ_msgs/champ_msgs/msg/detail/point__type_support.h
[9.209s] -- Installing: /home/csl/isaac_routing2_v2/install/champ_msgs/include/champ_msgs/champ_msgs/msg/detail/contacts__functions.c
[9.209s] -- Installing: /home/csl/isaac_routing2_v2/install/champ_msgs/include/champ_msgs/champ_msgs/msg/detail/pose__functions.h
[9.209s] -- Installing: /home/csl/isaac_routing2_v2/install/champ_msgs/include/champ_msgs/champ_msgs/msg/detail/pose__type_support.h
[9.209s] -- Installing: /home/csl/isaac_routing2_v2/install/champ_msgs/include/champ_msgs/champ_msgs/msg/velocities.h
[9.210s] -- Installing: /home/csl/isaac_routing2_v2/install/champ_msgs/include/champ_msgs/champ_msgs/msg/contacts_stamped.h
[9.210s] -- Installing: /home/csl/isaac_routing2_v2/install/champ_msgs/include/champ_msgs/champ_msgs/msg/point_array.h
[9.210s] -- Installing: /home/csl/isaac_routing2_v2/install/champ_msgs/include/champ_msgs/champ_msgs/msg/point.h
[9.210s] -- Installing: /home/csl/isaac_routing2_v2/install/champ_msgs/include/champ_msgs/champ_msgs/msg/imu.h
[9.210s] -- Installing: /home/csl/isaac_routing2_v2/install/champ_msgs/share/champ_msgs/environment/library_path.sh
[9.210s] -- Installing: /home/csl/isaac_routing2_v2/install/champ_msgs/share/champ_msgs/environment/library_path.dsv
[9.210s] -- Installing: /home/csl/isaac_routing2_v2/install/champ_msgs/lib/libchamp_msgs__rosidl_generator_c.so
[9.211s] -- Set runtime path of "/home/csl/isaac_routing2_v2/install/champ_msgs/lib/libchamp_msgs__rosidl_generator_c.so" to ""
[9.211s] -- Up-to-date: /home/csl/isaac_routing2_v2/install/champ_msgs/include/champ_msgs/champ_msgs
[9.211s] -- Up-to-date: /home/csl/isaac_routing2_v2/install/champ_msgs/include/champ_msgs/champ_msgs/msg
[9.211s] -- Up-to-date: /home/csl/isaac_routing2_v2/install/champ_msgs/include/champ_msgs/champ_msgs/msg/detail
[9.211s] -- Installing: /home/csl/isaac_routing2_v2/install/champ_msgs/include/champ_msgs/champ_msgs/msg/detail/joints__rosidl_typesupport_fastrtps_c.h
[9.211s] -- Installing: /home/csl/isaac_routing2_v2/install/champ_msgs/include/champ_msgs/champ_msgs/msg/detail/pose__rosidl_typesupport_fastrtps_c.h
[9.212s] -- Installing: /home/csl/isaac_routing2_v2/install/champ_msgs/include/champ_msgs/champ_msgs/msg/detail/contacts__rosidl_typesupport_fastrtps_c.h
[9.212s] -- Installing: /home/csl/isaac_routing2_v2/install/champ_msgs/include/champ_msgs/champ_msgs/msg/detail/pid__rosidl_typesupport_fastrtps_c.h
[9.212s] -- Installing: /home/csl/isaac_routing2_v2/install/champ_msgs/include/champ_msgs/champ_msgs/msg/detail/imu__rosidl_typesupport_fastrtps_c.h
[9.212s] -- Installing: /home/csl/isaac_routing2_v2/install/champ_msgs/include/champ_msgs/champ_msgs/msg/detail/point__rosidl_typesupport_fastrtps_c.h
[9.212s] -- Installing: /home/csl/isaac_routing2_v2/install/champ_msgs/include/champ_msgs/champ_msgs/msg/detail/contacts_stamped__rosidl_typesupport_fastrtps_c.h
[9.212s] -- Installing: /home/csl/isaac_routing2_v2/install/champ_msgs/include/champ_msgs/champ_msgs/msg/detail/point_array__rosidl_typesupport_fastrtps_c.h
[9.212s] -- Installing: /home/csl/isaac_routing2_v2/install/champ_msgs/include/champ_msgs/champ_msgs/msg/detail/velocities__rosidl_typesupport_fastrtps_c.h
[9.212s] -- Installing: /home/csl/isaac_routing2_v2/install/champ_msgs/include/champ_msgs/champ_msgs/msg/rosidl_typesupport_fastrtps_c__visibility_control.h
[9.212s] -- Installing: /home/csl/isaac_routing2_v2/install/champ_msgs/lib/libchamp_msgs__rosidl_typesupport_fastrtps_c.so
[9.213s] -- Set runtime path of "/home/csl/isaac_routing2_v2/install/champ_msgs/lib/libchamp_msgs__rosidl_typesupport_fastrtps_c.so" to ""
[9.213s] -- Up-to-date: /home/csl/isaac_routing2_v2/install/champ_msgs/include/champ_msgs/champ_msgs
[9.213s] -- Up-to-date: /home/csl/isaac_routing2_v2/install/champ_msgs/include/champ_msgs/champ_msgs/msg
[9.213s] -- Up-to-date: /home/csl/isaac_routing2_v2/install/champ_msgs/include/champ_msgs/champ_msgs/msg/detail
[9.213s] -- Installing: /home/csl/isaac_routing2_v2/install/champ_msgs/include/champ_msgs/champ_msgs/msg/detail/pid__rosidl_typesupport_introspection_c.h
[9.214s] -- Installing: /home/csl/isaac_routing2_v2/install/champ_msgs/include/champ_msgs/champ_msgs/msg/detail/contacts__rosidl_typesupport_introspection_c.h
[9.214s] -- Installing: /home/csl/isaac_routing2_v2/install/champ_msgs/include/champ_msgs/champ_msgs/msg/detail/pose__type_support.c
[9.214s] -- Installing: /home/csl/isaac_routing2_v2/install/champ_msgs/include/champ_msgs/champ_msgs/msg/detail/point__rosidl_typesupport_introspection_c.h
[9.214s] -- Installing: /home/csl/isaac_routing2_v2/install/champ_msgs/include/champ_msgs/champ_msgs/msg/detail/imu__rosidl_typesupport_introspection_c.h
[9.214s] -- Installing: /home/csl/isaac_routing2_v2/install/champ_msgs/include/champ_msgs/champ_msgs/msg/detail/contacts__type_support.c
[9.214s] -- Installing: /home/csl/isaac_routing2_v2/install/champ_msgs/include/champ_msgs/champ_msgs/msg/detail/point_array__rosidl_typesupport_introspection_c.h
[9.214s] -- Installing: /home/csl/isaac_routing2_v2/install/champ_msgs/include/champ_msgs/champ_msgs/msg/detail/contacts_stamped__rosidl_typesupport_introspection_c.h
[9.214s] -- Installing: /home/csl/isaac_routing2_v2/install/champ_msgs/include/champ_msgs/champ_msgs/msg/detail/imu__type_support.c
[9.215s] -- Installing: /home/csl/isaac_routing2_v2/install/champ_msgs/include/champ_msgs/champ_msgs/msg/detail/velocities__type_support.c
[9.215s] -- Installing: /home/csl/isaac_routing2_v2/install/champ_msgs/include/champ_msgs/champ_msgs/msg/detail/velocities__rosidl_typesupport_introspection_c.h
[9.215s] -- Installing: /home/csl/isaac_routing2_v2/install/champ_msgs/include/champ_msgs/champ_msgs/msg/detail/pose__rosidl_typesupport_introspection_c.h
[9.215s] -- Installing: /home/csl/isaac_routing2_v2/install/champ_msgs/include/champ_msgs/champ_msgs/msg/detail/point_array__type_support.c
[9.215s] -- Installing: /home/csl/isaac_routing2_v2/install/champ_msgs/include/champ_msgs/champ_msgs/msg/detail/point__type_support.c
[9.215s] -- Installing: /home/csl/isaac_routing2_v2/install/champ_msgs/include/champ_msgs/champ_msgs/msg/detail/contacts_stamped__type_support.c
[9.215s] -- Installing: /home/csl/isaac_routing2_v2/install/champ_msgs/include/champ_msgs/champ_msgs/msg/detail/pid__type_support.c
[9.215s] -- Installing: /home/csl/isaac_routing2_v2/install/champ_msgs/include/champ_msgs/champ_msgs/msg/detail/joints__type_support.c
[9.215s] -- Installing: /home/csl/isaac_routing2_v2/install/champ_msgs/include/champ_msgs/champ_msgs/msg/detail/joints__rosidl_typesupport_introspection_c.h
[9.216s] -- Installing: /home/csl/isaac_routing2_v2/install/champ_msgs/include/champ_msgs/champ_msgs/msg/rosidl_typesupport_introspection_c__visibility_control.h
[9.216s] -- Installing: /home/csl/isaac_routing2_v2/install/champ_msgs/lib/libchamp_msgs__rosidl_typesupport_introspection_c.so
[9.216s] -- Set runtime path of "/home/csl/isaac_routing2_v2/install/champ_msgs/lib/libchamp_msgs__rosidl_typesupport_introspection_c.so" to ""
[9.216s] -- Installing: /home/csl/isaac_routing2_v2/install/champ_msgs/lib/libchamp_msgs__rosidl_typesupport_c.so
[9.216s] -- Set runtime path of "/home/csl/isaac_routing2_v2/install/champ_msgs/lib/libchamp_msgs__rosidl_typesupport_c.so" to ""
[9.217s] -- Up-to-date: /home/csl/isaac_routing2_v2/install/champ_msgs/include/champ_msgs/champ_msgs
[9.217s] -- Up-to-date: /home/csl/isaac_routing2_v2/install/champ_msgs/include/champ_msgs/champ_msgs/msg
[9.217s] -- Installing: /home/csl/isaac_routing2_v2/install/champ_msgs/include/champ_msgs/champ_msgs/msg/point_array.hpp
[9.217s] -- Up-to-date: /home/csl/isaac_routing2_v2/install/champ_msgs/include/champ_msgs/champ_msgs/msg/detail
[9.217s] -- Installing: /home/csl/isaac_routing2_v2/install/champ_msgs/include/champ_msgs/champ_msgs/msg/detail/point_array__struct.hpp
[9.217s] -- Installing: /home/csl/isaac_routing2_v2/install/champ_msgs/include/champ_msgs/champ_msgs/msg/detail/point__builder.hpp
[9.217s] -- Installing: /home/csl/isaac_routing2_v2/install/champ_msgs/include/champ_msgs/champ_msgs/msg/detail/pose__builder.hpp
[9.218s] -- Installing: /home/csl/isaac_routing2_v2/install/champ_msgs/include/champ_msgs/champ_msgs/msg/detail/joints__traits.hpp
[9.218s] -- Installing: /home/csl/isaac_routing2_v2/install/champ_msgs/include/champ_msgs/champ_msgs/msg/detail/pose__struct.hpp
[9.218s] -- Installing: /home/csl/isaac_routing2_v2/install/champ_msgs/include/champ_msgs/champ_msgs/msg/detail/imu__traits.hpp
[9.218s] -- Installing: /home/csl/isaac_routing2_v2/install/champ_msgs/include/champ_msgs/champ_msgs/msg/detail/pose__traits.hpp
[9.218s] -- Installing: /home/csl/isaac_routing2_v2/install/champ_msgs/include/champ_msgs/champ_msgs/msg/detail/pid__builder.hpp
[9.218s] -- Installing: /home/csl/isaac_routing2_v2/install/champ_msgs/include/champ_msgs/champ_msgs/msg/detail/velocities__struct.hpp
[9.218s] -- Installing: /home/csl/isaac_routing2_v2/install/champ_msgs/include/champ_msgs/champ_msgs/msg/detail/velocities__builder.hpp
[9.218s] -- Installing: /home/csl/isaac_routing2_v2/install/champ_msgs/include/champ_msgs/champ_msgs/msg/detail/contacts_stamped__traits.hpp
[9.219s] -- Installing: /home/csl/isaac_routing2_v2/install/champ_msgs/include/champ_msgs/champ_msgs/msg/detail/joints__builder.hpp
[9.219s] -- Installing: /home/csl/isaac_routing2_v2/install/champ_msgs/include/champ_msgs/champ_msgs/msg/detail/point_array__traits.hpp
[9.219s] -- Installing: /home/csl/isaac_routing2_v2/install/champ_msgs/include/champ_msgs/champ_msgs/msg/detail/contacts__traits.hpp
[9.219s] -- Installing: /home/csl/isaac_routing2_v2/install/champ_msgs/include/champ_msgs/champ_msgs/msg/detail/joints__struct.hpp
[9.219s] -- Installing: /home/csl/isaac_routing2_v2/install/champ_msgs/include/champ_msgs/champ_msgs/msg/detail/imu__struct.hpp
[9.219s] -- Installing: /home/csl/isaac_routing2_v2/install/champ_msgs/include/champ_msgs/champ_msgs/msg/detail/contacts_stamped__builder.hpp
[9.219s] -- Installing: /home/csl/isaac_routing2_v2/install/champ_msgs/include/champ_msgs/champ_msgs/msg/detail/pid__struct.hpp
[9.219s] -- Installing: /home/csl/isaac_routing2_v2/install/champ_msgs/include/champ_msgs/champ_msgs/msg/detail/point__struct.hpp
[9.220s] -- Installing: /home/csl/isaac_routing2_v2/install/champ_msgs/include/champ_msgs/champ_msgs/msg/detail/contacts_stamped__struct.hpp
[9.220s] -- Installing: /home/csl/isaac_routing2_v2/install/champ_msgs/include/champ_msgs/champ_msgs/msg/detail/pid__traits.hpp
[9.220s] -- Installing: /home/csl/isaac_routing2_v2/install/champ_msgs/include/champ_msgs/champ_msgs/msg/detail/point__traits.hpp
[9.220s] -- Installing: /home/csl/isaac_routing2_v2/install/champ_msgs/include/champ_msgs/champ_msgs/msg/detail/contacts__builder.hpp
[9.220s] -- Installing: /home/csl/isaac_routing2_v2/install/champ_msgs/include/champ_msgs/champ_msgs/msg/detail/contacts__struct.hpp
[9.220s] -- Installing: /home/csl/isaac_routing2_v2/install/champ_msgs/include/champ_msgs/champ_msgs/msg/detail/point_array__builder.hpp
[9.220s] -- Installing: /home/csl/isaac_routing2_v2/install/champ_msgs/include/champ_msgs/champ_msgs/msg/detail/imu__builder.hpp
[9.220s] -- Installing: /home/csl/isaac_routing2_v2/install/champ_msgs/include/champ_msgs/champ_msgs/msg/detail/velocities__traits.hpp
[9.220s] -- Installing: /home/csl/isaac_routing2_v2/install/champ_msgs/include/champ_msgs/champ_msgs/msg/pose.hpp
[9.221s] -- Installing: /home/csl/isaac_routing2_v2/install/champ_msgs/include/champ_msgs/champ_msgs/msg/point.hpp
[9.221s] -- Installing: /home/csl/isaac_routing2_v2/install/champ_msgs/include/champ_msgs/champ_msgs/msg/contacts.hpp
[9.221s] -- Installing: /home/csl/isaac_routing2_v2/install/champ_msgs/include/champ_msgs/champ_msgs/msg/velocities.hpp
[9.221s] -- Installing: /home/csl/isaac_routing2_v2/install/champ_msgs/include/champ_msgs/champ_msgs/msg/joints.hpp
[9.221s] -- Installing: /home/csl/isaac_routing2_v2/install/champ_msgs/include/champ_msgs/champ_msgs/msg/contacts_stamped.hpp
[9.221s] -- Installing: /home/csl/isaac_routing2_v2/install/champ_msgs/include/champ_msgs/champ_msgs/msg/imu.hpp
[9.221s] -- Installing: /home/csl/isaac_routing2_v2/install/champ_msgs/include/champ_msgs/champ_msgs/msg/pid.hpp
[9.222s] -- Up-to-date: /home/csl/isaac_routing2_v2/install/champ_msgs/include/champ_msgs/champ_msgs
[9.222s] -- Up-to-date: /home/csl/isaac_routing2_v2/install/champ_msgs/include/champ_msgs/champ_msgs/msg
[9.222s] -- Up-to-date: /home/csl/isaac_routing2_v2/install/champ_msgs/include/champ_msgs/champ_msgs/msg/detail
[9.222s] -- Installing: /home/csl/isaac_routing2_v2/install/champ_msgs/include/champ_msgs/champ_msgs/msg/detail/joints__rosidl_typesupport_fastrtps_cpp.hpp
[9.222s] -- Installing: /home/csl/isaac_routing2_v2/install/champ_msgs/include/champ_msgs/champ_msgs/msg/detail/dds_fastrtps
[9.222s] -- Installing: /home/csl/isaac_routing2_v2/install/champ_msgs/include/champ_msgs/champ_msgs/msg/detail/pose__rosidl_typesupport_fastrtps_cpp.hpp
[9.222s] -- Installing: /home/csl/isaac_routing2_v2/install/champ_msgs/include/champ_msgs/champ_msgs/msg/detail/pid__rosidl_typesupport_fastrtps_cpp.hpp
[9.222s] -- Installing: /home/csl/isaac_routing2_v2/install/champ_msgs/include/champ_msgs/champ_msgs/msg/detail/velocities__rosidl_typesupport_fastrtps_cpp.hpp
[9.222s] -- Installing: /home/csl/isaac_routing2_v2/install/champ_msgs/include/champ_msgs/champ_msgs/msg/detail/contacts_stamped__rosidl_typesupport_fastrtps_cpp.hpp
[9.223s] -- Installing: /home/csl/isaac_routing2_v2/install/champ_msgs/include/champ_msgs/champ_msgs/msg/detail/point__rosidl_typesupport_fastrtps_cpp.hpp
[9.223s] -- Installing: /home/csl/isaac_routing2_v2/install/champ_msgs/include/champ_msgs/champ_msgs/msg/detail/contacts__rosidl_typesupport_fastrtps_cpp.hpp
[9.223s] -- Installing: /home/csl/isaac_routing2_v2/install/champ_msgs/include/champ_msgs/champ_msgs/msg/detail/imu__rosidl_typesupport_fastrtps_cpp.hpp
[9.223s] -- Installing: /home/csl/isaac_routing2_v2/install/champ_msgs/include/champ_msgs/champ_msgs/msg/detail/point_array__rosidl_typesupport_fastrtps_cpp.hpp
[9.223s] -- Installing: /home/csl/isaac_routing2_v2/install/champ_msgs/include/champ_msgs/champ_msgs/msg/rosidl_typesupport_fastrtps_cpp__visibility_control.h
[9.223s] -- Installing: /home/csl/isaac_routing2_v2/install/champ_msgs/lib/libchamp_msgs__rosidl_typesupport_fastrtps_cpp.so
[9.224s] -- Set runtime path of "/home/csl/isaac_routing2_v2/install/champ_msgs/lib/libchamp_msgs__rosidl_typesupport_fastrtps_cpp.so" to ""
[9.224s] -- Up-to-date: /home/csl/isaac_routing2_v2/install/champ_msgs/include/champ_msgs/champ_msgs
[9.224s] -- Up-to-date: /home/csl/isaac_routing2_v2/install/champ_msgs/include/champ_msgs/champ_msgs/msg
[9.224s] -- Up-to-date: /home/csl/isaac_routing2_v2/install/champ_msgs/include/champ_msgs/champ_msgs/msg/detail
[9.225s] -- Installing: /home/csl/isaac_routing2_v2/install/champ_msgs/include/champ_msgs/champ_msgs/msg/detail/contacts__rosidl_typesupport_introspection_cpp.hpp
[9.225s] -- Installing: /home/csl/isaac_routing2_v2/install/champ_msgs/include/champ_msgs/champ_msgs/msg/detail/pid__type_support.cpp
[9.225s] -- Installing: /home/csl/isaac_routing2_v2/install/champ_msgs/include/champ_msgs/champ_msgs/msg/detail/point_array__type_support.cpp
[9.225s] -- Installing: /home/csl/isaac_routing2_v2/install/champ_msgs/include/champ_msgs/champ_msgs/msg/detail/contacts_stamped__type_support.cpp
[9.225s] -- Installing: /home/csl/isaac_routing2_v2/install/champ_msgs/include/champ_msgs/champ_msgs/msg/detail/velocities__rosidl_typesupport_introspection_cpp.hpp
[9.226s] -- Installing: /home/csl/isaac_routing2_v2/install/champ_msgs/include/champ_msgs/champ_msgs/msg/detail/pose__rosidl_typesupport_introspection_cpp.hpp
[9.226s] -- Installing: /home/csl/isaac_routing2_v2/install/champ_msgs/include/champ_msgs/champ_msgs/msg/detail/pid__rosidl_typesupport_introspection_cpp.hpp
[9.226s] -- Installing: /home/csl/isaac_routing2_v2/install/champ_msgs/include/champ_msgs/champ_msgs/msg/detail/imu__rosidl_typesupport_introspection_cpp.hpp
[9.226s] -- Installing: /home/csl/isaac_routing2_v2/install/champ_msgs/include/champ_msgs/champ_msgs/msg/detail/joints__type_support.cpp
[9.228s] -- Installing: /home/csl/isaac_routing2_v2/install/champ_msgs/include/champ_msgs/champ_msgs/msg/detail/point_array__rosidl_typesupport_introspection_cpp.hpp
[9.228s] -- Installing: /home/csl/isaac_routing2_v2/install/champ_msgs/include/champ_msgs/champ_msgs/msg/detail/velocities__type_support.cpp
[9.228s] -- Installing: /home/csl/isaac_routing2_v2/install/champ_msgs/include/champ_msgs/champ_msgs/msg/detail/point__type_support.cpp
[9.228s] -- Installing: /home/csl/isaac_routing2_v2/install/champ_msgs/include/champ_msgs/champ_msgs/msg/detail/joints__rosidl_typesupport_introspection_cpp.hpp
[9.228s] -- Installing: /home/csl/isaac_routing2_v2/install/champ_msgs/include/champ_msgs/champ_msgs/msg/detail/contacts__type_support.cpp
[9.228s] -- Installing: /home/csl/isaac_routing2_v2/install/champ_msgs/include/champ_msgs/champ_msgs/msg/detail/imu__type_support.cpp
[9.228s] -- Installing: /home/csl/isaac_routing2_v2/install/champ_msgs/include/champ_msgs/champ_msgs/msg/detail/contacts_stamped__rosidl_typesupport_introspection_cpp.hpp
[9.228s] -- Installing: /home/csl/isaac_routing2_v2/install/champ_msgs/include/champ_msgs/champ_msgs/msg/detail/pose__type_support.cpp
[9.229s] -- Installing: /home/csl/isaac_routing2_v2/install/champ_msgs/include/champ_msgs/champ_msgs/msg/detail/point__rosidl_typesupport_introspection_cpp.hpp
[9.229s] -- Installing: /home/csl/isaac_routing2_v2/install/champ_msgs/lib/libchamp_msgs__rosidl_typesupport_introspection_cpp.so
[9.229s] -- Set runtime path of "/home/csl/isaac_routing2_v2/install/champ_msgs/lib/libchamp_msgs__rosidl_typesupport_introspection_cpp.so" to ""
[9.229s] -- Installing: /home/csl/isaac_routing2_v2/install/champ_msgs/lib/libchamp_msgs__rosidl_typesupport_cpp.so
[9.229s] -- Set runtime path of "/home/csl/isaac_routing2_v2/install/champ_msgs/lib/libchamp_msgs__rosidl_typesupport_cpp.so" to ""
[9.229s] -- Installing: /home/csl/isaac_routing2_v2/install/champ_msgs/share/champ_msgs/environment/pythonpath.sh
[9.229s] -- Installing: /home/csl/isaac_routing2_v2/install/champ_msgs/share/champ_msgs/environment/pythonpath.dsv
[9.229s] -- Installing: /home/csl/isaac_routing2_v2/install/champ_msgs/local/lib/python3.10/dist-packages/champ_msgs-0.1.0-py3.10.egg-info
[9.230s] -- Installing: /home/csl/isaac_routing2_v2/install/champ_msgs/local/lib/python3.10/dist-packages/champ_msgs-0.1.0-py3.10.egg-info/SOURCES.txt
[9.230s] -- Installing: /home/csl/isaac_routing2_v2/install/champ_msgs/local/lib/python3.10/dist-packages/champ_msgs-0.1.0-py3.10.egg-info/dependency_links.txt
[9.230s] -- Installing: /home/csl/isaac_routing2_v2/install/champ_msgs/local/lib/python3.10/dist-packages/champ_msgs-0.1.0-py3.10.egg-info/PKG-INFO
[9.230s] -- Installing: /home/csl/isaac_routing2_v2/install/champ_msgs/local/lib/python3.10/dist-packages/champ_msgs-0.1.0-py3.10.egg-info/top_level.txt
[9.230s] -- Installing: /home/csl/isaac_routing2_v2/install/champ_msgs/local/lib/python3.10/dist-packages/champ_msgs
[9.230s] -- Installing: /home/csl/isaac_routing2_v2/install/champ_msgs/local/lib/python3.10/dist-packages/champ_msgs/champ_msgs_s__rosidl_typesupport_introspection_c.cpython-310-x86_64-linux-gnu.so
[9.230s] -- Installing: /home/csl/isaac_routing2_v2/install/champ_msgs/local/lib/python3.10/dist-packages/champ_msgs/libchamp_msgs__rosidl_generator_py.so
[9.230s] -- Installing: /home/csl/isaac_routing2_v2/install/champ_msgs/local/lib/python3.10/dist-packages/champ_msgs/_champ_msgs_s.ep.rosidl_typesupport_c.c
[9.231s] -- Installing: /home/csl/isaac_routing2_v2/install/champ_msgs/local/lib/python3.10/dist-packages/champ_msgs/__init__.py
[9.231s] -- Installing: /home/csl/isaac_routing2_v2/install/champ_msgs/local/lib/python3.10/dist-packages/champ_msgs/champ_msgs_s__rosidl_typesupport_fastrtps_c.cpython-310-x86_64-linux-gnu.so
[9.231s] -- Installing: /home/csl/isaac_routing2_v2/install/champ_msgs/local/lib/python3.10/dist-packages/champ_msgs/msg
[9.231s] -- Installing: /home/csl/isaac_routing2_v2/install/champ_msgs/local/lib/python3.10/dist-packages/champ_msgs/msg/_point_s.c
[9.231s] -- Installing: /home/csl/isaac_routing2_v2/install/champ_msgs/local/lib/python3.10/dist-packages/champ_msgs/msg/_contacts_s.c
[9.232s] -- Installing: /home/csl/isaac_routing2_v2/install/champ_msgs/local/lib/python3.10/dist-packages/champ_msgs/msg/_imu.py
[9.232s] -- Installing: /home/csl/isaac_routing2_v2/install/champ_msgs/local/lib/python3.10/dist-packages/champ_msgs/msg/_velocities.py
[9.232s] -- Installing: /home/csl/isaac_routing2_v2/install/champ_msgs/local/lib/python3.10/dist-packages/champ_msgs/msg/__init__.py
[9.232s] -- Installing: /home/csl/isaac_routing2_v2/install/champ_msgs/local/lib/python3.10/dist-packages/champ_msgs/msg/_velocities_s.c
[9.232s] -- Installing: /home/csl/isaac_routing2_v2/install/champ_msgs/local/lib/python3.10/dist-packages/champ_msgs/msg/_pid_s.c
[9.232s] -- Installing: /home/csl/isaac_routing2_v2/install/champ_msgs/local/lib/python3.10/dist-packages/champ_msgs/msg/_pose_s.c
[9.232s] -- Installing: /home/csl/isaac_routing2_v2/install/champ_msgs/local/lib/python3.10/dist-packages/champ_msgs/msg/_joints.py
[9.232s] -- Installing: /home/csl/isaac_routing2_v2/install/champ_msgs/local/lib/python3.10/dist-packages/champ_msgs/msg/_pose.py
[9.232s] -- Installing: /home/csl/isaac_routing2_v2/install/champ_msgs/local/lib/python3.10/dist-packages/champ_msgs/msg/_point_array.py
[9.233s] -- Installing: /home/csl/isaac_routing2_v2/install/champ_msgs/local/lib/python3.10/dist-packages/champ_msgs/msg/_pid.py
[9.233s] -- Installing: /home/csl/isaac_routing2_v2/install/champ_msgs/local/lib/python3.10/dist-packages/champ_msgs/msg/_point_array_s.c
[9.233s] -- Installing: /home/csl/isaac_routing2_v2/install/champ_msgs/local/lib/python3.10/dist-packages/champ_msgs/msg/_imu_s.c
[9.233s] -- Installing: /home/csl/isaac_routing2_v2/install/champ_msgs/local/lib/python3.10/dist-packages/champ_msgs/msg/_point.py
[9.233s] -- Installing: /home/csl/isaac_routing2_v2/install/champ_msgs/local/lib/python3.10/dist-packages/champ_msgs/msg/_contacts_stamped_s.c
[9.233s] -- Installing: /home/csl/isaac_routing2_v2/install/champ_msgs/local/lib/python3.10/dist-packages/champ_msgs/msg/_contacts.py
[9.233s] -- Installing: /home/csl/isaac_routing2_v2/install/champ_msgs/local/lib/python3.10/dist-packages/champ_msgs/msg/_joints_s.c
[9.233s] -- Installing: /home/csl/isaac_routing2_v2/install/champ_msgs/local/lib/python3.10/dist-packages/champ_msgs/msg/_contacts_stamped.py
[9.233s] -- Installing: /home/csl/isaac_routing2_v2/install/champ_msgs/local/lib/python3.10/dist-packages/champ_msgs/_champ_msgs_s.ep.rosidl_typesupport_fastrtps_c.c
[9.234s] -- Installing: /home/csl/isaac_routing2_v2/install/champ_msgs/local/lib/python3.10/dist-packages/champ_msgs/champ_msgs_s__rosidl_typesupport_c.cpython-310-x86_64-linux-gnu.so
[9.234s] -- Installing: /home/csl/isaac_routing2_v2/install/champ_msgs/local/lib/python3.10/dist-packages/champ_msgs/_champ_msgs_s.ep.rosidl_typesupport_introspection_c.c
[9.280s] Listing '/home/csl/isaac_routing2_v2/install/champ_msgs/local/lib/python3.10/dist-packages/champ_msgs'...
[9.280s] Compiling '/home/csl/isaac_routing2_v2/install/champ_msgs/local/lib/python3.10/dist-packages/champ_msgs/__init__.py'...
[9.280s] Listing '/home/csl/isaac_routing2_v2/install/champ_msgs/local/lib/python3.10/dist-packages/champ_msgs/msg'...
[9.280s] Compiling '/home/csl/isaac_routing2_v2/install/champ_msgs/local/lib/python3.10/dist-packages/champ_msgs/msg/__init__.py'...
[9.280s] Compiling '/home/csl/isaac_routing2_v2/install/champ_msgs/local/lib/python3.10/dist-packages/champ_msgs/msg/_contacts.py'...
[9.280s] Compiling '/home/csl/isaac_routing2_v2/install/champ_msgs/local/lib/python3.10/dist-packages/champ_msgs/msg/_contacts_stamped.py'...
[9.280s] Compiling '/home/csl/isaac_routing2_v2/install/champ_msgs/local/lib/python3.10/dist-packages/champ_msgs/msg/_imu.py'...
[9.280s] Compiling '/home/csl/isaac_routing2_v2/install/champ_msgs/local/lib/python3.10/dist-packages/champ_msgs/msg/_joints.py'...
[9.280s] Compiling '/home/csl/isaac_routing2_v2/install/champ_msgs/local/lib/python3.10/dist-packages/champ_msgs/msg/_pid.py'...
[9.281s] Compiling '/home/csl/isaac_routing2_v2/install/champ_msgs/local/lib/python3.10/dist-packages/champ_msgs/msg/_point.py'...
[9.281s] Compiling '/home/csl/isaac_routing2_v2/install/champ_msgs/local/lib/python3.10/dist-packages/champ_msgs/msg/_point_array.py'...
[9.281s] Compiling '/home/csl/isaac_routing2_v2/install/champ_msgs/local/lib/python3.10/dist-packages/champ_msgs/msg/_pose.py'...
[9.281s] Compiling '/home/csl/isaac_routing2_v2/install/champ_msgs/local/lib/python3.10/dist-packages/champ_msgs/msg/_velocities.py'...
[9.287s] -- Installing: /home/csl/isaac_routing2_v2/install/champ_msgs/local/lib/python3.10/dist-packages/champ_msgs/champ_msgs_s__rosidl_typesupport_fastrtps_c.cpython-310-x86_64-linux-gnu.so
[9.288s] -- Set runtime path of "/home/csl/isaac_routing2_v2/install/champ_msgs/local/lib/python3.10/dist-packages/champ_msgs/champ_msgs_s__rosidl_typesupport_fastrtps_c.cpython-310-x86_64-linux-gnu.so" to ""
[9.288s] -- Installing: /home/csl/isaac_routing2_v2/install/champ_msgs/local/lib/python3.10/dist-packages/champ_msgs/champ_msgs_s__rosidl_typesupport_introspection_c.cpython-310-x86_64-linux-gnu.so
[9.289s] -- Set runtime path of "/home/csl/isaac_routing2_v2/install/champ_msgs/local/lib/python3.10/dist-packages/champ_msgs/champ_msgs_s__rosidl_typesupport_introspection_c.cpython-310-x86_64-linux-gnu.so" to ""
[9.289s] -- Installing: /home/csl/isaac_routing2_v2/install/champ_msgs/local/lib/python3.10/dist-packages/champ_msgs/champ_msgs_s__rosidl_typesupport_c.cpython-310-x86_64-linux-gnu.so
[9.290s] -- Set runtime path of "/home/csl/isaac_routing2_v2/install/champ_msgs/local/lib/python3.10/dist-packages/champ_msgs/champ_msgs_s__rosidl_typesupport_c.cpython-310-x86_64-linux-gnu.so" to ""
[9.290s] -- Installing: /home/csl/isaac_routing2_v2/install/champ_msgs/lib/libchamp_msgs__rosidl_generator_py.so
[9.291s] -- Set runtime path of "/home/csl/isaac_routing2_v2/install/champ_msgs/lib/libchamp_msgs__rosidl_generator_py.so" to ""
[9.291s] -- Installing: /home/csl/isaac_routing2_v2/install/champ_msgs/share/champ_msgs/msg/Velocities.idl
[9.291s] -- Installing: /home/csl/isaac_routing2_v2/install/champ_msgs/share/champ_msgs/msg/PID.idl
[9.291s] -- Installing: /home/csl/isaac_routing2_v2/install/champ_msgs/share/champ_msgs/msg/Imu.idl
[9.291s] -- Installing: /home/csl/isaac_routing2_v2/install/champ_msgs/share/champ_msgs/msg/Point.idl
[9.291s] -- Installing: /home/csl/isaac_routing2_v2/install/champ_msgs/share/champ_msgs/msg/PointArray.idl
[9.291s] -- Installing: /home/csl/isaac_routing2_v2/install/champ_msgs/share/champ_msgs/msg/Joints.idl
[9.291s] -- Installing: /home/csl/isaac_routing2_v2/install/champ_msgs/share/champ_msgs/msg/Contacts.idl
[9.292s] -- Installing: /home/csl/isaac_routing2_v2/install/champ_msgs/share/champ_msgs/msg/ContactsStamped.idl
[9.292s] -- Installing: /home/csl/isaac_routing2_v2/install/champ_msgs/share/champ_msgs/msg/Pose.idl
[9.292s] -- Installing: /home/csl/isaac_routing2_v2/install/champ_msgs/share/champ_msgs/msg/Velocities.msg
[9.292s] -- Installing: /home/csl/isaac_routing2_v2/install/champ_msgs/share/champ_msgs/msg/PID.msg
[9.292s] -- Installing: /home/csl/isaac_routing2_v2/install/champ_msgs/share/champ_msgs/msg/Imu.msg
[9.292s] -- Installing: /home/csl/isaac_routing2_v2/install/champ_msgs/share/champ_msgs/msg/Point.msg
[9.293s] -- Installing: /home/csl/isaac_routing2_v2/install/champ_msgs/share/champ_msgs/msg/PointArray.msg
[9.293s] -- Installing: /home/csl/isaac_routing2_v2/install/champ_msgs/share/champ_msgs/msg/Joints.msg
[9.293s] -- Installing: /home/csl/isaac_routing2_v2/install/champ_msgs/share/champ_msgs/msg/Contacts.msg
[9.293s] -- Installing: /home/csl/isaac_routing2_v2/install/champ_msgs/share/champ_msgs/msg/ContactsStamped.msg
[9.293s] -- Installing: /home/csl/isaac_routing2_v2/install/champ_msgs/share/champ_msgs/msg/Pose.msg
[9.294s] -- Installing: /home/csl/isaac_routing2_v2/install/champ_msgs/share/ament_index/resource_index/package_run_dependencies/champ_msgs
[9.294s] -- Installing: /home/csl/isaac_routing2_v2/install/champ_msgs/share/ament_index/resource_index/parent_prefix_path/champ_msgs
[9.294s] -- Installing: /home/csl/isaac_routing2_v2/install/champ_msgs/share/champ_msgs/environment/ament_prefix_path.sh
[9.294s] -- Installing: /home/csl/isaac_routing2_v2/install/champ_msgs/share/champ_msgs/environment/ament_prefix_path.dsv
[9.294s] -- Installing: /home/csl/isaac_routing2_v2/install/champ_msgs/share/champ_msgs/environment/path.sh
[9.295s] -- Installing: /home/csl/isaac_routing2_v2/install/champ_msgs/share/champ_msgs/environment/path.dsv
[9.295s] -- Installing: /home/csl/isaac_routing2_v2/install/champ_msgs/share/champ_msgs/local_setup.bash
[9.295s] -- Installing: /home/csl/isaac_routing2_v2/install/champ_msgs/share/champ_msgs/local_setup.sh
[9.295s] -- Installing: /home/csl/isaac_routing2_v2/install/champ_msgs/share/champ_msgs/local_setup.zsh
[9.295s] -- Installing: /home/csl/isaac_routing2_v2/install/champ_msgs/share/champ_msgs/local_setup.dsv
[9.295s] -- Installing: /home/csl/isaac_routing2_v2/install/champ_msgs/share/champ_msgs/package.dsv
[9.296s] -- Installing: /home/csl/isaac_routing2_v2/install/champ_msgs/share/ament_index/resource_index/packages/champ_msgs
[9.296s] -- Installing: /home/csl/isaac_routing2_v2/install/champ_msgs/share/champ_msgs/cmake/export_champ_msgs__rosidl_generator_cExport.cmake
[9.296s] -- Installing: /home/csl/isaac_routing2_v2/install/champ_msgs/share/champ_msgs/cmake/export_champ_msgs__rosidl_generator_cExport-noconfig.cmake
[9.297s] -- Installing: /home/csl/isaac_routing2_v2/install/champ_msgs/share/champ_msgs/cmake/export_champ_msgs__rosidl_typesupport_fastrtps_cExport.cmake
[9.297s] -- Installing: /home/csl/isaac_routing2_v2/install/champ_msgs/share/champ_msgs/cmake/export_champ_msgs__rosidl_typesupport_fastrtps_cExport-noconfig.cmake
[9.297s] -- Installing: /home/csl/isaac_routing2_v2/install/champ_msgs/share/champ_msgs/cmake/champ_msgs__rosidl_typesupport_introspection_cExport.cmake
[9.297s] -- Installing: /home/csl/isaac_routing2_v2/install/champ_msgs/share/champ_msgs/cmake/champ_msgs__rosidl_typesupport_introspection_cExport-noconfig.cmake
[9.297s] -- Installing: /home/csl/isaac_routing2_v2/install/champ_msgs/share/champ_msgs/cmake/champ_msgs__rosidl_typesupport_cExport.cmake
[9.298s] -- Installing: /home/csl/isaac_routing2_v2/install/champ_msgs/share/champ_msgs/cmake/champ_msgs__rosidl_typesupport_cExport-noconfig.cmake
[9.298s] -- Installing: /home/csl/isaac_routing2_v2/install/champ_msgs/share/champ_msgs/cmake/export_champ_msgs__rosidl_generator_cppExport.cmake
[9.298s] -- Installing: /home/csl/isaac_routing2_v2/install/champ_msgs/share/champ_msgs/cmake/export_champ_msgs__rosidl_typesupport_fastrtps_cppExport.cmake
[9.298s] -- Installing: /home/csl/isaac_routing2_v2/install/champ_msgs/share/champ_msgs/cmake/export_champ_msgs__rosidl_typesupport_fastrtps_cppExport-noconfig.cmake
[9.298s] -- Installing: /home/csl/isaac_routing2_v2/install/champ_msgs/share/champ_msgs/cmake/champ_msgs__rosidl_typesupport_introspection_cppExport.cmake
[9.299s] -- Installing: /home/csl/isaac_routing2_v2/install/champ_msgs/share/champ_msgs/cmake/champ_msgs__rosidl_typesupport_introspection_cppExport-noconfig.cmake
[9.299s] -- Installing: /home/csl/isaac_routing2_v2/install/champ_msgs/share/champ_msgs/cmake/champ_msgs__rosidl_typesupport_cppExport.cmake
[9.299s] -- Installing: /home/csl/isaac_routing2_v2/install/champ_msgs/share/champ_msgs/cmake/champ_msgs__rosidl_typesupport_cppExport-noconfig.cmake
[9.299s] -- Installing: /home/csl/isaac_routing2_v2/install/champ_msgs/share/champ_msgs/cmake/export_champ_msgs__rosidl_generator_pyExport.cmake
[9.299s] -- Installing: /home/csl/isaac_routing2_v2/install/champ_msgs/share/champ_msgs/cmake/export_champ_msgs__rosidl_generator_pyExport-noconfig.cmake
[9.300s] -- Installing: /home/csl/isaac_routing2_v2/install/champ_msgs/share/champ_msgs/cmake/rosidl_cmake-extras.cmake
[9.300s] -- Installing: /home/csl/isaac_routing2_v2/install/champ_msgs/share/champ_msgs/cmake/ament_cmake_export_dependencies-extras.cmake
[9.300s] -- Installing: /home/csl/isaac_routing2_v2/install/champ_msgs/share/champ_msgs/cmake/ament_cmake_export_include_directories-extras.cmake
[9.300s] -- Installing: /home/csl/isaac_routing2_v2/install/champ_msgs/share/champ_msgs/cmake/ament_cmake_export_libraries-extras.cmake
[9.300s] -- Installing: /home/csl/isaac_routing2_v2/install/champ_msgs/share/champ_msgs/cmake/ament_cmake_export_targets-extras.cmake
[9.300s] -- Installing: /home/csl/isaac_routing2_v2/install/champ_msgs/share/champ_msgs/cmake/rosidl_cmake_export_typesupport_targets-extras.cmake
[9.301s] -- Installing: /home/csl/isaac_routing2_v2/install/champ_msgs/share/champ_msgs/cmake/rosidl_cmake_export_typesupport_libraries-extras.cmake
[9.301s] -- Installing: /home/csl/isaac_routing2_v2/install/champ_msgs/share/champ_msgs/cmake/champ_msgsConfig.cmake
[9.301s] -- Installing: /home/csl/isaac_routing2_v2/install/champ_msgs/share/champ_msgs/cmake/champ_msgsConfig-version.cmake
[9.301s] -- Installing: /home/csl/isaac_routing2_v2/install/champ_msgs/share/champ_msgs/package.xml
[9.304s] Invoked command in '/home/csl/isaac_routing2_v2/build/champ_msgs' returned '0': CMAKE_PREFIX_PATH=/opt/ros/humble /usr/bin/cmake --install /home/csl/isaac_routing2_v2/build/champ_msgs
