[0.045s] Invoking command in '/home/csl/isaac_routing2_v2/build/champ_teleop': CMAKE_PREFIX_PATH=/opt/ros/humble /usr/bin/cmake --build /home/csl/isaac_routing2_v2/build/champ_teleop -- -j16 -l16
[0.564s] Invoked command in '/home/csl/isaac_routing2_v2/build/champ_teleop' returned '0': CMAKE_PREFIX_PATH=/opt/ros/humble /usr/bin/cmake --build /home/csl/isaac_routing2_v2/build/champ_teleop -- -j16 -l16
[0.566s] Invoking command in '/home/csl/isaac_routing2_v2/build/champ_teleop': CMAKE_PREFIX_PATH=/opt/ros/humble /usr/bin/cmake --install /home/csl/isaac_routing2_v2/build/champ_teleop
[0.611s] -- Install configuration: ""
[0.611s] -- Up-to-date: /home/csl/isaac_routing2_v2/install/champ_teleop/share/champ_teleop/launch
[0.611s] -- Up-to-date: /home/csl/isaac_routing2_v2/install/champ_teleop/share/champ_teleop/launch/teleop.launch.py
[0.612s] -- Up-to-date: /home/csl/isaac_routing2_v2/install/champ_teleop/lib/champ_teleop/champ_teleop.py
[0.612s] -- Up-to-date: /home/csl/isaac_routing2_v2/install/champ_teleop/share/ament_index/resource_index/package_run_dependencies/champ_teleop
[0.612s] -- Up-to-date: /home/csl/isaac_routing2_v2/install/champ_teleop/share/ament_index/resource_index/parent_prefix_path/champ_teleop
[0.612s] -- Up-to-date: /home/csl/isaac_routing2_v2/install/champ_teleop/share/champ_teleop/environment/ament_prefix_path.sh
[0.612s] -- Up-to-date: /home/csl/isaac_routing2_v2/install/champ_teleop/share/champ_teleop/environment/ament_prefix_path.dsv
[0.612s] -- Up-to-date: /home/csl/isaac_routing2_v2/install/champ_teleop/share/champ_teleop/environment/path.sh
[0.612s] -- Up-to-date: /home/csl/isaac_routing2_v2/install/champ_teleop/share/champ_teleop/environment/path.dsv
[0.612s] -- Up-to-date: /home/csl/isaac_routing2_v2/install/champ_teleop/share/champ_teleop/local_setup.bash
[0.612s] -- Up-to-date: /home/csl/isaac_routing2_v2/install/champ_teleop/share/champ_teleop/local_setup.sh
[0.612s] -- Up-to-date: /home/csl/isaac_routing2_v2/install/champ_teleop/share/champ_teleop/local_setup.zsh
[0.612s] -- Up-to-date: /home/csl/isaac_routing2_v2/install/champ_teleop/share/champ_teleop/local_setup.dsv
[0.612s] -- Installing: /home/csl/isaac_routing2_v2/install/champ_teleop/share/champ_teleop/package.dsv
[0.613s] -- Up-to-date: /home/csl/isaac_routing2_v2/install/champ_teleop/share/ament_index/resource_index/packages/champ_teleop
[0.613s] -- Up-to-date: /home/csl/isaac_routing2_v2/install/champ_teleop/share/champ_teleop/cmake/champ_teleopConfig.cmake
[0.613s] -- Up-to-date: /home/csl/isaac_routing2_v2/install/champ_teleop/share/champ_teleop/cmake/champ_teleopConfig-version.cmake
[0.614s] -- Up-to-date: /home/csl/isaac_routing2_v2/install/champ_teleop/share/champ_teleop/package.xml
[0.749s] Invoked command in '/home/csl/isaac_routing2_v2/build/champ_teleop' returned '0': CMAKE_PREFIX_PATH=/opt/ros/humble /usr/bin/cmake --install /home/csl/isaac_routing2_v2/build/champ_teleop
