[1.629s] Invoking command in '/home/csl/isaac_routing2_v2/src/my_waypoint_tools': PYTHONPATH=/home/csl/isaac_routing2_v2/build/my_waypoint_tools/prefix_override:/usr/lib/python3/dist-packages/colcon_core/task/python/colcon_distutils_commands:/home/csl/isaac_routing2_v2/install/my_waypoint_tools/lib/python3.10/site-packages:${PYTHONPATH} /usr/bin/python3 -W ignore:setup.py install is deprecated -W ignore:easy_install command is deprecated setup.py egg_info --egg-base ../../build/my_waypoint_tools build --build-base /home/csl/isaac_routing2_v2/build/my_waypoint_tools/build install --record /home/csl/isaac_routing2_v2/build/my_waypoint_tools/install.log --single-version-externally-managed install_data
[1.975s] running egg_info
[1.977s] writing ../../build/my_waypoint_tools/my_waypoint_tools.egg-info/PKG-INFO
[1.977s] writing dependency_links to ../../build/my_waypoint_tools/my_waypoint_tools.egg-info/dependency_links.txt
[1.977s] writing entry points to ../../build/my_waypoint_tools/my_waypoint_tools.egg-info/entry_points.txt
[1.977s] writing requirements to ../../build/my_waypoint_tools/my_waypoint_tools.egg-info/requires.txt
[1.977s] writing top-level names to ../../build/my_waypoint_tools/my_waypoint_tools.egg-info/top_level.txt
[1.979s] reading manifest file '../../build/my_waypoint_tools/my_waypoint_tools.egg-info/SOURCES.txt'
[1.980s] writing manifest file '../../build/my_waypoint_tools/my_waypoint_tools.egg-info/SOURCES.txt'
[1.981s] running build
[1.981s] running build_py
[1.981s] copying my_waypoint_tools/goal_select.py -> /home/csl/isaac_routing2_v2/build/my_waypoint_tools/build/lib/my_waypoint_tools
[1.981s] running install
[1.981s] running install_lib
[1.983s] copying /home/csl/isaac_routing2_v2/build/my_waypoint_tools/build/lib/my_waypoint_tools/goal_select.py -> /home/csl/isaac_routing2_v2/install/my_waypoint_tools/lib/python3.10/site-packages/my_waypoint_tools
[1.984s] byte-compiling /home/csl/isaac_routing2_v2/install/my_waypoint_tools/lib/python3.10/site-packages/my_waypoint_tools/goal_select.py to goal_select.cpython-310.pyc
[1.985s] running install_data
[1.985s] running install_egg_info
[1.988s] removing '/home/csl/isaac_routing2_v2/install/my_waypoint_tools/lib/python3.10/site-packages/my_waypoint_tools-0.0.0-py3.10.egg-info' (and everything under it)
[1.988s] Copying ../../build/my_waypoint_tools/my_waypoint_tools.egg-info to /home/csl/isaac_routing2_v2/install/my_waypoint_tools/lib/python3.10/site-packages/my_waypoint_tools-0.0.0-py3.10.egg-info
[1.989s] running install_scripts
[2.014s] Installing goal_select script to /home/csl/isaac_routing2_v2/install/my_waypoint_tools/lib/my_waypoint_tools
[2.014s] writing list of installed files to '/home/csl/isaac_routing2_v2/build/my_waypoint_tools/install.log'
[2.071s] Invoked command in '/home/csl/isaac_routing2_v2/src/my_waypoint_tools' returned '0': PYTHONPATH=/home/csl/isaac_routing2_v2/build/my_waypoint_tools/prefix_override:/usr/lib/python3/dist-packages/colcon_core/task/python/colcon_distutils_commands:/home/csl/isaac_routing2_v2/install/my_waypoint_tools/lib/python3.10/site-packages:${PYTHONPATH} /usr/bin/python3 -W ignore:setup.py install is deprecated -W ignore:easy_install command is deprecated setup.py egg_info --egg-base ../../build/my_waypoint_tools build --build-base /home/csl/isaac_routing2_v2/build/my_waypoint_tools/build install --record /home/csl/isaac_routing2_v2/build/my_waypoint_tools/install.log --single-version-externally-managed install_data
