[0.079s] Invoking command in '/home/csl/isaac_routing2_v2/build/champ_config': CMAKE_PREFIX_PATH=${CMAKE_PREFIX_PATH}:/home/csl/isaac_routing2_v2/install/user_tools:/home/csl/isaac_routing2_v2/install/spot_routing_nav:/home/csl/isaac_routing2_v2/install/routing_agent:/home/csl/isaac_routing2_v2/install/my_waypoint_tools:/opt/ros/humble /usr/bin/cmake --build /home/csl/isaac_routing2_v2/build/champ_config -- -j16 -l16
[0.845s] Invoked command in '/home/csl/isaac_routing2_v2/build/champ_config' returned '0': CMAKE_PREFIX_PATH=${CMAKE_PREFIX_PATH}:/home/csl/isaac_routing2_v2/install/user_tools:/home/csl/isaac_routing2_v2/install/spot_routing_nav:/home/csl/isaac_routing2_v2/install/routing_agent:/home/csl/isaac_routing2_v2/install/my_waypoint_tools:/opt/ros/humble /usr/bin/cmake --build /home/csl/isaac_routing2_v2/build/champ_config -- -j16 -l16
[0.847s] Invoking command in '/home/csl/isaac_routing2_v2/build/champ_config': CMAKE_PREFIX_PATH=${CMAKE_PREFIX_PATH}:/home/csl/isaac_routing2_v2/install/user_tools:/home/csl/isaac_routing2_v2/install/spot_routing_nav:/home/csl/isaac_routing2_v2/install/routing_agent:/home/csl/isaac_routing2_v2/install/my_waypoint_tools:/opt/ros/humble /usr/bin/cmake --install /home/csl/isaac_routing2_v2/build/champ_config
[0.898s] -- Install configuration: ""
[0.898s] -- Up-to-date: /home/csl/isaac_routing2_v2/install/champ_config/share/champ_config/launch
[0.899s] -- Up-to-date: /home/csl/isaac_routing2_v2/install/champ_config/share/champ_config/launch/gazebo.launch.py
[0.899s] -- Up-to-date: /home/csl/isaac_routing2_v2/install/champ_config/share/champ_config/launch/bringup.launch.py
[0.899s] -- Up-to-date: /home/csl/isaac_routing2_v2/install/champ_config/share/champ_config/launch/navigate.launch.py
[0.899s] -- Up-to-date: /home/csl/isaac_routing2_v2/install/champ_config/share/champ_config/launch/slam.launch.py
[0.901s] -- Up-to-date: /home/csl/isaac_routing2_v2/install/champ_config/share/champ_config/config
[0.902s] -- Up-to-date: /home/csl/isaac_routing2_v2/install/champ_config/share/champ_config/config/autonomy
[0.902s] -- Up-to-date: /home/csl/isaac_routing2_v2/install/champ_config/share/champ_config/config/autonomy/navigation.yaml
[0.902s] -- Up-to-date: /home/csl/isaac_routing2_v2/install/champ_config/share/champ_config/config/autonomy/slam.yaml
[0.902s] -- Up-to-date: /home/csl/isaac_routing2_v2/install/champ_config/share/champ_config/config/joints
[0.902s] -- Up-to-date: /home/csl/isaac_routing2_v2/install/champ_config/share/champ_config/config/joints/joints.yaml
[0.902s] -- Up-to-date: /home/csl/isaac_routing2_v2/install/champ_config/share/champ_config/config/gait
[0.902s] -- Up-to-date: /home/csl/isaac_routing2_v2/install/champ_config/share/champ_config/config/gait/gait.yaml
[0.902s] -- Up-to-date: /home/csl/isaac_routing2_v2/install/champ_config/share/champ_config/config/links
[0.902s] -- Up-to-date: /home/csl/isaac_routing2_v2/install/champ_config/share/champ_config/config/links/links.yaml
[0.902s] -- Up-to-date: /home/csl/isaac_routing2_v2/install/champ_config/share/champ_config/maps
[0.902s] -- Up-to-date: /home/csl/isaac_routing2_v2/install/champ_config/share/champ_config/maps/map.pgm
[0.903s] -- Up-to-date: /home/csl/isaac_routing2_v2/install/champ_config/share/champ_config/maps/map.yaml
[0.903s] -- Up-to-date: /home/csl/isaac_routing2_v2/install/champ_config/share/champ_config/maps/playground.pgm
[0.904s] -- Up-to-date: /home/csl/isaac_routing2_v2/install/champ_config/share/champ_config/maps/playground.yaml
[0.904s] -- Up-to-date: /home/csl/isaac_routing2_v2/install/champ_config/share/champ_config/worlds
[0.904s] -- Up-to-date: /home/csl/isaac_routing2_v2/install/champ_config/share/champ_config/worlds/default.world
[0.904s] -- Up-to-date: /home/csl/isaac_routing2_v2/install/champ_config/share/champ_config/worlds/playground.world
[0.904s] -- Up-to-date: /home/csl/isaac_routing2_v2/install/champ_config/share/champ_config/worlds/outdoor.world
[0.905s] -- Up-to-date: /home/csl/isaac_routing2_v2/install/champ_config/share/ament_index/resource_index/package_run_dependencies/champ_config
[0.906s] -- Up-to-date: /home/csl/isaac_routing2_v2/install/champ_config/share/ament_index/resource_index/parent_prefix_path/champ_config
[0.906s] -- Up-to-date: /home/csl/isaac_routing2_v2/install/champ_config/share/champ_config/environment/ament_prefix_path.sh
[0.907s] -- Up-to-date: /home/csl/isaac_routing2_v2/install/champ_config/share/champ_config/environment/ament_prefix_path.dsv
[0.907s] -- Up-to-date: /home/csl/isaac_routing2_v2/install/champ_config/share/champ_config/environment/path.sh
[0.907s] -- Up-to-date: /home/csl/isaac_routing2_v2/install/champ_config/share/champ_config/environment/path.dsv
[0.907s] -- Up-to-date: /home/csl/isaac_routing2_v2/install/champ_config/share/champ_config/local_setup.bash
[0.907s] -- Up-to-date: /home/csl/isaac_routing2_v2/install/champ_config/share/champ_config/local_setup.sh
[0.907s] -- Up-to-date: /home/csl/isaac_routing2_v2/install/champ_config/share/champ_config/local_setup.zsh
[0.907s] -- Up-to-date: /home/csl/isaac_routing2_v2/install/champ_config/share/champ_config/local_setup.dsv
[0.907s] -- Installing: /home/csl/isaac_routing2_v2/install/champ_config/share/champ_config/package.dsv
[0.907s] -- Up-to-date: /home/csl/isaac_routing2_v2/install/champ_config/share/ament_index/resource_index/packages/champ_config
[0.907s] -- Up-to-date: /home/csl/isaac_routing2_v2/install/champ_config/share/champ_config/cmake/champ_configConfig.cmake
[0.907s] -- Up-to-date: /home/csl/isaac_routing2_v2/install/champ_config/share/champ_config/cmake/champ_configConfig-version.cmake
[0.908s] -- Up-to-date: /home/csl/isaac_routing2_v2/install/champ_config/share/champ_config/package.xml
[1.043s] Invoked command in '/home/csl/isaac_routing2_v2/build/champ_config' returned '0': CMAKE_PREFIX_PATH=${CMAKE_PREFIX_PATH}:/home/csl/isaac_routing2_v2/install/user_tools:/home/csl/isaac_routing2_v2/install/spot_routing_nav:/home/csl/isaac_routing2_v2/install/routing_agent:/home/csl/isaac_routing2_v2/install/my_waypoint_tools:/opt/ros/humble /usr/bin/cmake --install /home/csl/isaac_routing2_v2/build/champ_config
