[0.061s] Invoking command in '/home/csl/isaac_routing2_v2/build/ndt_omp_ros2': CMAKE_PREFIX_PATH=/opt/ros/humble /usr/bin/cmake /home/csl/isaac_routing2_v2/src/ndt_omp_ros2 -DCMAKE_INSTALL_PREFIX=/home/csl/isaac_routing2_v2/install/ndt_omp_ros2
[0.897s] -- The C compiler identification is GNU 12.3.0
[0.897s] -- The CXX compiler identification is GNU 11.4.0
[0.897s] -- Detecting C compiler ABI info
[0.897s] -- Detecting C compiler ABI info - done
[0.897s] -- Check for working C compiler: /usr/bin/cc - skipped
[0.897s] -- Detecting C compile features
[0.902s] -- Detecting C compile features - done
[0.902s] -- Detecting CXX compiler ABI info
[0.902s] -- Detecting CXX compiler ABI info - done
[0.902s] -- Check for working CXX compiler: /usr/bin/c++ - skipped
[0.902s] -- Detecting CXX compile features
[0.902s] -- Detecting CXX compile features - done
[0.902s] -- Found ament_cmake: 1.3.10 (/opt/ros/humble/share/ament_cmake/cmake)
[0.902s] -- Found Python3: /usr/bin/python3 (found version "3.10.12") found components: Interpreter 
[0.902s] -- Found rclcpp: 16.0.10 (/opt/ros/humble/share/rclcpp/cmake)
[0.967s] -- Found rosidl_generator_c: 3.1.5 (/opt/ros/humble/share/rosidl_generator_c/cmake)
[0.978s] -- Found rosidl_adapter: 3.1.5 (/opt/ros/humble/share/rosidl_adapter/cmake)
[0.991s] -- Found rosidl_generator_cpp: 3.1.5 (/opt/ros/humble/share/rosidl_generator_cpp/cmake)
[1.018s] -- Using all available rosidl_typesupport_c: rosidl_typesupport_fastrtps_c;rosidl_typesupport_introspection_c
[1.044s] -- Using all available rosidl_typesupport_cpp: rosidl_typesupport_fastrtps_cpp;rosidl_typesupport_introspection_cpp
[1.122s] -- Found rmw_implementation_cmake: 6.1.2 (/opt/ros/humble/share/rmw_implementation_cmake/cmake)
[1.122s] -- Found rmw_fastrtps_cpp: 6.2.7 (/opt/ros/humble/share/rmw_fastrtps_cpp/cmake)
[1.252s] -- Found OpenSSL: /usr/lib/x86_64-linux-gnu/libcrypto.so (found version "3.0.2")  
[1.293s] -- Found FastRTPS: /opt/ros/humble/include  
[1.351s] -- Using RMW implementation 'rmw_fastrtps_cpp' as default
[1.367s] -- Performing Test CMAKE_HAVE_LIBC_PTHREAD
[1.451s] -- Performing Test CMAKE_HAVE_LIBC_PTHREAD - Success
[1.452s] -- Found Threads: TRUE  
[1.538s] -- Checking for module 'eigen3'
[1.551s] --   Found eigen3, version 3.4.0
[1.589s] -- Found Eigen: /usr/include/eigen3 (Required is at least version "3.1") 
[1.589s] -- Eigen found (include: /usr/include/eigen3, version: 3.4.0)
[1.622s] -- Found Boost: /usr/lib/x86_64-linux-gnu/cmake/Boost-1.74.0/BoostConfig.cmake (found suitable version "1.74.0", minimum required is "1.65.0") found components: system filesystem date_time iostreams serialization 
[1.643s] -- Checking for module 'flann'
[1.659s] --   Found flann, version 1.9.1
[1.703s] -- Found FLANN: /usr/lib/x86_64-linux-gnu/libflann_cpp.so  
[1.703s] -- FLANN found (include: /usr/include, lib: /usr/lib/x86_64-linux-gnu/libflann_cpp.so)
[1.744s] -- Found GLEW: /usr/lib/x86_64-linux-gnu/libGLEW.so  
[1.754s] -- Found OpenGL: /usr/lib/x86_64-linux-gnu/libOpenGL.so  found components: OpenGL GLX 
[1.916s] -- Found MPI_C: /usr/lib/x86_64-linux-gnu/libmpi.so (found version "3.1") 
[1.916s] -- Found MPI: TRUE (found version "3.1") found components: C 
[1.920s] -- Found JsonCpp: /usr/lib/x86_64-linux-gnu/libjsoncpp.so (found suitable version "1.9.5", minimum required is "0.7.0") 
[1.932s] -- Found ZLIB: /usr/lib/x86_64-linux-gnu/libz.so (found version "1.2.11") 
[1.949s] -- Found PNG: /usr/lib/x86_64-linux-gnu/libpng.so (found version "1.6.37") 
[1.970s] -- Found Eigen3: /usr/include/eigen3 (found version "3.4.0") 
[2.069s] -- Found X11: /usr/include   
[2.069s] -- Looking for XOpenDisplay in /usr/lib/x86_64-linux-gnu/libX11.so;/usr/lib/x86_64-linux-gnu/libXext.so
[2.137s] -- Looking for XOpenDisplay in /usr/lib/x86_64-linux-gnu/libX11.so;/usr/lib/x86_64-linux-gnu/libXext.so - found
[2.137s] -- Looking for gethostbyname
[2.211s] -- Looking for gethostbyname - found
[2.211s] -- Looking for connect
[2.283s] -- Looking for connect - found
[2.283s] -- Looking for remove
[2.358s] -- Looking for remove - found
[2.358s] -- Looking for shmat
[2.423s] -- Looking for shmat - found
[2.424s] -- Looking for IceConnectionNumber in ICE
[2.493s] -- Looking for IceConnectionNumber in ICE - found
[2.590s] -- Found EXPAT: /usr/lib/x86_64-linux-gnu/libexpat.so (found version "2.4.7") 
[2.593s] -- Found double-conversion: /usr/lib/x86_64-linux-gnu/libdouble-conversion.so  
[2.595s] -- Found LZ4: /usr/lib/x86_64-linux-gnu/liblz4.so (found version "1.9.3") 
[2.598s] -- Found LZMA: /usr/lib/x86_64-linux-gnu/liblzma.so (found version "5.2.5") 
[2.659s] -- Found JPEG: /usr/lib/x86_64-linux-gnu/libjpeg.so (found version "80") 
[2.668s] -- Found TIFF: /usr/lib/x86_64-linux-gnu/libtiff.so (found version "4.3.0")  
[2.672s] -- Found Freetype: /usr/lib/x86_64-linux-gnu/libfreetype.so (found version "2.11.1") 
[2.679s] -- Found utf8cpp: /usr/include/utf8cpp  
[2.794s] -- Checking for module 'libusb-1.0'
[2.817s] --   Found libusb-1.0, version 1.0.25
[2.884s] -- Found libusb: /usr/lib/x86_64-linux-gnu/libusb-1.0.so  
[2.885s] -- Found OpenNI: /usr/lib/libOpenNI.so;libusb::libusb (found version "1.5.4.0") 
[2.885s] -- OpenNI found (version: 1.5.4.0, include: /usr/include/ni, lib: /usr/lib/libOpenNI.so;libusb::libusb)
[2.971s] [0m** WARNING ** io features related to pcap will be disabled[0m
[2.973s] -- Found OpenNI2: /usr/lib/x86_64-linux-gnu/libOpenNI2.so;libusb::libusb (found version "2.2.0.33") 
[2.973s] -- OpenNI2 found (version: 2.2.0.33, include: /usr/include/openni2, lib: /usr/lib/x86_64-linux-gnu/libOpenNI2.so;libusb::libusb)
[3.234s] -- Eigen found (include: /usr/include/eigen3, version: 3.4.0)
[3.243s] -- OpenNI found (version: 1.5.4.0, include: /usr/include/ni, lib: /usr/lib/libOpenNI.so;libusb::libusb)
[3.266s] -- OpenNI2 found (version: 2.2.0.33, include: /usr/include/openni2, lib: /usr/lib/x86_64-linux-gnu/libOpenNI2.so;libusb::libusb)
[3.699s] -- Found Qhull version 8.0.2
[4.175s] -- OpenNI found (version: 1.5.4.0, include: /usr/include/ni, lib: /usr/lib/libOpenNI.so;libusb::libusb)
[4.826s] -- looking for PCL_COMMON
[4.836s] -- Found PCL_COMMON: /usr/lib/x86_64-linux-gnu/libpcl_common.so  
[4.837s] -- looking for PCL_KDTREE
[4.850s] -- Found PCL_KDTREE: /usr/lib/x86_64-linux-gnu/libpcl_kdtree.so  
[4.856s] -- looking for PCL_OCTREE
[4.862s] -- Found PCL_OCTREE: /usr/lib/x86_64-linux-gnu/libpcl_octree.so  
[4.866s] -- looking for PCL_SEARCH
[4.879s] -- Found PCL_SEARCH: /usr/lib/x86_64-linux-gnu/libpcl_search.so  
[4.879s] -- looking for PCL_SAMPLE_CONSENSUS
[4.888s] -- Found PCL_SAMPLE_CONSENSUS: /usr/lib/x86_64-linux-gnu/libpcl_sample_consensus.so  
[4.889s] -- looking for PCL_FILTERS
[4.902s] -- Found PCL_FILTERS: /usr/lib/x86_64-linux-gnu/libpcl_filters.so  
[4.906s] -- looking for PCL_2D
[4.907s] -- Found PCL_2D: /usr/include/pcl-1.12  
[4.907s] -- looking for PCL_GEOMETRY
[4.908s] -- Found PCL_GEOMETRY: /usr/include/pcl-1.12  
[4.908s] -- looking for PCL_IO
[4.917s] -- Found PCL_IO: /usr/lib/x86_64-linux-gnu/libpcl_io.so  
[4.918s] -- looking for PCL_FEATURES
[4.927s] -- Found PCL_FEATURES: /usr/lib/x86_64-linux-gnu/libpcl_features.so  
[4.934s] -- looking for PCL_ML
[4.937s] -- Found PCL_ML: /usr/lib/x86_64-linux-gnu/libpcl_ml.so  
[4.938s] -- looking for PCL_SEGMENTATION
[4.952s] -- Found PCL_SEGMENTATION: /usr/lib/x86_64-linux-gnu/libpcl_segmentation.so  
[4.952s] -- looking for PCL_VISUALIZATION
[4.959s] -- Found PCL_VISUALIZATION: /usr/lib/x86_64-linux-gnu/libpcl_visualization.so  
[4.959s] -- looking for PCL_SURFACE
[4.966s] -- Found PCL_SURFACE: /usr/lib/x86_64-linux-gnu/libpcl_surface.so  
[4.967s] -- looking for PCL_REGISTRATION
[4.974s] -- Found PCL_REGISTRATION: /usr/lib/x86_64-linux-gnu/libpcl_registration.so  
[4.974s] -- looking for PCL_KEYPOINTS
[4.985s] -- Found PCL_KEYPOINTS: /usr/lib/x86_64-linux-gnu/libpcl_keypoints.so  
[4.985s] -- looking for PCL_TRACKING
[4.994s] -- Found PCL_TRACKING: /usr/lib/x86_64-linux-gnu/libpcl_tracking.so  
[4.995s] -- looking for PCL_RECOGNITION
[5.006s] -- Found PCL_RECOGNITION: /usr/lib/x86_64-linux-gnu/libpcl_recognition.so  
[5.036s] -- looking for PCL_STEREO
[5.037s] -- Found PCL_STEREO: /usr/lib/x86_64-linux-gnu/libpcl_stereo.so  
[5.037s] -- looking for PCL_APPS
[5.037s] -- Found PCL_APPS: /usr/lib/x86_64-linux-gnu/libpcl_apps.so  
[5.037s] -- looking for PCL_IN_HAND_SCANNER
[5.037s] -- Found PCL_IN_HAND_SCANNER: /usr/include/pcl-1.12  
[5.037s] -- looking for PCL_MODELER
[5.043s] -- Found PCL_MODELER: /usr/include/pcl-1.12  
[5.043s] -- looking for PCL_POINT_CLOUD_EDITOR
[5.064s] -- Found PCL_POINT_CLOUD_EDITOR: /usr/include/pcl-1.12  
[5.064s] -- looking for PCL_OUTOFCORE
[5.064s] -- Found PCL_OUTOFCORE: /usr/lib/x86_64-linux-gnu/libpcl_outofcore.so  
[5.065s] -- looking for PCL_PEOPLE
[5.073s] -- Found PCL_PEOPLE: /usr/lib/x86_64-linux-gnu/libpcl_people.so  
[5.080s] -- Found PCL: pcl_common;pcl_kdtree;pcl_octree;pcl_search;pcl_sample_consensus;pcl_filters;pcl_io;pcl_features;pcl_ml;pcl_segmentation;pcl_visualization;pcl_surface;pcl_registration;pcl_keypoints;pcl_tracking;pcl_recognition;pcl_stereo;pcl_apps;pcl_outofcore;pcl_people;Boost::system;Boost::filesystem;Boost::date_time;Boost::iostreams;Boost::serialization;/usr/lib/libOpenNI.so;libusb::libusb;/usr/lib/x86_64-linux-gnu/libOpenNI2.so;libusb::libusb;VTK::ChartsCore;VTK::CommonColor;VTK::CommonComputationalGeometry;VTK::CommonCore;VTK::CommonDataModel;VTK::CommonExecutionModel;VTK::CommonMath;VTK::CommonMisc;VTK::CommonTransforms;VTK::FiltersCore;VTK::FiltersExtraction;VTK::FiltersGeneral;VTK::FiltersGeometry;VTK::FiltersModeling;VTK::FiltersSources;VTK::ImagingCore;VTK::ImagingSources;VTK::InteractionImage;VTK::InteractionStyle;VTK::InteractionWidgets;VTK::IOCore;VTK::IOGeometry;VTK::IOImage;VTK::IOLegacy;VTK::IOPLY;VTK::RenderingAnnotation;VTK::RenderingCore;VTK::RenderingContext2D;VTK::RenderingLOD;VTK::RenderingFreeType;VTK::ViewsCore;VTK::ViewsContext2D;VTK::RenderingOpenGL2;VTK::GUISupportQt;FLANN::FLANN;QHULL::QHULL (Required is at least version "1.12") 
[5.080s] -- PCL_INCLUDE_DIRS:/usr/include/pcl-1.12/usr/include/eigen3/usr/include/usr/include/ni/usr/include/openni2
[5.092s] -- PCL_LIBRARY_DIRS:/usr/lib/x86_64-linux-gnu
[5.092s] -- PCL_DEFINITIONS:-DDISABLE_PCAP
[5.856s] -- Found OpenMP_C: -fopenmp (found version "4.5") 
[6.045s] -- Found OpenMP_CXX: -fopenmp (found version "4.5") 
[6.046s] -- Found OpenMP: TRUE (found version "4.5")  
[6.223s] -- Configuring done
[6.357s] -- Generating done
[6.404s] -- Build files have been written to: /home/csl/isaac_routing2_v2/build/ndt_omp_ros2
[6.505s] Invoked command in '/home/csl/isaac_routing2_v2/build/ndt_omp_ros2' returned '0': CMAKE_PREFIX_PATH=/opt/ros/humble /usr/bin/cmake /home/csl/isaac_routing2_v2/src/ndt_omp_ros2 -DCMAKE_INSTALL_PREFIX=/home/csl/isaac_routing2_v2/install/ndt_omp_ros2
[6.505s] Invoking command in '/home/csl/isaac_routing2_v2/build/ndt_omp_ros2': CMAKE_PREFIX_PATH=/opt/ros/humble /usr/bin/cmake --build /home/csl/isaac_routing2_v2/build/ndt_omp_ros2 -- -j16 -l16
[6.605s] [ 33%] [32mBuilding CXX object CMakeFiles/ndt_omp.dir/src/pclomp/gicp_omp.cpp.o[0m
[6.608s] [ 16%] [32mBuilding CXX object CMakeFiles/ndt_omp.dir/src/pclomp/voxel_grid_covariance_omp.cpp.o[0m
[6.608s] [ 50%] [32mBuilding CXX object CMakeFiles/ndt_omp.dir/src/pclomp/ndt_omp.cpp.o[0m
[24.753s] [ 66%] [32m[1mLinking CXX static library libndt_omp.a[0m
[24.898s] [ 66%] Built target ndt_omp
[24.911s] [ 83%] [32mBuilding CXX object CMakeFiles/align.dir/apps/align.cpp.o[0m
[50.214s] [100%] [32m[1mLinking CXX executable align[0m
[51.324s] [100%] Built target align
[51.330s] Invoked command in '/home/csl/isaac_routing2_v2/build/ndt_omp_ros2' returned '0': CMAKE_PREFIX_PATH=/opt/ros/humble /usr/bin/cmake --build /home/csl/isaac_routing2_v2/build/ndt_omp_ros2 -- -j16 -l16
[51.332s] Invoking command in '/home/csl/isaac_routing2_v2/build/ndt_omp_ros2': CMAKE_PREFIX_PATH=/opt/ros/humble /usr/bin/cmake --install /home/csl/isaac_routing2_v2/build/ndt_omp_ros2
[51.335s] -- Install configuration: "RELEASE"
[51.335s] -- Installing: /home/csl/isaac_routing2_v2/install/ndt_omp_ros2/lib/ndt_omp_ros2/align
[51.337s] -- Set runtime path of "/home/csl/isaac_routing2_v2/install/ndt_omp_ros2/lib/ndt_omp_ros2/align" to ""
[51.337s] -- Installing: /home/csl/isaac_routing2_v2/install/ndt_omp_ros2/bin/align
[51.338s] -- Set runtime path of "/home/csl/isaac_routing2_v2/install/ndt_omp_ros2/bin/align" to ""
[51.338s] -- Installing: /home/csl/isaac_routing2_v2/install/ndt_omp_ros2/include
[51.338s] -- Installing: /home/csl/isaac_routing2_v2/install/ndt_omp_ros2/include/pclomp
[51.338s] -- Installing: /home/csl/isaac_routing2_v2/install/ndt_omp_ros2/include/pclomp/gicp_omp.h
[51.338s] -- Installing: /home/csl/isaac_routing2_v2/install/ndt_omp_ros2/include/pclomp/gicp_omp_impl.hpp
[51.338s] -- Installing: /home/csl/isaac_routing2_v2/install/ndt_omp_ros2/include/pclomp/voxel_grid_covariance_omp_impl.hpp
[51.339s] -- Installing: /home/csl/isaac_routing2_v2/install/ndt_omp_ros2/include/pclomp/voxel_grid_covariance_omp.h
[51.339s] -- Installing: /home/csl/isaac_routing2_v2/install/ndt_omp_ros2/include/pclomp/ndt_omp_impl.hpp
[51.339s] -- Installing: /home/csl/isaac_routing2_v2/install/ndt_omp_ros2/include/pclomp/ndt_omp.h
[51.339s] -- Installing: /home/csl/isaac_routing2_v2/install/ndt_omp_ros2/share/ament_index/resource_index/package_run_dependencies/ndt_omp_ros2
[51.339s] -- Installing: /home/csl/isaac_routing2_v2/install/ndt_omp_ros2/share/ament_index/resource_index/parent_prefix_path/ndt_omp_ros2
[51.340s] -- Installing: /home/csl/isaac_routing2_v2/install/ndt_omp_ros2/share/ndt_omp_ros2/environment/ament_prefix_path.sh
[51.340s] -- Installing: /home/csl/isaac_routing2_v2/install/ndt_omp_ros2/share/ndt_omp_ros2/environment/ament_prefix_path.dsv
[51.340s] -- Installing: /home/csl/isaac_routing2_v2/install/ndt_omp_ros2/share/ndt_omp_ros2/environment/path.sh
[51.340s] -- Installing: /home/csl/isaac_routing2_v2/install/ndt_omp_ros2/share/ndt_omp_ros2/environment/path.dsv
[51.340s] -- Installing: /home/csl/isaac_routing2_v2/install/ndt_omp_ros2/share/ndt_omp_ros2/local_setup.bash
[51.341s] -- Installing: /home/csl/isaac_routing2_v2/install/ndt_omp_ros2/share/ndt_omp_ros2/local_setup.sh
[51.341s] -- Installing: /home/csl/isaac_routing2_v2/install/ndt_omp_ros2/share/ndt_omp_ros2/local_setup.zsh
[51.341s] -- Installing: /home/csl/isaac_routing2_v2/install/ndt_omp_ros2/share/ndt_omp_ros2/local_setup.dsv
[51.341s] -- Installing: /home/csl/isaac_routing2_v2/install/ndt_omp_ros2/share/ndt_omp_ros2/package.dsv
[51.341s] -- Installing: /home/csl/isaac_routing2_v2/install/ndt_omp_ros2/share/ament_index/resource_index/packages/ndt_omp_ros2
[51.342s] -- Installing: /home/csl/isaac_routing2_v2/install/ndt_omp_ros2/share/ndt_omp_ros2/cmake/ament_cmake_export_dependencies-extras.cmake
[51.342s] -- Installing: /home/csl/isaac_routing2_v2/install/ndt_omp_ros2/share/ndt_omp_ros2/cmake/ament_cmake_export_include_directories-extras.cmake
[51.342s] -- Installing: /home/csl/isaac_routing2_v2/install/ndt_omp_ros2/share/ndt_omp_ros2/cmake/ndt_omp_ros2Config.cmake
[51.342s] -- Installing: /home/csl/isaac_routing2_v2/install/ndt_omp_ros2/share/ndt_omp_ros2/cmake/ndt_omp_ros2Config-version.cmake
[51.342s] -- Installing: /home/csl/isaac_routing2_v2/install/ndt_omp_ros2/share/ndt_omp_ros2/package.xml
[51.344s] Invoked command in '/home/csl/isaac_routing2_v2/build/ndt_omp_ros2' returned '0': CMAKE_PREFIX_PATH=/opt/ros/humble /usr/bin/cmake --install /home/csl/isaac_routing2_v2/build/ndt_omp_ros2
