-- Install configuration: ""
-- Up-to-date: /home/csl/isaac_routing2_v2/install/spot_description/share/spot_description/launch
-- Up-to-date: /home/csl/isaac_routing2_v2/install/spot_description/share/spot_description/launch/description.launch.py
-- Up-to-date: /home/csl/isaac_routing2_v2/install/spot_description/share/spot_description/launch/description.launch
-- Up-to-date: /home/csl/isaac_routing2_v2/install/spot_description/share/spot_description/meshes
-- Up-to-date: /home/csl/isaac_routing2_v2/install/spot_description/share/spot_description/meshes/front_left_hip_collision.stl
-- Up-to-date: /home/csl/isaac_routing2_v2/install/spot_description/share/spot_description/meshes/rear_left_upper_leg_collision.stl
-- Up-to-date: /home/csl/isaac_routing2_v2/install/spot_description/share/spot_description/meshes/front_right_upper_leg_collision.stl
-- Up-to-date: /home/csl/isaac_routing2_v2/install/spot_description/share/spot_description/meshes/rear_right_hip.dae
-- Up-to-date: /home/csl/isaac_routing2_v2/install/spot_description/share/spot_description/meshes/spot_mat.png
-- Up-to-date: /home/csl/isaac_routing2_v2/install/spot_description/share/spot_description/meshes/front_left_lower_leg.dae
-- Up-to-date: /home/csl/isaac_routing2_v2/install/spot_description/share/spot_description/meshes/rear_right_hip_collision.stl
-- Up-to-date: /home/csl/isaac_routing2_v2/install/spot_description/share/spot_description/meshes/front_right_hip.dae
-- Up-to-date: /home/csl/isaac_routing2_v2/install/spot_description/share/spot_description/meshes/front_right_lower_leg_collision.stl
-- Up-to-date: /home/csl/isaac_routing2_v2/install/spot_description/share/spot_description/meshes/body_collision.stl
-- Up-to-date: /home/csl/isaac_routing2_v2/install/spot_description/share/spot_description/meshes/rear_left_upper_leg.dae
-- Up-to-date: /home/csl/isaac_routing2_v2/install/spot_description/share/spot_description/meshes/rear_left_hip_collision.stl
-- Up-to-date: /home/csl/isaac_routing2_v2/install/spot_description/share/spot_description/meshes/rear_right_lower_leg_collision.stl
-- Up-to-date: /home/csl/isaac_routing2_v2/install/spot_description/share/spot_description/meshes/front_right_upper_leg.dae
-- Up-to-date: /home/csl/isaac_routing2_v2/install/spot_description/share/spot_description/meshes/front_left_upper_leg_collision.stl
-- Up-to-date: /home/csl/isaac_routing2_v2/install/spot_description/share/spot_description/meshes/front_left_hip.dae
-- Up-to-date: /home/csl/isaac_routing2_v2/install/spot_description/share/spot_description/meshes/rear_right_lower_leg.dae
-- Up-to-date: /home/csl/isaac_routing2_v2/install/spot_description/share/spot_description/meshes/rear_right_upper_leg.dae
-- Up-to-date: /home/csl/isaac_routing2_v2/install/spot_description/share/spot_description/meshes/front_left_lower_leg_collision.stl
-- Up-to-date: /home/csl/isaac_routing2_v2/install/spot_description/share/spot_description/meshes/front_right_hip_collision.stl
-- Up-to-date: /home/csl/isaac_routing2_v2/install/spot_description/share/spot_description/meshes/front_right_lower_leg.dae
-- Up-to-date: /home/csl/isaac_routing2_v2/install/spot_description/share/spot_description/meshes/rear_left_lower_leg.dae
-- Up-to-date: /home/csl/isaac_routing2_v2/install/spot_description/share/spot_description/meshes/front_left_upper_leg.dae
-- Up-to-date: /home/csl/isaac_routing2_v2/install/spot_description/share/spot_description/meshes/rear_left_lower_leg_collision.stl
-- Up-to-date: /home/csl/isaac_routing2_v2/install/spot_description/share/spot_description/meshes/rear_right_upper_leg_collision.stl
-- Up-to-date: /home/csl/isaac_routing2_v2/install/spot_description/share/spot_description/meshes/body.dae
-- Up-to-date: /home/csl/isaac_routing2_v2/install/spot_description/share/spot_description/meshes/rear_left_hip.dae
-- Up-to-date: /home/csl/isaac_routing2_v2/install/spot_description/share/spot_description/urdf
-- Up-to-date: /home/csl/isaac_routing2_v2/install/spot_description/share/spot_description/urdf/accessories.urdf.xacro
-- Up-to-date: /home/csl/isaac_routing2_v2/install/spot_description/share/spot_description/urdf/spot.urdf.xacro
-- Up-to-date: /home/csl/isaac_routing2_v2/install/spot_description/share/spot_description/urdf/empty.urdf
-- Up-to-date: /home/csl/isaac_routing2_v2/install/spot_description/share/spot_description/urdf/constants.urdf.xacro
-- Up-to-date: /home/csl/isaac_routing2_v2/install/spot_description/share/spot_description/urdf/spot
-- Up-to-date: /home/csl/isaac_routing2_v2/install/spot_description/share/spot_description/urdf/spot/materials
-- Up-to-date: /home/csl/isaac_routing2_v2/install/spot_description/share/spot_description/urdf/spot/materials/spot_mat.png
-- Up-to-date: /home/csl/isaac_routing2_v2/install/spot_description/share/spot_description/urdf/spot/spot.usd
-- Up-to-date: /home/csl/isaac_routing2_v2/install/spot_description/share/spot_description/urdf/spot.urdf
-- Up-to-date: /home/csl/isaac_routing2_v2/install/spot_description/share/spot_description/urdf/spot_leg.urdf.xacro
-- Up-to-date: /home/csl/isaac_routing2_v2/install/spot_description/share/ament_index/resource_index/package_run_dependencies/spot_description
-- Up-to-date: /home/csl/isaac_routing2_v2/install/spot_description/share/ament_index/resource_index/parent_prefix_path/spot_description
-- Up-to-date: /home/csl/isaac_routing2_v2/install/spot_description/share/spot_description/environment/ament_prefix_path.sh
-- Up-to-date: /home/csl/isaac_routing2_v2/install/spot_description/share/spot_description/environment/ament_prefix_path.dsv
-- Up-to-date: /home/csl/isaac_routing2_v2/install/spot_description/share/spot_description/environment/path.sh
-- Up-to-date: /home/csl/isaac_routing2_v2/install/spot_description/share/spot_description/environment/path.dsv
-- Up-to-date: /home/csl/isaac_routing2_v2/install/spot_description/share/spot_description/local_setup.bash
-- Up-to-date: /home/csl/isaac_routing2_v2/install/spot_description/share/spot_description/local_setup.sh
-- Up-to-date: /home/csl/isaac_routing2_v2/install/spot_description/share/spot_description/local_setup.zsh
-- Up-to-date: /home/csl/isaac_routing2_v2/install/spot_description/share/spot_description/local_setup.dsv
-- Up-to-date: /home/csl/isaac_routing2_v2/install/spot_description/share/spot_description/package.dsv
-- Up-to-date: /home/csl/isaac_routing2_v2/install/spot_description/share/ament_index/resource_index/packages/spot_description
-- Up-to-date: /home/csl/isaac_routing2_v2/install/spot_description/share/spot_description/cmake/spot_descriptionConfig.cmake
-- Up-to-date: /home/csl/isaac_routing2_v2/install/spot_description/share/spot_description/cmake/spot_descriptionConfig-version.cmake
-- Up-to-date: /home/csl/isaac_routing2_v2/install/spot_description/share/spot_description/package.xml
