[0.056s] Invoking command in '/home/csl/isaac_routing2_v2/build/champ_navigation': CMAKE_PREFIX_PATH=/opt/ros/humble /usr/bin/cmake /home/csl/isaac_routing2_v2/src/champ/champ_navigation -DCMAKE_INSTALL_PREFIX=/home/csl/isaac_routing2_v2/install/champ_navigation
[0.899s] -- The C compiler identification is GNU 12.3.0
[0.900s] -- The CXX compiler identification is GNU 11.4.0
[0.901s] -- Detecting C compiler ABI info
[0.901s] -- Detecting C compiler ABI info - done
[0.901s] -- Check for working C compiler: /usr/bin/cc - skipped
[0.901s] -- Detecting C compile features
[0.901s] -- Detecting C compile features - done
[0.902s] -- Detecting CXX compiler ABI info
[0.902s] -- Detecting CXX compiler ABI info - done
[0.902s] -- Check for working CXX compiler: /usr/bin/c++ - skipped
[0.902s] -- Detecting CXX compile features
[0.902s] -- Detecting CXX compile features - done
[0.902s] -- Found ament_cmake: 1.3.10 (/opt/ros/humble/share/ament_cmake/cmake)
[0.902s] -- Found Python3: /usr/bin/python3 (found version "3.10.12") found components: Interpreter 
[0.980s] -- Configuring done
[0.993s] -- Generating done
[0.994s] -- Build files have been written to: /home/csl/isaac_routing2_v2/build/champ_navigation
[1.008s] Invoked command in '/home/csl/isaac_routing2_v2/build/champ_navigation' returned '0': CMAKE_PREFIX_PATH=/opt/ros/humble /usr/bin/cmake /home/csl/isaac_routing2_v2/src/champ/champ_navigation -DCMAKE_INSTALL_PREFIX=/home/csl/isaac_routing2_v2/install/champ_navigation
[1.013s] Invoking command in '/home/csl/isaac_routing2_v2/build/champ_navigation': CMAKE_PREFIX_PATH=/opt/ros/humble /usr/bin/cmake --build /home/csl/isaac_routing2_v2/build/champ_navigation -- -j16 -l16
[1.067s] Invoked command in '/home/csl/isaac_routing2_v2/build/champ_navigation' returned '0': CMAKE_PREFIX_PATH=/opt/ros/humble /usr/bin/cmake --build /home/csl/isaac_routing2_v2/build/champ_navigation -- -j16 -l16
[1.067s] Invoking command in '/home/csl/isaac_routing2_v2/build/champ_navigation': CMAKE_PREFIX_PATH=/opt/ros/humble /usr/bin/cmake --install /home/csl/isaac_routing2_v2/build/champ_navigation
[1.088s] -- Install configuration: ""
[1.088s] -- Installing: /home/csl/isaac_routing2_v2/install/champ_navigation/share/champ_navigation/launch
[1.088s] -- Installing: /home/csl/isaac_routing2_v2/install/champ_navigation/share/champ_navigation/launch/navigate.launch.py
[1.088s] -- Installing: /home/csl/isaac_routing2_v2/install/champ_navigation/share/champ_navigation/launch/slam.launch.py
[1.088s] -- Installing: /home/csl/isaac_routing2_v2/install/champ_navigation/share/champ_navigation/rviz
[1.088s] -- Installing: /home/csl/isaac_routing2_v2/install/champ_navigation/share/champ_navigation/rviz/go2_navigation.rviz
[1.088s] -- Installing: /home/csl/isaac_routing2_v2/install/champ_navigation/share/champ_navigation/rviz/navigation_minimal.rviz
[1.089s] -- Installing: /home/csl/isaac_routing2_v2/install/champ_navigation/share/champ_navigation/rviz/navigation.rviz
[1.089s] -- Installing: /home/csl/isaac_routing2_v2/install/champ_navigation/share/champ_navigation/rviz/spot_navigation.rviz
[1.089s] -- Installing: /home/csl/isaac_routing2_v2/install/champ_navigation/share/champ_navigation/rviz/slam.rviz
[1.089s] -- Installing: /home/csl/isaac_routing2_v2/install/champ_navigation/share/ament_index/resource_index/package_run_dependencies/champ_navigation
[1.089s] -- Installing: /home/csl/isaac_routing2_v2/install/champ_navigation/share/ament_index/resource_index/parent_prefix_path/champ_navigation
[1.089s] -- Installing: /home/csl/isaac_routing2_v2/install/champ_navigation/share/champ_navigation/environment/ament_prefix_path.sh
[1.090s] -- Installing: /home/csl/isaac_routing2_v2/install/champ_navigation/share/champ_navigation/environment/ament_prefix_path.dsv
[1.090s] -- Installing: /home/csl/isaac_routing2_v2/install/champ_navigation/share/champ_navigation/environment/path.sh
[1.090s] -- Installing: /home/csl/isaac_routing2_v2/install/champ_navigation/share/champ_navigation/environment/path.dsv
[1.090s] -- Installing: /home/csl/isaac_routing2_v2/install/champ_navigation/share/champ_navigation/local_setup.bash
[1.090s] -- Installing: /home/csl/isaac_routing2_v2/install/champ_navigation/share/champ_navigation/local_setup.sh
[1.090s] -- Installing: /home/csl/isaac_routing2_v2/install/champ_navigation/share/champ_navigation/local_setup.zsh
[1.090s] -- Installing: /home/csl/isaac_routing2_v2/install/champ_navigation/share/champ_navigation/local_setup.dsv
[1.090s] -- Installing: /home/csl/isaac_routing2_v2/install/champ_navigation/share/champ_navigation/package.dsv
[1.090s] -- Installing: /home/csl/isaac_routing2_v2/install/champ_navigation/share/ament_index/resource_index/packages/champ_navigation
[1.090s] -- Installing: /home/csl/isaac_routing2_v2/install/champ_navigation/share/champ_navigation/cmake/champ_navigationConfig.cmake
[1.090s] -- Installing: /home/csl/isaac_routing2_v2/install/champ_navigation/share/champ_navigation/cmake/champ_navigationConfig-version.cmake
[1.091s] -- Installing: /home/csl/isaac_routing2_v2/install/champ_navigation/share/champ_navigation/package.xml
[1.151s] Invoked command in '/home/csl/isaac_routing2_v2/build/champ_navigation' returned '0': CMAKE_PREFIX_PATH=/opt/ros/humble /usr/bin/cmake --install /home/csl/isaac_routing2_v2/build/champ_navigation
