[1.490s] Invoking command in '/home/csl/isaac_routing2_v2/src/spot_routing_nav': PYTHONPATH=/home/csl/isaac_routing2_v2/build/spot_routing_nav/prefix_override:/usr/lib/python3/dist-packages/colcon_core/task/python/colcon_distutils_commands:/home/csl/isaac_routing2_v2/install/spot_routing_nav/lib/python3.10/site-packages:${PYTHONPATH} /usr/bin/python3 -W ignore:setup.py install is deprecated -W ignore:easy_install command is deprecated setup.py egg_info --egg-base ../../build/spot_routing_nav build --build-base /home/csl/isaac_routing2_v2/build/spot_routing_nav/build install --record /home/csl/isaac_routing2_v2/build/spot_routing_nav/install.log --single-version-externally-managed install_data
[1.780s] running egg_info
[1.780s] creating ../../build/spot_routing_nav/spot_routing_nav.egg-info
[1.781s] writing ../../build/spot_routing_nav/spot_routing_nav.egg-info/PKG-INFO
[1.781s] writing dependency_links to ../../build/spot_routing_nav/spot_routing_nav.egg-info/dependency_links.txt
[1.781s] writing entry points to ../../build/spot_routing_nav/spot_routing_nav.egg-info/entry_points.txt
[1.781s] writing requirements to ../../build/spot_routing_nav/spot_routing_nav.egg-info/requires.txt
[1.781s] writing top-level names to ../../build/spot_routing_nav/spot_routing_nav.egg-info/top_level.txt
[1.781s] writing manifest file '../../build/spot_routing_nav/spot_routing_nav.egg-info/SOURCES.txt'
[1.783s] reading manifest file '../../build/spot_routing_nav/spot_routing_nav.egg-info/SOURCES.txt'
[1.784s] writing manifest file '../../build/spot_routing_nav/spot_routing_nav.egg-info/SOURCES.txt'
[1.784s] running build
[1.784s] running build_py
[1.784s] creating /home/csl/isaac_routing2_v2/build/spot_routing_nav/build
[1.785s] creating /home/csl/isaac_routing2_v2/build/spot_routing_nav/build/lib
[1.785s] creating /home/csl/isaac_routing2_v2/build/spot_routing_nav/build/lib/spot_routing_nav
[1.785s] copying spot_routing_nav/__init__.py -> /home/csl/isaac_routing2_v2/build/spot_routing_nav/build/lib/spot_routing_nav
[1.785s] copying spot_routing_nav/nav_to_pose.py -> /home/csl/isaac_routing2_v2/build/spot_routing_nav/build/lib/spot_routing_nav
[1.785s] copying spot_routing_nav/waypoint_nav.py -> /home/csl/isaac_routing2_v2/build/spot_routing_nav/build/lib/spot_routing_nav
[1.785s] running install
[1.786s] running install_lib
[1.787s] creating /home/csl/isaac_routing2_v2/install/spot_routing_nav/lib/python3.10/site-packages/spot_routing_nav
[1.787s] copying /home/csl/isaac_routing2_v2/build/spot_routing_nav/build/lib/spot_routing_nav/__init__.py -> /home/csl/isaac_routing2_v2/install/spot_routing_nav/lib/python3.10/site-packages/spot_routing_nav
[1.787s] copying /home/csl/isaac_routing2_v2/build/spot_routing_nav/build/lib/spot_routing_nav/nav_to_pose.py -> /home/csl/isaac_routing2_v2/install/spot_routing_nav/lib/python3.10/site-packages/spot_routing_nav
[1.788s] copying /home/csl/isaac_routing2_v2/build/spot_routing_nav/build/lib/spot_routing_nav/waypoint_nav.py -> /home/csl/isaac_routing2_v2/install/spot_routing_nav/lib/python3.10/site-packages/spot_routing_nav
[1.788s] byte-compiling /home/csl/isaac_routing2_v2/install/spot_routing_nav/lib/python3.10/site-packages/spot_routing_nav/__init__.py to __init__.cpython-310.pyc
[1.788s] byte-compiling /home/csl/isaac_routing2_v2/install/spot_routing_nav/lib/python3.10/site-packages/spot_routing_nav/nav_to_pose.py to nav_to_pose.cpython-310.pyc
[1.788s] byte-compiling /home/csl/isaac_routing2_v2/install/spot_routing_nav/lib/python3.10/site-packages/spot_routing_nav/waypoint_nav.py to waypoint_nav.cpython-310.pyc
[1.790s] running install_data
[1.790s] creating /home/csl/isaac_routing2_v2/install/spot_routing_nav/share/ament_index
[1.791s] creating /home/csl/isaac_routing2_v2/install/spot_routing_nav/share/ament_index/resource_index
[1.791s] creating /home/csl/isaac_routing2_v2/install/spot_routing_nav/share/ament_index/resource_index/packages
[1.791s] copying resource/spot_routing_nav -> /home/csl/isaac_routing2_v2/install/spot_routing_nav/share/ament_index/resource_index/packages
[1.791s] copying package.xml -> /home/csl/isaac_routing2_v2/install/spot_routing_nav/share/spot_routing_nav
[1.791s] creating /home/csl/isaac_routing2_v2/install/spot_routing_nav/share/spot_routing_nav/launch
[1.791s] running install_egg_info
[1.794s] Copying ../../build/spot_routing_nav/spot_routing_nav.egg-info to /home/csl/isaac_routing2_v2/install/spot_routing_nav/lib/python3.10/site-packages/spot_routing_nav-0.0.0-py3.10.egg-info
[1.795s] running install_scripts
[1.817s] Installing nav_to_pose script to /home/csl/isaac_routing2_v2/install/spot_routing_nav/lib/spot_routing_nav
[1.817s] Installing waypoint_nav script to /home/csl/isaac_routing2_v2/install/spot_routing_nav/lib/spot_routing_nav
[1.817s] writing list of installed files to '/home/csl/isaac_routing2_v2/build/spot_routing_nav/install.log'
[1.862s] Invoked command in '/home/csl/isaac_routing2_v2/src/spot_routing_nav' returned '0': PYTHONPATH=/home/csl/isaac_routing2_v2/build/spot_routing_nav/prefix_override:/usr/lib/python3/dist-packages/colcon_core/task/python/colcon_distutils_commands:/home/csl/isaac_routing2_v2/install/spot_routing_nav/lib/python3.10/site-packages:${PYTHONPATH} /usr/bin/python3 -W ignore:setup.py install is deprecated -W ignore:easy_install command is deprecated setup.py egg_info --egg-base ../../build/spot_routing_nav build --build-base /home/csl/isaac_routing2_v2/build/spot_routing_nav/build install --record /home/csl/isaac_routing2_v2/build/spot_routing_nav/install.log --single-version-externally-managed install_data
