-- Install configuration: ""
-- Up-to-date: /home/csl/isaac_routing2_v2/install/go1_config/share/go1_config/launch
-- Up-to-date: /home/csl/isaac_routing2_v2/install/go1_config/share/go1_config/launch/slam.launch
-- Up-to-date: /home/csl/isaac_routing2_v2/install/go1_config/share/go1_config/launch/bringup.launch
-- Up-to-date: /home/csl/isaac_routing2_v2/install/go1_config/share/go1_config/launch/spawn_robot.launch
-- Up-to-date: /home/csl/isaac_routing2_v2/install/go1_config/share/go1_config/launch/include
-- Up-to-date: /home/csl/isaac_routing2_v2/install/go1_config/share/go1_config/launch/include/amcl.launch
-- Up-to-date: /home/csl/isaac_routing2_v2/install/go1_config/share/go1_config/launch/include/move_base.launch
-- Up-to-date: /home/csl/isaac_routing2_v2/install/go1_config/share/go1_config/launch/include/gmapping.launch
-- Up-to-date: /home/csl/isaac_routing2_v2/install/go1_config/share/go1_config/launch/bringup.launch.py
-- Up-to-date: /home/csl/isaac_routing2_v2/install/go1_config/share/go1_config/launch/navigate.launch.py
-- Up-to-date: /home/csl/isaac_routing2_v2/install/go1_config/share/go1_config/launch/gazebo.launch
-- Up-to-date: /home/csl/isaac_routing2_v2/install/go1_config/share/go1_config/launch/slam.launch.py
-- Up-to-date: /home/csl/isaac_routing2_v2/install/go1_config/share/go1_config/launch/navigate.launch
-- Up-to-date: /home/csl/isaac_routing2_v2/install/go1_config/share/go1_config/config
-- Up-to-date: /home/csl/isaac_routing2_v2/install/go1_config/share/go1_config/config/autonomy
-- Up-to-date: /home/csl/isaac_routing2_v2/install/go1_config/share/go1_config/config/autonomy/1f_navigation.yaml
-- Up-to-date: /home/csl/isaac_routing2_v2/install/go1_config/share/go1_config/config/autonomy/1f_config.yaml
-- Up-to-date: /home/csl/isaac_routing2_v2/install/go1_config/share/go1_config/config/autonomy/b1_navigation.yaml
-- Up-to-date: /home/csl/isaac_routing2_v2/install/go1_config/share/go1_config/config/autonomy/slam.yaml
-- Up-to-date: /home/csl/isaac_routing2_v2/install/go1_config/share/go1_config/config/joints
-- Up-to-date: /home/csl/isaac_routing2_v2/install/go1_config/share/go1_config/config/joints/joints.yaml
-- Up-to-date: /home/csl/isaac_routing2_v2/install/go1_config/share/go1_config/config/gait
-- Up-to-date: /home/csl/isaac_routing2_v2/install/go1_config/share/go1_config/config/gait/gait.yaml
-- Up-to-date: /home/csl/isaac_routing2_v2/install/go1_config/share/go1_config/config/links
-- Up-to-date: /home/csl/isaac_routing2_v2/install/go1_config/share/go1_config/config/links/links.yaml
-- Up-to-date: /home/csl/isaac_routing2_v2/install/go1_config/share/go1_config/maps
-- Up-to-date: /home/csl/isaac_routing2_v2/install/go1_config/share/go1_config/maps/lab_map_3d.yaml
-- Up-to-date: /home/csl/isaac_routing2_v2/install/go1_config/share/go1_config/maps/tsmc_1f_map.png
-- Up-to-date: /home/csl/isaac_routing2_v2/install/go1_config/share/go1_config/maps/tsmc_b1_map.png
-- Up-to-date: /home/csl/isaac_routing2_v2/install/go1_config/share/go1_config/maps/tsmc_b1_map.yaml
-- Up-to-date: /home/csl/isaac_routing2_v2/install/go1_config/share/go1_config/maps/backup
-- Up-to-date: /home/csl/isaac_routing2_v2/install/go1_config/share/go1_config/maps/backup/tsmc_1f_map_1.png
-- Up-to-date: /home/csl/isaac_routing2_v2/install/go1_config/share/go1_config/maps/backup/tsmc_1f_map.png
-- Up-to-date: /home/csl/isaac_routing2_v2/install/go1_config/share/go1_config/maps/backup/tsmc_1f.png
-- Up-to-date: /home/csl/isaac_routing2_v2/install/go1_config/share/go1_config/maps/tsmc_1f.png
-- Up-to-date: /home/csl/isaac_routing2_v2/install/go1_config/share/go1_config/maps/map.pgm
-- Up-to-date: /home/csl/isaac_routing2_v2/install/go1_config/share/go1_config/maps/tsmc_1f_map.yaml
-- Up-to-date: /home/csl/isaac_routing2_v2/install/go1_config/share/go1_config/maps/tsmc_1f_map_3d.yaml
-- Up-to-date: /home/csl/isaac_routing2_v2/install/go1_config/share/go1_config/maps/tsmc_b1_map_new.png
-- Up-to-date: /home/csl/isaac_routing2_v2/install/go1_config/share/go1_config/maps/map.yaml
-- Up-to-date: /home/csl/isaac_routing2_v2/install/go1_config/share/go1_config/maps/lab_map.png
-- Up-to-date: /home/csl/isaac_routing2_v2/install/go1_config/share/go1_config/maps/tsmc_1f_map_rotate.png
-- Up-to-date: /home/csl/isaac_routing2_v2/install/go1_config/share/go1_config/worlds
-- Up-to-date: /home/csl/isaac_routing2_v2/install/go1_config/share/go1_config/worlds/default.world
-- Up-to-date: /home/csl/isaac_routing2_v2/install/go1_config/share/go1_config/worlds/playground.world
-- Up-to-date: /home/csl/isaac_routing2_v2/install/go1_config/share/go1_config/worlds/outdoor.world
-- Up-to-date: /home/csl/isaac_routing2_v2/install/go1_config/share/ament_index/resource_index/package_run_dependencies/go1_config
-- Up-to-date: /home/csl/isaac_routing2_v2/install/go1_config/share/ament_index/resource_index/parent_prefix_path/go1_config
-- Up-to-date: /home/csl/isaac_routing2_v2/install/go1_config/share/go1_config/environment/ament_prefix_path.sh
-- Up-to-date: /home/csl/isaac_routing2_v2/install/go1_config/share/go1_config/environment/ament_prefix_path.dsv
-- Up-to-date: /home/csl/isaac_routing2_v2/install/go1_config/share/go1_config/environment/path.sh
-- Up-to-date: /home/csl/isaac_routing2_v2/install/go1_config/share/go1_config/environment/path.dsv
-- Up-to-date: /home/csl/isaac_routing2_v2/install/go1_config/share/go1_config/local_setup.bash
-- Up-to-date: /home/csl/isaac_routing2_v2/install/go1_config/share/go1_config/local_setup.sh
-- Up-to-date: /home/csl/isaac_routing2_v2/install/go1_config/share/go1_config/local_setup.zsh
-- Up-to-date: /home/csl/isaac_routing2_v2/install/go1_config/share/go1_config/local_setup.dsv
-- Installing: /home/csl/isaac_routing2_v2/install/go1_config/share/go1_config/package.dsv
-- Up-to-date: /home/csl/isaac_routing2_v2/install/go1_config/share/ament_index/resource_index/packages/go1_config
-- Up-to-date: /home/csl/isaac_routing2_v2/install/go1_config/share/go1_config/cmake/go1_configConfig.cmake
-- Up-to-date: /home/csl/isaac_routing2_v2/install/go1_config/share/go1_config/cmake/go1_configConfig-version.cmake
-- Up-to-date: /home/csl/isaac_routing2_v2/install/go1_config/share/go1_config/package.xml
