[0.136s] Invoking command in '/home/csl/isaac_routing2_v2/build/champ': CMAKE_PREFIX_PATH=${CMAKE_PREFIX_PATH}:/home/csl/isaac_routing2_v2/install/user_tools:/home/csl/isaac_routing2_v2/install/spot_routing_nav:/home/csl/isaac_routing2_v2/install/routing_agent:/home/csl/isaac_routing2_v2/install/my_waypoint_tools:/opt/ros/humble /usr/bin/cmake --build /home/csl/isaac_routing2_v2/build/champ -- -j16 -l16
[1.093s] Invoked command in '/home/csl/isaac_routing2_v2/build/champ' returned '0': CMAKE_PREFIX_PATH=${CMAKE_PREFIX_PATH}:/home/csl/isaac_routing2_v2/install/user_tools:/home/csl/isaac_routing2_v2/install/spot_routing_nav:/home/csl/isaac_routing2_v2/install/routing_agent:/home/csl/isaac_routing2_v2/install/my_waypoint_tools:/opt/ros/humble /usr/bin/cmake --build /home/csl/isaac_routing2_v2/build/champ -- -j16 -l16
[1.094s] Invoking command in '/home/csl/isaac_routing2_v2/build/champ': CMAKE_PREFIX_PATH=${CMAKE_PREFIX_PATH}:/home/csl/isaac_routing2_v2/install/user_tools:/home/csl/isaac_routing2_v2/install/spot_routing_nav:/home/csl/isaac_routing2_v2/install/routing_agent:/home/csl/isaac_routing2_v2/install/my_waypoint_tools:/opt/ros/humble /usr/bin/cmake --install /home/csl/isaac_routing2_v2/build/champ
[1.190s] -- Install configuration: ""
[1.191s] -- Up-to-date: /home/csl/isaac_routing2_v2/install/champ/include
[1.196s] -- Up-to-date: /home/csl/isaac_routing2_v2/install/champ/include/champ
[1.196s] -- Up-to-date: /home/csl/isaac_routing2_v2/install/champ/include/champ/LICENSE
[1.196s] -- Up-to-date: /home/csl/isaac_routing2_v2/install/champ/include/champ/geometry
[1.197s] -- Up-to-date: /home/csl/isaac_routing2_v2/install/champ/include/champ/geometry/geometry.h
[1.197s] -- Up-to-date: /home/csl/isaac_routing2_v2/install/champ/include/champ/kinematics
[1.197s] -- Up-to-date: /home/csl/isaac_routing2_v2/install/champ/include/champ/kinematics/kinematics.h
[1.198s] -- Up-to-date: /home/csl/isaac_routing2_v2/install/champ/include/champ/macros
[1.198s] -- Up-to-date: /home/csl/isaac_routing2_v2/install/champ/include/champ/macros/macros.h
[1.198s] -- Up-to-date: /home/csl/isaac_routing2_v2/install/champ/include/champ/bla
[1.200s] -- Up-to-date: /home/csl/isaac_routing2_v2/install/champ/include/champ/bla/memory_delegate.h
[1.200s] -- Up-to-date: /home/csl/isaac_routing2_v2/install/champ/include/champ/bla/basic_linear_algebra.h
[1.200s] -- Up-to-date: /home/csl/isaac_routing2_v2/install/champ/include/champ/body_controller
[1.200s] -- Up-to-date: /home/csl/isaac_routing2_v2/install/champ/include/champ/body_controller/body_controller.h
[1.201s] -- Up-to-date: /home/csl/isaac_routing2_v2/install/champ/include/champ/odometry
[1.201s] -- Up-to-date: /home/csl/isaac_routing2_v2/install/champ/include/champ/odometry/odometry.h
[1.201s] -- Up-to-date: /home/csl/isaac_routing2_v2/install/champ/include/champ/leg_controller
[1.201s] -- Up-to-date: /home/csl/isaac_routing2_v2/install/champ/include/champ/leg_controller/leg_controller.h
[1.201s] -- Up-to-date: /home/csl/isaac_routing2_v2/install/champ/include/champ/leg_controller/trajectory_planner.h
[1.201s] -- Up-to-date: /home/csl/isaac_routing2_v2/install/champ/include/champ/leg_controller/phase_generator.h
[1.202s] -- Up-to-date: /home/csl/isaac_routing2_v2/install/champ/include/champ/utils
[1.202s] -- Up-to-date: /home/csl/isaac_routing2_v2/install/champ/include/champ/utils/urdf_loader.h
[1.202s] -- Up-to-date: /home/csl/isaac_routing2_v2/install/champ/include/champ/utils/xmlrpc_helpers.h
[1.202s] -- Up-to-date: /home/csl/isaac_routing2_v2/install/champ/include/champ/README.md
[1.202s] -- Up-to-date: /home/csl/isaac_routing2_v2/install/champ/include/champ/quadruped_base
[1.202s] -- Up-to-date: /home/csl/isaac_routing2_v2/install/champ/include/champ/quadruped_base/quadruped_base.h
[1.203s] -- Up-to-date: /home/csl/isaac_routing2_v2/install/champ/include/champ/quadruped_base/quadruped_components.h
[1.203s] -- Up-to-date: /home/csl/isaac_routing2_v2/install/champ/include/champ/quadruped_base/quadruped_joint.h
[1.203s] -- Up-to-date: /home/csl/isaac_routing2_v2/install/champ/include/champ/quadruped_base/quadruped_leg.h
[1.204s] -- Up-to-date: /home/csl/isaac_routing2_v2/install/champ/share/ament_index/resource_index/package_run_dependencies/champ
[1.204s] -- Up-to-date: /home/csl/isaac_routing2_v2/install/champ/share/ament_index/resource_index/parent_prefix_path/champ
[1.204s] -- Up-to-date: /home/csl/isaac_routing2_v2/install/champ/share/champ/environment/ament_prefix_path.sh
[1.204s] -- Up-to-date: /home/csl/isaac_routing2_v2/install/champ/share/champ/environment/ament_prefix_path.dsv
[1.204s] -- Up-to-date: /home/csl/isaac_routing2_v2/install/champ/share/champ/environment/path.sh
[1.204s] -- Up-to-date: /home/csl/isaac_routing2_v2/install/champ/share/champ/environment/path.dsv
[1.204s] -- Up-to-date: /home/csl/isaac_routing2_v2/install/champ/share/champ/local_setup.bash
[1.204s] -- Up-to-date: /home/csl/isaac_routing2_v2/install/champ/share/champ/local_setup.sh
[1.205s] -- Up-to-date: /home/csl/isaac_routing2_v2/install/champ/share/champ/local_setup.zsh
[1.205s] -- Up-to-date: /home/csl/isaac_routing2_v2/install/champ/share/champ/local_setup.dsv
[1.205s] -- Installing: /home/csl/isaac_routing2_v2/install/champ/share/champ/package.dsv
[1.205s] -- Up-to-date: /home/csl/isaac_routing2_v2/install/champ/share/ament_index/resource_index/packages/champ
[1.205s] -- Up-to-date: /home/csl/isaac_routing2_v2/install/champ/share/champ/cmake/ament_cmake_export_include_directories-extras.cmake
[1.205s] -- Up-to-date: /home/csl/isaac_routing2_v2/install/champ/share/champ/cmake/champConfig.cmake
[1.205s] -- Up-to-date: /home/csl/isaac_routing2_v2/install/champ/share/champ/cmake/champConfig-version.cmake
[1.206s] -- Up-to-date: /home/csl/isaac_routing2_v2/install/champ/share/champ/package.xml
[1.385s] Invoked command in '/home/csl/isaac_routing2_v2/build/champ' returned '0': CMAKE_PREFIX_PATH=${CMAKE_PREFIX_PATH}:/home/csl/isaac_routing2_v2/install/user_tools:/home/csl/isaac_routing2_v2/install/spot_routing_nav:/home/csl/isaac_routing2_v2/install/routing_agent:/home/csl/isaac_routing2_v2/install/my_waypoint_tools:/opt/ros/humble /usr/bin/cmake --install /home/csl/isaac_routing2_v2/build/champ
