[0.056s] Invoking command in '/home/csl/isaac_routing2_v2/build/champ_gazebo': CMAKE_PREFIX_PATH=/home/csl/isaac_routing2_v2/install/champ_msgs:/home/csl/isaac_routing2_v2/install/champ:/home/csl/isaac_routing2_v2/install/switch_map_interfaces:/home/csl/isaac_routing2_v2/install/spot_description:/home/csl/isaac_routing2_v2/install/spot_config:/home/csl/isaac_routing2_v2/install/routing_agent_interfaces:/home/csl/isaac_routing2_v2/install/pcl_localization_ros2:/home/csl/isaac_routing2_v2/install/ndt_omp_ros2:/home/csl/isaac_routing2_v2/install/go2_description:/home/csl/isaac_routing2_v2/install/go1_config:/home/csl/isaac_routing2_v2/install/champ_teleop:/home/csl/isaac_routing2_v2/install/champ_navigation:/home/csl/isaac_routing2_v2/install/champ_gazebo:/home/csl/isaac_routing2_v2/install/champ_bringup:/home/csl/isaac_routing2_v2/install/champ_base:/home/csl/isaac_routing2_v2/install/champ_description:/home/csl/isaac_routing2_v2/install/champ_config:/home/csl/isaac_routing2_v2/install/spot_routing_nav:/home/csl/isaac_routing2_v2/install/routing_agent:/home/csl/isaac_routing2_v2/install/my_waypoint_tools:/opt/ros/humble LD_LIBRARY_PATH=/home/csl/isaac_routing2_v2/install/champ_msgs/lib:/home/csl/isaac_routing2_v2/install/switch_map_interfaces/lib:/home/csl/isaac_routing2_v2/install/routing_agent_interfaces/lib:/home/csl/isaac_routing2_v2/install/pcl_localization_ros2/lib:/home/csl/isaac_routing2_v2/install/champ_base/lib:/usr/lib/x86_64-linux-gnu/gazebo-11/plugins:/opt/ros/humble/opt/rviz_ogre_vendor/lib:/opt/rti.com/rti_connext_dds-6.0.1/lib/x64Linux4gcc7.3.0:/opt/rti.com/rti_connext_dds-6.0.1/bin:/opt/ros/humble/lib/x86_64-linux-gnu:/usr/share/gurumdds/cmake/../../../lib:/opt/ros/humble/lib /usr/bin/cmake --build /home/csl/isaac_routing2_v2/build/champ_gazebo -- -j16 -l16
[0.144s] [100%] Built target contact_sensor
[0.404s] Invoked command in '/home/csl/isaac_routing2_v2/build/champ_gazebo' returned '0': CMAKE_PREFIX_PATH=/home/csl/isaac_routing2_v2/install/champ_msgs:/home/csl/isaac_routing2_v2/install/champ:/home/csl/isaac_routing2_v2/install/switch_map_interfaces:/home/csl/isaac_routing2_v2/install/spot_description:/home/csl/isaac_routing2_v2/install/spot_config:/home/csl/isaac_routing2_v2/install/routing_agent_interfaces:/home/csl/isaac_routing2_v2/install/pcl_localization_ros2:/home/csl/isaac_routing2_v2/install/ndt_omp_ros2:/home/csl/isaac_routing2_v2/install/go2_description:/home/csl/isaac_routing2_v2/install/go1_config:/home/csl/isaac_routing2_v2/install/champ_teleop:/home/csl/isaac_routing2_v2/install/champ_navigation:/home/csl/isaac_routing2_v2/install/champ_gazebo:/home/csl/isaac_routing2_v2/install/champ_bringup:/home/csl/isaac_routing2_v2/install/champ_base:/home/csl/isaac_routing2_v2/install/champ_description:/home/csl/isaac_routing2_v2/install/champ_config:/home/csl/isaac_routing2_v2/install/spot_routing_nav:/home/csl/isaac_routing2_v2/install/routing_agent:/home/csl/isaac_routing2_v2/install/my_waypoint_tools:/opt/ros/humble LD_LIBRARY_PATH=/home/csl/isaac_routing2_v2/install/champ_msgs/lib:/home/csl/isaac_routing2_v2/install/switch_map_interfaces/lib:/home/csl/isaac_routing2_v2/install/routing_agent_interfaces/lib:/home/csl/isaac_routing2_v2/install/pcl_localization_ros2/lib:/home/csl/isaac_routing2_v2/install/champ_base/lib:/usr/lib/x86_64-linux-gnu/gazebo-11/plugins:/opt/ros/humble/opt/rviz_ogre_vendor/lib:/opt/rti.com/rti_connext_dds-6.0.1/lib/x64Linux4gcc7.3.0:/opt/rti.com/rti_connext_dds-6.0.1/bin:/opt/ros/humble/lib/x86_64-linux-gnu:/usr/share/gurumdds/cmake/../../../lib:/opt/ros/humble/lib /usr/bin/cmake --build /home/csl/isaac_routing2_v2/build/champ_gazebo -- -j16 -l16
[0.404s] Invoking command in '/home/csl/isaac_routing2_v2/build/champ_gazebo': CMAKE_PREFIX_PATH=/home/csl/isaac_routing2_v2/install/champ_msgs:/home/csl/isaac_routing2_v2/install/champ:/home/csl/isaac_routing2_v2/install/switch_map_interfaces:/home/csl/isaac_routing2_v2/install/spot_description:/home/csl/isaac_routing2_v2/install/spot_config:/home/csl/isaac_routing2_v2/install/routing_agent_interfaces:/home/csl/isaac_routing2_v2/install/pcl_localization_ros2:/home/csl/isaac_routing2_v2/install/ndt_omp_ros2:/home/csl/isaac_routing2_v2/install/go2_description:/home/csl/isaac_routing2_v2/install/go1_config:/home/csl/isaac_routing2_v2/install/champ_teleop:/home/csl/isaac_routing2_v2/install/champ_navigation:/home/csl/isaac_routing2_v2/install/champ_gazebo:/home/csl/isaac_routing2_v2/install/champ_bringup:/home/csl/isaac_routing2_v2/install/champ_base:/home/csl/isaac_routing2_v2/install/champ_description:/home/csl/isaac_routing2_v2/install/champ_config:/home/csl/isaac_routing2_v2/install/spot_routing_nav:/home/csl/isaac_routing2_v2/install/routing_agent:/home/csl/isaac_routing2_v2/install/my_waypoint_tools:/opt/ros/humble LD_LIBRARY_PATH=/home/csl/isaac_routing2_v2/install/champ_msgs/lib:/home/csl/isaac_routing2_v2/install/switch_map_interfaces/lib:/home/csl/isaac_routing2_v2/install/routing_agent_interfaces/lib:/home/csl/isaac_routing2_v2/install/pcl_localization_ros2/lib:/home/csl/isaac_routing2_v2/install/champ_base/lib:/usr/lib/x86_64-linux-gnu/gazebo-11/plugins:/opt/ros/humble/opt/rviz_ogre_vendor/lib:/opt/rti.com/rti_connext_dds-6.0.1/lib/x64Linux4gcc7.3.0:/opt/rti.com/rti_connext_dds-6.0.1/bin:/opt/ros/humble/lib/x86_64-linux-gnu:/usr/share/gurumdds/cmake/../../../lib:/opt/ros/humble/lib /usr/bin/cmake --install /home/csl/isaac_routing2_v2/build/champ_gazebo
[0.431s] -- Install configuration: ""
[0.431s] -- Up-to-date: /home/csl/isaac_routing2_v2/install/champ_gazebo/bin/imu_sensor.py
[0.431s] -- Up-to-date: /home/csl/isaac_routing2_v2/install/champ_gazebo/bin/odometry_tf.py
[0.431s] -- Up-to-date: /home/csl/isaac_routing2_v2/install/champ_gazebo/bin/odometry.py
[0.432s] -- Up-to-date: /home/csl/isaac_routing2_v2/install/champ_gazebo/lib/champ_gazebo/contact_sensor
[0.432s] -- Up-to-date: /home/csl/isaac_routing2_v2/install/champ_gazebo/share/champ_gazebo/launch
[0.433s] -- Up-to-date: /home/csl/isaac_routing2_v2/install/champ_gazebo/share/champ_gazebo/launch/spawn_robot.launch
[0.435s] -- Up-to-date: /home/csl/isaac_routing2_v2/install/champ_gazebo/share/champ_gazebo/launch/gazebo.launch.py
[0.436s] -- Up-to-date: /home/csl/isaac_routing2_v2/install/champ_gazebo/share/champ_gazebo/launch/spawn_world.launch
[0.436s] -- Up-to-date: /home/csl/isaac_routing2_v2/install/champ_gazebo/share/champ_gazebo/launch/gazebo.launch
[0.436s] -- Up-to-date: /home/csl/isaac_routing2_v2/install/champ_gazebo/share/champ_gazebo/config
[0.436s] -- Up-to-date: /home/csl/isaac_routing2_v2/install/champ_gazebo/share/champ_gazebo/config/ros_control.yaml
[0.436s] -- Up-to-date: /home/csl/isaac_routing2_v2/install/champ_gazebo/share/champ_gazebo/config/gazebo.yaml
[0.436s] -- Up-to-date: /home/csl/isaac_routing2_v2/install/champ_gazebo/share/champ_gazebo/worlds
[0.436s] -- Up-to-date: /home/csl/isaac_routing2_v2/install/champ_gazebo/share/champ_gazebo/worlds/default.world
[0.436s] -- Up-to-date: /home/csl/isaac_routing2_v2/install/champ_gazebo/share/champ_gazebo/worlds/playground.world
[0.437s] -- Up-to-date: /home/csl/isaac_routing2_v2/install/champ_gazebo/share/champ_gazebo/worlds/outdoor.world
[0.437s] -- Up-to-date: /home/csl/isaac_routing2_v2/install/champ_gazebo/share/ament_index/resource_index/package_run_dependencies/champ_gazebo
[0.437s] -- Up-to-date: /home/csl/isaac_routing2_v2/install/champ_gazebo/share/ament_index/resource_index/parent_prefix_path/champ_gazebo
[0.437s] -- Up-to-date: /home/csl/isaac_routing2_v2/install/champ_gazebo/share/champ_gazebo/environment/ament_prefix_path.sh
[0.437s] -- Up-to-date: /home/csl/isaac_routing2_v2/install/champ_gazebo/share/champ_gazebo/environment/ament_prefix_path.dsv
[0.437s] -- Up-to-date: /home/csl/isaac_routing2_v2/install/champ_gazebo/share/champ_gazebo/environment/path.sh
[0.437s] -- Up-to-date: /home/csl/isaac_routing2_v2/install/champ_gazebo/share/champ_gazebo/environment/path.dsv
[0.437s] -- Up-to-date: /home/csl/isaac_routing2_v2/install/champ_gazebo/share/champ_gazebo/local_setup.bash
[0.437s] -- Up-to-date: /home/csl/isaac_routing2_v2/install/champ_gazebo/share/champ_gazebo/local_setup.sh
[0.437s] -- Up-to-date: /home/csl/isaac_routing2_v2/install/champ_gazebo/share/champ_gazebo/local_setup.zsh
[0.437s] -- Up-to-date: /home/csl/isaac_routing2_v2/install/champ_gazebo/share/champ_gazebo/local_setup.dsv
[0.437s] -- Installing: /home/csl/isaac_routing2_v2/install/champ_gazebo/share/champ_gazebo/package.dsv
[0.438s] -- Up-to-date: /home/csl/isaac_routing2_v2/install/champ_gazebo/share/ament_index/resource_index/packages/champ_gazebo
[0.438s] -- Up-to-date: /home/csl/isaac_routing2_v2/install/champ_gazebo/share/champ_gazebo/cmake/ament_cmake_export_include_directories-extras.cmake
[0.438s] -- Up-to-date: /home/csl/isaac_routing2_v2/install/champ_gazebo/share/champ_gazebo/cmake/ament_cmake_export_dependencies-extras.cmake
[0.438s] -- Up-to-date: /home/csl/isaac_routing2_v2/install/champ_gazebo/share/champ_gazebo/cmake/champ_gazeboConfig.cmake
[0.438s] -- Up-to-date: /home/csl/isaac_routing2_v2/install/champ_gazebo/share/champ_gazebo/cmake/champ_gazeboConfig-version.cmake
[0.438s] -- Up-to-date: /home/csl/isaac_routing2_v2/install/champ_gazebo/share/champ_gazebo/package.xml
[0.451s] Invoked command in '/home/csl/isaac_routing2_v2/build/champ_gazebo' returned '0': CMAKE_PREFIX_PATH=/home/csl/isaac_routing2_v2/install/champ_msgs:/home/csl/isaac_routing2_v2/install/champ:/home/csl/isaac_routing2_v2/install/switch_map_interfaces:/home/csl/isaac_routing2_v2/install/spot_description:/home/csl/isaac_routing2_v2/install/spot_config:/home/csl/isaac_routing2_v2/install/routing_agent_interfaces:/home/csl/isaac_routing2_v2/install/pcl_localization_ros2:/home/csl/isaac_routing2_v2/install/ndt_omp_ros2:/home/csl/isaac_routing2_v2/install/go2_description:/home/csl/isaac_routing2_v2/install/go1_config:/home/csl/isaac_routing2_v2/install/champ_teleop:/home/csl/isaac_routing2_v2/install/champ_navigation:/home/csl/isaac_routing2_v2/install/champ_gazebo:/home/csl/isaac_routing2_v2/install/champ_bringup:/home/csl/isaac_routing2_v2/install/champ_base:/home/csl/isaac_routing2_v2/install/champ_description:/home/csl/isaac_routing2_v2/install/champ_config:/home/csl/isaac_routing2_v2/install/spot_routing_nav:/home/csl/isaac_routing2_v2/install/routing_agent:/home/csl/isaac_routing2_v2/install/my_waypoint_tools:/opt/ros/humble LD_LIBRARY_PATH=/home/csl/isaac_routing2_v2/install/champ_msgs/lib:/home/csl/isaac_routing2_v2/install/switch_map_interfaces/lib:/home/csl/isaac_routing2_v2/install/routing_agent_interfaces/lib:/home/csl/isaac_routing2_v2/install/pcl_localization_ros2/lib:/home/csl/isaac_routing2_v2/install/champ_base/lib:/usr/lib/x86_64-linux-gnu/gazebo-11/plugins:/opt/ros/humble/opt/rviz_ogre_vendor/lib:/opt/rti.com/rti_connext_dds-6.0.1/lib/x64Linux4gcc7.3.0:/opt/rti.com/rti_connext_dds-6.0.1/bin:/opt/ros/humble/lib/x86_64-linux-gnu:/usr/share/gurumdds/cmake/../../../lib:/opt/ros/humble/lib /usr/bin/cmake --install /home/csl/isaac_routing2_v2/build/champ_gazebo
