[0.065s] Invoking command in '/home/csl/isaac_routing2_v2/build/champ_msgs': CMAKE_PREFIX_PATH=${CMAKE_PREFIX_PATH}:/home/csl/isaac_routing2_v2/install/spot_routing_nav:/home/csl/isaac_routing2_v2/install/routing_agent:/home/csl/isaac_routing2_v2/install/my_waypoint_tools:/opt/ros/humble /usr/bin/cmake --build /home/csl/isaac_routing2_v2/build/champ_msgs -- -j16 -l16
[0.616s] [  1%] Built target champ_msgs__cpp
[0.616s] [ 12%] Built target champ_msgs__rosidl_generator_c
[0.617s] [ 12%] Built target ament_cmake_python_copy_champ_msgs
[0.618s] [ 26%] Built target champ_msgs__rosidl_typesupport_fastrtps_cpp
[0.618s] [ 35%] Built target champ_msgs__rosidl_typesupport_cpp
[0.618s] [ 56%] Built target champ_msgs__rosidl_typesupport_introspection_c
[0.618s] [ 71%] Built target champ_msgs__rosidl_typesupport_fastrtps_c
[0.618s] [ 72%] Built target champ_msgs__rosidl_typesupport_c
[0.618s] [ 82%] Built target champ_msgs__rosidl_typesupport_introspection_cpp
[0.619s] [ 82%] Built target champ_msgs
[0.619s] [ 83%] Built target champ_msgs__py
[0.619s] [ 93%] Built target champ_msgs__rosidl_generator_py
[0.619s] [ 96%] Built target champ_msgs__rosidl_typesupport_c__pyext
[0.619s] [ 97%] Built target champ_msgs__rosidl_typesupport_introspection_c__pyext
[0.619s] [100%] Built target champ_msgs__rosidl_typesupport_fastrtps_c__pyext
[0.619s] running egg_info
[0.619s] writing champ_msgs.egg-info/PKG-INFO
[0.619s] writing dependency_links to champ_msgs.egg-info/dependency_links.txt
[0.620s] writing top-level names to champ_msgs.egg-info/top_level.txt
[0.620s] reading manifest file 'champ_msgs.egg-info/SOURCES.txt'
[0.620s] writing manifest file 'champ_msgs.egg-info/SOURCES.txt'
[0.620s] [100%] Built target ament_cmake_python_build_champ_msgs_egg
[0.649s] Invoked command in '/home/csl/isaac_routing2_v2/build/champ_msgs' returned '0': CMAKE_PREFIX_PATH=${CMAKE_PREFIX_PATH}:/home/csl/isaac_routing2_v2/install/spot_routing_nav:/home/csl/isaac_routing2_v2/install/routing_agent:/home/csl/isaac_routing2_v2/install/my_waypoint_tools:/opt/ros/humble /usr/bin/cmake --build /home/csl/isaac_routing2_v2/build/champ_msgs -- -j16 -l16
[0.650s] Invoking command in '/home/csl/isaac_routing2_v2/build/champ_msgs': CMAKE_PREFIX_PATH=${CMAKE_PREFIX_PATH}:/home/csl/isaac_routing2_v2/install/spot_routing_nav:/home/csl/isaac_routing2_v2/install/routing_agent:/home/csl/isaac_routing2_v2/install/my_waypoint_tools:/opt/ros/humble /usr/bin/cmake --install /home/csl/isaac_routing2_v2/build/champ_msgs
[0.703s] -- Install configuration: ""
[0.703s] -- Up-to-date: /home/csl/isaac_routing2_v2/install/champ_msgs/share/ament_index/resource_index/rosidl_interfaces/champ_msgs
[0.704s] -- Up-to-date: /home/csl/isaac_routing2_v2/install/champ_msgs/include/champ_msgs/champ_msgs
[0.704s] -- Up-to-date: /home/csl/isaac_routing2_v2/install/champ_msgs/include/champ_msgs/champ_msgs/msg
[0.704s] -- Up-to-date: /home/csl/isaac_routing2_v2/install/champ_msgs/include/champ_msgs/champ_msgs/msg/contacts.h
[0.704s] -- Up-to-date: /home/csl/isaac_routing2_v2/install/champ_msgs/include/champ_msgs/champ_msgs/msg/pid.h
[0.704s] -- Up-to-date: /home/csl/isaac_routing2_v2/install/champ_msgs/include/champ_msgs/champ_msgs/msg/rosidl_generator_c__visibility_control.h
[0.704s] -- Up-to-date: /home/csl/isaac_routing2_v2/install/champ_msgs/include/champ_msgs/champ_msgs/msg/joints.h
[0.704s] -- Up-to-date: /home/csl/isaac_routing2_v2/install/champ_msgs/include/champ_msgs/champ_msgs/msg/pose.h
[0.704s] -- Up-to-date: /home/csl/isaac_routing2_v2/install/champ_msgs/include/champ_msgs/champ_msgs/msg/detail
[0.704s] -- Up-to-date: /home/csl/isaac_routing2_v2/install/champ_msgs/include/champ_msgs/champ_msgs/msg/detail/pose__struct.h
[0.704s] -- Up-to-date: /home/csl/isaac_routing2_v2/install/champ_msgs/include/champ_msgs/champ_msgs/msg/detail/contacts__struct.h
[0.704s] -- Up-to-date: /home/csl/isaac_routing2_v2/install/champ_msgs/include/champ_msgs/champ_msgs/msg/detail/joints__functions.h
[0.704s] -- Up-to-date: /home/csl/isaac_routing2_v2/install/champ_msgs/include/champ_msgs/champ_msgs/msg/detail/velocities__functions.h
[0.705s] -- Up-to-date: /home/csl/isaac_routing2_v2/install/champ_msgs/include/champ_msgs/champ_msgs/msg/detail/point__functions.c
[0.705s] -- Up-to-date: /home/csl/isaac_routing2_v2/install/champ_msgs/include/champ_msgs/champ_msgs/msg/detail/joints__struct.h
[0.705s] -- Up-to-date: /home/csl/isaac_routing2_v2/install/champ_msgs/include/champ_msgs/champ_msgs/msg/detail/velocities__functions.c
[0.705s] -- Up-to-date: /home/csl/isaac_routing2_v2/install/champ_msgs/include/champ_msgs/champ_msgs/msg/detail/contacts__functions.h
[0.705s] -- Up-to-date: /home/csl/isaac_routing2_v2/install/champ_msgs/include/champ_msgs/champ_msgs/msg/detail/pid__struct.h
[0.705s] -- Up-to-date: /home/csl/isaac_routing2_v2/install/champ_msgs/include/champ_msgs/champ_msgs/msg/detail/contacts__type_support.h
[0.705s] -- Up-to-date: /home/csl/isaac_routing2_v2/install/champ_msgs/include/champ_msgs/champ_msgs/msg/detail/pid__functions.h
[0.705s] -- Up-to-date: /home/csl/isaac_routing2_v2/install/champ_msgs/include/champ_msgs/champ_msgs/msg/detail/velocities__struct.h
[0.705s] -- Up-to-date: /home/csl/isaac_routing2_v2/install/champ_msgs/include/champ_msgs/champ_msgs/msg/detail/imu__type_support.h
[0.705s] -- Up-to-date: /home/csl/isaac_routing2_v2/install/champ_msgs/include/champ_msgs/champ_msgs/msg/detail/imu__functions.h
[0.706s] -- Up-to-date: /home/csl/isaac_routing2_v2/install/champ_msgs/include/champ_msgs/champ_msgs/msg/detail/point_array__functions.c
[0.706s] -- Up-to-date: /home/csl/isaac_routing2_v2/install/champ_msgs/include/champ_msgs/champ_msgs/msg/detail/point_array__type_support.h
[0.706s] -- Up-to-date: /home/csl/isaac_routing2_v2/install/champ_msgs/include/champ_msgs/champ_msgs/msg/detail/velocities__type_support.h
[0.706s] -- Up-to-date: /home/csl/isaac_routing2_v2/install/champ_msgs/include/champ_msgs/champ_msgs/msg/detail/imu__struct.h
[0.706s] -- Up-to-date: /home/csl/isaac_routing2_v2/install/champ_msgs/include/champ_msgs/champ_msgs/msg/detail/pid__functions.c
[0.706s] -- Up-to-date: /home/csl/isaac_routing2_v2/install/champ_msgs/include/champ_msgs/champ_msgs/msg/detail/contacts_stamped__struct.h
[0.706s] -- Up-to-date: /home/csl/isaac_routing2_v2/install/champ_msgs/include/champ_msgs/champ_msgs/msg/detail/point__struct.h
[0.706s] -- Up-to-date: /home/csl/isaac_routing2_v2/install/champ_msgs/include/champ_msgs/champ_msgs/msg/detail/imu__functions.c
[0.706s] -- Up-to-date: /home/csl/isaac_routing2_v2/install/champ_msgs/include/champ_msgs/champ_msgs/msg/detail/point_array__struct.h
[0.706s] -- Up-to-date: /home/csl/isaac_routing2_v2/install/champ_msgs/include/champ_msgs/champ_msgs/msg/detail/contacts_stamped__functions.h
[0.706s] -- Up-to-date: /home/csl/isaac_routing2_v2/install/champ_msgs/include/champ_msgs/champ_msgs/msg/detail/pid__type_support.h
[0.707s] -- Up-to-date: /home/csl/isaac_routing2_v2/install/champ_msgs/include/champ_msgs/champ_msgs/msg/detail/pose__functions.c
[0.707s] -- Up-to-date: /home/csl/isaac_routing2_v2/install/champ_msgs/include/champ_msgs/champ_msgs/msg/detail/point_array__functions.h
[0.707s] -- Up-to-date: /home/csl/isaac_routing2_v2/install/champ_msgs/include/champ_msgs/champ_msgs/msg/detail/point__functions.h
[0.707s] -- Up-to-date: /home/csl/isaac_routing2_v2/install/champ_msgs/include/champ_msgs/champ_msgs/msg/detail/contacts_stamped__functions.c
[0.707s] -- Up-to-date: /home/csl/isaac_routing2_v2/install/champ_msgs/include/champ_msgs/champ_msgs/msg/detail/joints__type_support.h
[0.707s] -- Up-to-date: /home/csl/isaac_routing2_v2/install/champ_msgs/include/champ_msgs/champ_msgs/msg/detail/joints__functions.c
[0.707s] -- Up-to-date: /home/csl/isaac_routing2_v2/install/champ_msgs/include/champ_msgs/champ_msgs/msg/detail/contacts_stamped__type_support.h
[0.707s] -- Up-to-date: /home/csl/isaac_routing2_v2/install/champ_msgs/include/champ_msgs/champ_msgs/msg/detail/point__type_support.h
[0.707s] -- Up-to-date: /home/csl/isaac_routing2_v2/install/champ_msgs/include/champ_msgs/champ_msgs/msg/detail/contacts__functions.c
[0.707s] -- Up-to-date: /home/csl/isaac_routing2_v2/install/champ_msgs/include/champ_msgs/champ_msgs/msg/detail/pose__functions.h
[0.707s] -- Up-to-date: /home/csl/isaac_routing2_v2/install/champ_msgs/include/champ_msgs/champ_msgs/msg/detail/pose__type_support.h
[0.707s] -- Up-to-date: /home/csl/isaac_routing2_v2/install/champ_msgs/include/champ_msgs/champ_msgs/msg/velocities.h
[0.708s] -- Up-to-date: /home/csl/isaac_routing2_v2/install/champ_msgs/include/champ_msgs/champ_msgs/msg/contacts_stamped.h
[0.708s] -- Up-to-date: /home/csl/isaac_routing2_v2/install/champ_msgs/include/champ_msgs/champ_msgs/msg/point_array.h
[0.708s] -- Up-to-date: /home/csl/isaac_routing2_v2/install/champ_msgs/include/champ_msgs/champ_msgs/msg/point.h
[0.708s] -- Up-to-date: /home/csl/isaac_routing2_v2/install/champ_msgs/include/champ_msgs/champ_msgs/msg/imu.h
[0.708s] -- Up-to-date: /home/csl/isaac_routing2_v2/install/champ_msgs/share/champ_msgs/environment/library_path.sh
[0.708s] -- Up-to-date: /home/csl/isaac_routing2_v2/install/champ_msgs/share/champ_msgs/environment/library_path.dsv
[0.708s] -- Up-to-date: /home/csl/isaac_routing2_v2/install/champ_msgs/lib/libchamp_msgs__rosidl_generator_c.so
[0.708s] -- Up-to-date: /home/csl/isaac_routing2_v2/install/champ_msgs/include/champ_msgs/champ_msgs
[0.708s] -- Up-to-date: /home/csl/isaac_routing2_v2/install/champ_msgs/include/champ_msgs/champ_msgs/msg
[0.708s] -- Up-to-date: /home/csl/isaac_routing2_v2/install/champ_msgs/include/champ_msgs/champ_msgs/msg/detail
[0.708s] -- Up-to-date: /home/csl/isaac_routing2_v2/install/champ_msgs/include/champ_msgs/champ_msgs/msg/detail/joints__rosidl_typesupport_fastrtps_c.h
[0.709s] -- Up-to-date: /home/csl/isaac_routing2_v2/install/champ_msgs/include/champ_msgs/champ_msgs/msg/detail/pose__rosidl_typesupport_fastrtps_c.h
[0.709s] -- Up-to-date: /home/csl/isaac_routing2_v2/install/champ_msgs/include/champ_msgs/champ_msgs/msg/detail/contacts__rosidl_typesupport_fastrtps_c.h
[0.709s] -- Up-to-date: /home/csl/isaac_routing2_v2/install/champ_msgs/include/champ_msgs/champ_msgs/msg/detail/pid__rosidl_typesupport_fastrtps_c.h
[0.709s] -- Up-to-date: /home/csl/isaac_routing2_v2/install/champ_msgs/include/champ_msgs/champ_msgs/msg/detail/imu__rosidl_typesupport_fastrtps_c.h
[0.710s] -- Up-to-date: /home/csl/isaac_routing2_v2/install/champ_msgs/include/champ_msgs/champ_msgs/msg/detail/point__rosidl_typesupport_fastrtps_c.h
[0.710s] -- Up-to-date: /home/csl/isaac_routing2_v2/install/champ_msgs/include/champ_msgs/champ_msgs/msg/detail/contacts_stamped__rosidl_typesupport_fastrtps_c.h
[0.710s] -- Up-to-date: /home/csl/isaac_routing2_v2/install/champ_msgs/include/champ_msgs/champ_msgs/msg/detail/point_array__rosidl_typesupport_fastrtps_c.h
[0.710s] -- Up-to-date: /home/csl/isaac_routing2_v2/install/champ_msgs/include/champ_msgs/champ_msgs/msg/detail/velocities__rosidl_typesupport_fastrtps_c.h
[0.710s] -- Up-to-date: /home/csl/isaac_routing2_v2/install/champ_msgs/include/champ_msgs/champ_msgs/msg/rosidl_typesupport_fastrtps_c__visibility_control.h
[0.717s] -- Up-to-date: /home/csl/isaac_routing2_v2/install/champ_msgs/lib/libchamp_msgs__rosidl_typesupport_fastrtps_c.so
[0.718s] -- Up-to-date: /home/csl/isaac_routing2_v2/install/champ_msgs/include/champ_msgs/champ_msgs
[0.718s] -- Up-to-date: /home/csl/isaac_routing2_v2/install/champ_msgs/include/champ_msgs/champ_msgs/msg
[0.718s] -- Up-to-date: /home/csl/isaac_routing2_v2/install/champ_msgs/include/champ_msgs/champ_msgs/msg/detail
[0.718s] -- Up-to-date: /home/csl/isaac_routing2_v2/install/champ_msgs/include/champ_msgs/champ_msgs/msg/detail/pid__rosidl_typesupport_introspection_c.h
[0.718s] -- Up-to-date: /home/csl/isaac_routing2_v2/install/champ_msgs/include/champ_msgs/champ_msgs/msg/detail/contacts__rosidl_typesupport_introspection_c.h
[0.719s] -- Up-to-date: /home/csl/isaac_routing2_v2/install/champ_msgs/include/champ_msgs/champ_msgs/msg/detail/pose__type_support.c
[0.719s] -- Up-to-date: /home/csl/isaac_routing2_v2/install/champ_msgs/include/champ_msgs/champ_msgs/msg/detail/point__rosidl_typesupport_introspection_c.h
[0.719s] -- Up-to-date: /home/csl/isaac_routing2_v2/install/champ_msgs/include/champ_msgs/champ_msgs/msg/detail/imu__rosidl_typesupport_introspection_c.h
[0.720s] -- Up-to-date: /home/csl/isaac_routing2_v2/install/champ_msgs/include/champ_msgs/champ_msgs/msg/detail/contacts__type_support.c
[0.720s] -- Up-to-date: /home/csl/isaac_routing2_v2/install/champ_msgs/include/champ_msgs/champ_msgs/msg/detail/point_array__rosidl_typesupport_introspection_c.h
[0.720s] -- Up-to-date: /home/csl/isaac_routing2_v2/install/champ_msgs/include/champ_msgs/champ_msgs/msg/detail/contacts_stamped__rosidl_typesupport_introspection_c.h
[0.720s] -- Up-to-date: /home/csl/isaac_routing2_v2/install/champ_msgs/include/champ_msgs/champ_msgs/msg/detail/imu__type_support.c
[0.720s] -- Up-to-date: /home/csl/isaac_routing2_v2/install/champ_msgs/include/champ_msgs/champ_msgs/msg/detail/velocities__type_support.c
[0.720s] -- Up-to-date: /home/csl/isaac_routing2_v2/install/champ_msgs/include/champ_msgs/champ_msgs/msg/detail/velocities__rosidl_typesupport_introspection_c.h
[0.720s] -- Up-to-date: /home/csl/isaac_routing2_v2/install/champ_msgs/include/champ_msgs/champ_msgs/msg/detail/pose__rosidl_typesupport_introspection_c.h
[0.720s] -- Up-to-date: /home/csl/isaac_routing2_v2/install/champ_msgs/include/champ_msgs/champ_msgs/msg/detail/point_array__type_support.c
[0.720s] -- Up-to-date: /home/csl/isaac_routing2_v2/install/champ_msgs/include/champ_msgs/champ_msgs/msg/detail/point__type_support.c
[0.720s] -- Up-to-date: /home/csl/isaac_routing2_v2/install/champ_msgs/include/champ_msgs/champ_msgs/msg/detail/contacts_stamped__type_support.c
[0.721s] -- Up-to-date: /home/csl/isaac_routing2_v2/install/champ_msgs/include/champ_msgs/champ_msgs/msg/detail/pid__type_support.c
[0.721s] -- Up-to-date: /home/csl/isaac_routing2_v2/install/champ_msgs/include/champ_msgs/champ_msgs/msg/detail/joints__type_support.c
[0.721s] -- Up-to-date: /home/csl/isaac_routing2_v2/install/champ_msgs/include/champ_msgs/champ_msgs/msg/detail/joints__rosidl_typesupport_introspection_c.h
[0.721s] -- Up-to-date: /home/csl/isaac_routing2_v2/install/champ_msgs/include/champ_msgs/champ_msgs/msg/rosidl_typesupport_introspection_c__visibility_control.h
[0.721s] -- Up-to-date: /home/csl/isaac_routing2_v2/install/champ_msgs/lib/libchamp_msgs__rosidl_typesupport_introspection_c.so
[0.721s] -- Up-to-date: /home/csl/isaac_routing2_v2/install/champ_msgs/lib/libchamp_msgs__rosidl_typesupport_c.so
[0.721s] -- Up-to-date: /home/csl/isaac_routing2_v2/install/champ_msgs/include/champ_msgs/champ_msgs
[0.721s] -- Up-to-date: /home/csl/isaac_routing2_v2/install/champ_msgs/include/champ_msgs/champ_msgs/msg
[0.722s] -- Up-to-date: /home/csl/isaac_routing2_v2/install/champ_msgs/include/champ_msgs/champ_msgs/msg/point_array.hpp
[0.722s] -- Up-to-date: /home/csl/isaac_routing2_v2/install/champ_msgs/include/champ_msgs/champ_msgs/msg/detail
[0.722s] -- Up-to-date: /home/csl/isaac_routing2_v2/install/champ_msgs/include/champ_msgs/champ_msgs/msg/detail/point_array__struct.hpp
[0.722s] -- Up-to-date: /home/csl/isaac_routing2_v2/install/champ_msgs/include/champ_msgs/champ_msgs/msg/detail/point__builder.hpp
[0.722s] -- Up-to-date: /home/csl/isaac_routing2_v2/install/champ_msgs/include/champ_msgs/champ_msgs/msg/detail/pose__builder.hpp
[0.722s] -- Up-to-date: /home/csl/isaac_routing2_v2/install/champ_msgs/include/champ_msgs/champ_msgs/msg/detail/joints__traits.hpp
[0.722s] -- Up-to-date: /home/csl/isaac_routing2_v2/install/champ_msgs/include/champ_msgs/champ_msgs/msg/detail/pose__struct.hpp
[0.722s] -- Up-to-date: /home/csl/isaac_routing2_v2/install/champ_msgs/include/champ_msgs/champ_msgs/msg/detail/imu__traits.hpp
[0.722s] -- Up-to-date: /home/csl/isaac_routing2_v2/install/champ_msgs/include/champ_msgs/champ_msgs/msg/detail/pose__traits.hpp
[0.722s] -- Up-to-date: /home/csl/isaac_routing2_v2/install/champ_msgs/include/champ_msgs/champ_msgs/msg/detail/pid__builder.hpp
[0.722s] -- Up-to-date: /home/csl/isaac_routing2_v2/install/champ_msgs/include/champ_msgs/champ_msgs/msg/detail/velocities__struct.hpp
[0.722s] -- Up-to-date: /home/csl/isaac_routing2_v2/install/champ_msgs/include/champ_msgs/champ_msgs/msg/detail/velocities__builder.hpp
[0.722s] -- Up-to-date: /home/csl/isaac_routing2_v2/install/champ_msgs/include/champ_msgs/champ_msgs/msg/detail/contacts_stamped__traits.hpp
[0.723s] -- Up-to-date: /home/csl/isaac_routing2_v2/install/champ_msgs/include/champ_msgs/champ_msgs/msg/detail/joints__builder.hpp
[0.723s] -- Up-to-date: /home/csl/isaac_routing2_v2/install/champ_msgs/include/champ_msgs/champ_msgs/msg/detail/point_array__traits.hpp
[0.723s] -- Up-to-date: /home/csl/isaac_routing2_v2/install/champ_msgs/include/champ_msgs/champ_msgs/msg/detail/contacts__traits.hpp
[0.723s] -- Up-to-date: /home/csl/isaac_routing2_v2/install/champ_msgs/include/champ_msgs/champ_msgs/msg/detail/joints__struct.hpp
[0.723s] -- Up-to-date: /home/csl/isaac_routing2_v2/install/champ_msgs/include/champ_msgs/champ_msgs/msg/detail/imu__struct.hpp
[0.723s] -- Up-to-date: /home/csl/isaac_routing2_v2/install/champ_msgs/include/champ_msgs/champ_msgs/msg/detail/contacts_stamped__builder.hpp
[0.723s] -- Up-to-date: /home/csl/isaac_routing2_v2/install/champ_msgs/include/champ_msgs/champ_msgs/msg/detail/pid__struct.hpp
[0.723s] -- Up-to-date: /home/csl/isaac_routing2_v2/install/champ_msgs/include/champ_msgs/champ_msgs/msg/detail/point__struct.hpp
[0.723s] -- Up-to-date: /home/csl/isaac_routing2_v2/install/champ_msgs/include/champ_msgs/champ_msgs/msg/detail/contacts_stamped__struct.hpp
[0.723s] -- Up-to-date: /home/csl/isaac_routing2_v2/install/champ_msgs/include/champ_msgs/champ_msgs/msg/detail/pid__traits.hpp
[0.724s] -- Up-to-date: /home/csl/isaac_routing2_v2/install/champ_msgs/include/champ_msgs/champ_msgs/msg/detail/point__traits.hpp
[0.724s] -- Up-to-date: /home/csl/isaac_routing2_v2/install/champ_msgs/include/champ_msgs/champ_msgs/msg/detail/contacts__builder.hpp
[0.724s] -- Up-to-date: /home/csl/isaac_routing2_v2/install/champ_msgs/include/champ_msgs/champ_msgs/msg/detail/contacts__struct.hpp
[0.724s] -- Up-to-date: /home/csl/isaac_routing2_v2/install/champ_msgs/include/champ_msgs/champ_msgs/msg/detail/point_array__builder.hpp
[0.724s] -- Up-to-date: /home/csl/isaac_routing2_v2/install/champ_msgs/include/champ_msgs/champ_msgs/msg/detail/imu__builder.hpp
[0.724s] -- Up-to-date: /home/csl/isaac_routing2_v2/install/champ_msgs/include/champ_msgs/champ_msgs/msg/detail/velocities__traits.hpp
[0.724s] -- Up-to-date: /home/csl/isaac_routing2_v2/install/champ_msgs/include/champ_msgs/champ_msgs/msg/pose.hpp
[0.724s] -- Up-to-date: /home/csl/isaac_routing2_v2/install/champ_msgs/include/champ_msgs/champ_msgs/msg/point.hpp
[0.725s] -- Up-to-date: /home/csl/isaac_routing2_v2/install/champ_msgs/include/champ_msgs/champ_msgs/msg/contacts.hpp
[0.725s] -- Up-to-date: /home/csl/isaac_routing2_v2/install/champ_msgs/include/champ_msgs/champ_msgs/msg/velocities.hpp
[0.725s] -- Up-to-date: /home/csl/isaac_routing2_v2/install/champ_msgs/include/champ_msgs/champ_msgs/msg/joints.hpp
[0.725s] -- Up-to-date: /home/csl/isaac_routing2_v2/install/champ_msgs/include/champ_msgs/champ_msgs/msg/contacts_stamped.hpp
[0.725s] -- Up-to-date: /home/csl/isaac_routing2_v2/install/champ_msgs/include/champ_msgs/champ_msgs/msg/imu.hpp
[0.725s] -- Up-to-date: /home/csl/isaac_routing2_v2/install/champ_msgs/include/champ_msgs/champ_msgs/msg/pid.hpp
[0.726s] -- Up-to-date: /home/csl/isaac_routing2_v2/install/champ_msgs/include/champ_msgs/champ_msgs
[0.726s] -- Up-to-date: /home/csl/isaac_routing2_v2/install/champ_msgs/include/champ_msgs/champ_msgs/msg
[0.726s] -- Up-to-date: /home/csl/isaac_routing2_v2/install/champ_msgs/include/champ_msgs/champ_msgs/msg/detail
[0.726s] -- Up-to-date: /home/csl/isaac_routing2_v2/install/champ_msgs/include/champ_msgs/champ_msgs/msg/detail/joints__rosidl_typesupport_fastrtps_cpp.hpp
[0.726s] -- Up-to-date: /home/csl/isaac_routing2_v2/install/champ_msgs/include/champ_msgs/champ_msgs/msg/detail/dds_fastrtps
[0.726s] -- Up-to-date: /home/csl/isaac_routing2_v2/install/champ_msgs/include/champ_msgs/champ_msgs/msg/detail/pose__rosidl_typesupport_fastrtps_cpp.hpp
[0.727s] -- Up-to-date: /home/csl/isaac_routing2_v2/install/champ_msgs/include/champ_msgs/champ_msgs/msg/detail/pid__rosidl_typesupport_fastrtps_cpp.hpp
[0.727s] -- Up-to-date: /home/csl/isaac_routing2_v2/install/champ_msgs/include/champ_msgs/champ_msgs/msg/detail/velocities__rosidl_typesupport_fastrtps_cpp.hpp
[0.727s] -- Up-to-date: /home/csl/isaac_routing2_v2/install/champ_msgs/include/champ_msgs/champ_msgs/msg/detail/contacts_stamped__rosidl_typesupport_fastrtps_cpp.hpp
[0.727s] -- Up-to-date: /home/csl/isaac_routing2_v2/install/champ_msgs/include/champ_msgs/champ_msgs/msg/detail/point__rosidl_typesupport_fastrtps_cpp.hpp
[0.727s] -- Up-to-date: /home/csl/isaac_routing2_v2/install/champ_msgs/include/champ_msgs/champ_msgs/msg/detail/contacts__rosidl_typesupport_fastrtps_cpp.hpp
[0.727s] -- Up-to-date: /home/csl/isaac_routing2_v2/install/champ_msgs/include/champ_msgs/champ_msgs/msg/detail/imu__rosidl_typesupport_fastrtps_cpp.hpp
[0.727s] -- Up-to-date: /home/csl/isaac_routing2_v2/install/champ_msgs/include/champ_msgs/champ_msgs/msg/detail/point_array__rosidl_typesupport_fastrtps_cpp.hpp
[0.727s] -- Up-to-date: /home/csl/isaac_routing2_v2/install/champ_msgs/include/champ_msgs/champ_msgs/msg/rosidl_typesupport_fastrtps_cpp__visibility_control.h
[0.727s] -- Up-to-date: /home/csl/isaac_routing2_v2/install/champ_msgs/lib/libchamp_msgs__rosidl_typesupport_fastrtps_cpp.so
[0.728s] -- Up-to-date: /home/csl/isaac_routing2_v2/install/champ_msgs/include/champ_msgs/champ_msgs
[0.728s] -- Up-to-date: /home/csl/isaac_routing2_v2/install/champ_msgs/include/champ_msgs/champ_msgs/msg
[0.728s] -- Up-to-date: /home/csl/isaac_routing2_v2/install/champ_msgs/include/champ_msgs/champ_msgs/msg/detail
[0.728s] -- Up-to-date: /home/csl/isaac_routing2_v2/install/champ_msgs/include/champ_msgs/champ_msgs/msg/detail/contacts__rosidl_typesupport_introspection_cpp.hpp
[0.729s] -- Up-to-date: /home/csl/isaac_routing2_v2/install/champ_msgs/include/champ_msgs/champ_msgs/msg/detail/pid__type_support.cpp
[0.729s] -- Up-to-date: /home/csl/isaac_routing2_v2/install/champ_msgs/include/champ_msgs/champ_msgs/msg/detail/point_array__type_support.cpp
[0.729s] -- Up-to-date: /home/csl/isaac_routing2_v2/install/champ_msgs/include/champ_msgs/champ_msgs/msg/detail/contacts_stamped__type_support.cpp
[0.729s] -- Up-to-date: /home/csl/isaac_routing2_v2/install/champ_msgs/include/champ_msgs/champ_msgs/msg/detail/velocities__rosidl_typesupport_introspection_cpp.hpp
[0.729s] -- Up-to-date: /home/csl/isaac_routing2_v2/install/champ_msgs/include/champ_msgs/champ_msgs/msg/detail/pose__rosidl_typesupport_introspection_cpp.hpp
[0.729s] -- Up-to-date: /home/csl/isaac_routing2_v2/install/champ_msgs/include/champ_msgs/champ_msgs/msg/detail/pid__rosidl_typesupport_introspection_cpp.hpp
[0.729s] -- Up-to-date: /home/csl/isaac_routing2_v2/install/champ_msgs/include/champ_msgs/champ_msgs/msg/detail/imu__rosidl_typesupport_introspection_cpp.hpp
[0.729s] -- Up-to-date: /home/csl/isaac_routing2_v2/install/champ_msgs/include/champ_msgs/champ_msgs/msg/detail/joints__type_support.cpp
[0.729s] -- Up-to-date: /home/csl/isaac_routing2_v2/install/champ_msgs/include/champ_msgs/champ_msgs/msg/detail/point_array__rosidl_typesupport_introspection_cpp.hpp
[0.730s] -- Up-to-date: /home/csl/isaac_routing2_v2/install/champ_msgs/include/champ_msgs/champ_msgs/msg/detail/velocities__type_support.cpp
[0.730s] -- Up-to-date: /home/csl/isaac_routing2_v2/install/champ_msgs/include/champ_msgs/champ_msgs/msg/detail/point__type_support.cpp
[0.730s] -- Up-to-date: /home/csl/isaac_routing2_v2/install/champ_msgs/include/champ_msgs/champ_msgs/msg/detail/joints__rosidl_typesupport_introspection_cpp.hpp
[0.730s] -- Up-to-date: /home/csl/isaac_routing2_v2/install/champ_msgs/include/champ_msgs/champ_msgs/msg/detail/contacts__type_support.cpp
[0.730s] -- Up-to-date: /home/csl/isaac_routing2_v2/install/champ_msgs/include/champ_msgs/champ_msgs/msg/detail/imu__type_support.cpp
[0.730s] -- Up-to-date: /home/csl/isaac_routing2_v2/install/champ_msgs/include/champ_msgs/champ_msgs/msg/detail/contacts_stamped__rosidl_typesupport_introspection_cpp.hpp
[0.731s] -- Up-to-date: /home/csl/isaac_routing2_v2/install/champ_msgs/include/champ_msgs/champ_msgs/msg/detail/pose__type_support.cpp
[0.731s] -- Up-to-date: /home/csl/isaac_routing2_v2/install/champ_msgs/include/champ_msgs/champ_msgs/msg/detail/point__rosidl_typesupport_introspection_cpp.hpp
[0.731s] -- Up-to-date: /home/csl/isaac_routing2_v2/install/champ_msgs/lib/libchamp_msgs__rosidl_typesupport_introspection_cpp.so
[0.732s] -- Up-to-date: /home/csl/isaac_routing2_v2/install/champ_msgs/lib/libchamp_msgs__rosidl_typesupport_cpp.so
[0.732s] -- Up-to-date: /home/csl/isaac_routing2_v2/install/champ_msgs/share/champ_msgs/environment/pythonpath.sh
[0.732s] -- Up-to-date: /home/csl/isaac_routing2_v2/install/champ_msgs/share/champ_msgs/environment/pythonpath.dsv
[0.732s] -- Up-to-date: /home/csl/isaac_routing2_v2/install/champ_msgs/local/lib/python3.10/dist-packages/champ_msgs-0.1.0-py3.10.egg-info
[0.732s] -- Installing: /home/csl/isaac_routing2_v2/install/champ_msgs/local/lib/python3.10/dist-packages/champ_msgs-0.1.0-py3.10.egg-info/SOURCES.txt
[0.732s] -- Installing: /home/csl/isaac_routing2_v2/install/champ_msgs/local/lib/python3.10/dist-packages/champ_msgs-0.1.0-py3.10.egg-info/dependency_links.txt
[0.732s] -- Installing: /home/csl/isaac_routing2_v2/install/champ_msgs/local/lib/python3.10/dist-packages/champ_msgs-0.1.0-py3.10.egg-info/PKG-INFO
[0.732s] -- Installing: /home/csl/isaac_routing2_v2/install/champ_msgs/local/lib/python3.10/dist-packages/champ_msgs-0.1.0-py3.10.egg-info/top_level.txt
[0.732s] -- Up-to-date: /home/csl/isaac_routing2_v2/install/champ_msgs/local/lib/python3.10/dist-packages/champ_msgs
[0.732s] -- Up-to-date: /home/csl/isaac_routing2_v2/install/champ_msgs/local/lib/python3.10/dist-packages/champ_msgs/champ_msgs_s__rosidl_typesupport_introspection_c.cpython-310-x86_64-linux-gnu.so
[0.732s] -- Up-to-date: /home/csl/isaac_routing2_v2/install/champ_msgs/local/lib/python3.10/dist-packages/champ_msgs/libchamp_msgs__rosidl_generator_py.so
[0.732s] -- Up-to-date: /home/csl/isaac_routing2_v2/install/champ_msgs/local/lib/python3.10/dist-packages/champ_msgs/_champ_msgs_s.ep.rosidl_typesupport_c.c
[0.732s] -- Up-to-date: /home/csl/isaac_routing2_v2/install/champ_msgs/local/lib/python3.10/dist-packages/champ_msgs/__init__.py
[0.733s] -- Up-to-date: /home/csl/isaac_routing2_v2/install/champ_msgs/local/lib/python3.10/dist-packages/champ_msgs/champ_msgs_s__rosidl_typesupport_fastrtps_c.cpython-310-x86_64-linux-gnu.so
[0.733s] -- Up-to-date: /home/csl/isaac_routing2_v2/install/champ_msgs/local/lib/python3.10/dist-packages/champ_msgs/msg
[0.733s] -- Up-to-date: /home/csl/isaac_routing2_v2/install/champ_msgs/local/lib/python3.10/dist-packages/champ_msgs/msg/_point_s.c
[0.733s] -- Up-to-date: /home/csl/isaac_routing2_v2/install/champ_msgs/local/lib/python3.10/dist-packages/champ_msgs/msg/_contacts_s.c
[0.733s] -- Up-to-date: /home/csl/isaac_routing2_v2/install/champ_msgs/local/lib/python3.10/dist-packages/champ_msgs/msg/_imu.py
[0.734s] -- Up-to-date: /home/csl/isaac_routing2_v2/install/champ_msgs/local/lib/python3.10/dist-packages/champ_msgs/msg/_velocities.py
[0.734s] -- Up-to-date: /home/csl/isaac_routing2_v2/install/champ_msgs/local/lib/python3.10/dist-packages/champ_msgs/msg/__init__.py
[0.734s] -- Up-to-date: /home/csl/isaac_routing2_v2/install/champ_msgs/local/lib/python3.10/dist-packages/champ_msgs/msg/_velocities_s.c
[0.734s] -- Up-to-date: /home/csl/isaac_routing2_v2/install/champ_msgs/local/lib/python3.10/dist-packages/champ_msgs/msg/_pid_s.c
[0.734s] -- Up-to-date: /home/csl/isaac_routing2_v2/install/champ_msgs/local/lib/python3.10/dist-packages/champ_msgs/msg/_pose_s.c
[0.734s] -- Up-to-date: /home/csl/isaac_routing2_v2/install/champ_msgs/local/lib/python3.10/dist-packages/champ_msgs/msg/_joints.py
[0.735s] -- Up-to-date: /home/csl/isaac_routing2_v2/install/champ_msgs/local/lib/python3.10/dist-packages/champ_msgs/msg/_pose.py
[0.735s] -- Up-to-date: /home/csl/isaac_routing2_v2/install/champ_msgs/local/lib/python3.10/dist-packages/champ_msgs/msg/_point_array.py
[0.735s] -- Up-to-date: /home/csl/isaac_routing2_v2/install/champ_msgs/local/lib/python3.10/dist-packages/champ_msgs/msg/_pid.py
[0.735s] -- Up-to-date: /home/csl/isaac_routing2_v2/install/champ_msgs/local/lib/python3.10/dist-packages/champ_msgs/msg/_point_array_s.c
[0.735s] -- Up-to-date: /home/csl/isaac_routing2_v2/install/champ_msgs/local/lib/python3.10/dist-packages/champ_msgs/msg/_imu_s.c
[0.735s] -- Up-to-date: /home/csl/isaac_routing2_v2/install/champ_msgs/local/lib/python3.10/dist-packages/champ_msgs/msg/_point.py
[0.735s] -- Up-to-date: /home/csl/isaac_routing2_v2/install/champ_msgs/local/lib/python3.10/dist-packages/champ_msgs/msg/_contacts_stamped_s.c
[0.735s] -- Up-to-date: /home/csl/isaac_routing2_v2/install/champ_msgs/local/lib/python3.10/dist-packages/champ_msgs/msg/_contacts.py
[0.735s] -- Up-to-date: /home/csl/isaac_routing2_v2/install/champ_msgs/local/lib/python3.10/dist-packages/champ_msgs/msg/_joints_s.c
[0.735s] -- Up-to-date: /home/csl/isaac_routing2_v2/install/champ_msgs/local/lib/python3.10/dist-packages/champ_msgs/msg/_contacts_stamped.py
[0.736s] -- Up-to-date: /home/csl/isaac_routing2_v2/install/champ_msgs/local/lib/python3.10/dist-packages/champ_msgs/_champ_msgs_s.ep.rosidl_typesupport_fastrtps_c.c
[0.736s] -- Up-to-date: /home/csl/isaac_routing2_v2/install/champ_msgs/local/lib/python3.10/dist-packages/champ_msgs/champ_msgs_s__rosidl_typesupport_c.cpython-310-x86_64-linux-gnu.so
[0.736s] -- Up-to-date: /home/csl/isaac_routing2_v2/install/champ_msgs/local/lib/python3.10/dist-packages/champ_msgs/_champ_msgs_s.ep.rosidl_typesupport_introspection_c.c
[0.767s] Listing '/home/csl/isaac_routing2_v2/install/champ_msgs/local/lib/python3.10/dist-packages/champ_msgs'...
[0.767s] Listing '/home/csl/isaac_routing2_v2/install/champ_msgs/local/lib/python3.10/dist-packages/champ_msgs/msg'...
[0.767s] -- Up-to-date: /home/csl/isaac_routing2_v2/install/champ_msgs/local/lib/python3.10/dist-packages/champ_msgs/champ_msgs_s__rosidl_typesupport_fastrtps_c.cpython-310-x86_64-linux-gnu.so
[0.767s] -- Up-to-date: /home/csl/isaac_routing2_v2/install/champ_msgs/local/lib/python3.10/dist-packages/champ_msgs/champ_msgs_s__rosidl_typesupport_introspection_c.cpython-310-x86_64-linux-gnu.so
[0.768s] -- Up-to-date: /home/csl/isaac_routing2_v2/install/champ_msgs/local/lib/python3.10/dist-packages/champ_msgs/champ_msgs_s__rosidl_typesupport_c.cpython-310-x86_64-linux-gnu.so
[0.768s] -- Up-to-date: /home/csl/isaac_routing2_v2/install/champ_msgs/lib/libchamp_msgs__rosidl_generator_py.so
[0.768s] -- Up-to-date: /home/csl/isaac_routing2_v2/install/champ_msgs/share/champ_msgs/msg/Velocities.idl
[0.768s] -- Up-to-date: /home/csl/isaac_routing2_v2/install/champ_msgs/share/champ_msgs/msg/PID.idl
[0.768s] -- Up-to-date: /home/csl/isaac_routing2_v2/install/champ_msgs/share/champ_msgs/msg/Imu.idl
[0.768s] -- Up-to-date: /home/csl/isaac_routing2_v2/install/champ_msgs/share/champ_msgs/msg/Point.idl
[0.769s] -- Up-to-date: /home/csl/isaac_routing2_v2/install/champ_msgs/share/champ_msgs/msg/PointArray.idl
[0.769s] -- Up-to-date: /home/csl/isaac_routing2_v2/install/champ_msgs/share/champ_msgs/msg/Joints.idl
[0.769s] -- Up-to-date: /home/csl/isaac_routing2_v2/install/champ_msgs/share/champ_msgs/msg/Contacts.idl
[0.769s] -- Up-to-date: /home/csl/isaac_routing2_v2/install/champ_msgs/share/champ_msgs/msg/ContactsStamped.idl
[0.769s] -- Up-to-date: /home/csl/isaac_routing2_v2/install/champ_msgs/share/champ_msgs/msg/Pose.idl
[0.769s] -- Up-to-date: /home/csl/isaac_routing2_v2/install/champ_msgs/share/champ_msgs/msg/Velocities.msg
[0.769s] -- Up-to-date: /home/csl/isaac_routing2_v2/install/champ_msgs/share/champ_msgs/msg/PID.msg
[0.769s] -- Up-to-date: /home/csl/isaac_routing2_v2/install/champ_msgs/share/champ_msgs/msg/Imu.msg
[0.769s] -- Up-to-date: /home/csl/isaac_routing2_v2/install/champ_msgs/share/champ_msgs/msg/Point.msg
[0.769s] -- Up-to-date: /home/csl/isaac_routing2_v2/install/champ_msgs/share/champ_msgs/msg/PointArray.msg
[0.769s] -- Up-to-date: /home/csl/isaac_routing2_v2/install/champ_msgs/share/champ_msgs/msg/Joints.msg
[0.769s] -- Up-to-date: /home/csl/isaac_routing2_v2/install/champ_msgs/share/champ_msgs/msg/Contacts.msg
[0.770s] -- Up-to-date: /home/csl/isaac_routing2_v2/install/champ_msgs/share/champ_msgs/msg/ContactsStamped.msg
[0.770s] -- Up-to-date: /home/csl/isaac_routing2_v2/install/champ_msgs/share/champ_msgs/msg/Pose.msg
[0.770s] -- Up-to-date: /home/csl/isaac_routing2_v2/install/champ_msgs/share/ament_index/resource_index/package_run_dependencies/champ_msgs
[0.770s] -- Up-to-date: /home/csl/isaac_routing2_v2/install/champ_msgs/share/ament_index/resource_index/parent_prefix_path/champ_msgs
[0.770s] -- Up-to-date: /home/csl/isaac_routing2_v2/install/champ_msgs/share/champ_msgs/environment/ament_prefix_path.sh
[0.770s] -- Up-to-date: /home/csl/isaac_routing2_v2/install/champ_msgs/share/champ_msgs/environment/ament_prefix_path.dsv
[0.770s] -- Up-to-date: /home/csl/isaac_routing2_v2/install/champ_msgs/share/champ_msgs/environment/path.sh
[0.770s] -- Up-to-date: /home/csl/isaac_routing2_v2/install/champ_msgs/share/champ_msgs/environment/path.dsv
[0.771s] -- Up-to-date: /home/csl/isaac_routing2_v2/install/champ_msgs/share/champ_msgs/local_setup.bash
[0.771s] -- Up-to-date: /home/csl/isaac_routing2_v2/install/champ_msgs/share/champ_msgs/local_setup.sh
[0.771s] -- Up-to-date: /home/csl/isaac_routing2_v2/install/champ_msgs/share/champ_msgs/local_setup.zsh
[0.771s] -- Up-to-date: /home/csl/isaac_routing2_v2/install/champ_msgs/share/champ_msgs/local_setup.dsv
[0.771s] -- Installing: /home/csl/isaac_routing2_v2/install/champ_msgs/share/champ_msgs/package.dsv
[0.771s] -- Up-to-date: /home/csl/isaac_routing2_v2/install/champ_msgs/share/ament_index/resource_index/packages/champ_msgs
[0.772s] -- Up-to-date: /home/csl/isaac_routing2_v2/install/champ_msgs/share/champ_msgs/cmake/export_champ_msgs__rosidl_generator_cExport.cmake
[0.772s] -- Up-to-date: /home/csl/isaac_routing2_v2/install/champ_msgs/share/champ_msgs/cmake/export_champ_msgs__rosidl_generator_cExport-noconfig.cmake
[0.772s] -- Up-to-date: /home/csl/isaac_routing2_v2/install/champ_msgs/share/champ_msgs/cmake/export_champ_msgs__rosidl_typesupport_fastrtps_cExport.cmake
[0.772s] -- Up-to-date: /home/csl/isaac_routing2_v2/install/champ_msgs/share/champ_msgs/cmake/export_champ_msgs__rosidl_typesupport_fastrtps_cExport-noconfig.cmake
[0.772s] -- Up-to-date: /home/csl/isaac_routing2_v2/install/champ_msgs/share/champ_msgs/cmake/champ_msgs__rosidl_typesupport_introspection_cExport.cmake
[0.772s] -- Up-to-date: /home/csl/isaac_routing2_v2/install/champ_msgs/share/champ_msgs/cmake/champ_msgs__rosidl_typesupport_introspection_cExport-noconfig.cmake
[0.772s] -- Up-to-date: /home/csl/isaac_routing2_v2/install/champ_msgs/share/champ_msgs/cmake/champ_msgs__rosidl_typesupport_cExport.cmake
[0.773s] -- Up-to-date: /home/csl/isaac_routing2_v2/install/champ_msgs/share/champ_msgs/cmake/champ_msgs__rosidl_typesupport_cExport-noconfig.cmake
[0.773s] -- Up-to-date: /home/csl/isaac_routing2_v2/install/champ_msgs/share/champ_msgs/cmake/export_champ_msgs__rosidl_generator_cppExport.cmake
[0.773s] -- Up-to-date: /home/csl/isaac_routing2_v2/install/champ_msgs/share/champ_msgs/cmake/export_champ_msgs__rosidl_typesupport_fastrtps_cppExport.cmake
[0.773s] -- Up-to-date: /home/csl/isaac_routing2_v2/install/champ_msgs/share/champ_msgs/cmake/export_champ_msgs__rosidl_typesupport_fastrtps_cppExport-noconfig.cmake
[0.773s] -- Up-to-date: /home/csl/isaac_routing2_v2/install/champ_msgs/share/champ_msgs/cmake/champ_msgs__rosidl_typesupport_introspection_cppExport.cmake
[0.773s] -- Up-to-date: /home/csl/isaac_routing2_v2/install/champ_msgs/share/champ_msgs/cmake/champ_msgs__rosidl_typesupport_introspection_cppExport-noconfig.cmake
[0.773s] -- Up-to-date: /home/csl/isaac_routing2_v2/install/champ_msgs/share/champ_msgs/cmake/champ_msgs__rosidl_typesupport_cppExport.cmake
[0.773s] -- Up-to-date: /home/csl/isaac_routing2_v2/install/champ_msgs/share/champ_msgs/cmake/champ_msgs__rosidl_typesupport_cppExport-noconfig.cmake
[0.773s] -- Up-to-date: /home/csl/isaac_routing2_v2/install/champ_msgs/share/champ_msgs/cmake/export_champ_msgs__rosidl_generator_pyExport.cmake
[0.773s] -- Up-to-date: /home/csl/isaac_routing2_v2/install/champ_msgs/share/champ_msgs/cmake/export_champ_msgs__rosidl_generator_pyExport-noconfig.cmake
[0.774s] -- Up-to-date: /home/csl/isaac_routing2_v2/install/champ_msgs/share/champ_msgs/cmake/rosidl_cmake-extras.cmake
[0.774s] -- Up-to-date: /home/csl/isaac_routing2_v2/install/champ_msgs/share/champ_msgs/cmake/ament_cmake_export_dependencies-extras.cmake
[0.774s] -- Up-to-date: /home/csl/isaac_routing2_v2/install/champ_msgs/share/champ_msgs/cmake/ament_cmake_export_include_directories-extras.cmake
[0.774s] -- Up-to-date: /home/csl/isaac_routing2_v2/install/champ_msgs/share/champ_msgs/cmake/ament_cmake_export_libraries-extras.cmake
[0.774s] -- Up-to-date: /home/csl/isaac_routing2_v2/install/champ_msgs/share/champ_msgs/cmake/ament_cmake_export_targets-extras.cmake
[0.774s] -- Up-to-date: /home/csl/isaac_routing2_v2/install/champ_msgs/share/champ_msgs/cmake/rosidl_cmake_export_typesupport_targets-extras.cmake
[0.774s] -- Up-to-date: /home/csl/isaac_routing2_v2/install/champ_msgs/share/champ_msgs/cmake/rosidl_cmake_export_typesupport_libraries-extras.cmake
[0.774s] -- Up-to-date: /home/csl/isaac_routing2_v2/install/champ_msgs/share/champ_msgs/cmake/champ_msgsConfig.cmake
[0.774s] -- Up-to-date: /home/csl/isaac_routing2_v2/install/champ_msgs/share/champ_msgs/cmake/champ_msgsConfig-version.cmake
[0.774s] -- Up-to-date: /home/csl/isaac_routing2_v2/install/champ_msgs/share/champ_msgs/package.xml
[0.905s] Invoked command in '/home/csl/isaac_routing2_v2/build/champ_msgs' returned '0': CMAKE_PREFIX_PATH=${CMAKE_PREFIX_PATH}:/home/csl/isaac_routing2_v2/install/spot_routing_nav:/home/csl/isaac_routing2_v2/install/routing_agent:/home/csl/isaac_routing2_v2/install/my_waypoint_tools:/opt/ros/humble /usr/bin/cmake --install /home/csl/isaac_routing2_v2/build/champ_msgs
