[0.408s] Invoking command in '/home/csl/isaac_routing2_v2/build/spot_config': CMAKE_PREFIX_PATH=${CMAKE_PREFIX_PATH}:/home/csl/isaac_routing2_v2/install/spot_routing_nav:/home/csl/isaac_routing2_v2/install/routing_agent:/home/csl/isaac_routing2_v2/install/my_waypoint_tools:/opt/ros/humble /usr/bin/cmake --build /home/csl/isaac_routing2_v2/build/spot_config -- -j16 -l16
[0.727s] Invoked command in '/home/csl/isaac_routing2_v2/build/spot_config' returned '0': CMAKE_PREFIX_PATH=${CMAKE_PREFIX_PATH}:/home/csl/isaac_routing2_v2/install/spot_routing_nav:/home/csl/isaac_routing2_v2/install/routing_agent:/home/csl/isaac_routing2_v2/install/my_waypoint_tools:/opt/ros/humble /usr/bin/cmake --build /home/csl/isaac_routing2_v2/build/spot_config -- -j16 -l16
[0.728s] Invoking command in '/home/csl/isaac_routing2_v2/build/spot_config': CMAKE_PREFIX_PATH=${CMAKE_PREFIX_PATH}:/home/csl/isaac_routing2_v2/install/spot_routing_nav:/home/csl/isaac_routing2_v2/install/routing_agent:/home/csl/isaac_routing2_v2/install/my_waypoint_tools:/opt/ros/humble /usr/bin/cmake --install /home/csl/isaac_routing2_v2/build/spot_config
[0.803s] -- Install configuration: ""
[0.803s] -- Up-to-date: /home/csl/isaac_routing2_v2/install/spot_config/share/spot_config/launch
[0.803s] -- Up-to-date: /home/csl/isaac_routing2_v2/install/spot_config/share/spot_config/launch/bringup.launch.py
[0.803s] -- Installing: /home/csl/isaac_routing2_v2/install/spot_config/share/spot_config/launch/navigate.launch.py
[0.803s] -- Up-to-date: /home/csl/isaac_routing2_v2/install/spot_config/share/spot_config/launch/slam.launch.py
[0.803s] -- Up-to-date: /home/csl/isaac_routing2_v2/install/spot_config/share/spot_config/config
[0.804s] -- Up-to-date: /home/csl/isaac_routing2_v2/install/spot_config/share/spot_config/config/autonomy
[0.804s] -- Up-to-date: /home/csl/isaac_routing2_v2/install/spot_config/share/spot_config/config/autonomy/navigation_backup.yaml
[0.804s] -- Installing: /home/csl/isaac_routing2_v2/install/spot_config/share/spot_config/config/autonomy/navigation.yaml
[0.804s] -- Up-to-date: /home/csl/isaac_routing2_v2/install/spot_config/share/spot_config/config/autonomy/slam.yaml
[0.804s] -- Up-to-date: /home/csl/isaac_routing2_v2/install/spot_config/share/spot_config/config/joints
[0.804s] -- Up-to-date: /home/csl/isaac_routing2_v2/install/spot_config/share/spot_config/config/joints/joints.yaml
[0.804s] -- Up-to-date: /home/csl/isaac_routing2_v2/install/spot_config/share/spot_config/config/gait
[0.804s] -- Up-to-date: /home/csl/isaac_routing2_v2/install/spot_config/share/spot_config/config/gait/gait.yaml
[0.804s] -- Up-to-date: /home/csl/isaac_routing2_v2/install/spot_config/share/spot_config/config/links
[0.804s] -- Up-to-date: /home/csl/isaac_routing2_v2/install/spot_config/share/spot_config/config/links/links.yaml
[0.804s] -- Up-to-date: /home/csl/isaac_routing2_v2/install/spot_config/share/spot_config/maps
[0.804s] -- Up-to-date: /home/csl/isaac_routing2_v2/install/spot_config/share/spot_config/maps/tsmc_b1p1.yaml
[0.805s] -- Up-to-date: /home/csl/isaac_routing2_v2/install/spot_config/share/spot_config/maps/tsmc_1f_map.png
[0.805s] -- Up-to-date: /home/csl/isaac_routing2_v2/install/spot_config/share/spot_config/maps/tsmc_b1_map.png
[0.805s] -- Up-to-date: /home/csl/isaac_routing2_v2/install/spot_config/share/spot_config/maps/tsmc_b1_map.yaml
[0.805s] -- Up-to-date: /home/csl/isaac_routing2_v2/install/spot_config/share/spot_config/maps/tsmc_b1p2.png
[0.806s] -- Up-to-date: /home/csl/isaac_routing2_v2/install/spot_config/share/spot_config/maps/tsmc_1f.png
[0.806s] -- Up-to-date: /home/csl/isaac_routing2_v2/install/spot_config/share/spot_config/maps/map.pgm
[0.806s] -- Up-to-date: /home/csl/isaac_routing2_v2/install/spot_config/share/spot_config/maps/tsmc_1f_map.yaml
[0.806s] -- Up-to-date: /home/csl/isaac_routing2_v2/install/spot_config/share/spot_config/maps/tsmc_b1p2.yaml
[0.806s] -- Up-to-date: /home/csl/isaac_routing2_v2/install/spot_config/share/spot_config/maps/tsmc_b1p1.png
[0.806s] -- Up-to-date: /home/csl/isaac_routing2_v2/install/spot_config/share/spot_config/maps/mit_lab.png
[0.806s] -- Up-to-date: /home/csl/isaac_routing2_v2/install/spot_config/share/spot_config/maps/tsmc_b1_map_new.png
[0.807s] -- Up-to-date: /home/csl/isaac_routing2_v2/install/spot_config/share/spot_config/maps/mit_lab.yaml
[0.807s] -- Up-to-date: /home/csl/isaac_routing2_v2/install/spot_config/share/spot_config/maps/map.yaml
[0.807s] -- Up-to-date: /home/csl/isaac_routing2_v2/install/spot_config/share/spot_config/maps/tsmc_1f.yaml
[0.807s] -- Up-to-date: /home/csl/isaac_routing2_v2/install/spot_config/share/spot_config/worlds
[0.807s] -- Up-to-date: /home/csl/isaac_routing2_v2/install/spot_config/share/spot_config/worlds/default.world
[0.807s] -- Up-to-date: /home/csl/isaac_routing2_v2/install/spot_config/share/spot_config/worlds/playground.world
[0.807s] -- Up-to-date: /home/csl/isaac_routing2_v2/install/spot_config/share/spot_config/worlds/outdoor.world
[0.807s] -- Up-to-date: /home/csl/isaac_routing2_v2/install/spot_config/share/ament_index/resource_index/package_run_dependencies/spot_config
[0.807s] -- Up-to-date: /home/csl/isaac_routing2_v2/install/spot_config/share/ament_index/resource_index/parent_prefix_path/spot_config
[0.808s] -- Up-to-date: /home/csl/isaac_routing2_v2/install/spot_config/share/spot_config/environment/ament_prefix_path.sh
[0.808s] -- Up-to-date: /home/csl/isaac_routing2_v2/install/spot_config/share/spot_config/environment/ament_prefix_path.dsv
[0.808s] -- Up-to-date: /home/csl/isaac_routing2_v2/install/spot_config/share/spot_config/environment/path.sh
[0.808s] -- Up-to-date: /home/csl/isaac_routing2_v2/install/spot_config/share/spot_config/environment/path.dsv
[0.808s] -- Up-to-date: /home/csl/isaac_routing2_v2/install/spot_config/share/spot_config/local_setup.bash
[0.808s] -- Up-to-date: /home/csl/isaac_routing2_v2/install/spot_config/share/spot_config/local_setup.sh
[0.808s] -- Up-to-date: /home/csl/isaac_routing2_v2/install/spot_config/share/spot_config/local_setup.zsh
[0.808s] -- Up-to-date: /home/csl/isaac_routing2_v2/install/spot_config/share/spot_config/local_setup.dsv
[0.808s] -- Installing: /home/csl/isaac_routing2_v2/install/spot_config/share/spot_config/package.dsv
[0.810s] -- Up-to-date: /home/csl/isaac_routing2_v2/install/spot_config/share/ament_index/resource_index/packages/spot_config
[0.810s] -- Up-to-date: /home/csl/isaac_routing2_v2/install/spot_config/share/spot_config/cmake/spot_configConfig.cmake
[0.810s] -- Up-to-date: /home/csl/isaac_routing2_v2/install/spot_config/share/spot_config/cmake/spot_configConfig-version.cmake
[0.810s] -- Up-to-date: /home/csl/isaac_routing2_v2/install/spot_config/share/spot_config/package.xml
[0.998s] Invoked command in '/home/csl/isaac_routing2_v2/build/spot_config' returned '0': CMAKE_PREFIX_PATH=${CMAKE_PREFIX_PATH}:/home/csl/isaac_routing2_v2/install/spot_routing_nav:/home/csl/isaac_routing2_v2/install/routing_agent:/home/csl/isaac_routing2_v2/install/my_waypoint_tools:/opt/ros/humble /usr/bin/cmake --install /home/csl/isaac_routing2_v2/build/spot_config
