[0.072s] Invoking command in '/home/csl/isaac_routing2_v2/build/go2_description': CMAKE_PREFIX_PATH=${CMAKE_PREFIX_PATH}:/home/csl/isaac_routing2_v2/install/user_tools:/home/csl/isaac_routing2_v2/install/spot_routing_nav:/home/csl/isaac_routing2_v2/install/routing_agent:/home/csl/isaac_routing2_v2/install/my_waypoint_tools:/opt/ros/humble /usr/bin/cmake --build /home/csl/isaac_routing2_v2/build/go2_description -- -j16 -l16
[0.790s] Invoked command in '/home/csl/isaac_routing2_v2/build/go2_description' returned '0': CMAKE_PREFIX_PATH=${CMAKE_PREFIX_PATH}:/home/csl/isaac_routing2_v2/install/user_tools:/home/csl/isaac_routing2_v2/install/spot_routing_nav:/home/csl/isaac_routing2_v2/install/routing_agent:/home/csl/isaac_routing2_v2/install/my_waypoint_tools:/opt/ros/humble /usr/bin/cmake --build /home/csl/isaac_routing2_v2/build/go2_description -- -j16 -l16
[0.792s] Invoking command in '/home/csl/isaac_routing2_v2/build/go2_description': CMAKE_PREFIX_PATH=${CMAKE_PREFIX_PATH}:/home/csl/isaac_routing2_v2/install/user_tools:/home/csl/isaac_routing2_v2/install/spot_routing_nav:/home/csl/isaac_routing2_v2/install/routing_agent:/home/csl/isaac_routing2_v2/install/my_waypoint_tools:/opt/ros/humble /usr/bin/cmake --install /home/csl/isaac_routing2_v2/build/go2_description
[0.845s] -- Install configuration: ""
[0.845s] -- Up-to-date: /home/csl/isaac_routing2_v2/install/go2_description/share/go2_description/launch
[0.845s] -- Up-to-date: /home/csl/isaac_routing2_v2/install/go2_description/share/go2_description/launch/go2_rviz.launch
[0.845s] -- Up-to-date: /home/csl/isaac_routing2_v2/install/go2_description/share/go2_description/launch/check_joint.rviz
[0.845s] -- Up-to-date: /home/csl/isaac_routing2_v2/install/go2_description/share/go2_description/launch/description.launch.py
[0.845s] -- Up-to-date: /home/csl/isaac_routing2_v2/install/go2_description/share/go2_description/launch/gazebo.launch
[0.845s] -- Up-to-date: /home/csl/isaac_routing2_v2/install/go2_description/share/go2_description/meshes
[0.845s] -- Up-to-date: /home/csl/isaac_routing2_v2/install/go2_description/share/go2_description/meshes/calf.dae
[0.845s] -- Up-to-date: /home/csl/isaac_routing2_v2/install/go2_description/share/go2_description/meshes/calf_mirror.dae
[0.845s] -- Up-to-date: /home/csl/isaac_routing2_v2/install/go2_description/share/go2_description/meshes/trunk.dae
[0.846s] -- Up-to-date: /home/csl/isaac_routing2_v2/install/go2_description/share/go2_description/meshes/thigh.dae
[0.846s] -- Up-to-date: /home/csl/isaac_routing2_v2/install/go2_description/share/go2_description/meshes/foot.dae
[0.846s] -- Up-to-date: /home/csl/isaac_routing2_v2/install/go2_description/share/go2_description/meshes/thigh_mirror.dae
[0.846s] -- Up-to-date: /home/csl/isaac_routing2_v2/install/go2_description/share/go2_description/meshes/hip.dae
[0.846s] -- Up-to-date: /home/csl/isaac_routing2_v2/install/go2_description/share/go2_description/urdf
[0.846s] -- Up-to-date: /home/csl/isaac_routing2_v2/install/go2_description/share/go2_description/urdf/Normal_collision_model.png
[0.846s] -- Up-to-date: /home/csl/isaac_routing2_v2/install/go2_description/share/go2_description/urdf/Amended_collision_model.png
[0.846s] -- Up-to-date: /home/csl/isaac_routing2_v2/install/go2_description/share/go2_description/urdf/go2_description.urdf
[0.846s] -- Up-to-date: /home/csl/isaac_routing2_v2/install/go2_description/share/ament_index/resource_index/package_run_dependencies/go2_description
[0.846s] -- Up-to-date: /home/csl/isaac_routing2_v2/install/go2_description/share/ament_index/resource_index/parent_prefix_path/go2_description
[0.846s] -- Up-to-date: /home/csl/isaac_routing2_v2/install/go2_description/share/go2_description/environment/ament_prefix_path.sh
[0.847s] -- Up-to-date: /home/csl/isaac_routing2_v2/install/go2_description/share/go2_description/environment/ament_prefix_path.dsv
[0.847s] -- Up-to-date: /home/csl/isaac_routing2_v2/install/go2_description/share/go2_description/environment/path.sh
[0.847s] -- Up-to-date: /home/csl/isaac_routing2_v2/install/go2_description/share/go2_description/environment/path.dsv
[0.847s] -- Up-to-date: /home/csl/isaac_routing2_v2/install/go2_description/share/go2_description/local_setup.bash
[0.848s] -- Up-to-date: /home/csl/isaac_routing2_v2/install/go2_description/share/go2_description/local_setup.sh
[0.848s] -- Up-to-date: /home/csl/isaac_routing2_v2/install/go2_description/share/go2_description/local_setup.zsh
[0.848s] -- Up-to-date: /home/csl/isaac_routing2_v2/install/go2_description/share/go2_description/local_setup.dsv
[0.849s] -- Installing: /home/csl/isaac_routing2_v2/install/go2_description/share/go2_description/package.dsv
[0.849s] -- Up-to-date: /home/csl/isaac_routing2_v2/install/go2_description/share/ament_index/resource_index/packages/go2_description
[0.849s] -- Up-to-date: /home/csl/isaac_routing2_v2/install/go2_description/share/go2_description/cmake/go2_descriptionConfig.cmake
[0.849s] -- Up-to-date: /home/csl/isaac_routing2_v2/install/go2_description/share/go2_description/cmake/go2_descriptionConfig-version.cmake
[0.849s] -- Up-to-date: /home/csl/isaac_routing2_v2/install/go2_description/share/go2_description/package.xml
[0.973s] Invoked command in '/home/csl/isaac_routing2_v2/build/go2_description' returned '0': CMAKE_PREFIX_PATH=${CMAKE_PREFIX_PATH}:/home/csl/isaac_routing2_v2/install/user_tools:/home/csl/isaac_routing2_v2/install/spot_routing_nav:/home/csl/isaac_routing2_v2/install/routing_agent:/home/csl/isaac_routing2_v2/install/my_waypoint_tools:/opt/ros/humble /usr/bin/cmake --install /home/csl/isaac_routing2_v2/build/go2_description
