[0.434s] Invoking command in '/home/csl/isaac_routing2_v2/build/spot_config': CMAKE_PREFIX_PATH=/opt/ros/humble /usr/bin/cmake /home/csl/isaac_routing2_v2/src/champ/spot_config -DCMAKE_INSTALL_PREFIX=/home/csl/isaac_routing2_v2/install/spot_config
[0.959s] -- The C compiler identification is GNU 12.3.0
[0.959s] -- The CXX compiler identification is GNU 11.4.0
[0.960s] -- Detecting C compiler ABI info
[0.960s] -- Detecting C compiler ABI info - done
[0.960s] -- Check for working C compiler: /usr/bin/cc - skipped
[0.960s] -- Detecting C compile features
[0.960s] -- Detecting C compile features - done
[0.960s] -- Detecting CXX compiler ABI info
[0.960s] -- Detecting CXX compiler ABI info - done
[0.960s] -- Check for working CXX compiler: /usr/bin/c++ - skipped
[0.960s] -- Detecting CXX compile features
[0.960s] -- Detecting CXX compile features - done
[0.960s] -- Found ament_cmake: 1.3.10 (/opt/ros/humble/share/ament_cmake/cmake)
[1.071s] -- Found Python3: /usr/bin/python3 (found version "3.10.12") found components: Interpreter 
[1.247s] -- Configuring done
[1.251s] -- Generating done
[1.253s] -- Build files have been written to: /home/csl/isaac_routing2_v2/build/spot_config
[1.257s] Invoked command in '/home/csl/isaac_routing2_v2/build/spot_config' returned '0': CMAKE_PREFIX_PATH=/opt/ros/humble /usr/bin/cmake /home/csl/isaac_routing2_v2/src/champ/spot_config -DCMAKE_INSTALL_PREFIX=/home/csl/isaac_routing2_v2/install/spot_config
[1.260s] Invoking command in '/home/csl/isaac_routing2_v2/build/spot_config': CMAKE_PREFIX_PATH=/opt/ros/humble /usr/bin/cmake --build /home/csl/isaac_routing2_v2/build/spot_config -- -j16 -l16
[1.281s] Invoked command in '/home/csl/isaac_routing2_v2/build/spot_config' returned '0': CMAKE_PREFIX_PATH=/opt/ros/humble /usr/bin/cmake --build /home/csl/isaac_routing2_v2/build/spot_config -- -j16 -l16
[1.284s] Invoking command in '/home/csl/isaac_routing2_v2/build/spot_config': CMAKE_PREFIX_PATH=/opt/ros/humble /usr/bin/cmake --install /home/csl/isaac_routing2_v2/build/spot_config
[1.288s] -- Install configuration: ""
[1.289s] -- Installing: /home/csl/isaac_routing2_v2/install/spot_config/share/spot_config/launch
[1.289s] -- Installing: /home/csl/isaac_routing2_v2/install/spot_config/share/spot_config/launch/bringup.launch.py
[1.289s] -- Installing: /home/csl/isaac_routing2_v2/install/spot_config/share/spot_config/launch/navigate.launch.py
[1.289s] -- Installing: /home/csl/isaac_routing2_v2/install/spot_config/share/spot_config/launch/slam.launch.py
[1.289s] -- Installing: /home/csl/isaac_routing2_v2/install/spot_config/share/spot_config/config
[1.289s] -- Installing: /home/csl/isaac_routing2_v2/install/spot_config/share/spot_config/config/autonomy
[1.289s] -- Installing: /home/csl/isaac_routing2_v2/install/spot_config/share/spot_config/config/autonomy/navigation_backup.yaml
[1.289s] -- Installing: /home/csl/isaac_routing2_v2/install/spot_config/share/spot_config/config/autonomy/navigation.yaml
[1.290s] -- Installing: /home/csl/isaac_routing2_v2/install/spot_config/share/spot_config/config/autonomy/slam.yaml
[1.290s] -- Installing: /home/csl/isaac_routing2_v2/install/spot_config/share/spot_config/config/joints
[1.290s] -- Installing: /home/csl/isaac_routing2_v2/install/spot_config/share/spot_config/config/joints/joints.yaml
[1.290s] -- Installing: /home/csl/isaac_routing2_v2/install/spot_config/share/spot_config/config/gait
[1.291s] -- Installing: /home/csl/isaac_routing2_v2/install/spot_config/share/spot_config/config/gait/gait.yaml
[1.291s] -- Installing: /home/csl/isaac_routing2_v2/install/spot_config/share/spot_config/config/links
[1.291s] -- Installing: /home/csl/isaac_routing2_v2/install/spot_config/share/spot_config/config/links/links.yaml
[1.291s] -- Installing: /home/csl/isaac_routing2_v2/install/spot_config/share/spot_config/maps
[1.292s] -- Installing: /home/csl/isaac_routing2_v2/install/spot_config/share/spot_config/maps/tsmc_b1p1.yaml
[1.292s] -- Installing: /home/csl/isaac_routing2_v2/install/spot_config/share/spot_config/maps/tsmc_1f_map.png
[1.294s] -- Installing: /home/csl/isaac_routing2_v2/install/spot_config/share/spot_config/maps/tsmc_b1_map.png
[1.300s] -- Installing: /home/csl/isaac_routing2_v2/install/spot_config/share/spot_config/maps/tsmc_b1_map.yaml
[1.301s] -- Installing: /home/csl/isaac_routing2_v2/install/spot_config/share/spot_config/maps/tsmc_b1p2.png
[1.301s] -- Installing: /home/csl/isaac_routing2_v2/install/spot_config/share/spot_config/maps/tsmc_1f.png
[1.302s] -- Installing: /home/csl/isaac_routing2_v2/install/spot_config/share/spot_config/maps/map.pgm
[1.309s] -- Installing: /home/csl/isaac_routing2_v2/install/spot_config/share/spot_config/maps/tsmc_1f_map.yaml
[1.309s] -- Installing: /home/csl/isaac_routing2_v2/install/spot_config/share/spot_config/maps/tsmc_b1p2.yaml
[1.309s] -- Installing: /home/csl/isaac_routing2_v2/install/spot_config/share/spot_config/maps/tsmc_b1p1.png
[1.311s] -- Installing: /home/csl/isaac_routing2_v2/install/spot_config/share/spot_config/maps/mit_lab.png
[1.312s] -- Installing: /home/csl/isaac_routing2_v2/install/spot_config/share/spot_config/maps/tsmc_b1_map_new.png
[1.315s] -- Installing: /home/csl/isaac_routing2_v2/install/spot_config/share/spot_config/maps/mit_lab.yaml
[1.315s] -- Installing: /home/csl/isaac_routing2_v2/install/spot_config/share/spot_config/maps/map.yaml
[1.315s] -- Installing: /home/csl/isaac_routing2_v2/install/spot_config/share/spot_config/maps/tsmc_1f.yaml
[1.316s] -- Installing: /home/csl/isaac_routing2_v2/install/spot_config/share/spot_config/worlds
[1.316s] -- Installing: /home/csl/isaac_routing2_v2/install/spot_config/share/spot_config/worlds/default.world
[1.316s] -- Installing: /home/csl/isaac_routing2_v2/install/spot_config/share/spot_config/worlds/playground.world
[1.317s] -- Installing: /home/csl/isaac_routing2_v2/install/spot_config/share/spot_config/worlds/outdoor.world
[1.318s] -- Installing: /home/csl/isaac_routing2_v2/install/spot_config/share/ament_index/resource_index/package_run_dependencies/spot_config
[1.318s] -- Installing: /home/csl/isaac_routing2_v2/install/spot_config/share/ament_index/resource_index/parent_prefix_path/spot_config
[1.318s] -- Installing: /home/csl/isaac_routing2_v2/install/spot_config/share/spot_config/environment/ament_prefix_path.sh
[1.318s] -- Installing: /home/csl/isaac_routing2_v2/install/spot_config/share/spot_config/environment/ament_prefix_path.dsv
[1.318s] -- Installing: /home/csl/isaac_routing2_v2/install/spot_config/share/spot_config/environment/path.sh
[1.319s] -- Installing: /home/csl/isaac_routing2_v2/install/spot_config/share/spot_config/environment/path.dsv
[1.319s] -- Installing: /home/csl/isaac_routing2_v2/install/spot_config/share/spot_config/local_setup.bash
[1.319s] -- Installing: /home/csl/isaac_routing2_v2/install/spot_config/share/spot_config/local_setup.sh
[1.319s] -- Installing: /home/csl/isaac_routing2_v2/install/spot_config/share/spot_config/local_setup.zsh
[1.319s] -- Installing: /home/csl/isaac_routing2_v2/install/spot_config/share/spot_config/local_setup.dsv
[1.320s] -- Installing: /home/csl/isaac_routing2_v2/install/spot_config/share/spot_config/package.dsv
[1.320s] -- Installing: /home/csl/isaac_routing2_v2/install/spot_config/share/ament_index/resource_index/packages/spot_config
[1.320s] -- Installing: /home/csl/isaac_routing2_v2/install/spot_config/share/spot_config/cmake/spot_configConfig.cmake
[1.320s] -- Installing: /home/csl/isaac_routing2_v2/install/spot_config/share/spot_config/cmake/spot_configConfig-version.cmake
[1.320s] -- Installing: /home/csl/isaac_routing2_v2/install/spot_config/share/spot_config/package.xml
[1.323s] Invoked command in '/home/csl/isaac_routing2_v2/build/spot_config' returned '0': CMAKE_PREFIX_PATH=/opt/ros/humble /usr/bin/cmake --install /home/csl/isaac_routing2_v2/build/spot_config
