[0.047s] Invoking command in '/home/csl/isaac_routing2_v2/build/go2_description': CMAKE_PREFIX_PATH=/opt/ros/humble /usr/bin/cmake --build /home/csl/isaac_routing2_v2/build/go2_description -- -j16 -l16
[0.639s] Invoked command in '/home/csl/isaac_routing2_v2/build/go2_description' returned '0': CMAKE_PREFIX_PATH=/opt/ros/humble /usr/bin/cmake --build /home/csl/isaac_routing2_v2/build/go2_description -- -j16 -l16
[0.639s] Invoking command in '/home/csl/isaac_routing2_v2/build/go2_description': CMAKE_PREFIX_PATH=/opt/ros/humble /usr/bin/cmake --install /home/csl/isaac_routing2_v2/build/go2_description
[0.651s] -- Install configuration: ""
[0.651s] -- Up-to-date: /home/csl/isaac_routing2_v2/install/go2_description/share/go2_description/launch
[0.651s] -- Up-to-date: /home/csl/isaac_routing2_v2/install/go2_description/share/go2_description/launch/go2_rviz.launch
[0.651s] -- Up-to-date: /home/csl/isaac_routing2_v2/install/go2_description/share/go2_description/launch/check_joint.rviz
[0.651s] -- Up-to-date: /home/csl/isaac_routing2_v2/install/go2_description/share/go2_description/launch/description.launch.py
[0.652s] -- Up-to-date: /home/csl/isaac_routing2_v2/install/go2_description/share/go2_description/launch/gazebo.launch
[0.652s] -- Up-to-date: /home/csl/isaac_routing2_v2/install/go2_description/share/go2_description/meshes
[0.652s] -- Up-to-date: /home/csl/isaac_routing2_v2/install/go2_description/share/go2_description/meshes/calf.dae
[0.652s] -- Up-to-date: /home/csl/isaac_routing2_v2/install/go2_description/share/go2_description/meshes/calf_mirror.dae
[0.652s] -- Up-to-date: /home/csl/isaac_routing2_v2/install/go2_description/share/go2_description/meshes/trunk.dae
[0.652s] -- Up-to-date: /home/csl/isaac_routing2_v2/install/go2_description/share/go2_description/meshes/thigh.dae
[0.652s] -- Up-to-date: /home/csl/isaac_routing2_v2/install/go2_description/share/go2_description/meshes/foot.dae
[0.652s] -- Up-to-date: /home/csl/isaac_routing2_v2/install/go2_description/share/go2_description/meshes/thigh_mirror.dae
[0.652s] -- Up-to-date: /home/csl/isaac_routing2_v2/install/go2_description/share/go2_description/meshes/hip.dae
[0.652s] -- Up-to-date: /home/csl/isaac_routing2_v2/install/go2_description/share/go2_description/urdf
[0.652s] -- Up-to-date: /home/csl/isaac_routing2_v2/install/go2_description/share/go2_description/urdf/Normal_collision_model.png
[0.653s] -- Up-to-date: /home/csl/isaac_routing2_v2/install/go2_description/share/go2_description/urdf/Amended_collision_model.png
[0.654s] -- Up-to-date: /home/csl/isaac_routing2_v2/install/go2_description/share/go2_description/urdf/go2_description.urdf
[0.654s] -- Up-to-date: /home/csl/isaac_routing2_v2/install/go2_description/share/ament_index/resource_index/package_run_dependencies/go2_description
[0.654s] -- Up-to-date: /home/csl/isaac_routing2_v2/install/go2_description/share/ament_index/resource_index/parent_prefix_path/go2_description
[0.654s] -- Up-to-date: /home/csl/isaac_routing2_v2/install/go2_description/share/go2_description/environment/ament_prefix_path.sh
[0.654s] -- Up-to-date: /home/csl/isaac_routing2_v2/install/go2_description/share/go2_description/environment/ament_prefix_path.dsv
[0.654s] -- Up-to-date: /home/csl/isaac_routing2_v2/install/go2_description/share/go2_description/environment/path.sh
[0.654s] -- Up-to-date: /home/csl/isaac_routing2_v2/install/go2_description/share/go2_description/environment/path.dsv
[0.654s] -- Up-to-date: /home/csl/isaac_routing2_v2/install/go2_description/share/go2_description/local_setup.bash
[0.654s] -- Up-to-date: /home/csl/isaac_routing2_v2/install/go2_description/share/go2_description/local_setup.sh
[0.654s] -- Up-to-date: /home/csl/isaac_routing2_v2/install/go2_description/share/go2_description/local_setup.zsh
[0.655s] -- Up-to-date: /home/csl/isaac_routing2_v2/install/go2_description/share/go2_description/local_setup.dsv
[0.655s] -- Installing: /home/csl/isaac_routing2_v2/install/go2_description/share/go2_description/package.dsv
[0.655s] -- Up-to-date: /home/csl/isaac_routing2_v2/install/go2_description/share/ament_index/resource_index/packages/go2_description
[0.655s] -- Up-to-date: /home/csl/isaac_routing2_v2/install/go2_description/share/go2_description/cmake/go2_descriptionConfig.cmake
[0.655s] -- Up-to-date: /home/csl/isaac_routing2_v2/install/go2_description/share/go2_description/cmake/go2_descriptionConfig-version.cmake
[0.655s] -- Up-to-date: /home/csl/isaac_routing2_v2/install/go2_description/share/go2_description/package.xml
[0.810s] Invoked command in '/home/csl/isaac_routing2_v2/build/go2_description' returned '0': CMAKE_PREFIX_PATH=/opt/ros/humble /usr/bin/cmake --install /home/csl/isaac_routing2_v2/build/go2_description
