[0.063s] Invoking command in '/home/csl/isaac_routing2_v2/build/champ_description': CMAKE_PREFIX_PATH=${CMAKE_PREFIX_PATH}:/home/csl/isaac_routing2_v2/install/user_tools:/home/csl/isaac_routing2_v2/install/spot_routing_nav:/home/csl/isaac_routing2_v2/install/routing_agent:/home/csl/isaac_routing2_v2/install/my_waypoint_tools:/opt/ros/humble /usr/bin/cmake --build /home/csl/isaac_routing2_v2/build/champ_description -- -j16 -l16
[0.640s] Invoked command in '/home/csl/isaac_routing2_v2/build/champ_description' returned '0': CMAKE_PREFIX_PATH=${CMAKE_PREFIX_PATH}:/home/csl/isaac_routing2_v2/install/user_tools:/home/csl/isaac_routing2_v2/install/spot_routing_nav:/home/csl/isaac_routing2_v2/install/routing_agent:/home/csl/isaac_routing2_v2/install/my_waypoint_tools:/opt/ros/humble /usr/bin/cmake --build /home/csl/isaac_routing2_v2/build/champ_description -- -j16 -l16
[0.642s] Invoking command in '/home/csl/isaac_routing2_v2/build/champ_description': CMAKE_PREFIX_PATH=${CMAKE_PREFIX_PATH}:/home/csl/isaac_routing2_v2/install/user_tools:/home/csl/isaac_routing2_v2/install/spot_routing_nav:/home/csl/isaac_routing2_v2/install/routing_agent:/home/csl/isaac_routing2_v2/install/my_waypoint_tools:/opt/ros/humble /usr/bin/cmake --install /home/csl/isaac_routing2_v2/build/champ_description
[0.706s] -- Install configuration: ""
[0.706s] -- Up-to-date: /home/csl/isaac_routing2_v2/install/champ_description/share/champ_description/launch
[0.707s] -- Up-to-date: /home/csl/isaac_routing2_v2/install/champ_description/share/champ_description/launch/view_urdf.launch
[0.707s] -- Up-to-date: /home/csl/isaac_routing2_v2/install/champ_description/share/champ_description/launch/description.launch.py
[0.707s] -- Up-to-date: /home/csl/isaac_routing2_v2/install/champ_description/share/champ_description/launch/description.launch
[0.707s] -- Up-to-date: /home/csl/isaac_routing2_v2/install/champ_description/share/champ_description/rviz
[0.707s] -- Up-to-date: /home/csl/isaac_routing2_v2/install/champ_description/share/champ_description/rviz/urdf_viewer.rviz
[0.707s] -- Up-to-date: /home/csl/isaac_routing2_v2/install/champ_description/share/champ_description/meshes
[0.707s] -- Up-to-date: /home/csl/isaac_routing2_v2/install/champ_description/share/champ_description/meshes/asus_camera_simple.dae
[0.707s] -- Up-to-date: /home/csl/isaac_routing2_v2/install/champ_description/share/champ_description/meshes/hokuyo_utm_30lx.dae
[0.707s] -- Up-to-date: /home/csl/isaac_routing2_v2/install/champ_description/share/champ_description/meshes/upper_leg_simple.stl
[0.707s] -- Up-to-date: /home/csl/isaac_routing2_v2/install/champ_description/share/champ_description/meshes/base.stl
[0.707s] -- Up-to-date: /home/csl/isaac_routing2_v2/install/champ_description/share/champ_description/meshes/hip.stl
[0.707s] -- Up-to-date: /home/csl/isaac_routing2_v2/install/champ_description/share/champ_description/meshes/lower_leg_simple.stl
[0.708s] -- Up-to-date: /home/csl/isaac_routing2_v2/install/champ_description/share/champ_description/meshes/arm
[0.708s] -- Up-to-date: /home/csl/isaac_routing2_v2/install/champ_description/share/champ_description/meshes/arm/lower_arm.stl
[0.708s] -- Up-to-date: /home/csl/isaac_routing2_v2/install/champ_description/share/champ_description/meshes/arm/base.stl
[0.708s] -- Up-to-date: /home/csl/isaac_routing2_v2/install/champ_description/share/champ_description/meshes/arm/wrist1.stl
[0.708s] -- Up-to-date: /home/csl/isaac_routing2_v2/install/champ_description/share/champ_description/meshes/arm/wrist2.stl
[0.708s] -- Up-to-date: /home/csl/isaac_routing2_v2/install/champ_description/share/champ_description/meshes/arm/upper_arm.stl
[0.708s] -- Up-to-date: /home/csl/isaac_routing2_v2/install/champ_description/share/champ_description/meshes/upper_leg.stl
[0.708s] -- Up-to-date: /home/csl/isaac_routing2_v2/install/champ_description/share/champ_description/meshes/base_simple.stl
[0.708s] -- Up-to-date: /home/csl/isaac_routing2_v2/install/champ_description/share/champ_description/meshes/lower_leg.stl
[0.708s] -- Up-to-date: /home/csl/isaac_routing2_v2/install/champ_description/share/champ_description/urdf
[0.708s] -- Up-to-date: /home/csl/isaac_routing2_v2/install/champ_description/share/champ_description/urdf/champ_arm.urdf
[0.708s] -- Up-to-date: /home/csl/isaac_routing2_v2/install/champ_description/share/champ_description/urdf/accessories.urdf.xacro
[0.708s] -- Up-to-date: /home/csl/isaac_routing2_v2/install/champ_description/share/champ_description/urdf/leg.urdf.xacro
[0.709s] -- Up-to-date: /home/csl/isaac_routing2_v2/install/champ_description/share/champ_description/urdf/champ.urdf
[0.709s] -- Up-to-date: /home/csl/isaac_routing2_v2/install/champ_description/share/champ_description/urdf/champ.urdf.xacro
[0.709s] -- Up-to-date: /home/csl/isaac_routing2_v2/install/champ_description/share/champ_description/urdf/properties.urdf.xacro
[0.709s] -- Up-to-date: /home/csl/isaac_routing2_v2/install/champ_description/share/champ_description/urdf/hokuyo_utm30lx.urdf.xacro
[0.709s] -- Up-to-date: /home/csl/isaac_routing2_v2/install/champ_description/share/champ_description/urdf/gen_urdf
[0.709s] -- Up-to-date: /home/csl/isaac_routing2_v2/install/champ_description/share/champ_description/urdf/champ_velodyne.urdf
[0.709s] -- Up-to-date: /home/csl/isaac_routing2_v2/install/champ_description/share/champ_description/urdf/asus_camera.urdf.xacro
[0.709s] -- Up-to-date: /home/csl/isaac_routing2_v2/install/champ_description/share/ament_index/resource_index/package_run_dependencies/champ_description
[0.709s] -- Up-to-date: /home/csl/isaac_routing2_v2/install/champ_description/share/ament_index/resource_index/parent_prefix_path/champ_description
[0.709s] -- Up-to-date: /home/csl/isaac_routing2_v2/install/champ_description/share/champ_description/environment/ament_prefix_path.sh
[0.709s] -- Up-to-date: /home/csl/isaac_routing2_v2/install/champ_description/share/champ_description/environment/ament_prefix_path.dsv
[0.709s] -- Up-to-date: /home/csl/isaac_routing2_v2/install/champ_description/share/champ_description/environment/path.sh
[0.709s] -- Up-to-date: /home/csl/isaac_routing2_v2/install/champ_description/share/champ_description/environment/path.dsv
[0.709s] -- Up-to-date: /home/csl/isaac_routing2_v2/install/champ_description/share/champ_description/local_setup.bash
[0.709s] -- Up-to-date: /home/csl/isaac_routing2_v2/install/champ_description/share/champ_description/local_setup.sh
[0.710s] -- Up-to-date: /home/csl/isaac_routing2_v2/install/champ_description/share/champ_description/local_setup.zsh
[0.710s] -- Up-to-date: /home/csl/isaac_routing2_v2/install/champ_description/share/champ_description/local_setup.dsv
[0.710s] -- Installing: /home/csl/isaac_routing2_v2/install/champ_description/share/champ_description/package.dsv
[0.710s] -- Up-to-date: /home/csl/isaac_routing2_v2/install/champ_description/share/ament_index/resource_index/packages/champ_description
[0.710s] -- Up-to-date: /home/csl/isaac_routing2_v2/install/champ_description/share/champ_description/cmake/champ_descriptionConfig.cmake
[0.710s] -- Up-to-date: /home/csl/isaac_routing2_v2/install/champ_description/share/champ_description/cmake/champ_descriptionConfig-version.cmake
[0.710s] -- Up-to-date: /home/csl/isaac_routing2_v2/install/champ_description/share/champ_description/package.xml
[0.788s] Invoked command in '/home/csl/isaac_routing2_v2/build/champ_description' returned '0': CMAKE_PREFIX_PATH=${CMAKE_PREFIX_PATH}:/home/csl/isaac_routing2_v2/install/user_tools:/home/csl/isaac_routing2_v2/install/spot_routing_nav:/home/csl/isaac_routing2_v2/install/routing_agent:/home/csl/isaac_routing2_v2/install/my_waypoint_tools:/opt/ros/humble /usr/bin/cmake --install /home/csl/isaac_routing2_v2/build/champ_description
