[0.599s] Invoking command in '/home/csl/isaac_routing2_v2/src/my_waypoint_tools': PYTHONPATH=/home/csl/isaac_routing2_v2/build/my_waypoint_tools/prefix_override:/usr/lib/python3/dist-packages/colcon_core/task/python/colcon_distutils_commands:/home/csl/isaac_routing2_v2/install/my_waypoint_tools/lib/python3.10/site-packages:${PYTHONPATH} /usr/bin/python3 -W ignore:setup.py install is deprecated -W ignore:easy_install command is deprecated setup.py egg_info --egg-base ../../build/my_waypoint_tools build --build-base /home/csl/isaac_routing2_v2/build/my_waypoint_tools/build install --record /home/csl/isaac_routing2_v2/build/my_waypoint_tools/install.log --single-version-externally-managed install_data
[0.804s] running egg_info
[0.805s] writing ../../build/my_waypoint_tools/my_waypoint_tools.egg-info/PKG-INFO
[0.805s] writing dependency_links to ../../build/my_waypoint_tools/my_waypoint_tools.egg-info/dependency_links.txt
[0.805s] writing entry points to ../../build/my_waypoint_tools/my_waypoint_tools.egg-info/entry_points.txt
[0.805s] writing requirements to ../../build/my_waypoint_tools/my_waypoint_tools.egg-info/requires.txt
[0.805s] writing top-level names to ../../build/my_waypoint_tools/my_waypoint_tools.egg-info/top_level.txt
[0.806s] reading manifest file '../../build/my_waypoint_tools/my_waypoint_tools.egg-info/SOURCES.txt'
[0.807s] writing manifest file '../../build/my_waypoint_tools/my_waypoint_tools.egg-info/SOURCES.txt'
[0.807s] running build
[0.807s] running build_py
[0.807s] copying my_waypoint_tools/goal_select.py -> /home/csl/isaac_routing2_v2/build/my_waypoint_tools/build/lib/my_waypoint_tools
[0.808s] running install
[0.808s] running install_lib
[0.808s] copying /home/csl/isaac_routing2_v2/build/my_waypoint_tools/build/lib/my_waypoint_tools/goal_select.py -> /home/csl/isaac_routing2_v2/install/my_waypoint_tools/lib/python3.10/site-packages/my_waypoint_tools
[0.809s] byte-compiling /home/csl/isaac_routing2_v2/install/my_waypoint_tools/lib/python3.10/site-packages/my_waypoint_tools/goal_select.py to goal_select.cpython-310.pyc
[0.810s] running install_data
[0.810s] running install_egg_info
[0.811s] removing '/home/csl/isaac_routing2_v2/install/my_waypoint_tools/lib/python3.10/site-packages/my_waypoint_tools-0.0.0-py3.10.egg-info' (and everything under it)
[0.812s] Copying ../../build/my_waypoint_tools/my_waypoint_tools.egg-info to /home/csl/isaac_routing2_v2/install/my_waypoint_tools/lib/python3.10/site-packages/my_waypoint_tools-0.0.0-py3.10.egg-info
[0.812s] running install_scripts
[0.827s] Installing goal_select script to /home/csl/isaac_routing2_v2/install/my_waypoint_tools/lib/my_waypoint_tools
[0.827s] writing list of installed files to '/home/csl/isaac_routing2_v2/build/my_waypoint_tools/install.log'
[0.846s] Invoked command in '/home/csl/isaac_routing2_v2/src/my_waypoint_tools' returned '0': PYTHONPATH=/home/csl/isaac_routing2_v2/build/my_waypoint_tools/prefix_override:/usr/lib/python3/dist-packages/colcon_core/task/python/colcon_distutils_commands:/home/csl/isaac_routing2_v2/install/my_waypoint_tools/lib/python3.10/site-packages:${PYTHONPATH} /usr/bin/python3 -W ignore:setup.py install is deprecated -W ignore:easy_install command is deprecated setup.py egg_info --egg-base ../../build/my_waypoint_tools build --build-base /home/csl/isaac_routing2_v2/build/my_waypoint_tools/build install --record /home/csl/isaac_routing2_v2/build/my_waypoint_tools/install.log --single-version-externally-managed install_data
