[0.063s] Invoking command in '/home/csl/isaac_routing2_v2/build/champ': CMAKE_PREFIX_PATH=/opt/ros/humble /usr/bin/cmake /home/csl/isaac_routing2_v2/src/champ/champ -DCMAKE_INSTALL_PREFIX=/home/csl/isaac_routing2_v2/install/champ
[0.895s] -- The C compiler identification is GNU 12.3.0
[0.896s] -- The CXX compiler identification is GNU 11.4.0
[0.896s] -- Detecting C compiler ABI info
[0.896s] -- Detecting C compiler ABI info - done
[0.896s] -- Check for working C compiler: /usr/bin/cc - skipped
[0.896s] -- Detecting C compile features
[0.896s] -- Detecting C compile features - done
[0.896s] -- Detecting CXX compiler ABI info
[0.896s] -- Detecting CXX compiler ABI info - done
[0.896s] -- Check for working CXX compiler: /usr/bin/c++ - skipped
[0.896s] -- Detecting CXX compile features
[0.896s] -- Detecting CXX compile features - done
[0.896s] -- Found ament_cmake: 1.3.10 (/opt/ros/humble/share/ament_cmake/cmake)
[0.896s] -- Found Python3: /usr/bin/python3 (found version "3.10.12") found components: Interpreter 
[0.896s] -- Found rclcpp: 16.0.10 (/opt/ros/humble/share/rclcpp/cmake)
[0.979s] -- Found rosidl_generator_c: 3.1.5 (/opt/ros/humble/share/rosidl_generator_c/cmake)
[0.989s] -- Found rosidl_adapter: 3.1.5 (/opt/ros/humble/share/rosidl_adapter/cmake)
[1.000s] -- Found rosidl_generator_cpp: 3.1.5 (/opt/ros/humble/share/rosidl_generator_cpp/cmake)
[1.030s] -- Using all available rosidl_typesupport_c: rosidl_typesupport_fastrtps_c;rosidl_typesupport_introspection_c
[1.048s] -- Using all available rosidl_typesupport_cpp: rosidl_typesupport_fastrtps_cpp;rosidl_typesupport_introspection_cpp
[1.134s] -- Found rmw_implementation_cmake: 6.1.2 (/opt/ros/humble/share/rmw_implementation_cmake/cmake)
[1.134s] -- Found rmw_fastrtps_cpp: 6.2.7 (/opt/ros/humble/share/rmw_fastrtps_cpp/cmake)
[1.264s] -- Found OpenSSL: /usr/lib/x86_64-linux-gnu/libcrypto.so (found version "3.0.2")  
[1.308s] -- Found FastRTPS: /opt/ros/humble/include  
[1.363s] -- Using RMW implementation 'rmw_fastrtps_cpp' as default
[1.379s] -- Performing Test CMAKE_HAVE_LIBC_PTHREAD
[1.463s] -- Performing Test CMAKE_HAVE_LIBC_PTHREAD - Success
[1.464s] -- Found Threads: TRUE  
[1.534s] -- Found ament_lint_auto: 0.12.11 (/opt/ros/humble/share/ament_lint_auto/cmake)
[1.611s] -- Configuring done
[1.618s] -- Generating done
[1.621s] -- Build files have been written to: /home/csl/isaac_routing2_v2/build/champ
[1.632s] Invoked command in '/home/csl/isaac_routing2_v2/build/champ' returned '0': CMAKE_PREFIX_PATH=/opt/ros/humble /usr/bin/cmake /home/csl/isaac_routing2_v2/src/champ/champ -DCMAKE_INSTALL_PREFIX=/home/csl/isaac_routing2_v2/install/champ
[1.634s] Invoking command in '/home/csl/isaac_routing2_v2/build/champ': CMAKE_PREFIX_PATH=/opt/ros/humble /usr/bin/cmake --build /home/csl/isaac_routing2_v2/build/champ -- -j16 -l16
[1.656s] Invoked command in '/home/csl/isaac_routing2_v2/build/champ' returned '0': CMAKE_PREFIX_PATH=/opt/ros/humble /usr/bin/cmake --build /home/csl/isaac_routing2_v2/build/champ -- -j16 -l16
[1.659s] Invoking command in '/home/csl/isaac_routing2_v2/build/champ': CMAKE_PREFIX_PATH=/opt/ros/humble /usr/bin/cmake --install /home/csl/isaac_routing2_v2/build/champ
[1.662s] -- Install configuration: ""
[1.662s] -- Installing: /home/csl/isaac_routing2_v2/install/champ/include
[1.662s] -- Installing: /home/csl/isaac_routing2_v2/install/champ/include/champ
[1.662s] -- Installing: /home/csl/isaac_routing2_v2/install/champ/include/champ/LICENSE
[1.663s] -- Installing: /home/csl/isaac_routing2_v2/install/champ/include/champ/geometry
[1.663s] -- Installing: /home/csl/isaac_routing2_v2/install/champ/include/champ/geometry/geometry.h
[1.664s] -- Installing: /home/csl/isaac_routing2_v2/install/champ/include/champ/kinematics
[1.664s] -- Installing: /home/csl/isaac_routing2_v2/install/champ/include/champ/kinematics/kinematics.h
[1.664s] -- Installing: /home/csl/isaac_routing2_v2/install/champ/include/champ/macros
[1.664s] -- Installing: /home/csl/isaac_routing2_v2/install/champ/include/champ/macros/macros.h
[1.665s] -- Installing: /home/csl/isaac_routing2_v2/install/champ/include/champ/bla
[1.665s] -- Installing: /home/csl/isaac_routing2_v2/install/champ/include/champ/bla/memory_delegate.h
[1.665s] -- Installing: /home/csl/isaac_routing2_v2/install/champ/include/champ/bla/basic_linear_algebra.h
[1.666s] -- Installing: /home/csl/isaac_routing2_v2/install/champ/include/champ/body_controller
[1.666s] -- Installing: /home/csl/isaac_routing2_v2/install/champ/include/champ/body_controller/body_controller.h
[1.666s] -- Installing: /home/csl/isaac_routing2_v2/install/champ/include/champ/odometry
[1.666s] -- Installing: /home/csl/isaac_routing2_v2/install/champ/include/champ/odometry/odometry.h
[1.667s] -- Installing: /home/csl/isaac_routing2_v2/install/champ/include/champ/leg_controller
[1.667s] -- Installing: /home/csl/isaac_routing2_v2/install/champ/include/champ/leg_controller/leg_controller.h
[1.667s] -- Installing: /home/csl/isaac_routing2_v2/install/champ/include/champ/leg_controller/trajectory_planner.h
[1.667s] -- Installing: /home/csl/isaac_routing2_v2/install/champ/include/champ/leg_controller/phase_generator.h
[1.668s] -- Installing: /home/csl/isaac_routing2_v2/install/champ/include/champ/utils
[1.668s] -- Installing: /home/csl/isaac_routing2_v2/install/champ/include/champ/utils/urdf_loader.h
[1.668s] -- Installing: /home/csl/isaac_routing2_v2/install/champ/include/champ/utils/xmlrpc_helpers.h
[1.668s] -- Installing: /home/csl/isaac_routing2_v2/install/champ/include/champ/README.md
[1.669s] -- Installing: /home/csl/isaac_routing2_v2/install/champ/include/champ/quadruped_base
[1.669s] -- Installing: /home/csl/isaac_routing2_v2/install/champ/include/champ/quadruped_base/quadruped_base.h
[1.669s] -- Installing: /home/csl/isaac_routing2_v2/install/champ/include/champ/quadruped_base/quadruped_components.h
[1.669s] -- Installing: /home/csl/isaac_routing2_v2/install/champ/include/champ/quadruped_base/quadruped_joint.h
[1.670s] -- Installing: /home/csl/isaac_routing2_v2/install/champ/include/champ/quadruped_base/quadruped_leg.h
[1.670s] -- Installing: /home/csl/isaac_routing2_v2/install/champ/share/ament_index/resource_index/package_run_dependencies/champ
[1.670s] -- Installing: /home/csl/isaac_routing2_v2/install/champ/share/ament_index/resource_index/parent_prefix_path/champ
[1.671s] -- Installing: /home/csl/isaac_routing2_v2/install/champ/share/champ/environment/ament_prefix_path.sh
[1.672s] -- Installing: /home/csl/isaac_routing2_v2/install/champ/share/champ/environment/ament_prefix_path.dsv
[1.672s] -- Installing: /home/csl/isaac_routing2_v2/install/champ/share/champ/environment/path.sh
[1.672s] -- Installing: /home/csl/isaac_routing2_v2/install/champ/share/champ/environment/path.dsv
[1.672s] -- Installing: /home/csl/isaac_routing2_v2/install/champ/share/champ/local_setup.bash
[1.672s] -- Installing: /home/csl/isaac_routing2_v2/install/champ/share/champ/local_setup.sh
[1.672s] -- Installing: /home/csl/isaac_routing2_v2/install/champ/share/champ/local_setup.zsh
[1.672s] -- Installing: /home/csl/isaac_routing2_v2/install/champ/share/champ/local_setup.dsv
[1.673s] -- Installing: /home/csl/isaac_routing2_v2/install/champ/share/champ/package.dsv
[1.673s] -- Installing: /home/csl/isaac_routing2_v2/install/champ/share/ament_index/resource_index/packages/champ
[1.673s] -- Installing: /home/csl/isaac_routing2_v2/install/champ/share/champ/cmake/ament_cmake_export_include_directories-extras.cmake
[1.673s] -- Installing: /home/csl/isaac_routing2_v2/install/champ/share/champ/cmake/champConfig.cmake
[1.673s] -- Installing: /home/csl/isaac_routing2_v2/install/champ/share/champ/cmake/champConfig-version.cmake
[1.673s] -- Installing: /home/csl/isaac_routing2_v2/install/champ/share/champ/package.xml
[1.675s] Invoked command in '/home/csl/isaac_routing2_v2/build/champ' returned '0': CMAKE_PREFIX_PATH=/opt/ros/humble /usr/bin/cmake --install /home/csl/isaac_routing2_v2/build/champ
