[1.699s] Invoking command in '/home/csl/isaac_routing2_v2/src/spot_routing_nav': PYTHONPATH=/home/csl/isaac_routing2_v2/build/spot_routing_nav/prefix_override:/usr/lib/python3/dist-packages/colcon_core/task/python/colcon_distutils_commands:/home/csl/isaac_routing2_v2/install/spot_routing_nav/lib/python3.10/site-packages:${PYTHONPATH} /usr/bin/python3 -W ignore:setup.py install is deprecated -W ignore:easy_install command is deprecated setup.py egg_info --egg-base ../../build/spot_routing_nav build --build-base /home/csl/isaac_routing2_v2/build/spot_routing_nav/build install --record /home/csl/isaac_routing2_v2/build/spot_routing_nav/install.log --single-version-externally-managed install_data
[2.007s] running egg_info
[2.008s] writing ../../build/spot_routing_nav/spot_routing_nav.egg-info/PKG-INFO
[2.008s] writing dependency_links to ../../build/spot_routing_nav/spot_routing_nav.egg-info/dependency_links.txt
[2.008s] writing entry points to ../../build/spot_routing_nav/spot_routing_nav.egg-info/entry_points.txt
[2.008s] writing requirements to ../../build/spot_routing_nav/spot_routing_nav.egg-info/requires.txt
[2.008s] writing top-level names to ../../build/spot_routing_nav/spot_routing_nav.egg-info/top_level.txt
[2.011s] reading manifest file '../../build/spot_routing_nav/spot_routing_nav.egg-info/SOURCES.txt'
[2.012s] writing manifest file '../../build/spot_routing_nav/spot_routing_nav.egg-info/SOURCES.txt'
[2.012s] running build
[2.012s] running build_py
[2.012s] running install
[2.013s] running install_lib
[2.014s] running install_data
[2.014s] running install_egg_info
[2.016s] removing '/home/csl/isaac_routing2_v2/install/spot_routing_nav/lib/python3.10/site-packages/spot_routing_nav-0.0.0-py3.10.egg-info' (and everything under it)
[2.017s] Copying ../../build/spot_routing_nav/spot_routing_nav.egg-info to /home/csl/isaac_routing2_v2/install/spot_routing_nav/lib/python3.10/site-packages/spot_routing_nav-0.0.0-py3.10.egg-info
[2.018s] running install_scripts
[2.042s] Installing nav_to_pose script to /home/csl/isaac_routing2_v2/install/spot_routing_nav/lib/spot_routing_nav
[2.043s] Installing waypoint_nav script to /home/csl/isaac_routing2_v2/install/spot_routing_nav/lib/spot_routing_nav
[2.043s] writing list of installed files to '/home/csl/isaac_routing2_v2/build/spot_routing_nav/install.log'
[2.097s] Invoked command in '/home/csl/isaac_routing2_v2/src/spot_routing_nav' returned '0': PYTHONPATH=/home/csl/isaac_routing2_v2/build/spot_routing_nav/prefix_override:/usr/lib/python3/dist-packages/colcon_core/task/python/colcon_distutils_commands:/home/csl/isaac_routing2_v2/install/spot_routing_nav/lib/python3.10/site-packages:${PYTHONPATH} /usr/bin/python3 -W ignore:setup.py install is deprecated -W ignore:easy_install command is deprecated setup.py egg_info --egg-base ../../build/spot_routing_nav build --build-base /home/csl/isaac_routing2_v2/build/spot_routing_nav/build install --record /home/csl/isaac_routing2_v2/build/spot_routing_nav/install.log --single-version-externally-managed install_data
